2022-08-01 17:09:04,236 - INFO - running /home/hxcai/competitive_network/0728_train_BT.py
2022-08-01 17:09:04,237 - INFO - parent pid = 65405, start task 2_2_fixA_square_0
2022-08-01 17:09:04,268 - DEBUG - {'data_dir': 'data', 'figure_dir': 'figures', 'output_dir': 'results/temp', 'log_dir': 'logs', 'seed': 0, 'nA': 2, 'nB': 2, 'nY': 1, 'max_epochs': 2000, 'log_epochs': 100, 'tol': 0.0001, 'model': {'type': 'CompetitiveNetwork', 'args': {'reparam': 'square', 'mode': 'fixA'}}, 'logger': {'version': 1, 'formatters': {'default': {'format': '%(asctime)s - %(levelname)s - %(message)s'}}, 'handlers': {'stream_handler': {'class': 'logging.StreamHandler', 'level': 'INFO', 'formatter': 'default', 'stream': 'ext://sys.stdout'}, 'file_handler': {'class': 'logging.handlers.RotatingFileHandler', 'level': 'DEBUG', 'formatter': 'default', 'filename': 'logs/20220801_170904_2_2_fixA_square_0.log', 'maxBytes': 10485760, 'backupCount': 5, 'encoding': 'utf-8'}}, 'root': {'level': 'DEBUG', 'handlers': ['stream_handler', 'file_handler']}}, 'data_loader': {'type': 'DataLoader', 'args': {'batch_size': 9, 'shuffle': False}}, 'optimizer': {'type': 'SGD', 'args': {'lr': 0.1, 'momentum': 0.9, 'weight_decay': 0}}, 'loss': {'type': 'MSELoss()'}}
2022-08-01 17:09:04,578 - INFO - child pid = 65473, start training [0 0 0 0 0 1 0 1 0]
2022-08-01 17:09:04,576 - INFO - child pid = 65465, start training [0 0 0 0 0 0 0 0 0]
2022-08-01 17:09:04,576 - INFO - child pid = 65466, start training [0 0 0 0 0 0 0 0 1]
2022-08-01 17:09:04,577 - INFO - child pid = 65467, start training [0 0 0 0 0 0 0 1 0]
2022-08-01 17:09:04,578 - INFO - child pid = 65474, start training [0 0 0 0 0 1 0 1 1]
2022-08-01 17:09:04,581 - INFO - child pid = 65485, start training [0 0 0 0 1 0 1 1 0]
2022-08-01 17:09:04,580 - INFO - child pid = 65480, start training [0 0 0 0 1 0 0 0 1]
2022-08-01 17:09:04,580 - INFO - child pid = 65481, start training [0 0 0 0 1 0 0 1 0]
2022-08-01 17:09:04,577 - INFO - child pid = 65468, start training [0 0 0 0 0 0 0 1 1]
2022-08-01 17:09:04,579 - INFO - child pid = 65476, start training [0 0 0 0 0 1 1 0 1]
2022-08-01 17:09:04,579 - INFO - child pid = 65479, start training [0 0 0 0 1 0 0 0 0]
2022-08-01 17:09:04,577 - INFO - child pid = 65470, start training [0 0 0 0 0 0 1 0 1]
2022-08-01 17:09:04,583 - INFO - child pid = 65493, start training [0 0 0 1 0 0 0 0 0]
2022-08-01 17:09:04,578 - INFO - child pid = 65471, start training [0 0 0 0 0 0 1 1 0]
2022-08-01 17:09:04,583 - INFO - child pid = 65494, start training [0 0 0 1 0 0 0 0 1]
2022-08-01 17:09:04,582 - INFO - child pid = 65491, start training [0 0 0 0 1 1 1 1 0]
2022-08-01 17:09:04,578 - INFO - child pid = 65472, start training [0 0 0 0 0 0 1 1 1]
2022-08-01 17:09:04,577 - INFO - child pid = 65469, start training [0 0 0 0 0 0 1 0 0]
2022-08-01 17:09:04,582 - INFO - child pid = 65488, start training [0 0 0 0 1 1 0 1 1]
2022-08-01 17:09:04,581 - INFO - child pid = 65486, start training [0 0 0 0 1 0 1 1 1]
2022-08-01 17:09:04,582 - INFO - child pid = 65490, start training [0 0 0 0 1 1 1 0 1]
2022-08-01 17:09:04,581 - INFO - child pid = 65487, start training [0 0 0 0 1 1 0 1 0]
2022-08-01 17:09:04,582 - INFO - child pid = 65489, start training [0 0 0 0 1 1 1 0 0]
2022-08-01 17:09:04,580 - INFO - child pid = 65482, start training [0 0 0 0 1 0 0 1 1]
2022-08-01 17:09:04,579 - INFO - child pid = 65475, start training [0 0 0 0 0 1 1 0 0]
2022-08-01 17:09:04,581 - INFO - child pid = 65484, start training [0 0 0 0 1 0 1 0 1]
2022-08-01 17:09:04,580 - INFO - child pid = 65483, start training [0 0 0 0 1 0 1 0 0]
2022-08-01 17:09:04,579 - INFO - child pid = 65477, start training [0 0 0 0 0 1 1 1 0]
2022-08-01 17:09:04,579 - INFO - child pid = 65478, start training [0 0 0 0 0 1 1 1 1]
2022-08-01 17:09:04,582 - INFO - child pid = 65492, start training [0 0 0 0 1 1 1 1 1]
2022-08-01 17:09:05,034 - DEBUG - child pid = 65489, finish training [0 0 0 0 1 1 1 0 0], epoch = 101, loss = 0.14816177
2022-08-01 17:09:05,034 - DEBUG - child pid = 65478, finish training [0 0 0 0 0 1 1 1 1], epoch = 101, loss = 0.04398046
2022-08-01 17:09:05,037 - INFO - child pid = 65489, start training [0 0 0 1 0 0 0 1 0]
2022-08-01 17:09:05,037 - INFO - child pid = 65478, start training [0 0 0 1 0 0 0 1 1]
2022-08-01 17:09:05,047 - DEBUG - child pid = 65477, finish training [0 0 0 0 0 1 1 1 0], epoch = 103, loss = 0.09467439
2022-08-01 17:09:05,040 - DEBUG - child pid = 65486, finish training [0 0 0 0 1 0 1 1 1], epoch = 101, loss = 0.06724152
2022-08-01 17:09:05,052 - DEBUG - child pid = 65474, finish training [0 0 0 0 0 1 0 1 1], epoch = 108, loss = 0.07407738
2022-08-01 17:09:05,042 - DEBUG - child pid = 65492, finish training [0 0 0 0 1 1 1 1 1], epoch = 101, loss = 0.07410310
2022-08-01 17:09:05,061 - INFO - child pid = 65474, start training [0 0 0 1 0 0 1 0 0]
2022-08-01 17:09:05,061 - INFO - child pid = 65477, start training [0 0 0 1 0 0 1 0 1]
2022-08-01 17:09:05,061 - INFO - child pid = 65486, start training [0 0 0 1 0 0 1 1 0]
2022-08-01 17:09:05,061 - INFO - child pid = 65492, start training [0 0 0 1 0 0 1 1 1]
2022-08-01 17:09:05,112 - DEBUG - child pid = 65466, finish training [0 0 0 0 0 0 0 0 1], epoch = 130, loss = 0.05232834
2022-08-01 17:09:05,114 - INFO - child pid = 65466, start training [0 0 0 1 0 1 0 0 0]
2022-08-01 17:09:05,125 - DEBUG - child pid = 65494, finish training [0 0 0 1 0 0 0 0 1], epoch = 135, loss = 0.05197948
2022-08-01 17:09:05,127 - INFO - child pid = 65494, start training [0 0 0 1 0 1 0 0 1]
2022-08-01 17:09:05,158 - DEBUG - child pid = 65485, finish training [0 0 0 0 1 0 1 1 0], epoch = 112, loss = 0.05187821
2022-08-01 17:09:05,161 - INFO - child pid = 65485, start training [0 0 0 1 0 1 0 1 0]
2022-08-01 17:09:05,164 - DEBUG - child pid = 65493, finish training [0 0 0 1 0 0 0 0 0], epoch = 149, loss = 0.00894316
2022-08-01 17:09:05,170 - INFO - child pid = 65493, start training [0 0 0 1 0 1 0 1 1]
2022-08-01 17:09:05,309 - DEBUG - child pid = 65465, finish training [0 0 0 0 0 0 0 0 0], epoch = 203, loss = 0.00001535
2022-08-01 17:09:05,318 - INFO - child pid = 65465, start training [0 0 0 1 0 1 1 0 0]
2022-08-01 17:09:05,320 - DEBUG - child pid = 65487, finish training [0 0 0 0 1 1 0 1 0], epoch = 206, loss = 0.13516746
2022-08-01 17:09:05,327 - INFO - child pid = 65487, start training [0 0 0 1 0 1 1 0 1]
2022-08-01 17:09:05,444 - DEBUG - child pid = 65480, finish training [0 0 0 0 1 0 0 0 1], epoch = 250, loss = 0.02533912
2022-08-01 17:09:05,447 - INFO - child pid = 65480, start training [0 0 0 1 0 1 1 1 0]
2022-08-01 17:09:05,499 - DEBUG - child pid = 65472, finish training [0 0 0 0 0 0 1 1 1], epoch = 271, loss = 0.00231564
2022-08-01 17:09:05,503 - INFO - child pid = 65472, start training [0 0 0 1 0 1 1 1 1]
2022-08-01 17:09:05,519 - DEBUG - child pid = 65489, finish training [0 0 0 1 0 0 0 1 0], epoch = 175, loss = 0.08423258
2022-08-01 17:09:05,519 - DEBUG - child pid = 65475, finish training [0 0 0 0 0 1 1 0 0], epoch = 273, loss = 0.09203544
2022-08-01 17:09:05,522 - INFO - child pid = 65475, start training [0 0 0 1 1 0 0 0 1]
2022-08-01 17:09:05,522 - INFO - child pid = 65489, start training [0 0 0 1 1 0 0 0 0]
2022-08-01 17:09:05,541 - DEBUG - child pid = 65486, finish training [0 0 0 1 0 0 1 1 0], epoch = 172, loss = 0.01200012
2022-08-01 17:09:05,544 - INFO - child pid = 65486, start training [0 0 0 1 1 0 0 1 0]
2022-08-01 17:09:05,570 - DEBUG - child pid = 65483, finish training [0 0 0 0 1 0 1 0 0], epoch = 295, loss = 0.07093363
2022-08-01 17:09:05,573 - INFO - child pid = 65483, start training [0 0 0 1 1 0 0 1 1]
2022-08-01 17:09:05,581 - DEBUG - child pid = 65481, finish training [0 0 0 0 1 0 0 1 0], epoch = 300, loss = 0.12209352
2022-08-01 17:09:05,583 - INFO - child pid = 65481, start training [0 0 0 1 1 0 1 0 0]
2022-08-01 17:09:05,660 - DEBUG - child pid = 65479, finish training [0 0 0 0 1 0 0 0 0], epoch = 328, loss = 0.06339708
2022-08-01 17:09:05,663 - INFO - child pid = 65479, start training [0 0 0 1 1 0 1 0 1]
2022-08-01 17:09:05,663 - DEBUG - child pid = 65467, finish training [0 0 0 0 0 0 0 1 0], epoch = 329, loss = 0.01155556
2022-08-01 17:09:05,665 - INFO - child pid = 65467, start training [0 0 0 1 1 0 1 1 0]
2022-08-01 17:09:05,711 - DEBUG - child pid = 65469, finish training [0 0 0 0 0 0 1 0 0], epoch = 346, loss = 0.00058889
2022-08-01 17:09:05,714 - INFO - child pid = 65469, start training [0 0 0 1 1 0 1 1 1]
2022-08-01 17:09:05,743 - DEBUG - child pid = 65476, finish training [0 0 0 0 0 1 1 0 1], epoch = 356, loss = 0.09881856
2022-08-01 17:09:05,746 - INFO - child pid = 65476, start training [0 0 0 1 1 1 0 0 0]
2022-08-01 17:09:05,768 - DEBUG - child pid = 65484, finish training [0 0 0 0 1 0 1 0 1], epoch = 366, loss = 0.14409523
2022-08-01 17:09:05,770 - INFO - child pid = 65484, start training [0 0 0 1 1 1 0 0 1]
2022-08-01 17:09:05,897 - DEBUG - child pid = 65492, finish training [0 0 0 1 0 0 1 1 1], epoch = 299, loss = 0.02917296
2022-08-01 17:09:05,899 - INFO - child pid = 65492, start training [0 0 0 1 1 1 0 1 0]
2022-08-01 17:09:06,012 - DEBUG - child pid = 65473, finish training [0 0 0 0 0 1 0 1 0], epoch = 454, loss = 0.12912261
2022-08-01 17:09:06,015 - INFO - child pid = 65473, start training [0 0 0 1 1 1 0 1 1]
2022-08-01 17:09:06,070 - DEBUG - child pid = 65471, finish training [0 0 0 0 0 0 1 1 0], epoch = 469, loss = 0.00862796
2022-08-01 17:09:06,072 - INFO - child pid = 65471, start training [0 0 0 1 1 1 1 0 0]
2022-08-01 17:09:06,179 - DEBUG - child pid = 65492, finish training [0 0 0 1 1 1 0 1 0], epoch = 101, loss = 0.07630860
2022-08-01 17:09:06,181 - INFO - child pid = 65492, start training [0 0 0 1 1 1 1 0 1]
2022-08-01 17:09:06,197 - DEBUG - child pid = 65468, finish training [0 0 0 0 0 0 0 1 1], epoch = 518, loss = 0.05303533
2022-08-01 17:09:06,199 - INFO - child pid = 65468, start training [0 0 0 1 1 1 1 1 0]
2022-08-01 17:09:06,201 - DEBUG - child pid = 65470, finish training [0 0 0 0 0 0 1 0 1], epoch = 520, loss = 0.07072648
2022-08-01 17:09:06,203 - INFO - child pid = 65470, start training [0 0 0 1 1 1 1 1 1]
2022-08-01 17:09:06,308 - DEBUG - child pid = 65476, finish training [0 0 0 1 1 1 0 0 0], epoch = 204, loss = 0.18312776
2022-08-01 17:09:06,310 - INFO - child pid = 65476, start training [0 0 1 0 0 0 1 0 0]
2022-08-01 17:09:06,312 - DEBUG - child pid = 65482, finish training [0 0 0 0 1 0 0 1 1], epoch = 562, loss = 0.14473496
2022-08-01 17:09:06,314 - INFO - child pid = 65482, start training [0 0 1 0 0 0 1 0 1]
2022-08-01 17:09:06,469 - DEBUG - child pid = 65475, finish training [0 0 0 1 1 0 0 0 1], epoch = 342, loss = 0.02732723
2022-08-01 17:09:06,471 - INFO - child pid = 65475, start training [0 0 1 0 0 0 1 1 0]
2022-08-01 17:09:06,487 - DEBUG - child pid = 65485, finish training [0 0 0 1 0 1 0 1 0], epoch = 364, loss = 0.14405745
2022-08-01 17:09:06,493 - INFO - child pid = 65485, start training [0 0 1 0 0 0 1 1 1]
2022-08-01 17:09:06,562 - DEBUG - child pid = 65494, finish training [0 0 0 1 0 1 0 0 1], epoch = 519, loss = 0.17280366
2022-08-01 17:09:06,564 - INFO - child pid = 65494, start training [0 0 1 0 0 1 1 1 0]
2022-08-01 17:09:06,634 - DEBUG - child pid = 65476, finish training [0 0 1 0 0 0 1 0 0], epoch = 117, loss = 0.05635186
2022-08-01 17:09:06,636 - INFO - child pid = 65476, start training [0 0 1 0 0 1 1 1 1]
2022-08-01 17:09:06,981 - DEBUG - child pid = 65467, finish training [0 0 0 1 1 0 1 1 0], epoch = 383, loss = 0.05324005
2022-08-01 17:09:06,985 - INFO - child pid = 65467, start training [0 0 1 0 1 0 1 0 0]
2022-08-01 17:09:06,988 - DEBUG - child pid = 65485, finish training [0 0 1 0 0 0 1 1 1], epoch = 102, loss = 0.06492421
2022-08-01 17:09:06,990 - INFO - child pid = 65485, start training [0 0 1 0 1 0 1 0 1]
2022-08-01 17:09:07,006 - DEBUG - child pid = 65466, finish training [0 0 0 1 0 1 0 0 0], epoch = 581, loss = 0.15096122
2022-08-01 17:09:07,009 - INFO - child pid = 65466, start training [0 0 1 0 1 0 1 1 0]
2022-08-01 17:09:07,118 - DEBUG - child pid = 65482, finish training [0 0 1 0 0 0 1 0 1], epoch = 230, loss = 0.12252142
2022-08-01 17:09:07,121 - INFO - child pid = 65482, start training [0 0 1 0 1 0 1 1 1]
2022-08-01 17:09:07,286 - DEBUG - child pid = 65492, finish training [0 0 0 1 1 1 1 0 1], epoch = 370, loss = 0.07409851
2022-08-01 17:09:07,289 - INFO - child pid = 65492, start training [0 0 1 0 1 1 1 1 0]
2022-08-01 17:09:07,293 - DEBUG - child pid = 65489, finish training [0 0 0 1 1 0 0 0 0], epoch = 599, loss = 0.12476751
2022-08-01 17:09:07,312 - DEBUG - child pid = 65494, finish training [0 0 1 0 0 1 1 1 0], epoch = 252, loss = 0.10058974
2022-08-01 17:09:07,313 - INFO - child pid = 65494, start training [0 0 1 1 0 0 0 0 0]
2022-08-01 17:09:07,313 - INFO - child pid = 65489, start training [0 0 1 0 1 1 1 1 1]
2022-08-01 17:09:07,326 - DEBUG - child pid = 65467, finish training [0 0 1 0 1 0 1 0 0], epoch = 123, loss = 0.11725673
2022-08-01 17:09:07,328 - INFO - child pid = 65467, start training [0 0 1 1 0 0 0 0 1]
2022-08-01 17:09:07,339 - DEBUG - child pid = 65472, finish training [0 0 0 1 0 1 1 1 1], epoch = 570, loss = 0.06894856
2022-08-01 17:09:07,354 - INFO - child pid = 65472, start training [0 0 1 1 0 0 0 1 0]
2022-08-01 17:09:07,368 - DEBUG - child pid = 65490, finish training [0 0 0 0 1 1 1 0 1], epoch = 910, loss = 0.08539835
2022-08-01 17:09:07,371 - INFO - child pid = 65490, start training [0 0 1 1 0 0 0 1 1]
2022-08-01 17:09:07,400 - DEBUG - child pid = 65482, finish training [0 0 1 0 1 0 1 1 1], epoch = 101, loss = 0.11743675
2022-08-01 17:09:07,402 - INFO - child pid = 65482, start training [0 0 1 1 0 0 1 0 0]
2022-08-01 17:09:07,574 - DEBUG - child pid = 65492, finish training [0 0 1 0 1 1 1 1 0], epoch = 103, loss = 0.06290120
2022-08-01 17:09:07,576 - INFO - child pid = 65492, start training [0 0 1 1 0 0 1 0 1]
2022-08-01 17:09:07,591 - DEBUG - child pid = 65494, finish training [0 0 1 1 0 0 0 0 0], epoch = 101, loss = 0.21406372
2022-08-01 17:09:07,594 - INFO - child pid = 65494, start training [0 0 1 1 0 0 1 1 0]
2022-08-01 17:09:07,593 - DEBUG - child pid = 65475, finish training [0 0 1 0 0 0 1 1 0], epoch = 323, loss = 0.09722659
2022-08-01 17:09:07,598 - INFO - child pid = 65475, start training [0 0 1 1 0 0 1 1 1]
2022-08-01 17:09:07,598 - DEBUG - child pid = 65489, finish training [0 0 1 0 1 1 1 1 1], epoch = 101, loss = 0.04826372
2022-08-01 17:09:07,600 - INFO - child pid = 65489, start training [0 0 1 1 0 1 0 0 0]
2022-08-01 17:09:07,657 - DEBUG - child pid = 65490, finish training [0 0 1 1 0 0 0 1 1], epoch = 104, loss = 0.09015208
2022-08-01 17:09:07,659 - INFO - child pid = 65490, start training [0 0 1 1 0 1 0 0 1]
2022-08-01 17:09:07,695 - DEBUG - child pid = 65476, finish training [0 0 1 0 0 1 1 1 1], epoch = 304, loss = 0.00370608
2022-08-01 17:09:07,698 - INFO - child pid = 65476, start training [0 0 1 1 0 1 0 1 0]
2022-08-01 17:09:07,743 - DEBUG - child pid = 65484, finish training [0 0 0 1 1 1 0 0 1], epoch = 664, loss = 0.20699751
2022-08-01 17:09:07,746 - INFO - child pid = 65484, start training [0 0 1 1 0 1 0 1 1]
2022-08-01 17:09:07,926 - DEBUG - child pid = 65487, finish training [0 0 0 1 0 1 1 0 1], epoch = 873, loss = 0.15023839
2022-08-01 17:09:07,929 - INFO - child pid = 65487, start training [0 0 1 1 0 1 1 0 0]
2022-08-01 17:09:08,040 - DEBUG - child pid = 65492, finish training [0 0 1 1 0 0 1 0 1], epoch = 142, loss = 0.13412976
2022-08-01 17:09:08,043 - INFO - child pid = 65492, start training [0 0 1 1 0 1 1 0 1]
2022-08-01 17:09:08,164 - DEBUG - child pid = 65490, finish training [0 0 1 1 0 1 0 0 1], epoch = 164, loss = 0.10026196
2022-08-01 17:09:08,168 - INFO - child pid = 65490, start training [0 0 1 1 0 1 1 1 0]
2022-08-01 17:09:08,212 - DEBUG - child pid = 65493, finish training [0 0 0 1 0 1 0 1 1], epoch = 1057, loss = 0.11282203
2022-08-01 17:09:08,239 - INFO - child pid = 65493, start training [0 0 1 1 0 1 1 1 1]
2022-08-01 17:09:08,323 - DEBUG - child pid = 65487, finish training [0 0 1 1 0 1 1 0 0], epoch = 130, loss = 0.14046067
2022-08-01 17:09:08,325 - INFO - child pid = 65487, start training [0 0 1 1 1 0 0 0 0]
2022-08-01 17:09:08,349 - DEBUG - child pid = 65466, finish training [0 0 1 0 1 0 1 1 0], epoch = 368, loss = 0.15107957
2022-08-01 17:09:08,352 - INFO - child pid = 65466, start training [0 0 1 1 1 0 0 0 1]
2022-08-01 17:09:08,357 - DEBUG - child pid = 65492, finish training [0 0 1 1 0 1 1 0 1], epoch = 106, loss = 0.14403297
2022-08-01 17:09:08,359 - INFO - child pid = 65492, start training [0 0 1 1 1 0 0 1 0]
2022-08-01 17:09:08,450 - DEBUG - child pid = 65491, finish training [0 0 0 0 1 1 1 1 0], epoch = 1285, loss = 0.11550467
2022-08-01 17:09:08,459 - INFO - child pid = 65491, start training [0 0 1 1 1 0 0 1 1]
2022-08-01 17:09:08,550 - DEBUG - child pid = 65490, finish training [0 0 1 1 0 1 1 1 0], epoch = 131, loss = 0.02242219
2022-08-01 17:09:08,552 - INFO - child pid = 65490, start training [0 0 1 1 1 0 1 0 0]
2022-08-01 17:09:08,679 - DEBUG - child pid = 65475, finish training [0 0 1 1 0 0 1 1 1], epoch = 308, loss = 0.04848556
2022-08-01 17:09:08,682 - INFO - child pid = 65475, start training [0 0 1 1 1 0 1 0 1]
2022-08-01 17:09:08,719 - DEBUG - child pid = 65472, finish training [0 0 1 1 0 0 0 1 0], epoch = 398, loss = 0.08792248
2022-08-01 17:09:08,722 - INFO - child pid = 65472, start training [0 0 1 1 1 0 1 1 0]
2022-08-01 17:09:08,918 - DEBUG - child pid = 65489, finish training [0 0 1 1 0 1 0 0 0], epoch = 443, loss = 0.06195434
2022-08-01 17:09:08,924 - INFO - child pid = 65489, start training [0 0 1 1 1 0 1 1 1]
2022-08-01 17:09:08,941 - DEBUG - child pid = 65491, finish training [0 0 1 1 1 0 0 1 1], epoch = 139, loss = 0.12605874
2022-08-01 17:09:08,943 - INFO - child pid = 65491, start training [0 0 1 1 1 1 0 0 0]
2022-08-01 17:09:08,991 - DEBUG - child pid = 65490, finish training [0 0 1 1 1 0 1 0 0], epoch = 149, loss = 0.07975106
2022-08-01 17:09:08,994 - INFO - child pid = 65490, start training [0 0 1 1 1 1 0 0 1]
2022-08-01 17:09:09,033 - DEBUG - child pid = 65483, finish training [0 0 0 1 1 0 0 1 1], epoch = 1120, loss = 0.00384393
2022-08-01 17:09:09,037 - INFO - child pid = 65483, start training [0 0 1 1 1 1 0 1 0]
2022-08-01 17:09:09,075 - DEBUG - child pid = 65484, finish training [0 0 1 1 0 1 0 1 1], epoch = 417, loss = 0.11469364
2022-08-01 17:09:09,078 - INFO - child pid = 65484, start training [0 0 1 1 1 1 0 1 1]
2022-08-01 17:09:09,199 - DEBUG - child pid = 65477, finish training [0 0 0 1 0 0 1 0 1], epoch = 1292, loss = 0.13024454
2022-08-01 17:09:09,203 - INFO - child pid = 65477, start training [0 0 1 1 1 1 1 0 0]
2022-08-01 17:09:09,202 - DEBUG - child pid = 65476, finish training [0 0 1 1 0 1 0 1 0], epoch = 404, loss = 0.13917384
2022-08-01 17:09:09,205 - INFO - child pid = 65476, start training [0 0 1 1 1 1 1 0 1]
2022-08-01 17:09:09,283 - DEBUG - child pid = 65481, finish training [0 0 0 1 1 0 1 0 0], epoch = 1162, loss = 0.06976780
2022-08-01 17:09:09,286 - INFO - child pid = 65481, start training [0 0 1 1 1 1 1 1 0]
2022-08-01 17:09:09,301 - DEBUG - child pid = 65491, finish training [0 0 1 1 1 1 0 0 0], epoch = 105, loss = 0.01333695
2022-08-01 17:09:09,303 - INFO - child pid = 65491, start training [0 0 1 1 1 1 1 1 1]
2022-08-01 17:09:09,332 - DEBUG - child pid = 65482, finish training [0 0 1 1 0 0 1 0 0], epoch = 584, loss = 0.02029937
2022-08-01 17:09:09,335 - INFO - child pid = 65482, start training [0 1 0 1 0 0 0 0 0]
2022-08-01 17:09:09,406 - DEBUG - child pid = 65487, finish training [0 0 1 1 1 0 0 0 0], epoch = 331, loss = 0.17290041
2022-08-01 17:09:09,409 - INFO - child pid = 65487, start training [0 1 0 1 0 0 0 0 1]
2022-08-01 17:09:09,535 - DEBUG - child pid = 65483, finish training [0 0 1 1 1 1 0 1 0], epoch = 130, loss = 0.08123167
2022-08-01 17:09:09,538 - INFO - child pid = 65483, start training [0 1 0 1 0 0 0 1 0]
2022-08-01 17:09:09,725 - DEBUG - child pid = 65472, finish training [0 0 1 1 1 0 1 1 0], epoch = 151, loss = 0.02187110
2022-08-01 17:09:09,730 - INFO - child pid = 65472, start training [0 1 0 1 0 0 0 1 1]
2022-08-01 17:09:09,775 - DEBUG - child pid = 65487, finish training [0 1 0 1 0 0 0 0 1], epoch = 104, loss = 0.14869088
2022-08-01 17:09:09,777 - INFO - child pid = 65487, start training [0 1 0 1 0 0 1 0 0]
2022-08-01 17:09:09,781 - DEBUG - child pid = 65481, finish training [0 0 1 1 1 1 1 1 0], epoch = 101, loss = 0.03849526
2022-08-01 17:09:09,783 - INFO - child pid = 65481, start training [0 1 0 1 0 0 1 0 1]
2022-08-01 17:09:09,793 - DEBUG - child pid = 65484, finish training [0 0 1 1 1 1 0 1 1], epoch = 198, loss = 0.00995248
2022-08-01 17:09:09,811 - INFO - child pid = 65484, start training [0 1 0 1 0 0 1 1 0]
2022-08-01 17:09:09,916 - DEBUG - child pid = 65467, finish training [0 0 1 1 0 0 0 0 1], epoch = 511, loss = 0.17280544
2022-08-01 17:09:09,918 - INFO - child pid = 65467, start training [0 1 0 1 0 0 1 1 1]
2022-08-01 17:09:09,985 - DEBUG - child pid = 65475, finish training [0 0 1 1 1 0 1 0 1], epoch = 266, loss = 0.12249085
2022-08-01 17:09:09,993 - INFO - child pid = 65475, start training [0 1 0 1 0 1 0 1 0]
2022-08-01 17:09:10,137 - DEBUG - child pid = 65472, finish training [0 1 0 1 0 0 0 1 1], epoch = 146, loss = 0.13376465
2022-08-01 17:09:10,140 - INFO - child pid = 65472, start training [0 1 0 1 0 1 0 1 1]
2022-08-01 17:09:10,148 - DEBUG - child pid = 65492, finish training [0 0 1 1 1 0 0 1 0], epoch = 553, loss = 0.23838302
2022-08-01 17:09:10,150 - INFO - child pid = 65492, start training [0 1 0 1 0 1 1 0 0]
2022-08-01 17:09:10,193 - DEBUG - child pid = 65474, finish training [0 0 0 1 0 0 1 0 0], epoch = 1470, loss = 0.04287671
2022-08-01 17:09:10,196 - INFO - child pid = 65474, start training [0 1 0 1 0 1 1 0 1]
2022-08-01 17:09:10,466 - DEBUG - child pid = 65493, finish training [0 0 1 1 0 1 1 1 1], epoch = 756, loss = 0.00801547
2022-08-01 17:09:10,469 - INFO - child pid = 65493, start training [0 1 0 1 0 1 1 1 0]
2022-08-01 17:09:10,622 - DEBUG - child pid = 65492, finish training [0 1 0 1 0 1 1 0 0], epoch = 161, loss = 0.11758024
2022-08-01 17:09:10,625 - INFO - child pid = 65492, start training [0 1 0 1 0 1 1 1 1]
2022-08-01 17:09:10,721 - DEBUG - child pid = 65490, finish training [0 0 1 1 1 1 0 0 1], epoch = 574, loss = 0.12306166
2022-08-01 17:09:10,724 - INFO - child pid = 65490, start training [0 1 0 1 1 0 0 0 0]
2022-08-01 17:09:10,756 - DEBUG - child pid = 65488, finish training [0 0 0 0 1 1 0 1 1], epoch = 2000, loss = 0.03266709
2022-08-01 17:09:10,756 - DEBUG - child pid = 65470, finish training [0 0 0 1 1 1 1 1 1], epoch = 1104, loss = 0.00362593
2022-08-01 17:09:10,760 - INFO - child pid = 65488, start training [0 1 0 1 1 0 0 1 0]
2022-08-01 17:09:10,759 - INFO - child pid = 65470, start training [0 1 0 1 1 0 0 0 1]
2022-08-01 17:09:10,805 - DEBUG - child pid = 65479, finish training [0 0 0 1 1 0 1 0 1], epoch = 1530, loss = 0.11749385
2022-08-01 17:09:10,808 - INFO - child pid = 65479, start training [0 1 0 1 1 0 0 1 1]
2022-08-01 17:09:11,043 - DEBUG - child pid = 65490, finish training [0 1 0 1 1 0 0 0 0], epoch = 104, loss = 0.10180887
2022-08-01 17:09:11,045 - INFO - child pid = 65490, start training [0 1 0 1 1 0 1 0 0]
2022-08-01 17:09:11,063 - DEBUG - child pid = 65488, finish training [0 1 0 1 1 0 0 1 0], epoch = 101, loss = 0.16175812
2022-08-01 17:09:11,065 - INFO - child pid = 65488, start training [0 1 0 1 1 0 1 0 1]
2022-08-01 17:09:11,126 - DEBUG - child pid = 65472, finish training [0 1 0 1 0 1 0 1 1], epoch = 285, loss = 0.15758406
2022-08-01 17:09:11,129 - INFO - child pid = 65472, start training [0 1 0 1 1 0 1 1 0]
2022-08-01 17:09:11,150 - DEBUG - child pid = 65480, finish training [0 0 0 1 0 1 1 1 0], epoch = 1763, loss = 0.11841437
2022-08-01 17:09:11,171 - INFO - child pid = 65480, start training [0 1 0 1 1 0 1 1 1]
2022-08-01 17:09:11,259 - DEBUG - child pid = 65482, finish training [0 1 0 1 0 0 0 0 0], epoch = 594, loss = 0.11299794
2022-08-01 17:09:11,261 - INFO - child pid = 65482, start training [0 1 0 1 1 1 0 1 0]
2022-08-01 17:09:11,282 - DEBUG - child pid = 65486, finish training [0 0 0 1 1 0 0 1 0], epoch = 1854, loss = 0.14627714
2022-08-01 17:09:11,289 - DEBUG - child pid = 65487, finish training [0 1 0 1 0 0 1 0 0], epoch = 513, loss = 0.06708057
2022-08-01 17:09:11,292 - INFO - child pid = 65486, start training [0 1 0 1 1 1 0 1 1]
2022-08-01 17:09:11,291 - INFO - child pid = 65487, start training [0 1 0 1 1 1 1 0 0]
2022-08-01 17:09:11,334 - DEBUG - child pid = 65477, finish training [0 0 1 1 1 1 1 0 0], epoch = 585, loss = 0.07927012
2022-08-01 17:09:11,338 - INFO - child pid = 65477, start training [0 1 0 1 1 1 1 0 1]
2022-08-01 17:09:11,342 - DEBUG - child pid = 65491, finish training [0 0 1 1 1 1 1 1 1], epoch = 671, loss = 0.00479666
2022-08-01 17:09:11,367 - INFO - child pid = 65491, start training [0 1 0 1 1 1 1 1 0]
2022-08-01 17:09:11,379 - DEBUG - child pid = 65484, finish training [0 1 0 1 0 0 1 1 0], epoch = 527, loss = 0.11825069
2022-08-01 17:09:11,381 - INFO - child pid = 65484, start training [0 1 0 1 1 1 1 1 1]
2022-08-01 17:09:11,384 - DEBUG - child pid = 65489, finish training [0 0 1 1 1 0 1 1 1], epoch = 819, loss = 0.08731928
2022-08-01 17:09:11,386 - INFO - child pid = 65489, start training [0 1 1 1 0 0 1 0 0]
2022-08-01 17:09:11,415 - DEBUG - child pid = 65479, finish training [0 1 0 1 1 0 0 1 1], epoch = 195, loss = 0.06594323
2022-08-01 17:09:11,418 - INFO - child pid = 65479, start training [0 1 1 1 0 0 1 0 1]
2022-08-01 17:09:11,443 - DEBUG - child pid = 65483, finish training [0 1 0 1 0 0 0 1 0], epoch = 607, loss = 0.17266938
2022-08-01 17:09:11,446 - INFO - child pid = 65483, start training [0 1 1 1 0 0 1 1 0]
2022-08-01 17:09:11,486 - DEBUG - child pid = 65472, finish training [0 1 0 1 1 0 1 1 0], epoch = 101, loss = 0.16519888
2022-08-01 17:09:11,488 - INFO - child pid = 65472, start training [0 1 1 1 0 0 1 1 1]
2022-08-01 17:09:11,544 - DEBUG - child pid = 65490, finish training [0 1 0 1 1 0 1 0 0], epoch = 177, loss = 0.14464463
2022-08-01 17:09:11,546 - INFO - child pid = 65490, start training [0 1 1 1 0 1 1 1 0]
2022-08-01 17:09:11,575 - DEBUG - child pid = 65476, finish training [0 0 1 1 1 1 1 0 1], epoch = 676, loss = 0.06593970
2022-08-01 17:09:11,578 - INFO - child pid = 65476, start training [0 1 1 1 0 1 1 1 1]
2022-08-01 17:09:11,580 - DEBUG - child pid = 65473, finish training [0 0 0 1 1 1 0 1 1], epoch = 1533, loss = 0.10586941
2022-08-01 17:09:11,595 - DEBUG - child pid = 65488, finish training [0 1 0 1 1 0 1 0 1], epoch = 185, loss = 0.14796749
2022-08-01 17:09:11,597 - INFO - child pid = 65488, start training [0 1 1 1 1 0 1 0 0]
2022-08-01 17:09:11,599 - INFO - child pid = 65473, start training [0 1 1 1 1 0 1 0 1]
2022-08-01 17:09:11,714 - DEBUG - child pid = 65478, finish training [0 0 0 1 0 0 0 1 1], epoch = 2000, loss = nan
2022-08-01 17:09:11,717 - WARNING - child pid = 65478, [0 0 0 1 0 0 0 1 1] has loss nan
2022-08-01 17:09:11,720 - INFO - child pid = 65478, start training [0 1 1 1 1 0 1 1 0]
2022-08-01 17:09:11,753 - DEBUG - child pid = 65489, finish training [0 1 1 1 0 0 1 0 0], epoch = 124, loss = 0.07948168
2022-08-01 17:09:11,756 - INFO - child pid = 65489, start training [0 1 1 1 1 0 1 1 1]
2022-08-01 17:09:11,762 - DEBUG - child pid = 65481, finish training [0 1 0 1 0 0 1 0 1], epoch = 650, loss = 0.19484721
2022-08-01 17:09:11,764 - INFO - child pid = 65481, start training [0 1 1 1 1 1 1 1 0]
2022-08-01 17:09:11,886 - DEBUG - child pid = 65466, finish training [0 0 1 1 1 0 0 0 1], epoch = 652, loss = 0.20541584
2022-08-01 17:09:11,889 - INFO - child pid = 65466, start training [0 1 1 1 1 1 1 1 1]
2022-08-01 17:09:11,948 - DEBUG - child pid = 65482, finish training [0 1 0 1 1 1 0 1 0], epoch = 215, loss = 0.13753860
2022-08-01 17:09:11,951 - INFO - child pid = 65482, start training [1 0 0 0 0 0 0 0 0]
2022-08-01 17:09:12,068 - DEBUG - child pid = 65467, finish training [0 1 0 1 0 0 1 1 1], epoch = 575, loss = 0.11935779
2022-08-01 17:09:12,072 - INFO - child pid = 65467, start training [1 0 0 0 0 0 0 0 1]
2022-08-01 17:09:12,069 - DEBUG - child pid = 65488, finish training [0 1 1 1 1 0 1 0 0], epoch = 149, loss = 0.07896718
2022-08-01 17:09:12,081 - INFO - child pid = 65488, start training [1 0 0 0 0 0 0 1 0]
2022-08-01 17:09:12,095 - DEBUG - child pid = 65490, finish training [0 1 1 1 0 1 1 1 0], epoch = 186, loss = 0.04500445
2022-08-01 17:09:12,098 - INFO - child pid = 65490, start training [1 0 0 0 0 0 0 1 1]
2022-08-01 17:09:12,101 - DEBUG - child pid = 65481, finish training [0 1 1 1 1 1 1 1 0], epoch = 105, loss = 0.01894485
2022-08-01 17:09:12,103 - INFO - child pid = 65481, start training [1 0 0 0 0 0 1 0 0]
2022-08-01 17:09:12,107 - DEBUG - child pid = 65470, finish training [0 1 0 1 1 0 0 0 1], epoch = 369, loss = 0.20336969
2022-08-01 17:09:12,112 - INFO - child pid = 65470, start training [1 0 0 0 0 0 1 0 1]
2022-08-01 17:09:12,180 - DEBUG - child pid = 65478, finish training [0 1 1 1 1 0 1 1 0], epoch = 137, loss = 0.05096654
2022-08-01 17:09:12,183 - INFO - child pid = 65478, start training [1 0 0 0 0 0 1 1 0]
2022-08-01 17:09:12,239 - DEBUG - child pid = 65486, finish training [0 1 0 1 1 1 0 1 1], epoch = 315, loss = 0.04881048
2022-08-01 17:09:12,268 - INFO - child pid = 65486, start training [1 0 0 0 0 0 1 1 1]
2022-08-01 17:09:12,272 - DEBUG - child pid = 65473, finish training [0 1 1 1 1 0 1 0 1], epoch = 171, loss = 0.14195667
2022-08-01 17:09:12,274 - INFO - child pid = 65473, start training [1 0 0 0 0 1 0 1 0]
2022-08-01 17:09:12,389 - DEBUG - child pid = 65469, finish training [0 0 0 1 1 0 1 1 1], epoch = 1706, loss = 0.00687784
2022-08-01 17:09:12,391 - INFO - child pid = 65469, start training [1 0 0 0 0 1 0 1 1]
2022-08-01 17:09:12,497 - DEBUG - child pid = 65493, finish training [0 1 0 1 0 1 1 1 0], epoch = 689, loss = 0.19877952
2022-08-01 17:09:12,500 - INFO - child pid = 65493, start training [1 0 0 0 0 1 1 0 0]
2022-08-01 17:09:12,584 - DEBUG - child pid = 65470, finish training [1 0 0 0 0 0 1 0 1], epoch = 101, loss = 0.27347314
2022-08-01 17:09:12,586 - INFO - child pid = 65470, start training [1 0 0 0 0 1 1 0 1]
2022-08-01 17:09:12,586 - DEBUG - child pid = 65491, finish training [0 1 0 1 1 1 1 1 0], epoch = 387, loss = 0.12887868
2022-08-01 17:09:12,588 - INFO - child pid = 65491, start training [1 0 0 0 0 1 1 1 0]
2022-08-01 17:09:12,588 - DEBUG - child pid = 65468, finish training [0 0 0 1 1 1 1 1 0], epoch = 1540, loss = 0.13411261
2022-08-01 17:09:12,590 - INFO - child pid = 65468, start training [1 0 0 0 0 1 1 1 1]
2022-08-01 17:09:12,604 - DEBUG - child pid = 65486, finish training [1 0 0 0 0 0 1 1 1], epoch = 107, loss = 0.08680428
2022-08-01 17:09:12,606 - INFO - child pid = 65486, start training [1 0 0 0 1 0 0 0 0]
2022-08-01 17:09:12,629 - DEBUG - child pid = 65467, finish training [1 0 0 0 0 0 0 0 1], epoch = 119, loss = 0.01904332
2022-08-01 17:09:12,632 - INFO - child pid = 65467, start training [1 0 0 0 1 0 0 0 1]
2022-08-01 17:09:12,695 - DEBUG - child pid = 65475, finish training [0 1 0 1 0 1 0 1 0], epoch = 801, loss = 0.21238211
2022-08-01 17:09:12,698 - INFO - child pid = 65475, start training [1 0 0 0 1 0 0 1 0]
2022-08-01 17:09:12,705 - DEBUG - child pid = 65485, finish training [0 0 1 0 1 0 1 0 1], epoch = 1656, loss = 0.17325780
2022-08-01 17:09:12,755 - DEBUG - child pid = 65492, finish training [0 1 0 1 0 1 1 1 1], epoch = 720, loss = 0.13208514
2022-08-01 17:09:12,757 - INFO - child pid = 65492, start training [1 0 0 0 1 0 0 1 1]
2022-08-01 17:09:12,761 - INFO - child pid = 65485, start training [1 0 0 0 1 0 1 0 0]
2022-08-01 17:09:12,824 - DEBUG - child pid = 65478, finish training [1 0 0 0 0 0 1 1 0], epoch = 156, loss = 0.01777367
2022-08-01 17:09:12,827 - INFO - child pid = 65478, start training [1 0 0 0 1 0 1 0 1]
2022-08-01 17:09:12,886 - DEBUG - child pid = 65488, finish training [1 0 0 0 0 0 0 1 0], epoch = 271, loss = 0.06801223
2022-08-01 17:09:12,888 - INFO - child pid = 65488, start training [1 0 0 0 1 0 1 1 0]
2022-08-01 17:09:12,972 - DEBUG - child pid = 65494, finish training [0 0 1 1 0 0 1 1 0], epoch = 1846, loss = 0.12257469
2022-08-01 17:09:12,976 - INFO - child pid = 65494, start training [1 0 0 0 1 0 1 1 1]
2022-08-01 17:09:13,099 - DEBUG - child pid = 65491, finish training [1 0 0 0 0 1 1 1 0], epoch = 168, loss = 0.14817293
2022-08-01 17:09:13,102 - INFO - child pid = 65491, start training [1 0 0 0 1 1 0 1 0]
2022-08-01 17:09:13,122 - DEBUG - child pid = 65485, finish training [1 0 0 0 1 0 1 0 0], epoch = 101, loss = 0.14815876
2022-08-01 17:09:13,125 - INFO - child pid = 65485, start training [1 0 0 0 1 1 0 1 1]
2022-08-01 17:09:13,226 - DEBUG - child pid = 65467, finish training [1 0 0 0 1 0 0 0 1], epoch = 102, loss = 0.49610922
2022-08-01 17:09:13,229 - INFO - child pid = 65467, start training [1 0 0 0 1 1 1 0 0]
2022-08-01 17:09:13,248 - DEBUG - child pid = 65487, finish training [0 1 0 1 1 1 1 0 0], epoch = 602, loss = 0.20499782
2022-08-01 17:09:13,234 - DEBUG - child pid = 65465, finish training [0 0 0 1 0 1 1 0 0], epoch = 1859, loss = 0.12189468
2022-08-01 17:09:13,260 - INFO - child pid = 65487, start training [1 0 0 0 1 1 1 0 1]
2022-08-01 17:09:13,264 - INFO - child pid = 65465, start training [1 0 0 0 1 1 1 1 0]
2022-08-01 17:09:13,454 - DEBUG - child pid = 65484, finish training [0 1 0 1 1 1 1 1 1], epoch = 654, loss = 0.06174380
2022-08-01 17:09:13,457 - INFO - child pid = 65484, start training [1 0 0 0 1 1 1 1 1]
2022-08-01 17:09:13,473 - DEBUG - child pid = 65492, finish training [1 0 0 0 1 0 0 1 1], epoch = 236, loss = 0.03455972
2022-08-01 17:09:13,475 - INFO - child pid = 65492, start training [1 0 0 1 0 0 0 0 0]
2022-08-01 17:09:13,475 - DEBUG - child pid = 65491, finish training [1 0 0 0 1 1 0 1 0], epoch = 123, loss = 0.17021827
2022-08-01 17:09:13,477 - INFO - child pid = 65491, start training [1 0 0 1 0 0 0 0 1]
2022-08-01 17:09:13,639 - DEBUG - child pid = 65471, finish training [0 0 0 1 1 1 1 0 0], epoch = 1861, loss = 0.14202183
2022-08-01 17:09:13,646 - INFO - child pid = 65471, start training [1 0 0 1 0 0 0 1 0]
2022-08-01 17:09:13,753 - DEBUG - child pid = 65485, finish training [1 0 0 0 1 1 0 1 1], epoch = 202, loss = 0.07930259
2022-08-01 17:09:13,756 - INFO - child pid = 65485, start training [1 0 0 1 0 0 0 1 1]
2022-08-01 17:09:13,759 - DEBUG - child pid = 65484, finish training [1 0 0 0 1 1 1 1 1], epoch = 101, loss = 0.14816302
2022-08-01 17:09:13,761 - INFO - child pid = 65484, start training [1 0 0 1 0 0 1 0 0]
2022-08-01 17:09:13,823 - DEBUG - child pid = 65491, finish training [1 0 0 1 0 0 0 0 1], epoch = 120, loss = 0.03330354
2022-08-01 17:09:13,825 - INFO - child pid = 65491, start training [1 0 0 1 0 0 1 0 1]
2022-08-01 17:09:13,888 - DEBUG - child pid = 65470, finish training [1 0 0 0 0 1 1 0 1], epoch = 274, loss = 0.10171045
2022-08-01 17:09:13,891 - INFO - child pid = 65470, start training [1 0 0 1 0 0 1 1 0]
2022-08-01 17:09:13,935 - DEBUG - child pid = 65489, finish training [0 1 1 1 1 0 1 1 1], epoch = 721, loss = 0.06851350
2022-08-01 17:09:13,937 - INFO - child pid = 65489, start training [1 0 0 1 0 0 1 1 1]
2022-08-01 17:09:14,026 - DEBUG - child pid = 65473, finish training [1 0 0 0 0 1 0 1 0], epoch = 421, loss = 0.14275517
2022-08-01 17:09:14,029 - INFO - child pid = 65473, start training [1 0 0 1 0 1 0 0 0]
2022-08-01 17:09:14,056 - DEBUG - child pid = 65485, finish training [1 0 0 1 0 0 0 1 1], epoch = 101, loss = 0.35149118
2022-08-01 17:09:14,059 - INFO - child pid = 65485, start training [1 0 0 1 0 1 0 0 1]
2022-08-01 17:09:14,090 - DEBUG - child pid = 65469, finish training [1 0 0 0 0 1 0 1 1], epoch = 364, loss = 0.19817220
2022-08-01 17:09:14,094 - INFO - child pid = 65469, start training [1 0 0 1 0 1 0 1 0]
2022-08-01 17:09:14,182 - DEBUG - child pid = 65493, finish training [1 0 0 0 0 1 1 0 0], epoch = 580, loss = 0.15500274
2022-08-01 17:09:14,184 - INFO - child pid = 65493, start training [1 0 0 1 0 1 0 1 1]
2022-08-01 17:09:14,251 - DEBUG - child pid = 65480, finish training [0 1 0 1 1 0 1 1 1], epoch = 892, loss = 0.07519051
2022-08-01 17:09:14,254 - INFO - child pid = 65480, start training [1 0 0 1 0 1 1 0 0]
2022-08-01 17:09:14,356 - DEBUG - child pid = 65482, finish training [1 0 0 0 0 0 0 0 0], epoch = 742, loss = 0.00062413
2022-08-01 17:09:14,359 - INFO - child pid = 65482, start training [1 0 0 1 0 1 1 0 1]
2022-08-01 17:09:14,529 - DEBUG - child pid = 65489, finish training [1 0 0 1 0 0 1 1 1], epoch = 208, loss = 0.00848114
2022-08-01 17:09:14,531 - INFO - child pid = 65489, start training [1 0 0 1 0 1 1 1 0]
2022-08-01 17:09:14,539 - DEBUG - child pid = 65493, finish training [1 0 0 1 0 1 0 1 1], epoch = 127, loss = 0.08054321
2022-08-01 17:09:14,541 - INFO - child pid = 65493, start training [1 0 0 1 0 1 1 1 1]
2022-08-01 17:09:14,629 - DEBUG - child pid = 65488, finish training [1 0 0 0 1 0 1 1 0], epoch = 586, loss = 0.11934790
2022-08-01 17:09:14,631 - INFO - child pid = 65488, start training [1 0 0 1 1 0 0 0 0]
2022-08-01 17:09:14,629 - DEBUG - child pid = 65468, finish training [1 0 0 0 0 1 1 1 1], epoch = 497, loss = 0.14460842
2022-08-01 17:09:14,658 - INFO - child pid = 65468, start training [1 0 0 1 1 0 0 0 1]
2022-08-01 17:09:14,693 - DEBUG - child pid = 65473, finish training [1 0 0 1 0 1 0 0 0], epoch = 219, loss = 0.06603951
2022-08-01 17:09:14,696 - INFO - child pid = 65473, start training [1 0 0 1 1 0 0 1 0]
2022-08-01 17:09:14,752 - DEBUG - child pid = 65494, finish training [1 0 0 0 1 0 1 1 1], epoch = 621, loss = 0.03952486
2022-08-01 17:09:14,755 - INFO - child pid = 65494, start training [1 0 0 1 1 0 0 1 1]
2022-08-01 17:09:14,838 - DEBUG - child pid = 65491, finish training [1 0 0 1 0 0 1 0 1], epoch = 340, loss = 0.06950978
2022-08-01 17:09:14,847 - INFO - child pid = 65491, start training [1 0 0 1 1 0 1 0 0]
2022-08-01 17:09:14,973 - DEBUG - child pid = 65471, finish training [1 0 0 1 0 0 0 1 0], epoch = 358, loss = 0.02612372
2022-08-01 17:09:14,977 - INFO - child pid = 65471, start training [1 0 0 1 1 0 1 0 1]
2022-08-01 17:09:15,061 - DEBUG - child pid = 65488, finish training [1 0 0 1 1 0 0 0 0], epoch = 134, loss = 0.02013000
2022-08-01 17:09:15,064 - INFO - child pid = 65488, start training [1 0 0 1 1 0 1 1 0]
2022-08-01 17:09:15,082 - DEBUG - child pid = 65475, finish training [1 0 0 0 1 0 0 1 0], epoch = 612, loss = 0.17242634
2022-08-01 17:09:15,085 - INFO - child pid = 65475, start training [1 0 0 1 1 0 1 1 1]
2022-08-01 17:09:15,122 - DEBUG - child pid = 65494, finish training [1 0 0 1 1 0 0 1 1], epoch = 124, loss = 0.04301420
2022-08-01 17:09:15,125 - INFO - child pid = 65494, start training [1 0 0 1 1 1 0 0 0]
2022-08-01 17:09:15,157 - DEBUG - child pid = 65491, finish training [1 0 0 1 1 0 1 0 0], epoch = 101, loss = 0.07409379
2022-08-01 17:09:15,159 - INFO - child pid = 65491, start training [1 0 0 1 1 1 0 0 1]
2022-08-01 17:09:15,276 - DEBUG - child pid = 65492, finish training [1 0 0 1 0 0 0 0 0], epoch = 627, loss = 0.00497906
2022-08-01 17:09:15,279 - INFO - child pid = 65492, start training [1 0 0 1 1 1 0 1 0]
2022-08-01 17:09:15,414 - DEBUG - child pid = 65494, finish training [1 0 0 1 1 1 0 0 0], epoch = 101, loss = 0.13631633
2022-08-01 17:09:15,417 - INFO - child pid = 65494, start training [1 0 0 1 1 1 0 1 1]
2022-08-01 17:09:15,446 - DEBUG - child pid = 65468, finish training [1 0 0 1 1 0 0 0 1], epoch = 177, loss = 0.01992720
2022-08-01 17:09:15,449 - INFO - child pid = 65468, start training [1 0 0 1 1 1 1 0 0]
2022-08-01 17:09:15,464 - DEBUG - child pid = 65487, finish training [1 0 0 0 1 1 1 0 1], epoch = 708, loss = 0.22322610
2022-08-01 17:09:15,467 - INFO - child pid = 65487, start training [1 0 0 1 1 1 1 0 1]
2022-08-01 17:09:15,537 - DEBUG - child pid = 65480, finish training [1 0 0 1 0 1 1 0 0], epoch = 416, loss = 0.06256434
2022-08-01 17:09:15,539 - INFO - child pid = 65480, start training [1 0 0 1 1 1 1 1 0]
2022-08-01 17:09:15,567 - DEBUG - child pid = 65481, finish training [1 0 0 0 0 0 1 0 0], epoch = 1067, loss = 0.06306370
2022-08-01 17:09:15,570 - INFO - child pid = 65481, start training [1 0 0 1 1 1 1 1 1]
2022-08-01 17:09:15,937 - DEBUG - child pid = 65469, finish training [1 0 0 1 0 1 0 1 0], epoch = 443, loss = 0.12186379
2022-08-01 17:09:15,951 - INFO - child pid = 65469, start training [1 0 1 0 0 0 1 0 0]
2022-08-01 17:09:15,957 - DEBUG - child pid = 65477, finish training [0 1 0 1 1 1 1 0 1], epoch = 1292, loss = 0.16198064
2022-08-01 17:09:15,960 - INFO - child pid = 65477, start training [1 0 1 0 0 0 1 0 1]
2022-08-01 17:09:16,000 - DEBUG - child pid = 65473, finish training [1 0 0 1 1 0 0 1 0], epoch = 317, loss = 0.12553306
2022-08-01 17:09:16,002 - INFO - child pid = 65473, start training [1 0 1 0 0 0 1 1 0]
2022-08-01 17:09:16,106 - DEBUG - child pid = 65492, finish training [1 0 0 1 1 1 0 1 0], epoch = 254, loss = 0.13094991
2022-08-01 17:09:16,108 - INFO - child pid = 65492, start training [1 0 1 0 0 0 1 1 1]
2022-08-01 17:09:16,188 - DEBUG - child pid = 65467, finish training [1 0 0 0 1 1 1 0 0], epoch = 706, loss = 0.22322597
2022-08-01 17:09:16,190 - INFO - child pid = 65467, start training [1 0 1 0 0 1 1 1 0]
2022-08-01 17:09:16,265 - DEBUG - child pid = 65477, finish training [1 0 1 0 0 0 1 0 1], epoch = 101, loss = 0.24676609
2022-08-01 17:09:16,268 - INFO - child pid = 65477, start training [1 0 1 0 0 1 1 1 1]
2022-08-01 17:09:16,269 - DEBUG - child pid = 65476, finish training [0 1 1 1 0 1 1 1 1], epoch = 1334, loss = 0.08235761
2022-08-01 17:09:16,271 - INFO - child pid = 65476, start training [1 0 1 0 1 0 1 0 0]
2022-08-01 17:09:16,383 - DEBUG - child pid = 65474, finish training [0 1 0 1 0 1 1 0 1], epoch = 1680, loss = 0.21390162
2022-08-01 17:09:16,386 - INFO - child pid = 65474, start training [1 0 1 0 1 0 1 0 1]
2022-08-01 17:09:16,394 - DEBUG - child pid = 65488, finish training [1 0 0 1 1 0 1 1 0], epoch = 444, loss = 0.03203203
2022-08-01 17:09:16,396 - INFO - child pid = 65488, start training [1 0 1 0 1 0 1 1 0]
2022-08-01 17:09:16,438 - DEBUG - child pid = 65489, finish training [1 0 0 1 0 1 1 1 0], epoch = 648, loss = 0.07923178
2022-08-01 17:09:16,441 - INFO - child pid = 65489, start training [1 0 1 0 1 0 1 1 1]
2022-08-01 17:09:16,445 - DEBUG - child pid = 65492, finish training [1 0 1 0 0 0 1 1 1], epoch = 122, loss = 0.15845066
2022-08-01 17:09:16,447 - INFO - child pid = 65492, start training [1 0 1 0 1 1 1 1 0]
2022-08-01 17:09:16,452 - DEBUG - child pid = 65465, finish training [1 0 0 0 1 1 1 1 0], epoch = 695, loss = 0.19878080
2022-08-01 17:09:16,467 - INFO - child pid = 65465, start training [1 0 1 0 1 1 1 1 1]
2022-08-01 17:09:16,527 - DEBUG - child pid = 65493, finish training [1 0 0 1 0 1 1 1 1], epoch = 689, loss = 0.14029860
2022-08-01 17:09:16,535 - INFO - child pid = 65493, start training [1 0 1 1 0 0 0 0 0]
2022-08-01 17:09:16,551 - DEBUG - child pid = 65477, finish training [1 0 1 0 0 1 1 1 1], epoch = 102, loss = 0.11424562
2022-08-01 17:09:16,554 - INFO - child pid = 65477, start training [1 0 1 1 0 0 0 0 1]
2022-08-01 17:09:16,698 - DEBUG - child pid = 65474, finish training [1 0 1 0 1 0 1 0 1], epoch = 113, loss = 0.22222310
2022-08-01 17:09:16,700 - INFO - child pid = 65474, start training [1 0 1 1 0 0 0 1 0]
2022-08-01 17:09:16,752 - DEBUG - child pid = 65465, finish training [1 0 1 0 1 1 1 1 1], epoch = 102, loss = 0.11654133
2022-08-01 17:09:16,759 - DEBUG - child pid = 65492, finish training [1 0 1 0 1 1 1 1 0], epoch = 108, loss = 0.21227628
2022-08-01 17:09:16,755 - DEBUG - child pid = 65488, finish training [1 0 1 0 1 0 1 1 0], epoch = 130, loss = 0.13025604
2022-08-01 17:09:16,760 - INFO - child pid = 65492, start training [1 0 1 1 0 0 1 0 0]
2022-08-01 17:09:16,760 - INFO - child pid = 65488, start training [1 0 1 1 0 0 1 0 1]
2022-08-01 17:09:16,760 - INFO - child pid = 65465, start training [1 0 1 1 0 0 0 1 1]
2022-08-01 17:09:16,814 - DEBUG - child pid = 65469, finish training [1 0 1 0 0 0 1 0 0], epoch = 292, loss = 0.04866788
2022-08-01 17:09:16,817 - INFO - child pid = 65469, start training [1 0 1 1 0 0 1 1 0]
2022-08-01 17:09:16,832 - DEBUG - child pid = 65491, finish training [1 0 0 1 1 1 0 0 1], epoch = 586, loss = 0.16109779
2022-08-01 17:09:16,834 - INFO - child pid = 65491, start training [1 0 1 1 0 0 1 1 1]
2022-08-01 17:09:16,953 - DEBUG - child pid = 65477, finish training [1 0 1 1 0 0 0 0 1], epoch = 145, loss = 0.07237204
2022-08-01 17:09:16,956 - INFO - child pid = 65477, start training [1 0 1 1 0 1 0 0 0]
2022-08-01 17:09:16,955 - DEBUG - child pid = 65484, finish training [1 0 0 1 0 0 1 0 0], epoch = 1070, loss = 0.00362620
2022-08-01 17:09:16,957 - INFO - child pid = 65484, start training [1 0 1 1 0 1 0 0 1]
2022-08-01 17:09:17,047 - DEBUG - child pid = 65494, finish training [1 0 0 1 1 1 0 1 1], epoch = 577, loss = 0.02029368
2022-08-01 17:09:17,049 - INFO - child pid = 65494, start training [1 0 1 1 0 1 0 1 0]
2022-08-01 17:09:17,054 - DEBUG - child pid = 65493, finish training [1 0 1 1 0 0 0 0 0], epoch = 187, loss = 0.14814825
2022-08-01 17:09:17,060 - INFO - child pid = 65493, start training [1 0 1 1 0 1 0 1 1]
2022-08-01 17:09:17,339 - DEBUG - child pid = 65491, finish training [1 0 1 1 0 0 1 1 1], epoch = 167, loss = 0.09231673
2022-08-01 17:09:17,328 - DEBUG - child pid = 65469, finish training [1 0 1 1 0 0 1 1 0], epoch = 101, loss = 0.00883234
2022-08-01 17:09:17,357 - INFO - child pid = 65491, start training [1 0 1 1 0 1 1 0 0]
2022-08-01 17:09:17,357 - INFO - child pid = 65469, start training [1 0 1 1 0 1 1 0 1]
2022-08-01 17:09:17,362 - DEBUG - child pid = 65467, finish training [1 0 1 0 0 1 1 1 0], epoch = 333, loss = 0.20336409
2022-08-01 17:09:17,368 - INFO - child pid = 65467, start training [1 0 1 1 0 1 1 1 0]
2022-08-01 17:09:17,374 - DEBUG - child pid = 65494, finish training [1 0 1 1 0 1 0 1 0], epoch = 105, loss = 0.25637853
2022-08-01 17:09:17,376 - INFO - child pid = 65494, start training [1 0 1 1 0 1 1 1 1]
2022-08-01 17:09:17,383 - DEBUG - child pid = 65492, finish training [1 0 1 1 0 0 1 0 0], epoch = 214, loss = 0.00725780
2022-08-01 17:09:17,385 - INFO - child pid = 65492, start training [1 0 1 1 1 0 0 0 0]
2022-08-01 17:09:17,448 - DEBUG - child pid = 65484, finish training [1 0 1 1 0 1 0 0 1], epoch = 111, loss = 0.01500292
2022-08-01 17:09:17,450 - INFO - child pid = 65484, start training [1 0 1 1 1 0 0 0 1]
2022-08-01 17:09:17,634 - DEBUG - child pid = 65468, finish training [1 0 0 1 1 1 1 0 0], epoch = 560, loss = 0.12596136
2022-08-01 17:09:17,638 - INFO - child pid = 65468, start training [1 0 1 1 1 0 0 1 0]
2022-08-01 17:09:17,662 - DEBUG - child pid = 65491, finish training [1 0 1 1 0 1 1 0 0], epoch = 101, loss = 0.00517864
2022-08-01 17:09:17,665 - INFO - child pid = 65491, start training [1 0 1 1 1 0 0 1 1]
2022-08-01 17:09:17,734 - DEBUG - child pid = 65488, finish training [1 0 1 1 0 0 1 0 1], epoch = 320, loss = 0.24268134
2022-08-01 17:09:17,737 - INFO - child pid = 65488, start training [1 0 1 1 1 0 1 0 0]
2022-08-01 17:09:17,763 - DEBUG - child pid = 65483, finish training [0 1 1 1 0 0 1 1 0], epoch = 2000, loss = 0.17424947
2022-08-01 17:09:17,766 - INFO - child pid = 65483, start training [1 0 1 1 1 0 1 0 1]
2022-08-01 17:09:17,799 - DEBUG - child pid = 65494, finish training [1 0 1 1 0 1 1 1 1], epoch = 148, loss = 0.12753896
2022-08-01 17:09:17,803 - INFO - child pid = 65494, start training [1 0 1 1 1 0 1 1 0]
2022-08-01 17:09:17,989 - DEBUG - child pid = 65489, finish training [1 0 1 0 1 0 1 1 1], epoch = 527, loss = 0.17258029
2022-08-01 17:09:17,991 - INFO - child pid = 65489, start training [1 0 1 1 1 0 1 1 1]
2022-08-01 17:09:18,091 - DEBUG - child pid = 65494, epoch = 101, loss = 2.10314131, K = tensor([[2.10849023, 2.11992335],
        [0.00456807, 1.16988635]]), BT = tensor([3.30525827, 3.05594802])
2022-08-01 17:09:18,093 - DEBUG - child pid = 65494, finish training [1 0 1 1 1 0 1 1 0], epoch = 101, loss = 2.10314131
2022-08-01 17:09:18,094 - DEBUG - child pid = 65490, finish training [1 0 0 0 0 0 0 1 1], epoch = 2000, loss = 0.16307624
2022-08-01 17:09:18,094 - INFO - child pid = 65494, start training [1 0 1 1 1 1 0 0 0]
2022-08-01 17:09:18,095 - INFO - child pid = 65490, start training [1 0 1 1 1 1 0 0 1]
2022-08-01 17:09:18,138 - DEBUG - child pid = 65491, finish training [1 0 1 1 1 0 0 1 1], epoch = 168, loss = 0.08616197
2022-08-01 17:09:18,141 - INFO - child pid = 65491, start training [1 0 1 1 1 1 0 1 0]
2022-08-01 17:09:18,160 - DEBUG - child pid = 65469, finish training [1 0 1 1 0 1 1 0 1], epoch = 203, loss = 0.18314272
2022-08-01 17:09:18,162 - INFO - child pid = 65469, start training [1 0 1 1 1 1 0 1 1]
2022-08-01 17:09:18,384 - DEBUG - child pid = 65490, finish training [1 0 1 1 1 1 0 0 1], epoch = 101, loss = 0.06282432
2022-08-01 17:09:18,386 - INFO - child pid = 65490, start training [1 0 1 1 1 1 1 0 0]
2022-08-01 17:09:18,389 - DEBUG - child pid = 65470, finish training [1 0 0 1 0 0 1 1 0], epoch = 1213, loss = 0.01733967
2022-08-01 17:09:18,391 - INFO - child pid = 65470, start training [1 0 1 1 1 1 1 0 1]
2022-08-01 17:09:18,410 - DEBUG - child pid = 65492, finish training [1 0 1 1 1 0 0 0 0], epoch = 355, loss = 0.13394825
2022-08-01 17:09:18,413 - INFO - child pid = 65492, start training [1 0 1 1 1 1 1 1 0]
2022-08-01 17:09:18,418 - DEBUG - child pid = 65473, finish training [1 0 1 0 0 0 1 1 0], epoch = 701, loss = 0.18078256
2022-08-01 17:09:18,418 - DEBUG - child pid = 65481, finish training [1 0 0 1 1 1 1 1 1], epoch = 920, loss = 0.05125135
2022-08-01 17:09:18,440 - INFO - child pid = 65473, start training [1 1 0 1 0 0 0 0 0]
2022-08-01 17:09:18,440 - INFO - child pid = 65481, start training [1 0 1 1 1 1 1 1 1]
2022-08-01 17:09:18,637 - DEBUG - child pid = 65485, finish training [1 0 0 1 0 1 0 0 1], epoch = 1508, loss = 0.15999210
2022-08-01 17:09:18,640 - INFO - child pid = 65485, start training [1 1 0 1 0 0 0 0 1]
2022-08-01 17:09:18,654 - DEBUG - child pid = 65494, finish training [1 0 1 1 1 1 0 0 0], epoch = 196, loss = 0.09987864
2022-08-01 17:09:18,657 - INFO - child pid = 65494, start training [1 1 0 1 0 0 0 1 0]
2022-08-01 17:09:18,698 - DEBUG - child pid = 65488, finish training [1 0 1 1 1 0 1 0 0], epoch = 327, loss = 0.07958372
2022-08-01 17:09:18,698 - DEBUG - child pid = 65493, finish training [1 0 1 1 0 1 0 1 1], epoch = 539, loss = 0.17282958
2022-08-01 17:09:18,711 - INFO - child pid = 65493, start training [1 1 0 1 0 0 1 0 0]
2022-08-01 17:09:18,711 - INFO - child pid = 65488, start training [1 1 0 1 0 0 0 1 1]
2022-08-01 17:09:18,731 - DEBUG - child pid = 65492, finish training [1 0 1 1 1 1 1 1 0], epoch = 101, loss = 0.10380990
2022-08-01 17:09:18,726 - DEBUG - child pid = 65472, finish training [0 1 1 1 0 0 1 1 1], epoch = 1896, loss = 0.14821395
2022-08-01 17:09:18,734 - INFO - child pid = 65492, start training [1 1 0 1 0 0 1 0 1]
2022-08-01 17:09:18,734 - INFO - child pid = 65472, start training [1 1 0 1 0 0 1 1 0]
2022-08-01 17:09:18,783 - DEBUG - child pid = 65486, finish training [1 0 0 0 1 0 0 0 0], epoch = 2000, loss = 0.06189731
2022-08-01 17:09:18,786 - INFO - child pid = 65486, start training [1 1 0 1 0 0 1 1 1]
2022-08-01 17:09:18,945 - DEBUG - child pid = 65494, finish training [1 1 0 1 0 0 0 1 0], epoch = 101, loss = 0.11779308
2022-08-01 17:09:18,947 - INFO - child pid = 65494, start training [1 1 0 1 0 1 0 1 0]
2022-08-01 17:09:18,961 - DEBUG - child pid = 65479, finish training [0 1 1 1 0 0 1 0 1], epoch = 2000, loss = 0.22262157
2022-08-01 17:09:18,960 - DEBUG - child pid = 65466, finish training [0 1 1 1 1 1 1 1 1], epoch = 1676, loss = 0.00825474
2022-08-01 17:09:18,963 - INFO - child pid = 65479, start training [1 1 0 1 0 1 0 1 1]
2022-08-01 17:09:18,963 - INFO - child pid = 65466, start training [1 1 0 1 0 1 1 0 0]
2022-08-01 17:09:18,985 - DEBUG - child pid = 65481, finish training [1 0 1 1 1 1 1 1 1], epoch = 166, loss = 0.00851207
2022-08-01 17:09:18,988 - INFO - child pid = 65481, start training [1 1 0 1 0 1 1 0 1]
2022-08-01 17:09:19,120 - DEBUG - child pid = 65484, finish training [1 0 1 1 1 0 0 0 1], epoch = 560, loss = 0.16030015
2022-08-01 17:09:19,134 - INFO - child pid = 65484, start training [1 1 0 1 0 1 1 1 0]
2022-08-01 17:09:19,319 - DEBUG - child pid = 65465, finish training [1 0 1 1 0 0 0 1 1], epoch = 565, loss = 0.23838162
2022-08-01 17:09:19,322 - INFO - child pid = 65465, start training [1 1 0 1 0 1 1 1 1]
2022-08-01 17:09:19,364 - DEBUG - child pid = 65485, finish training [1 1 0 1 0 0 0 0 1], epoch = 249, loss = 0.05796295
2022-08-01 17:09:19,367 - INFO - child pid = 65485, start training [1 1 0 1 1 0 0 0 0]
2022-08-01 17:09:19,402 - DEBUG - child pid = 65474, finish training [1 0 1 1 0 0 0 1 0], epoch = 774, loss = 0.07591161
2022-08-01 17:09:19,418 - INFO - child pid = 65474, start training [1 1 0 1 1 0 0 0 1]
2022-08-01 17:09:19,418 - DEBUG - child pid = 65490, finish training [1 0 1 1 1 1 1 0 0], epoch = 356, loss = 0.17289278
2022-08-01 17:09:19,421 - INFO - child pid = 65490, start training [1 1 0 1 1 0 0 1 0]
2022-08-01 17:09:19,463 - DEBUG - child pid = 65477, finish training [1 0 1 1 0 1 0 0 0], epoch = 740, loss = 0.12729806
2022-08-01 17:09:19,465 - INFO - child pid = 65477, start training [1 1 0 1 1 0 0 1 1]
2022-08-01 17:09:19,500 - DEBUG - child pid = 65480, finish training [1 0 0 1 1 1 1 1 0], epoch = 1255, loss = 0.08966333
2022-08-01 17:09:19,504 - INFO - child pid = 65480, start training [1 1 0 1 1 0 1 0 0]
2022-08-01 17:09:19,560 - DEBUG - child pid = 65468, finish training [1 0 1 1 1 0 0 1 0], epoch = 513, loss = 0.16089505
2022-08-01 17:09:19,568 - INFO - child pid = 65468, start training [1 1 0 1 1 0 1 0 1]
2022-08-01 17:09:19,568 - DEBUG - child pid = 65478, finish training [1 0 0 0 1 0 1 0 1], epoch = 2000, loss = 0.17184500
2022-08-01 17:09:19,570 - INFO - child pid = 65478, start training [1 1 0 1 1 0 1 1 0]
2022-08-01 17:09:19,585 - DEBUG - child pid = 65492, finish training [1 1 0 1 0 0 1 0 1], epoch = 303, loss = 0.12482759
2022-08-01 17:09:19,587 - INFO - child pid = 65492, start training [1 1 0 1 1 0 1 1 1]
2022-08-01 17:09:19,587 - DEBUG - child pid = 65476, finish training [1 0 1 0 1 0 1 0 0], epoch = 1018, loss = 0.15632202
2022-08-01 17:09:19,589 - INFO - child pid = 65476, start training [1 1 0 1 1 1 0 1 0]
2022-08-01 17:09:19,630 - DEBUG - child pid = 65486, finish training [1 1 0 1 0 0 1 1 1], epoch = 296, loss = 0.05016569
2022-08-01 17:09:19,632 - INFO - child pid = 65486, start training [1 1 0 1 1 1 0 1 1]
2022-08-01 17:09:19,674 - DEBUG - child pid = 65467, finish training [1 0 1 1 0 1 1 1 0], epoch = 615, loss = 0.20417124
2022-08-01 17:09:19,677 - INFO - child pid = 65467, start training [1 1 0 1 1 1 1 0 0]
2022-08-01 17:09:19,686 - DEBUG - child pid = 65469, finish training [1 0 1 1 1 1 0 1 1], epoch = 448, loss = 0.09193183
2022-08-01 17:09:19,688 - INFO - child pid = 65469, start training [1 1 0 1 1 1 1 0 1]
2022-08-01 17:09:19,702 - DEBUG - child pid = 65490, finish training [1 1 0 1 1 0 0 1 0], epoch = 102, loss = 0.06471037
2022-08-01 17:09:19,705 - INFO - child pid = 65490, start training [1 1 0 1 1 1 1 1 0]
2022-08-01 17:09:19,725 - DEBUG - child pid = 65474, finish training [1 1 0 1 1 0 0 0 1], epoch = 110, loss = 0.02920126
2022-08-01 17:09:19,728 - INFO - child pid = 65474, start training [1 1 0 1 1 1 1 1 1]
2022-08-01 17:09:19,735 - DEBUG - child pid = 65472, finish training [1 1 0 1 0 0 1 1 0], epoch = 318, loss = 0.06728290
2022-08-01 17:09:19,737 - INFO - child pid = 65472, start training [1 1 1 1 0 0 1 0 0]
2022-08-01 17:09:19,739 - DEBUG - child pid = 65491, finish training [1 0 1 1 1 1 0 1 0], epoch = 556, loss = 0.17281261
2022-08-01 17:09:19,741 - INFO - child pid = 65491, start training [1 1 1 1 0 0 1 0 1]
2022-08-01 17:09:19,796 - DEBUG - child pid = 65483, finish training [1 0 1 1 1 0 1 0 1], epoch = 506, loss = 0.14306849
2022-08-01 17:09:19,799 - INFO - child pid = 65483, start training [1 1 1 1 0 0 1 1 0]
2022-08-01 17:09:19,805 - DEBUG - child pid = 65488, finish training [1 1 0 1 0 0 0 1 1], epoch = 377, loss = 0.15108024
2022-08-01 17:09:19,808 - INFO - child pid = 65488, start training [1 1 1 1 0 0 1 1 1]
2022-08-01 17:09:19,811 - DEBUG - child pid = 65465, finish training [1 1 0 1 0 1 1 1 1], epoch = 179, loss = 0.07167813
2022-08-01 17:09:19,813 - INFO - child pid = 65465, start training [1 1 1 1 0 1 1 1 0]
2022-08-01 17:09:19,824 - DEBUG - child pid = 65479, finish training [1 1 0 1 0 1 0 1 1], epoch = 301, loss = 0.11947300
2022-08-01 17:09:19,826 - INFO - child pid = 65479, start training [1 1 1 1 0 1 1 1 1]
2022-08-01 17:09:19,852 - DEBUG - child pid = 65478, finish training [1 1 0 1 1 0 1 1 0], epoch = 102, loss = 0.00385356
2022-08-01 17:09:19,855 - INFO - child pid = 65478, start training [1 1 1 1 1 0 1 0 0]
2022-08-01 17:09:19,916 - DEBUG - child pid = 65480, finish training [1 1 0 1 1 0 1 0 0], epoch = 129, loss = 0.04471643
2022-08-01 17:09:19,919 - INFO - child pid = 65480, start training [1 1 1 1 1 0 1 0 1]
2022-08-01 17:09:19,939 - DEBUG - child pid = 65476, finish training [1 1 0 1 1 1 0 1 0], epoch = 128, loss = 0.13290519
2022-08-01 17:09:19,942 - INFO - child pid = 65476, start training [1 1 1 1 1 0 1 1 0]
2022-08-01 17:09:19,969 - DEBUG - child pid = 65467, finish training [1 1 0 1 1 1 1 0 0], epoch = 105, loss = 0.09976935
2022-08-01 17:09:19,972 - INFO - child pid = 65467, start training [1 1 1 1 1 0 1 1 1]
2022-08-01 17:09:19,989 - DEBUG - child pid = 65490, finish training [1 1 0 1 1 1 1 1 0], epoch = 103, loss = 0.07571039
2022-08-01 17:09:19,991 - INFO - child pid = 65490, start training [1 1 1 1 1 1 1 1 0]
2022-08-01 17:09:20,146 - DEBUG - child pid = 65484, finish training [1 1 0 1 0 1 1 1 0], epoch = 346, loss = 0.14442818
2022-08-01 17:09:20,152 - INFO - child pid = 65484, start training [1 1 1 1 1 1 1 1 1]
2022-08-01 17:09:20,184 - DEBUG - child pid = 65482, finish training [1 0 0 1 0 1 1 0 1], epoch = 1898, loss = 0.14208324
2022-08-01 17:09:20,382 - DEBUG - child pid = 65470, finish training [1 0 1 1 1 1 1 0 1], epoch = 598, loss = 0.15093930
2022-08-01 17:09:20,388 - DEBUG - child pid = 65492, finish training [1 1 0 1 1 0 1 1 1], epoch = 286, loss = 0.01099551
2022-08-01 17:09:20,410 - DEBUG - child pid = 65485, finish training [1 1 0 1 1 0 0 0 0], epoch = 368, loss = 0.00372064
2022-08-01 17:09:20,451 - DEBUG - child pid = 65484, finish training [1 1 1 1 1 1 1 1 1], epoch = 103, loss = 0.00002014
2022-08-01 17:09:20,474 - DEBUG - child pid = 65493, finish training [1 1 0 1 0 0 1 0 0], epoch = 618, loss = 0.07164329
2022-08-01 17:09:20,463 - DEBUG - child pid = 65477, finish training [1 1 0 1 1 0 0 1 1], epoch = 339, loss = 0.09718134
2022-08-01 17:09:20,562 - DEBUG - child pid = 65465, finish training [1 1 1 1 0 1 1 1 0], epoch = 211, loss = 0.08377405
2022-08-01 17:09:20,589 - DEBUG - child pid = 65475, finish training [1 0 0 1 1 0 1 1 1], epoch = 1639, loss = 0.02103064
2022-08-01 17:09:20,649 - DEBUG - child pid = 65486, finish training [1 1 0 1 1 1 0 1 1], epoch = 354, loss = 0.10248694
2022-08-01 17:09:20,797 - DEBUG - child pid = 65480, finish training [1 1 1 1 1 0 1 0 1], epoch = 295, loss = 0.14814816
2022-08-01 17:09:20,817 - DEBUG - child pid = 65468, finish training [1 1 0 1 1 0 1 0 1], epoch = 390, loss = 0.11129729
2022-08-01 17:09:20,941 - DEBUG - child pid = 65481, finish training [1 1 0 1 0 1 1 0 1], epoch = 667, loss = 0.16281988
2022-08-01 17:09:20,935 - DEBUG - child pid = 65490, finish training [1 1 1 1 1 1 1 1 0], epoch = 324, loss = 0.07441464
2022-08-01 17:09:20,942 - DEBUG - child pid = 65479, finish training [1 1 1 1 0 1 1 1 1], epoch = 360, loss = 0.08971217
2022-08-01 17:09:20,998 - DEBUG - child pid = 65474, finish training [1 1 0 1 1 1 1 1 1], epoch = 422, loss = 0.00479768
2022-08-01 17:09:21,108 - DEBUG - child pid = 65476, finish training [1 1 1 1 1 0 1 1 0], epoch = 388, loss = 0.07509625
2022-08-01 17:09:21,118 - DEBUG - child pid = 65466, finish training [1 1 0 1 0 1 1 0 0], epoch = 663, loss = 0.08653396
2022-08-01 17:09:21,206 - DEBUG - child pid = 65471, finish training [1 0 0 1 1 0 1 0 1], epoch = 1753, loss = 0.11841676
2022-08-01 17:09:21,299 - DEBUG - child pid = 65487, finish training [1 0 0 1 1 1 1 0 1], epoch = 1966, loss = 0.12597993
2022-08-01 17:09:21,424 - DEBUG - child pid = 65467, finish training [1 1 1 1 1 0 1 1 1], epoch = 437, loss = 0.06621268
2022-08-01 17:09:21,778 - DEBUG - child pid = 65478, finish training [1 1 1 1 1 0 1 0 0], epoch = 637, loss = 0.05801443
2022-08-01 17:09:21,878 - DEBUG - child pid = 65473, finish training [1 1 0 1 0 0 0 0 0], epoch = 1114, loss = 0.03353976
2022-08-01 17:09:21,937 - DEBUG - child pid = 65483, finish training [1 1 1 1 0 0 1 1 0], epoch = 574, loss = 0.14471175
2022-08-01 17:09:22,402 - DEBUG - child pid = 65469, finish training [1 1 0 1 1 1 1 0 1], epoch = 911, loss = 0.06287470
2022-08-01 17:09:22,570 - DEBUG - child pid = 65472, finish training [1 1 1 1 0 0 1 0 0], epoch = 915, loss = 0.02890085
2022-08-01 17:09:22,599 - DEBUG - child pid = 65488, finish training [1 1 1 1 0 0 1 1 1], epoch = 984, loss = 0.14143565
2022-08-01 17:09:22,941 - DEBUG - child pid = 65489, finish training [1 0 1 1 1 0 1 1 1], epoch = 1707, loss = 0.10611176
2022-08-01 17:09:23,903 - DEBUG - child pid = 65494, finish training [1 1 0 1 0 1 0 1 0], epoch = 1755, loss = 0.17300507
2022-08-01 17:09:26,206 - DEBUG - child pid = 65491, finish training [1 1 1 1 0 0 1 0 1], epoch = 2000, loss = 0.12015948
2022-08-01 17:09:45,812 - INFO - parent pid = 65405, finish task 2_2_fixA_square_0
