2022-08-02 17:04:08,386 - INFO - running /home/hxcai/competitive_network/0721_train.py
2022-08-02 17:04:08,387 - INFO - parent pid = 63613, start task 2_2_fixA_square_0
2022-08-02 17:04:08,390 - DEBUG - {'data_dir': 'data', 'figure_dir': 'figures', 'output_dir': 'results/temp', 'log_dir': 'logs', 'seed': 0, 'nA': 2, 'nB': 2, 'nY': 1, 'max_epochs': 2000, 'log_epochs': 100, 'tol': 0.0001, 'model': {'type': 'CompetitiveNetwork', 'args': {'reparam': 'square', 'mode': 'fixA'}}, 'logger': {'version': 1, 'formatters': {'default': {'format': '%(asctime)s - %(levelname)s - %(message)s'}}, 'handlers': {'stream_handler': {'class': 'logging.StreamHandler', 'level': 'INFO', 'formatter': 'default', 'stream': 'ext://sys.stdout'}, 'file_handler': {'class': 'logging.handlers.RotatingFileHandler', 'level': 'DEBUG', 'formatter': 'default', 'filename': 'logs/20220802_170408_2_2_fixA_square_0.log', 'maxBytes': 10485760, 'backupCount': 5, 'encoding': 'utf-8'}}, 'root': {'level': 'DEBUG', 'handlers': ['stream_handler', 'file_handler']}}, 'data_loader': {'type': 'DataLoader', 'args': {'batch_size': 9, 'shuffle': False}}, 'optimizer': {'type': 'SGD', 'args': {'lr': 0.1, 'momentum': 0.9, 'weight_decay': 0}}, 'loss': {'type': 'MSELoss()'}}
2022-08-02 17:04:08,636 - INFO - child pid = 63681, start training [0 0 0 0 0 0 1 0 0]
2022-08-02 17:04:08,635 - INFO - child pid = 63677, start training [0 0 0 0 0 0 0 0 0]
2022-08-02 17:04:08,636 - INFO - child pid = 63678, start training [0 0 0 0 0 0 0 0 1]
2022-08-02 17:04:08,637 - INFO - child pid = 63684, start training [0 0 0 0 0 0 1 1 1]
2022-08-02 17:04:08,636 - INFO - child pid = 63685, start training [0 0 0 0 0 1 0 1 0]
2022-08-02 17:04:08,636 - INFO - child pid = 63683, start training [0 0 0 0 0 0 1 1 0]
2022-08-02 17:04:08,637 - INFO - child pid = 63689, start training [0 0 0 0 0 1 1 1 0]
2022-08-02 17:04:08,638 - INFO - child pid = 63688, start training [0 0 0 0 0 1 1 0 1]
2022-08-02 17:04:08,636 - INFO - child pid = 63679, start training [0 0 0 0 0 0 0 1 0]
2022-08-02 17:04:08,638 - INFO - child pid = 63690, start training [0 0 0 0 0 1 1 1 1]
2022-08-02 17:04:08,637 - INFO - child pid = 63686, start training [0 0 0 0 0 1 0 1 1]
2022-08-02 17:04:08,637 - INFO - child pid = 63687, start training [0 0 0 0 0 1 1 0 0]
2022-08-02 17:04:08,636 - INFO - child pid = 63682, start training [0 0 0 0 0 0 1 0 1]
2022-08-02 17:04:08,641 - INFO - child pid = 63705, start training [0 0 0 1 0 0 0 0 0]
2022-08-02 17:04:08,638 - INFO - child pid = 63691, start training [0 0 0 0 1 0 0 0 0]
2022-08-02 17:04:08,641 - INFO - child pid = 63704, start training [0 0 0 0 1 1 1 1 1]
2022-08-02 17:04:08,638 - INFO - child pid = 63693, start training [0 0 0 0 1 0 0 1 0]
2022-08-02 17:04:08,636 - INFO - child pid = 63680, start training [0 0 0 0 0 0 0 1 1]
2022-08-02 17:04:08,641 - INFO - child pid = 63706, start training [0 0 0 1 0 0 0 0 1]
2022-08-02 17:04:08,638 - INFO - child pid = 63692, start training [0 0 0 0 1 0 0 0 1]
2022-08-02 17:04:08,639 - INFO - child pid = 63695, start training [0 0 0 0 1 0 1 0 0]
2022-08-02 17:04:08,639 - INFO - child pid = 63696, start training [0 0 0 0 1 0 1 0 1]
2022-08-02 17:04:08,639 - INFO - child pid = 63697, start training [0 0 0 0 1 0 1 1 0]
2022-08-02 17:04:08,639 - INFO - child pid = 63694, start training [0 0 0 0 1 0 0 1 1]
2022-08-02 17:04:08,640 - INFO - child pid = 63700, start training [0 0 0 0 1 1 0 1 1]
2022-08-02 17:04:08,640 - INFO - child pid = 63699, start training [0 0 0 0 1 1 0 1 0]
2022-08-02 17:04:08,640 - INFO - child pid = 63701, start training [0 0 0 0 1 1 1 0 0]
2022-08-02 17:04:08,641 - INFO - child pid = 63703, start training [0 0 0 0 1 1 1 1 0]
2022-08-02 17:04:08,641 - INFO - child pid = 63702, start training [0 0 0 0 1 1 1 0 1]
2022-08-02 17:04:08,640 - INFO - child pid = 63698, start training [0 0 0 0 1 0 1 1 1]
2022-08-02 17:04:09,365 - DEBUG - child pid = 63677, finish training [0 0 0 0 0 0 0 0 0], epoch = 239, loss = 0.00000335
2022-08-02 17:04:09,368 - INFO - child pid = 63677, start training [0 0 0 1 0 0 0 1 0]
2022-08-02 17:04:09,452 - DEBUG - child pid = 63686, finish training [0 0 0 0 0 1 0 1 1], epoch = 271, loss = 0.07407406
2022-08-02 17:04:09,460 - DEBUG - child pid = 63698, finish training [0 0 0 0 1 0 1 1 1], epoch = 271, loss = 0.06723866
2022-08-02 17:04:09,456 - INFO - child pid = 63686, start training [0 0 0 1 0 0 0 1 1]
2022-08-02 17:04:09,469 - INFO - child pid = 63698, start training [0 0 0 1 0 0 1 0 0]
2022-08-02 17:04:09,569 - DEBUG - child pid = 63696, finish training [0 0 0 0 1 0 1 0 1], epoch = 315, loss = 0.14428927
2022-08-02 17:04:09,572 - INFO - child pid = 63696, start training [0 0 0 1 0 0 1 0 1]
2022-08-02 17:04:09,741 - DEBUG - child pid = 63690, finish training [0 0 0 0 0 1 1 1 1], epoch = 382, loss = 0.04445587
2022-08-02 17:04:09,745 - INFO - child pid = 63690, start training [0 0 0 1 0 0 1 1 0]
2022-08-02 17:04:10,143 - DEBUG - child pid = 63689, finish training [0 0 0 0 0 1 1 1 0], epoch = 536, loss = 0.09425128
2022-08-02 17:04:10,145 - INFO - child pid = 63689, start training [0 0 0 1 0 0 1 1 1]
2022-08-02 17:04:10,368 - DEBUG - child pid = 63682, finish training [0 0 0 0 0 0 1 0 1], epoch = 622, loss = 0.07137087
2022-08-02 17:04:10,370 - INFO - child pid = 63682, start training [0 0 0 1 0 1 0 0 0]
2022-08-02 17:04:10,411 - DEBUG - child pid = 63684, finish training [0 0 0 0 0 0 1 1 1], epoch = 641, loss = 0.00287387
2022-08-02 17:04:10,413 - INFO - child pid = 63684, start training [0 0 0 1 0 1 0 0 1]
2022-08-02 17:04:10,448 - DEBUG - child pid = 63687, finish training [0 0 0 0 0 1 1 0 0], epoch = 657, loss = 0.06428202
2022-08-02 17:04:10,451 - INFO - child pid = 63687, start training [0 0 0 1 0 1 0 1 0]
2022-08-02 17:04:10,517 - DEBUG - child pid = 63688, finish training [0 0 0 0 0 1 1 0 1], epoch = 681, loss = 0.09964719
2022-08-02 17:04:10,520 - INFO - child pid = 63688, start training [0 0 0 1 0 1 0 1 1]
2022-08-02 17:04:10,541 - DEBUG - child pid = 63706, finish training [0 0 0 1 0 0 0 0 1], epoch = 689, loss = 0.20696144
2022-08-02 17:04:10,544 - INFO - child pid = 63706, start training [0 0 0 1 0 1 1 0 0]
2022-08-02 17:04:10,925 - DEBUG - child pid = 63705, finish training [0 0 0 1 0 0 0 0 0], epoch = 830, loss = 0.06281427
2022-08-02 17:04:10,930 - INFO - child pid = 63705, start training [0 0 0 1 0 1 1 0 1]
2022-08-02 17:04:11,285 - DEBUG - child pid = 63687, finish training [0 0 0 1 0 1 0 1 0], epoch = 310, loss = 0.14814815
2022-08-02 17:04:11,290 - INFO - child pid = 63687, start training [0 0 0 1 0 1 1 1 0]
2022-08-02 17:04:11,573 - DEBUG - child pid = 63691, finish training [0 0 0 0 1 0 0 0 0], epoch = 1072, loss = 0.06335018
2022-08-02 17:04:11,576 - INFO - child pid = 63691, start training [0 0 0 1 0 1 1 1 1]
2022-08-02 17:04:11,675 - DEBUG - child pid = 63689, finish training [0 0 0 1 0 0 1 1 1], epoch = 579, loss = 0.03211459
2022-08-02 17:04:11,677 - INFO - child pid = 63689, start training [0 0 0 1 1 0 0 0 0]
2022-08-02 17:04:11,944 - DEBUG - child pid = 63683, finish training [0 0 0 0 0 0 1 1 0], epoch = 1153, loss = 0.01034782
2022-08-02 17:04:11,963 - INFO - child pid = 63683, start training [0 0 0 1 1 0 0 0 1]
2022-08-02 17:04:12,013 - DEBUG - child pid = 63680, finish training [0 0 0 0 0 0 0 1 1], epoch = 1174, loss = 0.05165121
2022-08-02 17:04:12,017 - DEBUG - child pid = 63704, finish training [0 0 0 0 1 1 1 1 1], epoch = 1226, loss = 0.04257263
2022-08-02 17:04:12,020 - INFO - child pid = 63704, start training [0 0 0 1 1 0 0 1 1]
2022-08-02 17:04:12,020 - INFO - child pid = 63680, start training [0 0 0 1 1 0 0 1 0]
2022-08-02 17:04:12,090 - DEBUG - child pid = 63678, finish training [0 0 0 0 0 0 0 0 1], epoch = 1204, loss = 0.00963246
2022-08-02 17:04:12,093 - INFO - child pid = 63678, start training [0 0 0 1 1 0 1 0 0]
2022-08-02 17:04:12,229 - DEBUG - child pid = 63697, finish training [0 0 0 0 1 0 1 1 0], epoch = 1296, loss = 0.05000944
2022-08-02 17:04:12,235 - INFO - child pid = 63697, start training [0 0 0 1 1 0 1 0 1]
2022-08-02 17:04:12,306 - DEBUG - child pid = 63693, finish training [0 0 0 0 1 0 0 1 0], epoch = 1306, loss = 0.12285210
2022-08-02 17:04:12,309 - INFO - child pid = 63693, start training [0 0 0 1 1 0 1 1 0]
2022-08-02 17:04:12,400 - DEBUG - child pid = 63703, finish training [0 0 0 0 1 1 1 1 0], epoch = 1372, loss = 0.13147074
2022-08-02 17:04:12,404 - INFO - child pid = 63703, start training [0 0 0 1 1 0 1 1 1]
2022-08-02 17:04:12,469 - DEBUG - child pid = 63681, finish training [0 0 0 0 0 0 1 0 0], epoch = 1136, loss = 0.00070352
2022-08-02 17:04:12,472 - INFO - child pid = 63681, start training [0 0 0 1 1 1 0 0 0]
2022-08-02 17:04:13,081 - DEBUG - child pid = 63696, finish training [0 0 0 1 0 0 1 0 1], epoch = 1258, loss = 0.13022119
2022-08-02 17:04:13,084 - INFO - child pid = 63696, start training [0 0 0 1 1 1 0 0 1]
2022-08-02 17:04:13,235 - DEBUG - child pid = 63691, finish training [0 0 0 1 0 1 1 1 1], epoch = 505, loss = 0.06908998
2022-08-02 17:04:13,238 - INFO - child pid = 63691, start training [0 0 0 1 1 1 0 1 0]
2022-08-02 17:04:13,308 - DEBUG - child pid = 63690, finish training [0 0 0 1 0 0 1 1 0], epoch = 1195, loss = 0.01385699
2022-08-02 17:04:13,311 - INFO - child pid = 63690, start training [0 0 0 1 1 1 0 1 1]
2022-08-02 17:04:13,337 - DEBUG - child pid = 63699, finish training [0 0 0 0 1 1 0 1 0], epoch = 1675, loss = 0.13121362
2022-08-02 17:04:13,341 - INFO - child pid = 63699, start training [0 0 0 1 1 1 1 0 0]
2022-08-02 17:04:13,885 - DEBUG - child pid = 63698, finish training [0 0 0 1 0 0 1 0 0], epoch = 1558, loss = 0.00512484
2022-08-02 17:04:13,904 - INFO - child pid = 63698, start training [0 0 0 1 1 1 1 0 1]
2022-08-02 17:04:14,023 - DEBUG - child pid = 63681, finish training [0 0 0 1 1 1 0 0 0], epoch = 329, loss = 0.00000017
2022-08-02 17:04:14,029 - INFO - child pid = 63681, start training [0 0 0 1 1 1 1 1 0]
2022-08-02 17:04:14,126 - DEBUG - child pid = 63684, finish training [0 0 0 1 0 1 0 0 1], epoch = 1022, loss = 0.22741307
2022-08-02 17:04:14,136 - INFO - child pid = 63684, start training [0 0 0 1 1 1 1 1 1]
2022-08-02 17:04:14,193 - DEBUG - child pid = 63702, finish training [0 0 0 0 1 1 1 0 1], epoch = 2000, loss = 0.08456466
2022-08-02 17:04:14,197 - INFO - child pid = 63702, start training [0 0 1 0 0 0 1 0 0]
2022-08-02 17:04:14,264 - DEBUG - child pid = 63701, finish training [0 0 0 0 1 1 1 0 0], epoch = 2000, loss = 0.13002466
2022-08-02 17:04:14,268 - INFO - child pid = 63701, start training [0 0 1 0 0 0 1 0 1]
2022-08-02 17:04:14,293 - DEBUG - child pid = 63700, finish training [0 0 0 0 1 1 0 1 1], epoch = 2000, loss = 0.03284898
2022-08-02 17:04:14,297 - INFO - child pid = 63700, start training [0 0 1 0 0 0 1 1 0]
2022-08-02 17:04:14,511 - DEBUG - child pid = 63694, finish training [0 0 0 0 1 0 0 1 1], epoch = 2000, loss = 0.00766540
2022-08-02 17:04:14,515 - INFO - child pid = 63694, start training [0 0 1 0 0 0 1 1 1]
2022-08-02 17:04:14,545 - DEBUG - child pid = 63686, finish training [0 0 0 1 0 0 0 1 1], epoch = 1536, loss = 0.03100822
2022-08-02 17:04:14,549 - INFO - child pid = 63686, start training [0 0 1 0 0 1 1 1 0]
2022-08-02 17:04:14,560 - DEBUG - child pid = 63695, finish training [0 0 0 0 1 0 1 0 0], epoch = 2000, loss = 0.06656995
2022-08-02 17:04:14,564 - INFO - child pid = 63695, start training [0 0 1 0 0 1 1 1 1]
2022-08-02 17:04:14,626 - DEBUG - child pid = 63697, finish training [0 0 0 1 1 0 1 0 1], epoch = 775, loss = 0.07979992
2022-08-02 17:04:14,628 - INFO - child pid = 63697, start training [0 0 1 0 1 0 1 0 0]
2022-08-02 17:04:14,715 - DEBUG - child pid = 63692, finish training [0 0 0 0 1 0 0 0 1], epoch = 2000, loss = 0.01865732
2022-08-02 17:04:14,719 - INFO - child pid = 63692, start training [0 0 1 0 1 0 1 0 1]
2022-08-02 17:04:14,757 - DEBUG - child pid = 63704, finish training [0 0 0 1 1 0 0 1 1], epoch = 942, loss = 0.00444168
2022-08-02 17:04:14,760 - INFO - child pid = 63704, start training [0 0 1 0 1 0 1 1 0]
2022-08-02 17:04:15,151 - DEBUG - child pid = 63685, finish training [0 0 0 0 0 1 0 1 0], epoch = 2000, loss = 0.09177786
2022-08-02 17:04:15,156 - INFO - child pid = 63685, start training [0 0 1 0 1 0 1 1 1]
2022-08-02 17:04:15,317 - DEBUG - child pid = 63698, finish training [0 0 0 1 1 1 1 0 1], epoch = 483, loss = 0.06247496
2022-08-02 17:04:15,320 - INFO - child pid = 63698, start training [0 0 1 0 1 1 1 1 0]
2022-08-02 17:04:15,407 - DEBUG - child pid = 63679, finish training [0 0 0 0 0 0 0 1 0], epoch = 2000, loss = 0.00651841
2022-08-02 17:04:15,410 - INFO - child pid = 63679, start training [0 0 1 0 1 1 1 1 1]
2022-08-02 17:04:15,687 - DEBUG - child pid = 63689, finish training [0 0 0 1 1 0 0 0 0], epoch = 1120, loss = 0.12368315
2022-08-02 17:04:15,690 - INFO - child pid = 63689, start training [0 0 1 1 0 0 0 0 0]
2022-08-02 17:04:15,986 - DEBUG - child pid = 63680, finish training [0 0 0 1 1 0 0 1 0], epoch = 949, loss = 0.06367670
2022-08-02 17:04:15,988 - DEBUG - child pid = 63706, finish training [0 0 0 1 0 1 1 0 0], epoch = 2000, loss = 0.12218156
2022-08-02 17:04:16,002 - INFO - child pid = 63706, start training [0 0 1 1 0 0 0 1 0]
2022-08-02 17:04:15,999 - INFO - child pid = 63680, start training [0 0 1 1 0 0 0 0 1]
2022-08-02 17:04:16,088 - DEBUG - child pid = 63687, finish training [0 0 0 1 0 1 1 1 0], epoch = 1351, loss = 0.07882619
2022-08-02 17:04:16,091 - INFO - child pid = 63687, start training [0 0 1 1 0 0 0 1 1]
2022-08-02 17:04:16,188 - DEBUG - child pid = 63682, finish training [0 0 0 1 0 1 0 0 0], epoch = 1601, loss = 0.06367318
2022-08-02 17:04:16,191 - INFO - child pid = 63682, start training [0 0 1 1 0 0 1 0 0]
2022-08-02 17:04:16,298 - DEBUG - child pid = 63684, finish training [0 0 0 1 1 1 1 1 1], epoch = 575, loss = 0.00000020
2022-08-02 17:04:16,303 - INFO - child pid = 63684, start training [0 0 1 1 0 0 1 0 1]
2022-08-02 17:04:16,416 - DEBUG - child pid = 63705, finish training [0 0 0 1 0 1 1 0 1], epoch = 2000, loss = 0.12628378
2022-08-02 17:04:16,419 - INFO - child pid = 63705, start training [0 0 1 1 0 0 1 1 0]
2022-08-02 17:04:16,645 - DEBUG - child pid = 63688, finish training [0 0 0 1 0 1 0 1 1], epoch = 1874, loss = 0.07573780
2022-08-02 17:04:16,649 - INFO - child pid = 63688, start training [0 0 1 1 0 0 1 1 1]
2022-08-02 17:04:16,665 - DEBUG - child pid = 63677, finish training [0 0 0 1 0 0 0 1 0], epoch = 2000, loss = 0.00747472
2022-08-02 17:04:16,669 - INFO - child pid = 63677, start training [0 0 1 1 0 1 0 0 0]
2022-08-02 17:04:16,909 - DEBUG - child pid = 63699, finish training [0 0 0 1 1 1 1 0 0], epoch = 1230, loss = 0.14347519
2022-08-02 17:04:16,911 - INFO - child pid = 63699, start training [0 0 1 1 0 1 0 0 1]
2022-08-02 17:04:17,063 - DEBUG - child pid = 63683, finish training [0 0 0 1 1 0 0 0 1], epoch = 1258, loss = 0.01565113
2022-08-02 17:04:17,070 - INFO - child pid = 63683, start training [0 0 1 1 0 1 0 1 0]
2022-08-02 17:04:17,107 - DEBUG - child pid = 63698, finish training [0 0 1 0 1 1 1 1 0], epoch = 608, loss = 0.12899564
2022-08-02 17:04:17,110 - INFO - child pid = 63698, start training [0 0 1 1 0 1 0 1 1]
2022-08-02 17:04:17,165 - DEBUG - child pid = 63703, finish training [0 0 0 1 1 0 1 1 1], epoch = 1700, loss = 0.00739121
2022-08-02 17:04:17,168 - INFO - child pid = 63703, start training [0 0 1 1 0 1 1 0 0]
2022-08-02 17:04:17,230 - DEBUG - child pid = 63694, finish training [0 0 1 0 0 0 1 1 1], epoch = 878, loss = 0.06384064
2022-08-02 17:04:17,233 - INFO - child pid = 63694, start training [0 0 1 1 0 1 1 0 1]
2022-08-02 17:04:17,396 - DEBUG - child pid = 63704, finish training [0 0 1 0 1 0 1 1 0], epoch = 959, loss = 0.14304048
2022-08-02 17:04:17,399 - INFO - child pid = 63704, start training [0 0 1 1 0 1 1 1 0]
2022-08-02 17:04:17,757 - DEBUG - child pid = 63693, finish training [0 0 0 1 1 0 1 1 0], epoch = 1700, loss = 0.00536391
2022-08-02 17:04:17,760 - INFO - child pid = 63693, start training [0 0 1 1 0 1 1 1 1]
2022-08-02 17:04:17,865 - DEBUG - child pid = 63700, finish training [0 0 1 0 0 0 1 1 0], epoch = 1264, loss = 0.00367608
2022-08-02 17:04:17,868 - INFO - child pid = 63700, start training [0 0 1 1 1 0 0 0 0]
2022-08-02 17:04:17,868 - DEBUG - child pid = 63701, finish training [0 0 1 0 0 0 1 0 1], epoch = 1257, loss = 0.07669190
2022-08-02 17:04:17,870 - INFO - child pid = 63701, start training [0 0 1 1 1 0 0 0 1]
2022-08-02 17:04:18,161 - DEBUG - child pid = 63696, finish training [0 0 0 1 1 1 0 0 1], epoch = 1640, loss = 0.12542650
2022-08-02 17:04:18,164 - INFO - child pid = 63696, start training [0 0 1 1 1 0 0 1 0]
2022-08-02 17:04:18,317 - DEBUG - child pid = 63690, finish training [0 0 0 1 1 1 0 1 1], epoch = 1556, loss = 0.07580550
2022-08-02 17:04:18,320 - INFO - child pid = 63690, start training [0 0 1 1 1 0 0 1 1]
2022-08-02 17:04:18,391 - DEBUG - child pid = 63695, finish training [0 0 1 0 0 1 1 1 1], epoch = 1297, loss = 0.00396785
2022-08-02 17:04:18,394 - INFO - child pid = 63695, start training [0 0 1 1 1 0 1 0 0]
2022-08-02 17:04:18,454 - DEBUG - child pid = 63680, finish training [0 0 1 1 0 0 0 0 1], epoch = 605, loss = 0.17346019
2022-08-02 17:04:18,463 - INFO - child pid = 63680, start training [0 0 1 1 1 0 1 0 1]
2022-08-02 17:04:18,981 - DEBUG - child pid = 63697, finish training [0 0 1 0 1 0 1 0 0], epoch = 1501, loss = 0.11336692
2022-08-02 17:04:18,984 - INFO - child pid = 63697, start training [0 0 1 1 1 0 1 1 0]
2022-08-02 17:04:19,211 - DEBUG - child pid = 63688, finish training [0 0 1 1 0 0 1 1 1], epoch = 774, loss = 0.04644249
2022-08-02 17:04:19,214 - INFO - child pid = 63688, start training [0 0 1 1 1 0 1 1 1]
2022-08-02 17:04:19,227 - DEBUG - child pid = 63687, finish training [0 0 1 1 0 0 0 1 1], epoch = 896, loss = 0.15015966
2022-08-02 17:04:19,230 - INFO - child pid = 63687, start training [0 0 1 1 1 1 0 0 0]
2022-08-02 17:04:19,335 - DEBUG - child pid = 63703, finish training [0 0 1 1 0 1 1 0 0], epoch = 771, loss = 0.14095199
2022-08-02 17:04:19,338 - INFO - child pid = 63703, start training [0 0 1 1 1 1 0 0 1]
2022-08-02 17:04:19,359 - DEBUG - child pid = 63682, finish training [0 0 1 1 0 0 1 0 0], epoch = 802, loss = 0.04755683
2022-08-02 17:04:19,367 - INFO - child pid = 63682, start training [0 0 1 1 1 1 0 1 0]
2022-08-02 17:04:19,460 - DEBUG - child pid = 63691, finish training [0 0 0 1 1 1 0 1 0], epoch = 1915, loss = 0.16202705
2022-08-02 17:04:19,462 - INFO - child pid = 63691, start training [0 0 1 1 1 1 0 1 1]
2022-08-02 17:04:19,583 - DEBUG - child pid = 63700, finish training [0 0 1 1 1 0 0 0 0], epoch = 603, loss = 0.17346007
2022-08-02 17:04:19,586 - INFO - child pid = 63700, start training [0 0 1 1 1 1 1 0 0]
2022-08-02 17:04:19,602 - DEBUG - child pid = 63699, finish training [0 0 1 1 0 1 0 0 1], epoch = 964, loss = 0.08363880
2022-08-02 17:04:19,604 - INFO - child pid = 63699, start training [0 0 1 1 1 1 1 0 1]
2022-08-02 17:04:19,646 - DEBUG - child pid = 63683, finish training [0 0 1 1 0 1 0 1 0], epoch = 737, loss = 0.14008538
2022-08-02 17:04:19,649 - INFO - child pid = 63683, start training [0 0 1 1 1 1 1 1 0]
2022-08-02 17:04:19,723 - DEBUG - child pid = 63679, finish training [0 0 1 0 1 1 1 1 1], epoch = 1117, loss = 0.03487628
2022-08-02 17:04:19,726 - INFO - child pid = 63679, start training [0 0 1 1 1 1 1 1 1]
2022-08-02 17:04:19,763 - DEBUG - child pid = 63702, finish training [0 0 1 0 0 0 1 0 0], epoch = 1559, loss = 0.00432893
2022-08-02 17:04:19,767 - INFO - child pid = 63702, start training [0 1 0 1 0 0 0 0 0]
2022-08-02 17:04:19,768 - DEBUG - child pid = 63693, finish training [0 0 1 1 0 1 1 1 1], epoch = 689, loss = 0.06261986
2022-08-02 17:04:19,769 - INFO - child pid = 63693, start training [0 1 0 1 0 0 0 0 1]
2022-08-02 17:04:19,769 - DEBUG - child pid = 63686, finish training [0 0 1 0 0 1 1 1 0], epoch = 1438, loss = 0.01430492
2022-08-02 17:04:19,771 - INFO - child pid = 63686, start training [0 1 0 1 0 0 0 1 0]
2022-08-02 17:04:19,878 - DEBUG - child pid = 63704, finish training [0 0 1 1 0 1 1 1 0], epoch = 922, loss = 0.01378386
2022-08-02 17:04:19,881 - INFO - child pid = 63704, start training [0 1 0 1 0 0 0 1 1]
2022-08-02 17:04:19,946 - DEBUG - child pid = 63677, finish training [0 0 1 1 0 1 0 0 0], epoch = 826, loss = 0.06289600
2022-08-02 17:04:19,977 - INFO - child pid = 63677, start training [0 1 0 1 0 0 1 0 0]
2022-08-02 17:04:20,024 - DEBUG - child pid = 63678, finish training [0 0 0 1 1 0 1 0 0], epoch = 1954, loss = 0.06978351
2022-08-02 17:04:20,027 - INFO - child pid = 63678, start training [0 1 0 1 0 0 1 0 1]
2022-08-02 17:04:20,211 - DEBUG - child pid = 63698, finish training [0 0 1 1 0 1 0 1 1], epoch = 1097, loss = 0.11464058
2022-08-02 17:04:20,214 - INFO - child pid = 63698, start training [0 1 0 1 0 0 1 1 0]
2022-08-02 17:04:20,396 - DEBUG - child pid = 63690, finish training [0 0 1 1 1 0 0 1 1], epoch = 685, loss = 0.07641438
2022-08-02 17:04:20,398 - INFO - child pid = 63690, start training [0 1 0 1 0 0 1 1 1]
2022-08-02 17:04:20,479 - DEBUG - child pid = 63694, finish training [0 0 1 1 0 1 1 0 1], epoch = 1120, loss = 0.12433352
2022-08-02 17:04:20,482 - INFO - child pid = 63694, start training [0 1 0 1 0 1 0 1 0]
2022-08-02 17:04:20,539 - DEBUG - child pid = 63702, finish training [0 1 0 1 0 0 0 0 0], epoch = 289, loss = 0.11626874
2022-08-02 17:04:20,542 - INFO - child pid = 63702, start training [0 1 0 1 0 1 0 1 1]
2022-08-02 17:04:20,598 - DEBUG - child pid = 63701, finish training [0 0 1 1 1 0 0 0 1], epoch = 985, loss = 0.20226942
2022-08-02 17:04:20,601 - INFO - child pid = 63701, start training [0 1 0 1 0 1 1 0 0]
2022-08-02 17:04:20,721 - DEBUG - child pid = 63680, finish training [0 0 1 1 1 0 1 0 1], epoch = 585, loss = 0.14311419
2022-08-02 17:04:20,724 - INFO - child pid = 63680, start training [0 1 0 1 0 1 1 0 1]
2022-08-02 17:04:20,853 - DEBUG - child pid = 63703, finish training [0 0 1 1 1 1 0 0 1], epoch = 561, loss = 0.00502033
2022-08-02 17:04:20,856 - INFO - child pid = 63703, start training [0 1 0 1 0 1 1 1 0]
2022-08-02 17:04:20,880 - DEBUG - child pid = 63692, finish training [0 0 1 0 1 0 1 0 1], epoch = 2000, loss = 0.17442754
2022-08-02 17:04:20,883 - INFO - child pid = 63692, start training [0 1 0 1 0 1 1 1 1]
2022-08-02 17:04:20,889 - DEBUG - child pid = 63700, finish training [0 0 1 1 1 1 1 0 0], epoch = 483, loss = 0.09689240
2022-08-02 17:04:20,892 - INFO - child pid = 63700, start training [0 1 0 1 1 0 0 0 0]
2022-08-02 17:04:21,194 - DEBUG - child pid = 63683, finish training [0 0 1 1 1 1 1 1 0], epoch = 481, loss = 0.03827967
2022-08-02 17:04:21,196 - INFO - child pid = 63683, start training [0 1 0 1 1 0 0 0 1]
2022-08-02 17:04:21,389 - DEBUG - child pid = 63681, finish training [0 0 0 1 1 1 1 1 0], epoch = 2000, loss = 0.06733326
2022-08-02 17:04:21,399 - INFO - child pid = 63681, start training [0 1 0 1 1 0 0 1 0]
2022-08-02 17:04:21,464 - DEBUG - child pid = 63706, finish training [0 0 1 1 0 0 0 1 0], epoch = 2000, loss = 0.08397987
2022-08-02 17:04:21,467 - INFO - child pid = 63706, start training [0 1 0 1 1 0 0 1 1]
2022-08-02 17:04:21,675 - DEBUG - child pid = 63689, finish training [0 0 1 1 0 0 0 0 0], epoch = 1893, loss = 0.03227942
2022-08-02 17:04:21,682 - INFO - child pid = 63689, start training [0 1 0 1 1 0 1 0 0]
2022-08-02 17:04:21,776 - DEBUG - child pid = 63693, finish training [0 1 0 1 0 0 0 0 1], epoch = 690, loss = 0.20030612
2022-08-02 17:04:21,779 - INFO - child pid = 63693, start training [0 1 0 1 1 0 1 0 1]
2022-08-02 17:04:21,825 - DEBUG - child pid = 63694, finish training [0 1 0 1 0 1 0 1 0], epoch = 461, loss = 0.23861916
2022-08-02 17:04:21,827 - INFO - child pid = 63694, start training [0 1 0 1 1 0 1 1 0]
2022-08-02 17:04:21,852 - DEBUG - child pid = 63705, finish training [0 0 1 1 0 0 1 1 0], epoch = 2000, loss = 0.00424662
2022-08-02 17:04:21,855 - INFO - child pid = 63705, start training [0 1 0 1 1 0 1 1 1]
2022-08-02 17:04:21,870 - DEBUG - child pid = 63704, finish training [0 1 0 1 0 0 0 1 1], epoch = 742, loss = 0.19704822
2022-08-02 17:04:21,873 - INFO - child pid = 63704, start training [0 1 0 1 1 1 0 1 0]
2022-08-02 17:04:21,973 - DEBUG - child pid = 63688, finish training [0 0 1 1 1 0 1 1 1], epoch = 849, loss = 0.08718976
2022-08-02 17:04:21,976 - INFO - child pid = 63688, start training [0 1 0 1 1 1 0 1 1]
2022-08-02 17:04:21,979 - DEBUG - child pid = 63685, finish training [0 0 1 0 1 0 1 1 1], epoch = 2000, loss = 0.09400311
2022-08-02 17:04:21,981 - INFO - child pid = 63685, start training [0 1 0 1 1 1 1 0 0]
2022-08-02 17:04:22,148 - DEBUG - child pid = 63687, finish training [0 0 1 1 1 1 0 0 0], epoch = 913, loss = 0.00229534
2022-08-02 17:04:22,151 - INFO - child pid = 63687, start training [0 1 0 1 1 1 1 0 1]
2022-08-02 17:04:22,486 - DEBUG - child pid = 63699, finish training [0 0 1 1 1 1 1 0 1], epoch = 1011, loss = 0.06462326
2022-08-02 17:04:22,490 - INFO - child pid = 63699, start training [0 1 0 1 1 1 1 1 0]
2022-08-02 17:04:22,578 - DEBUG - child pid = 63697, finish training [0 0 1 1 1 0 1 1 0], epoch = 1302, loss = 0.01151951
2022-08-02 17:04:22,581 - INFO - child pid = 63697, start training [0 1 0 1 1 1 1 1 1]
2022-08-02 17:04:22,681 - DEBUG - child pid = 63686, finish training [0 1 0 1 0 0 0 1 0], epoch = 969, loss = 0.17280808
2022-08-02 17:04:22,684 - INFO - child pid = 63686, start training [0 1 1 1 0 0 1 0 0]
2022-08-02 17:04:22,699 - DEBUG - child pid = 63701, finish training [0 1 0 1 0 1 1 0 0], epoch = 771, loss = 0.21896984
2022-08-02 17:04:22,701 - INFO - child pid = 63701, start training [0 1 1 1 0 0 1 0 1]
2022-08-02 17:04:22,777 - DEBUG - child pid = 63684, finish training [0 0 1 1 0 0 1 0 1], epoch = 1911, loss = 0.12083925
2022-08-02 17:04:22,779 - INFO - child pid = 63684, start training [0 1 1 1 0 0 1 1 0]
2022-08-02 17:04:23,221 - DEBUG - child pid = 63689, finish training [0 1 0 1 1 0 1 0 0], epoch = 561, loss = 0.14505975
2022-08-02 17:04:23,224 - INFO - child pid = 63689, start training [0 1 1 1 0 0 1 1 1]
2022-08-02 17:04:23,911 - DEBUG - child pid = 63685, finish training [0 1 0 1 1 1 1 0 0], epoch = 723, loss = 0.20577450
2022-08-02 17:04:23,913 - INFO - child pid = 63685, start training [0 1 1 1 0 1 1 1 0]
2022-08-02 17:04:23,932 - DEBUG - child pid = 63695, finish training [0 0 1 1 1 0 1 0 0], epoch = 2000, loss = 0.05545105
2022-08-02 17:04:23,936 - INFO - child pid = 63695, start training [0 1 1 1 0 1 1 1 1]
2022-08-02 17:04:23,937 - DEBUG - child pid = 63696, finish training [0 0 1 1 1 0 0 1 0], epoch = 2000, loss = 0.06665015
2022-08-02 17:04:23,940 - INFO - child pid = 63696, start training [0 1 1 1 1 0 1 0 0]
2022-08-02 17:04:24,229 - DEBUG - child pid = 63691, finish training [0 0 1 1 1 1 0 1 1], epoch = 1674, loss = 0.00424684
2022-08-02 17:04:24,231 - INFO - child pid = 63691, start training [0 1 1 1 1 0 1 0 1]
2022-08-02 17:04:24,371 - DEBUG - child pid = 63704, finish training [0 1 0 1 1 1 0 1 0], epoch = 919, loss = 0.21302918
2022-08-02 17:04:24,379 - INFO - child pid = 63704, start training [0 1 1 1 1 0 1 1 0]
2022-08-02 17:04:24,474 - DEBUG - child pid = 63690, finish training [0 1 0 1 0 0 1 1 1], epoch = 1449, loss = 0.11570740
2022-08-02 17:04:24,477 - INFO - child pid = 63690, start training [0 1 1 1 1 0 1 1 1]
2022-08-02 17:04:24,500 - DEBUG - child pid = 63694, finish training [0 1 0 1 1 0 1 1 0], epoch = 1005, loss = 0.00138575
2022-08-02 17:04:24,503 - INFO - child pid = 63694, start training [0 1 1 1 1 1 1 1 0]
2022-08-02 17:04:24,545 - DEBUG - child pid = 63702, finish training [0 1 0 1 0 1 0 1 1], epoch = 1467, loss = 0.15762275
2022-08-02 17:04:24,548 - INFO - child pid = 63702, start training [0 1 1 1 1 1 1 1 1]
2022-08-02 17:04:24,620 - DEBUG - child pid = 63682, finish training [0 0 1 1 1 1 0 1 0], epoch = 1722, loss = 0.06910003
2022-08-02 17:04:24,623 - INFO - child pid = 63682, start training [1 0 0 0 0 0 0 0 0]
2022-08-02 17:04:24,693 - DEBUG - child pid = 63681, finish training [0 1 0 1 1 0 0 1 0], epoch = 1106, loss = 0.06130399
2022-08-02 17:04:24,695 - INFO - child pid = 63681, start training [1 0 0 0 0 0 0 0 1]
2022-08-02 17:04:25,040 - DEBUG - child pid = 63683, finish training [0 1 0 1 1 0 0 0 1], epoch = 1289, loss = 0.09703179
2022-08-02 17:04:25,043 - INFO - child pid = 63683, start training [1 0 0 0 0 0 0 1 0]
2022-08-02 17:04:25,464 - DEBUG - child pid = 63699, finish training [0 1 0 1 1 1 1 1 0], epoch = 1079, loss = 0.06998696
2022-08-02 17:04:25,467 - INFO - child pid = 63699, start training [1 0 0 0 0 0 0 1 1]
2022-08-02 17:04:25,756 - DEBUG - child pid = 63698, finish training [0 1 0 1 0 0 1 1 0], epoch = 2000, loss = 0.02816751
2022-08-02 17:04:25,759 - INFO - child pid = 63698, start training [1 0 0 0 0 0 1 0 0]
2022-08-02 17:04:25,873 - DEBUG - child pid = 63705, finish training [0 1 0 1 1 0 1 1 1], epoch = 1475, loss = 0.00939508
2022-08-02 17:04:25,876 - INFO - child pid = 63705, start training [1 0 0 0 0 0 1 0 1]
2022-08-02 17:04:25,912 - DEBUG - child pid = 63693, finish training [0 1 0 1 1 0 1 0 1], epoch = 1494, loss = 0.15284811
2022-08-02 17:04:25,915 - INFO - child pid = 63693, start training [1 0 0 0 0 0 1 1 0]
2022-08-02 17:04:26,098 - DEBUG - child pid = 63704, finish training [0 1 1 1 1 0 1 1 0], epoch = 628, loss = 0.01246223
2022-08-02 17:04:26,100 - INFO - child pid = 63704, start training [1 0 0 0 0 0 1 1 1]
2022-08-02 17:04:26,218 - DEBUG - child pid = 63688, finish training [0 1 0 1 1 1 0 1 1], epoch = 1449, loss = 0.04737069
2022-08-02 17:04:26,220 - INFO - child pid = 63688, start training [1 0 0 0 0 1 0 1 0]
2022-08-02 17:04:26,298 - DEBUG - child pid = 63703, finish training [0 1 0 1 0 1 1 1 0], epoch = 2000, loss = 0.10775530
2022-08-02 17:04:26,301 - INFO - child pid = 63703, start training [1 0 0 0 0 1 0 1 1]
2022-08-02 17:04:26,308 - DEBUG - child pid = 63700, finish training [0 1 0 1 1 0 0 0 0], epoch = 2000, loss = 0.00624283
2022-08-02 17:04:26,310 - INFO - child pid = 63700, start training [1 0 0 0 0 1 1 0 0]
2022-08-02 17:04:26,326 - DEBUG - child pid = 63679, finish training [0 0 1 1 1 1 1 1 1], epoch = 2000, loss = 0.00067414
2022-08-02 17:04:26,328 - INFO - child pid = 63679, start training [1 0 0 0 0 1 1 0 1]
2022-08-02 17:04:26,446 - DEBUG - child pid = 63694, finish training [0 1 1 1 1 1 1 1 0], epoch = 619, loss = 0.01064358
2022-08-02 17:04:26,449 - INFO - child pid = 63694, start training [1 0 0 0 0 1 1 1 0]
2022-08-02 17:04:26,627 - DEBUG - child pid = 63678, finish training [0 1 0 1 0 0 1 0 1], epoch = 2000, loss = 0.14027998
2022-08-02 17:04:26,630 - INFO - child pid = 63678, start training [1 0 0 0 0 1 1 1 1]
2022-08-02 17:04:26,757 - DEBUG - child pid = 63692, finish training [0 1 0 1 0 1 1 1 1], epoch = 2000, loss = 0.12827620
2022-08-02 17:04:26,760 - INFO - child pid = 63692, start training [1 0 0 0 1 0 0 0 0]
2022-08-02 17:04:26,895 - DEBUG - child pid = 63706, finish training [0 1 0 1 1 0 0 1 1], epoch = 2000, loss = 0.05788956
2022-08-02 17:04:26,898 - INFO - child pid = 63706, start training [1 0 0 0 1 0 0 0 1]
2022-08-02 17:04:26,923 - DEBUG - child pid = 63677, finish training [0 1 0 1 0 0 1 0 0], epoch = 2000, loss = 0.05360664
2022-08-02 17:04:26,928 - INFO - child pid = 63677, start training [1 0 0 0 1 0 0 1 0]
2022-08-02 17:04:27,153 - DEBUG - child pid = 63681, finish training [1 0 0 0 0 0 0 0 1], epoch = 677, loss = 0.01064533
2022-08-02 17:04:27,162 - INFO - child pid = 63681, start training [1 0 0 0 1 0 0 1 1]
2022-08-02 17:04:27,477 - DEBUG - child pid = 63680, finish training [0 1 0 1 0 1 1 0 1], epoch = 2000, loss = 0.14144431
2022-08-02 17:04:27,480 - INFO - child pid = 63680, start training [1 0 0 0 1 0 1 0 0]
2022-08-02 17:04:27,488 - DEBUG - child pid = 63699, finish training [1 0 0 0 0 0 0 1 1], epoch = 745, loss = 0.17372130
2022-08-02 17:04:27,490 - INFO - child pid = 63699, start training [1 0 0 0 1 0 1 0 1]
2022-08-02 17:04:27,859 - DEBUG - child pid = 63701, finish training [0 1 1 1 0 0 1 0 1], epoch = 1915, loss = 0.22298469
2022-08-02 17:04:27,862 - INFO - child pid = 63701, start training [1 0 0 0 1 0 1 1 0]
2022-08-02 17:04:28,044 - DEBUG - child pid = 63687, finish training [0 1 0 1 1 1 1 0 1], epoch = 2000, loss = 0.09359875
2022-08-02 17:04:28,046 - INFO - child pid = 63687, start training [1 0 0 0 1 0 1 1 1]
2022-08-02 17:04:28,087 - DEBUG - child pid = 63692, finish training [1 0 0 0 1 0 0 0 0], epoch = 462, loss = 0.14815752
2022-08-02 17:04:28,090 - INFO - child pid = 63692, start training [1 0 0 0 1 1 0 1 0]
2022-08-02 17:04:28,352 - DEBUG - child pid = 63680, finish training [1 0 0 0 1 0 1 0 0], epoch = 258, loss = 0.14814818
2022-08-02 17:04:28,355 - INFO - child pid = 63680, start training [1 0 0 0 1 1 0 1 1]
2022-08-02 17:04:28,384 - DEBUG - child pid = 63679, finish training [1 0 0 0 0 1 1 0 1], epoch = 646, loss = 0.20577449
2022-08-02 17:04:28,387 - INFO - child pid = 63679, start training [1 0 0 0 1 1 1 0 0]
2022-08-02 17:04:28,494 - DEBUG - child pid = 63697, finish training [0 1 0 1 1 1 1 1 1], epoch = 2000, loss = 0.00478005
2022-08-02 17:04:28,497 - INFO - child pid = 63697, start training [1 0 0 0 1 1 1 0 1]
2022-08-02 17:04:28,497 - DEBUG - child pid = 63678, finish training [1 0 0 0 0 1 1 1 1], epoch = 572, loss = 0.14514391
2022-08-02 17:04:28,500 - INFO - child pid = 63678, start training [1 0 0 0 1 1 1 1 0]
2022-08-02 17:04:28,674 - DEBUG - child pid = 63704, finish training [1 0 0 0 0 0 1 1 1], epoch = 975, loss = 0.00138261
2022-08-02 17:04:28,677 - INFO - child pid = 63704, start training [1 0 0 0 1 1 1 1 1]
2022-08-02 17:04:28,758 - DEBUG - child pid = 63705, finish training [1 0 0 0 0 0 1 0 1], epoch = 1080, loss = 0.06998661
2022-08-02 17:04:28,760 - INFO - child pid = 63705, start training [1 0 0 1 0 0 0 0 0]
2022-08-02 17:04:28,848 - DEBUG - child pid = 63686, finish training [0 1 1 1 0 0 1 0 0], epoch = 2000, loss = 0.06391039
2022-08-02 17:04:28,851 - INFO - child pid = 63686, start training [1 0 0 1 0 0 0 0 1]
2022-08-02 17:04:28,891 - DEBUG - child pid = 63684, finish training [0 1 1 1 0 0 1 1 0], epoch = 2000, loss = 0.01564729
2022-08-02 17:04:28,895 - INFO - child pid = 63684, start training [1 0 0 1 0 0 0 1 0]
2022-08-02 17:04:29,153 - DEBUG - child pid = 63689, finish training [0 1 1 1 0 0 1 1 1], epoch = 1974, loss = 0.14880297
2022-08-02 17:04:29,156 - INFO - child pid = 63689, start training [1 0 0 1 0 0 0 1 1]
2022-08-02 17:04:29,470 - DEBUG - child pid = 63696, finish training [0 1 1 1 1 0 1 0 0], epoch = 1935, loss = 0.06463721
2022-08-02 17:04:29,473 - INFO - child pid = 63696, start training [1 0 0 1 0 0 1 0 0]
2022-08-02 17:04:29,606 - DEBUG - child pid = 63695, finish training [0 1 1 1 0 1 1 1 1], epoch = 2000, loss = 0.06258277
2022-08-02 17:04:29,609 - INFO - child pid = 63695, start training [1 0 0 1 0 0 1 0 1]
2022-08-02 17:04:29,744 - DEBUG - child pid = 63682, finish training [1 0 0 0 0 0 0 0 0], epoch = 1495, loss = 0.00517653
2022-08-02 17:04:29,747 - INFO - child pid = 63682, start training [1 0 0 1 0 0 1 1 0]
2022-08-02 17:04:30,026 - DEBUG - child pid = 63685, finish training [0 1 1 1 0 1 1 1 0], epoch = 2000, loss = 0.02807230
2022-08-02 17:04:30,028 - INFO - child pid = 63685, start training [1 0 0 1 0 0 1 1 1]
2022-08-02 17:04:30,096 - DEBUG - child pid = 63702, finish training [0 1 1 1 1 1 1 1 1], epoch = 2000, loss = 0.00905732
2022-08-02 17:04:30,104 - INFO - child pid = 63702, start training [1 0 0 1 0 1 0 0 0]
2022-08-02 17:04:30,163 - DEBUG - child pid = 63691, finish training [0 1 1 1 1 0 1 0 1], epoch = 2000, loss = 0.11162220
2022-08-02 17:04:30,166 - INFO - child pid = 63691, start training [1 0 0 1 0 1 0 0 1]
2022-08-02 17:04:30,207 - DEBUG - child pid = 63686, finish training [1 0 0 1 0 0 0 0 1], epoch = 479, loss = 0.03827919
2022-08-02 17:04:30,211 - INFO - child pid = 63686, start training [1 0 0 1 0 1 0 1 0]
2022-08-02 17:04:30,284 - DEBUG - child pid = 63690, finish training [0 1 1 1 1 0 1 1 1], epoch = 2000, loss = 0.02898561
2022-08-02 17:04:30,287 - INFO - child pid = 63690, start training [1 0 0 1 0 1 0 1 1]
2022-08-02 17:04:30,548 - DEBUG - child pid = 63694, finish training [1 0 0 0 0 1 1 1 0], epoch = 1487, loss = 0.15265124
2022-08-02 17:04:30,550 - INFO - child pid = 63694, start training [1 0 0 1 0 1 1 0 0]
2022-08-02 17:04:30,603 - DEBUG - child pid = 63678, finish training [1 0 0 0 1 1 1 1 0], epoch = 711, loss = 0.19554733
2022-08-02 17:04:30,605 - INFO - child pid = 63678, start training [1 0 0 1 0 1 1 0 1]
2022-08-02 17:04:31,166 - DEBUG - child pid = 63698, finish training [1 0 0 0 0 0 1 0 0], epoch = 2000, loss = 0.00516766
2022-08-02 17:04:31,168 - INFO - child pid = 63698, start training [1 0 0 1 0 1 1 1 0]
2022-08-02 17:04:31,275 - DEBUG - child pid = 63696, finish training [1 0 0 1 0 0 1 0 0], epoch = 693, loss = 0.00000054
2022-08-02 17:04:31,278 - INFO - child pid = 63696, start training [1 0 0 1 0 1 1 1 1]
2022-08-02 17:04:31,349 - DEBUG - child pid = 63683, finish training [1 0 0 0 0 0 0 1 0], epoch = 2000, loss = 0.09881407
2022-08-02 17:04:31,352 - INFO - child pid = 63683, start training [1 0 0 1 1 0 0 0 0]
2022-08-02 17:04:31,409 - DEBUG - child pid = 63693, finish training [1 0 0 0 0 0 1 1 0], epoch = 1992, loss = 0.07818178
2022-08-02 17:04:31,412 - INFO - child pid = 63693, start training [1 0 0 1 1 0 0 0 1]
2022-08-02 17:04:31,458 - DEBUG - child pid = 63703, finish training [1 0 0 0 0 1 0 1 1], epoch = 1946, loss = 0.06463768
2022-08-02 17:04:31,460 - INFO - child pid = 63703, start training [1 0 0 1 1 0 0 1 0]
2022-08-02 17:04:31,725 - DEBUG - child pid = 63700, finish training [1 0 0 0 0 1 1 0 0], epoch = 2000, loss = 0.09249804
2022-08-02 17:04:31,728 - INFO - child pid = 63700, start training [1 0 0 1 1 0 0 1 1]
2022-08-02 17:04:31,750 - DEBUG - child pid = 63686, finish training [1 0 0 1 0 1 0 1 0], epoch = 529, loss = 0.14310028
2022-08-02 17:04:31,753 - INFO - child pid = 63686, start training [1 0 0 1 1 0 1 0 0]
2022-08-02 17:04:31,777 - DEBUG - child pid = 63694, finish training [1 0 0 1 0 1 1 0 0], epoch = 423, loss = 0.06227636
2022-08-02 17:04:31,779 - INFO - child pid = 63694, start training [1 0 0 1 1 0 1 0 1]
2022-08-02 17:04:31,922 - DEBUG - child pid = 63688, finish training [1 0 0 0 0 1 0 1 0], epoch = 2000, loss = 0.11094041
2022-08-02 17:04:31,924 - INFO - child pid = 63688, start training [1 0 0 1 1 0 1 1 0]
2022-08-02 17:04:32,096 - DEBUG - child pid = 63701, finish training [1 0 0 0 1 0 1 1 0], epoch = 1578, loss = 0.11570099
2022-08-02 17:04:32,099 - INFO - child pid = 63701, start training [1 0 0 1 1 0 1 1 1]
2022-08-02 17:04:32,149 - DEBUG - child pid = 63705, finish training [1 0 0 1 0 0 0 0 0], epoch = 1254, loss = 0.00217085
2022-08-02 17:04:32,152 - INFO - child pid = 63705, start training [1 0 0 1 1 1 0 0 0]
2022-08-02 17:04:32,183 - DEBUG - child pid = 63706, finish training [1 0 0 0 1 0 0 0 1], epoch = 2000, loss = 0.02787229
2022-08-02 17:04:32,186 - INFO - child pid = 63706, start training [1 0 0 1 1 1 0 0 1]
2022-08-02 17:04:32,562 - DEBUG - child pid = 63691, finish training [1 0 0 1 0 1 0 0 1], epoch = 841, loss = 0.12999287
2022-08-02 17:04:32,564 - INFO - child pid = 63691, start training [1 0 0 1 1 1 0 1 0]
2022-08-02 17:04:33,064 - DEBUG - child pid = 63699, finish training [1 0 0 0 1 0 1 0 1], epoch = 2000, loss = 0.10795616
2022-08-02 17:04:33,067 - INFO - child pid = 63699, start training [1 0 0 1 1 1 0 1 1]
2022-08-02 17:04:33,411 - DEBUG - child pid = 63693, finish training [1 0 0 1 1 0 0 0 1], epoch = 680, loss = 0.13877513
2022-08-02 17:04:33,414 - INFO - child pid = 63693, start training [1 0 0 1 1 1 1 0 0]
2022-08-02 17:04:33,462 - DEBUG - child pid = 63691, finish training [1 0 0 1 1 1 0 1 0], epoch = 280, loss = 0.22261201
2022-08-02 17:04:33,465 - INFO - child pid = 63691, start training [1 0 0 1 1 1 1 0 1]
2022-08-02 17:04:33,621 - DEBUG - child pid = 63698, finish training [1 0 0 1 0 1 1 1 0], epoch = 838, loss = 0.07978521
2022-08-02 17:04:33,624 - INFO - child pid = 63698, start training [1 0 0 1 1 1 1 1 0]
2022-08-02 17:04:33,799 - DEBUG - child pid = 63681, finish training [1 0 0 0 1 0 0 1 1], epoch = 2000, loss = 0.01981341
2022-08-02 17:04:33,802 - INFO - child pid = 63681, start training [1 0 0 1 1 1 1 1 1]
2022-08-02 17:04:33,807 - DEBUG - child pid = 63692, finish training [1 0 0 0 1 1 0 1 0], epoch = 2000, loss = 0.14457448
2022-08-02 17:04:33,809 - INFO - child pid = 63692, start training [1 0 1 0 0 0 1 0 0]
2022-08-02 17:04:33,984 - DEBUG - child pid = 63687, finish training [1 0 0 0 1 0 1 1 1], epoch = 2000, loss = 0.02838260
2022-08-02 17:04:33,987 - INFO - child pid = 63687, start training [1 0 1 0 0 0 1 0 1]
2022-08-02 17:04:34,008 - DEBUG - child pid = 63704, finish training [1 0 0 0 1 1 1 1 1], epoch = 2000, loss = 0.10950652
2022-08-02 17:04:34,011 - INFO - child pid = 63704, start training [1 0 1 0 0 0 1 1 0]
2022-08-02 17:04:34,061 - DEBUG - child pid = 63697, finish training [1 0 0 0 1 1 1 0 1], epoch = 2000, loss = 0.09718245
2022-08-02 17:04:34,065 - INFO - child pid = 63697, start training [1 0 1 0 0 0 1 1 1]
2022-08-02 17:04:34,217 - DEBUG - child pid = 63683, finish training [1 0 0 1 1 0 0 0 0], epoch = 780, loss = 0.06255690
2022-08-02 17:04:34,220 - INFO - child pid = 63683, start training [1 0 1 0 0 1 1 1 0]
2022-08-02 17:04:34,307 - DEBUG - child pid = 63706, finish training [1 0 0 1 1 1 0 0 1], epoch = 751, loss = 0.14095154
2022-08-02 17:04:34,310 - INFO - child pid = 63706, start training [1 0 1 0 0 1 1 1 1]
2022-08-02 17:04:34,389 - DEBUG - child pid = 63677, finish training [1 0 0 0 1 0 0 1 0], epoch = 2000, loss = 0.05112784
2022-08-02 17:04:34,392 - INFO - child pid = 63677, start training [1 0 1 0 1 0 1 0 0]
2022-08-02 17:04:34,443 - DEBUG - child pid = 63695, finish training [1 0 0 1 0 0 1 0 1], epoch = 1727, loss = 0.08168676
2022-08-02 17:04:34,445 - INFO - child pid = 63695, start training [1 0 1 0 1 0 1 0 1]
2022-08-02 17:04:34,877 - DEBUG - child pid = 63680, finish training [1 0 0 0 1 1 0 1 1], epoch = 2000, loss = 0.06502461
2022-08-02 17:04:34,884 - INFO - child pid = 63680, start training [1 0 1 0 1 0 1 1 0]
2022-08-02 17:04:34,945 - DEBUG - child pid = 63679, finish training [1 0 0 0 1 1 1 0 0], epoch = 2000, loss = 0.14153802
2022-08-02 17:04:34,952 - INFO - child pid = 63679, start training [1 0 1 0 1 0 1 1 1]
2022-08-02 17:04:35,011 - DEBUG - child pid = 63689, finish training [1 0 0 1 0 0 0 1 1], epoch = 2000, loss = 0.00799734
2022-08-02 17:04:35,014 - INFO - child pid = 63689, start training [1 0 1 0 1 1 1 1 0]
2022-08-02 17:04:35,022 - DEBUG - child pid = 63684, finish training [1 0 0 1 0 0 0 1 0], epoch = 2000, loss = 0.01030393
2022-08-02 17:04:35,025 - INFO - child pid = 63684, start training [1 0 1 0 1 1 1 1 1]
2022-08-02 17:04:35,067 - DEBUG - child pid = 63706, finish training [1 0 1 0 0 1 1 1 1], epoch = 292, loss = 0.11423740
2022-08-02 17:04:35,070 - INFO - child pid = 63706, start training [1 0 1 1 0 0 0 0 0]
2022-08-02 17:04:35,173 - DEBUG - child pid = 63678, finish training [1 0 0 1 0 1 1 0 1], epoch = 1323, loss = 0.14347754
2022-08-02 17:04:35,176 - INFO - child pid = 63678, start training [1 0 1 1 0 0 0 0 1]
2022-08-02 17:04:35,193 - DEBUG - child pid = 63682, finish training [1 0 0 1 0 0 1 1 0], epoch = 1659, loss = 0.00738209
2022-08-02 17:04:35,196 - INFO - child pid = 63682, start training [1 0 1 1 0 0 0 1 0]
2022-08-02 17:04:35,550 - DEBUG - child pid = 63702, finish training [1 0 0 1 0 1 0 0 0], epoch = 2000, loss = 0.08694759
2022-08-02 17:04:35,553 - INFO - child pid = 63702, start training [1 0 1 1 0 0 0 1 1]
2022-08-02 17:04:35,671 - DEBUG - child pid = 63689, finish training [1 0 1 0 1 1 1 1 0], epoch = 242, loss = 0.22222225
2022-08-02 17:04:35,673 - INFO - child pid = 63689, start training [1 0 1 1 0 0 1 0 0]
2022-08-02 17:04:35,715 - DEBUG - child pid = 63705, finish training [1 0 0 1 1 1 0 0 0], epoch = 1342, loss = 0.12425726
2022-08-02 17:04:35,717 - INFO - child pid = 63705, start training [1 0 1 1 0 0 1 0 1]
2022-08-02 17:04:35,718 - DEBUG - child pid = 63706, finish training [1 0 1 1 0 0 0 0 0], epoch = 252, loss = 0.14814812
2022-08-02 17:04:35,719 - INFO - child pid = 63706, start training [1 0 1 1 0 0 1 1 0]
2022-08-02 17:04:35,982 - DEBUG - child pid = 63690, finish training [1 0 0 1 0 1 0 1 1], epoch = 2000, loss = 0.07023527
2022-08-02 17:04:35,985 - INFO - child pid = 63690, start training [1 0 1 1 0 0 1 1 1]
2022-08-02 17:04:35,994 - DEBUG - child pid = 63685, finish training [1 0 0 1 0 0 1 1 1], epoch = 1765, loss = 0.00410993
2022-08-02 17:04:36,009 - INFO - child pid = 63685, start training [1 0 1 1 0 1 0 0 0]
2022-08-02 17:04:36,211 - DEBUG - child pid = 63703, finish training [1 0 0 1 1 0 0 1 0], epoch = 1739, loss = 0.12302184
2022-08-02 17:04:36,214 - INFO - child pid = 63703, start training [1 0 1 1 0 1 0 0 1]
2022-08-02 17:04:36,434 - DEBUG - child pid = 63688, finish training [1 0 0 1 1 0 1 1 0], epoch = 1548, loss = 0.03063280
2022-08-02 17:04:36,437 - INFO - child pid = 63688, start training [1 0 1 1 0 1 0 1 0]
2022-08-02 17:04:36,471 - DEBUG - child pid = 63691, finish training [1 0 0 1 1 1 1 0 1], epoch = 1089, loss = 0.07160193
2022-08-02 17:04:36,474 - INFO - child pid = 63691, start training [1 0 1 1 0 1 0 1 1]
2022-08-02 17:04:36,547 - DEBUG - child pid = 63700, finish training [1 0 0 1 1 0 0 1 1], epoch = 1772, loss = 0.00455654
2022-08-02 17:04:36,550 - INFO - child pid = 63700, start training [1 0 1 1 0 1 1 0 0]
2022-08-02 17:04:36,613 - DEBUG - child pid = 63679, finish training [1 0 1 0 1 0 1 1 1], epoch = 577, loss = 0.17320515
2022-08-02 17:04:36,615 - INFO - child pid = 63679, start training [1 0 1 1 0 1 1 0 1]
2022-08-02 17:04:36,670 - DEBUG - child pid = 63687, finish training [1 0 1 0 0 0 1 0 1], epoch = 947, loss = 0.21303003
2022-08-02 17:04:36,672 - INFO - child pid = 63687, start training [1 0 1 1 0 1 1 1 0]
2022-08-02 17:04:36,738 - DEBUG - child pid = 63696, finish training [1 0 0 1 0 1 1 1 1], epoch = 1953, loss = 0.06978325
2022-08-02 17:04:36,741 - INFO - child pid = 63696, start training [1 0 1 1 0 1 1 1 1]
2022-08-02 17:04:36,742 - DEBUG - child pid = 63697, finish training [1 0 1 0 0 0 1 1 1], epoch = 993, loss = 0.15815519
2022-08-02 17:04:36,743 - INFO - child pid = 63697, start training [1 0 1 1 1 0 0 0 0]
2022-08-02 17:04:36,888 - DEBUG - child pid = 63705, finish training [1 0 1 1 0 0 1 0 1], epoch = 451, loss = 0.24117787
2022-08-02 17:04:36,890 - INFO - child pid = 63705, start training [1 0 1 1 1 0 0 0 1]
2022-08-02 17:04:37,087 - DEBUG - child pid = 63704, finish training [1 0 1 0 0 0 1 1 0], epoch = 1145, loss = 0.05726236
2022-08-02 17:04:37,090 - INFO - child pid = 63704, start training [1 0 1 1 1 0 0 1 0]
2022-08-02 17:04:37,278 - DEBUG - child pid = 63701, finish training [1 0 0 1 1 0 1 1 1], epoch = 1897, loss = 0.00868000
2022-08-02 17:04:37,281 - INFO - child pid = 63701, start training [1 0 1 1 1 0 0 1 1]
2022-08-02 17:04:37,323 - DEBUG - child pid = 63686, finish training [1 0 0 1 1 0 1 0 0], epoch = 1883, loss = 0.06342389
2022-08-02 17:04:37,327 - INFO - child pid = 63686, start training [1 0 1 1 1 0 1 0 0]
2022-08-02 17:04:37,348 - DEBUG - child pid = 63694, finish training [1 0 0 1 1 0 1 0 1], epoch = 2000, loss = 0.10601266
2022-08-02 17:04:37,351 - INFO - child pid = 63694, start training [1 0 1 1 1 0 1 0 1]
2022-08-02 17:04:37,428 - DEBUG - child pid = 63684, finish training [1 0 1 0 1 1 1 1 1], epoch = 855, loss = 0.11392067
2022-08-02 17:04:37,431 - INFO - child pid = 63684, start training [1 0 1 1 1 0 1 1 0]
2022-08-02 17:04:37,821 - DEBUG - child pid = 63692, finish training [1 0 1 0 0 0 1 0 0], epoch = 1483, loss = 0.04737554
2022-08-02 17:04:37,824 - INFO - child pid = 63692, start training [1 0 1 1 1 0 1 1 1]
2022-08-02 17:04:38,006 - DEBUG - child pid = 63691, finish training [1 0 1 1 0 1 0 1 1], epoch = 567, loss = 0.17346007
2022-08-02 17:04:38,008 - INFO - child pid = 63691, start training [1 0 1 1 1 1 0 0 0]
2022-08-02 17:04:38,092 - DEBUG - child pid = 63700, finish training [1 0 1 1 0 1 1 0 0], epoch = 586, loss = 0.00205251
2022-08-02 17:04:38,095 - INFO - child pid = 63700, start training [1 0 1 1 1 1 0 0 1]
2022-08-02 17:04:38,135 - DEBUG - child pid = 63678, finish training [1 0 1 1 0 0 0 0 1], epoch = 1008, loss = 0.14311583
2022-08-02 17:04:38,140 - INFO - child pid = 63678, start training [1 0 1 1 1 1 0 1 0]
2022-08-02 17:04:38,328 - DEBUG - child pid = 63706, finish training [1 0 1 1 0 0 1 1 0], epoch = 999, loss = 0.00440822
2022-08-02 17:04:38,331 - INFO - child pid = 63706, start training [1 0 1 1 1 1 0 1 1]
2022-08-02 17:04:38,425 - DEBUG - child pid = 63699, finish training [1 0 0 1 1 1 0 1 1], epoch = 2000, loss = 0.01802178
2022-08-02 17:04:38,427 - INFO - child pid = 63699, start training [1 0 1 1 1 1 1 0 0]
2022-08-02 17:04:38,467 - DEBUG - child pid = 63690, finish training [1 0 1 1 0 0 1 1 1], epoch = 858, loss = 0.17305106
2022-08-02 17:04:38,475 - INFO - child pid = 63690, start training [1 0 1 1 1 1 1 0 1]
2022-08-02 17:04:38,520 - DEBUG - child pid = 63683, finish training [1 0 1 0 0 1 1 1 0], epoch = 1478, loss = 0.09395303
2022-08-02 17:04:38,532 - INFO - child pid = 63683, start training [1 0 1 1 1 1 1 1 0]
2022-08-02 17:04:38,597 - DEBUG - child pid = 63688, finish training [1 0 1 1 0 1 0 1 0], epoch = 777, loss = 0.08432820
2022-08-02 17:04:38,600 - INFO - child pid = 63688, start training [1 0 1 1 1 1 1 1 1]
2022-08-02 17:04:38,741 - DEBUG - child pid = 63677, finish training [1 0 1 0 1 0 1 0 0], epoch = 1431, loss = 0.15762268
2022-08-02 17:04:38,748 - INFO - child pid = 63677, start training [1 1 0 1 0 0 0 0 0]
2022-08-02 17:04:38,925 - DEBUG - child pid = 63703, finish training [1 0 1 1 0 1 0 0 1], epoch = 1024, loss = 0.00229866
2022-08-02 17:04:38,928 - INFO - child pid = 63703, start training [1 1 0 1 0 0 0 0 1]
2022-08-02 17:04:38,979 - DEBUG - child pid = 63698, finish training [1 0 0 1 1 1 1 1 0], epoch = 1995, loss = 0.08936752
2022-08-02 17:04:38,982 - INFO - child pid = 63698, start training [1 1 0 1 0 0 0 1 0]
2022-08-02 17:04:38,985 - DEBUG - child pid = 63693, finish training [1 0 0 1 1 1 1 0 0], epoch = 2000, loss = 0.12553553
2022-08-02 17:04:38,990 - INFO - child pid = 63693, start training [1 1 0 1 0 0 0 1 1]
2022-08-02 17:04:39,180 - DEBUG - child pid = 63679, finish training [1 0 1 1 0 1 1 0 1], epoch = 835, loss = 0.18364555
2022-08-02 17:04:39,182 - INFO - child pid = 63679, start training [1 1 0 1 0 0 1 0 0]
2022-08-02 17:04:39,409 - DEBUG - child pid = 63685, finish training [1 0 1 1 0 1 0 0 0], epoch = 959, loss = 0.12409347
2022-08-02 17:04:39,411 - INFO - child pid = 63685, start training [1 1 0 1 0 0 1 0 1]
2022-08-02 17:04:39,674 - DEBUG - child pid = 63689, finish training [1 0 1 1 0 0 1 0 0], epoch = 1429, loss = 0.00416191
2022-08-02 17:04:39,677 - INFO - child pid = 63689, start training [1 1 0 1 0 0 1 1 0]
2022-08-02 17:04:39,768 - DEBUG - child pid = 63697, finish training [1 0 1 1 1 0 0 0 0], epoch = 1096, loss = 0.11464420
2022-08-02 17:04:39,770 - INFO - child pid = 63697, start training [1 1 0 1 0 0 1 1 1]
2022-08-02 17:04:39,790 - DEBUG - child pid = 63681, finish training [1 0 0 1 1 1 1 1 1], epoch = 2000, loss = 0.00522750
2022-08-02 17:04:39,793 - INFO - child pid = 63681, start training [1 1 0 1 0 1 0 1 0]
2022-08-02 17:04:39,869 - DEBUG - child pid = 63704, finish training [1 0 1 1 1 0 0 1 0], epoch = 1040, loss = 0.13985671
2022-08-02 17:04:39,872 - INFO - child pid = 63704, start training [1 1 0 1 0 1 0 1 1]
2022-08-02 17:04:39,897 - DEBUG - child pid = 63695, finish training [1 0 1 0 1 0 1 0 1], epoch = 2000, loss = 0.18313146
2022-08-02 17:04:39,900 - INFO - child pid = 63695, start training [1 1 0 1 0 1 1 0 0]
2022-08-02 17:04:40,397 - DEBUG - child pid = 63689, finish training [1 1 0 1 0 0 1 1 0], epoch = 264, loss = 0.06716906
2022-08-02 17:04:40,400 - INFO - child pid = 63689, start training [1 1 0 1 0 1 1 0 1]
2022-08-02 17:04:40,405 - DEBUG - child pid = 63698, finish training [1 1 0 1 0 0 0 1 0], epoch = 526, loss = 0.10592844
2022-08-02 17:04:40,406 - DEBUG - child pid = 63700, finish training [1 0 1 1 1 1 0 0 1], epoch = 854, loss = 0.06309477
2022-08-02 17:04:40,407 - INFO - child pid = 63698, start training [1 1 0 1 0 1 1 1 0]
2022-08-02 17:04:40,407 - INFO - child pid = 63700, start training [1 1 0 1 0 1 1 1 1]
2022-08-02 17:04:40,429 - DEBUG - child pid = 63686, finish training [1 0 1 1 1 0 1 0 0], epoch = 1071, loss = 0.11315385
2022-08-02 17:04:40,431 - INFO - child pid = 63686, start training [1 1 0 1 1 0 0 0 0]
2022-08-02 17:04:40,460 - DEBUG - child pid = 63678, finish training [1 0 1 1 1 1 0 1 0], epoch = 728, loss = 0.17345926
2022-08-02 17:04:40,463 - INFO - child pid = 63678, start training [1 1 0 1 1 0 0 0 1]
2022-08-02 17:04:40,529 - DEBUG - child pid = 63688, finish training [1 0 1 1 1 1 1 1 1], epoch = 673, loss = 0.07508182
2022-08-02 17:04:40,531 - INFO - child pid = 63688, start training [1 1 0 1 1 0 0 1 0]
2022-08-02 17:04:40,583 - DEBUG - child pid = 63687, finish training [1 0 1 1 0 1 1 1 0], epoch = 1305, loss = 0.01565211
2022-08-02 17:04:40,588 - DEBUG - child pid = 63696, finish training [1 0 1 1 0 1 1 1 1], epoch = 1397, loss = 0.12394553
2022-08-02 17:04:40,592 - INFO - child pid = 63696, start training [1 1 0 1 1 0 1 0 0]
2022-08-02 17:04:40,592 - INFO - child pid = 63687, start training [1 1 0 1 1 0 0 1 1]
2022-08-02 17:04:40,914 - DEBUG - child pid = 63680, finish training [1 0 1 0 1 0 1 1 0], epoch = 2000, loss = 0.12726240
2022-08-02 17:04:40,924 - INFO - child pid = 63680, start training [1 1 0 1 1 0 1 0 1]
2022-08-02 17:04:40,936 - DEBUG - child pid = 63702, finish training [1 0 1 1 0 0 0 1 1], epoch = 2000, loss = 0.06666648
2022-08-02 17:04:40,939 - INFO - child pid = 63702, start training [1 1 0 1 1 0 1 1 0]
2022-08-02 17:04:40,939 - DEBUG - child pid = 63699, finish training [1 0 1 1 1 1 1 0 0], epoch = 940, loss = 0.22808474
2022-08-02 17:04:40,941 - INFO - child pid = 63699, start training [1 1 0 1 1 0 1 1 1]
2022-08-02 17:04:41,117 - DEBUG - child pid = 63691, finish training [1 0 1 1 1 1 0 0 0], epoch = 1080, loss = 0.10037541
2022-08-02 17:04:41,120 - INFO - child pid = 63691, start training [1 1 0 1 1 1 0 1 0]
2022-08-02 17:04:41,146 - DEBUG - child pid = 63682, finish training [1 0 1 1 0 0 0 1 0], epoch = 2000, loss = 0.10114850
2022-08-02 17:04:41,148 - INFO - child pid = 63682, start training [1 1 0 1 1 1 0 1 1]
2022-08-02 17:04:41,162 - DEBUG - child pid = 63683, finish training [1 0 1 1 1 1 1 1 0], epoch = 908, loss = 0.09936019
2022-08-02 17:04:41,164 - INFO - child pid = 63683, start training [1 1 0 1 1 1 1 0 0]
2022-08-02 17:04:41,178 - DEBUG - child pid = 63698, finish training [1 1 0 1 0 1 1 1 0], epoch = 301, loss = 0.14435560
2022-08-02 17:04:41,180 - INFO - child pid = 63698, start training [1 1 0 1 1 1 1 0 1]
2022-08-02 17:04:41,199 - DEBUG - child pid = 63684, finish training [1 0 1 1 1 0 1 1 0], epoch = 1313, loss = 0.03471942
2022-08-02 17:04:41,201 - INFO - child pid = 63684, start training [1 1 0 1 1 1 1 1 0]
2022-08-02 17:04:41,425 - DEBUG - child pid = 63703, finish training [1 1 0 1 0 0 0 0 1], epoch = 942, loss = 0.18926083
2022-08-02 17:04:41,428 - INFO - child pid = 63703, start training [1 1 0 1 1 1 1 1 1]
2022-08-02 17:04:41,911 - DEBUG - child pid = 63705, finish training [1 0 1 1 1 0 0 0 1], epoch = 1903, loss = 0.08478071
2022-08-02 17:04:41,914 - INFO - child pid = 63705, start training [1 1 1 1 0 0 1 0 0]
2022-08-02 17:04:42,149 - DEBUG - child pid = 63702, finish training [1 1 0 1 1 0 1 1 0], epoch = 462, loss = 0.00000252
2022-08-02 17:04:42,152 - INFO - child pid = 63702, start training [1 1 1 1 0 0 1 0 1]
2022-08-02 17:04:42,209 - DEBUG - child pid = 63693, finish training [1 1 0 1 0 0 0 1 1], epoch = 1171, loss = 0.14217851
2022-08-02 17:04:42,212 - INFO - child pid = 63693, start training [1 1 1 1 0 0 1 1 0]
2022-08-02 17:04:42,254 - DEBUG - child pid = 63706, finish training [1 0 1 1 1 1 0 1 1], epoch = 1492, loss = 0.06647007
2022-08-02 17:04:42,257 - INFO - child pid = 63706, start training [1 1 1 1 0 0 1 1 1]
2022-08-02 17:04:42,412 - DEBUG - child pid = 63677, finish training [1 1 0 1 0 0 0 0 0], epoch = 1178, loss = 0.03487704
2022-08-02 17:04:42,415 - INFO - child pid = 63677, start training [1 1 1 1 0 1 1 1 0]
2022-08-02 17:04:42,469 - DEBUG - child pid = 63698, finish training [1 1 0 1 1 1 1 0 1], epoch = 481, loss = 0.06420235
2022-08-02 17:04:42,471 - INFO - child pid = 63698, start training [1 1 1 1 0 1 1 1 1]
2022-08-02 17:04:42,650 - DEBUG - child pid = 63701, finish training [1 0 1 1 1 0 0 1 1], epoch = 2000, loss = 0.08416831
2022-08-02 17:04:42,653 - INFO - child pid = 63701, start training [1 1 1 1 1 0 1 0 0]
2022-08-02 17:04:42,801 - DEBUG - child pid = 63690, finish training [1 0 1 1 1 1 1 0 1], epoch = 1546, loss = 0.06367343
2022-08-02 17:04:42,804 - INFO - child pid = 63690, start training [1 1 1 1 1 0 1 0 1]
2022-08-02 17:04:42,864 - DEBUG - child pid = 63694, finish training [1 0 1 1 1 0 1 0 1], epoch = 2000, loss = 0.14237422
2022-08-02 17:04:42,866 - INFO - child pid = 63694, start training [1 1 1 1 1 0 1 1 0]
2022-08-02 17:04:42,938 - DEBUG - child pid = 63688, finish training [1 1 0 1 1 0 0 1 0], epoch = 866, loss = 0.06368034
2022-08-02 17:04:42,940 - INFO - child pid = 63688, start training [1 1 1 1 1 0 1 1 1]
2022-08-02 17:04:43,042 - DEBUG - child pid = 63697, finish training [1 1 0 1 0 0 1 1 1], epoch = 1218, loss = 0.05000447
2022-08-02 17:04:43,100 - INFO - child pid = 63697, start training [1 1 1 1 1 1 1 1 0]
2022-08-02 17:04:43,103 - DEBUG - child pid = 63684, finish training [1 1 0 1 1 1 1 1 0], epoch = 614, loss = 0.07137141
2022-08-02 17:04:43,151 - INFO - child pid = 63684, start training [1 1 1 1 1 1 1 1 1]
2022-08-02 17:04:43,192 - DEBUG - child pid = 63691, finish training [1 1 0 1 1 1 0 1 0], epoch = 736, loss = 0.12305924
2022-08-02 17:04:43,312 - DEBUG - child pid = 63683, finish training [1 1 0 1 1 1 1 0 0], epoch = 688, loss = 0.09965087
2022-08-02 17:04:43,349 - DEBUG - child pid = 63698, finish training [1 1 1 1 0 1 1 1 1], epoch = 329, loss = 0.08976671
2022-08-02 17:04:43,372 - DEBUG - child pid = 63692, finish training [1 0 1 1 1 0 1 1 1], epoch = 2000, loss = 0.00759152
2022-08-02 17:04:43,582 - DEBUG - child pid = 63695, finish training [1 1 0 1 0 1 1 0 0], epoch = 1368, loss = 0.11485611
2022-08-02 17:04:43,728 - DEBUG - child pid = 63704, finish training [1 1 0 1 0 1 0 1 1], epoch = 1466, loss = 0.11336725
2022-08-02 17:04:43,887 - DEBUG - child pid = 63684, finish training [1 1 1 1 1 1 1 1 1], epoch = 280, loss = 0.00001193
2022-08-02 17:04:43,902 - DEBUG - child pid = 63688, finish training [1 1 1 1 1 0 1 1 1], epoch = 360, loss = 0.06651031
2022-08-02 17:04:43,898 - DEBUG - child pid = 63686, finish training [1 1 0 1 1 0 0 0 0], epoch = 1242, loss = 0.00407032
2022-08-02 17:04:43,948 - DEBUG - child pid = 63703, finish training [1 1 0 1 1 1 1 1 1], epoch = 949, loss = 0.00063915
2022-08-02 17:04:44,523 - DEBUG - child pid = 63705, finish training [1 1 1 1 0 0 1 0 0], epoch = 990, loss = 0.02917188
2022-08-02 17:04:44,615 - DEBUG - child pid = 63699, finish training [1 1 0 1 1 0 1 1 1], epoch = 1340, loss = 0.01035564
2022-08-02 17:04:44,661 - DEBUG - child pid = 63701, finish training [1 1 1 1 1 0 1 0 0], epoch = 763, loss = 0.05862314
2022-08-02 17:04:44,660 - DEBUG - child pid = 63679, finish training [1 1 0 1 0 0 1 0 0], epoch = 1479, loss = 0.03104397
2022-08-02 17:04:44,738 - DEBUG - child pid = 63706, finish training [1 1 1 1 0 0 1 1 1], epoch = 944, loss = 0.13205546
2022-08-02 17:04:44,881 - DEBUG - child pid = 63687, finish training [1 1 0 1 1 0 0 1 1], epoch = 1544, loss = 0.00367076
2022-08-02 17:04:44,971 - DEBUG - child pid = 63678, finish training [1 1 0 1 1 0 0 0 1], epoch = 1532, loss = 0.01488769
2022-08-02 17:04:45,019 - DEBUG - child pid = 63685, finish training [1 1 0 1 0 0 1 0 1], epoch = 2000, loss = 0.11462165
2022-08-02 17:04:45,476 - DEBUG - child pid = 63681, finish training [1 1 0 1 0 1 0 1 0], epoch = 2000, loss = 0.17452656
2022-08-02 17:04:45,667 - DEBUG - child pid = 63700, finish training [1 1 0 1 0 1 1 1 1], epoch = 2000, loss = 0.06658531
2022-08-02 17:04:45,721 - DEBUG - child pid = 63680, finish training [1 1 0 1 1 0 1 0 1], epoch = 1669, loss = 0.07562064
2022-08-02 17:04:45,748 - DEBUG - child pid = 63682, finish training [1 1 0 1 1 1 0 1 1], epoch = 1627, loss = 0.05231971
2022-08-02 17:04:45,832 - DEBUG - child pid = 63689, finish training [1 1 0 1 0 1 1 0 1], epoch = 1972, loss = 0.13364051
2022-08-02 17:04:45,908 - DEBUG - child pid = 63696, finish training [1 1 0 1 1 0 1 0 0], epoch = 2000, loss = 0.00586673
2022-08-02 17:04:45,908 - DEBUG - child pid = 63694, finish training [1 1 1 1 1 0 1 1 0], epoch = 1141, loss = 0.00258341
2022-08-02 17:04:46,297 - DEBUG - child pid = 63697, finish training [1 1 1 1 1 1 1 1 0], epoch = 1165, loss = 0.00945324
2022-08-02 17:04:46,658 - DEBUG - child pid = 63702, finish training [1 1 1 1 0 0 1 0 1], epoch = 1696, loss = 0.13151720
2022-08-02 17:04:47,540 - DEBUG - child pid = 63693, finish training [1 1 1 1 0 0 1 1 0], epoch = 2000, loss = 0.00858909
2022-08-02 17:04:48,078 - DEBUG - child pid = 63690, finish training [1 1 1 1 1 0 1 0 1], epoch = 2000, loss = 0.12889971
2022-08-02 17:04:48,331 - DEBUG - child pid = 63677, finish training [1 1 1 1 0 1 1 1 0], epoch = 2000, loss = 0.01853139
2022-08-02 17:04:48,375 - INFO - parent pid = 63613, finish task 2_2_fixA_square_0
