2022-08-02 17:06:03,548 - INFO - running /home/hxcai/competitive_network/0721_train.py
2022-08-02 17:06:03,548 - INFO - parent pid = 108664, start task 2_2_fixA_square_0
2022-08-02 17:06:03,562 - DEBUG - {'data_dir': 'data', 'figure_dir': 'figures', 'output_dir': 'results/temp', 'log_dir': 'logs', 'seed': 0, 'nA': 2, 'nB': 2, 'nY': 1, 'max_epochs': 2000, 'log_epochs': 100, 'tol': 0.0001, 'model': {'type': 'CompetitiveNetwork', 'args': {'reparam': 'square', 'mode': 'fixA'}}, 'logger': {'version': 1, 'formatters': {'default': {'format': '%(asctime)s - %(levelname)s - %(message)s'}}, 'handlers': {'stream_handler': {'class': 'logging.StreamHandler', 'level': 'INFO', 'formatter': 'default', 'stream': 'ext://sys.stdout'}, 'file_handler': {'class': 'logging.handlers.RotatingFileHandler', 'level': 'DEBUG', 'formatter': 'default', 'filename': 'logs/20220802_170603_2_2_fixA_square_0.log', 'maxBytes': 10485760, 'backupCount': 5, 'encoding': 'utf-8'}}, 'root': {'level': 'DEBUG', 'handlers': ['stream_handler', 'file_handler']}}, 'data_loader': {'type': 'DataLoader', 'args': {'batch_size': 9, 'shuffle': False}}, 'optimizer': {'type': 'SGD', 'args': {'lr': 0.1, 'momentum': 0.9, 'weight_decay': 0}}, 'loss': {'type': 'MSELoss()'}}
2022-08-02 17:06:03,763 - INFO - child pid = 108696, start training [0 0 0 0 0 0 0 0 0]
2022-08-02 17:06:03,763 - INFO - child pid = 108697, start training [0 0 0 0 0 0 0 0 1]
2022-08-02 17:06:03,765 - INFO - child pid = 108704, start training [0 0 0 0 0 1 0 1 0]
2022-08-02 17:06:03,767 - INFO - child pid = 108711, start training [0 0 0 0 1 0 0 0 1]
2022-08-02 17:06:03,765 - INFO - child pid = 108705, start training [0 0 0 0 0 1 0 1 1]
2022-08-02 17:06:03,764 - INFO - child pid = 108698, start training [0 0 0 0 0 0 0 1 0]
2022-08-02 17:06:03,764 - INFO - child pid = 108699, start training [0 0 0 0 0 0 0 1 1]
2022-08-02 17:06:03,768 - INFO - child pid = 108716, start training [0 0 0 0 1 0 1 1 0]
2022-08-02 17:06:03,764 - INFO - child pid = 108700, start training [0 0 0 0 0 0 1 0 0]
2022-08-02 17:06:03,766 - INFO - child pid = 108709, start training [0 0 0 0 0 1 1 1 1]
2022-08-02 17:06:03,764 - INFO - child pid = 108701, start training [0 0 0 0 0 0 1 0 1]
2022-08-02 17:06:03,767 - INFO - child pid = 108712, start training [0 0 0 0 1 0 0 1 0]
2022-08-02 17:06:03,770 - INFO - child pid = 108725, start training [0 0 0 1 0 0 0 0 1]
2022-08-02 17:06:03,768 - INFO - child pid = 108715, start training [0 0 0 0 1 0 1 0 1]
2022-08-02 17:06:03,767 - INFO - child pid = 108713, start training [0 0 0 0 1 0 0 1 1]
2022-08-02 17:06:03,768 - INFO - child pid = 108718, start training [0 0 0 0 1 1 0 1 0]
2022-08-02 17:06:03,765 - INFO - child pid = 108702, start training [0 0 0 0 0 0 1 1 0]
2022-08-02 17:06:03,767 - INFO - child pid = 108714, start training [0 0 0 0 1 0 1 0 0]
2022-08-02 17:06:03,765 - INFO - child pid = 108703, start training [0 0 0 0 0 0 1 1 1]
2022-08-02 17:06:03,768 - INFO - child pid = 108717, start training [0 0 0 0 1 0 1 1 1]
2022-08-02 17:06:03,766 - INFO - child pid = 108710, start training [0 0 0 0 1 0 0 0 0]
2022-08-02 17:06:03,766 - INFO - child pid = 108706, start training [0 0 0 0 0 1 1 0 0]
2022-08-02 17:06:03,769 - INFO - child pid = 108721, start training [0 0 0 0 1 1 1 0 1]
2022-08-02 17:06:03,769 - INFO - child pid = 108719, start training [0 0 0 0 1 1 0 1 1]
2022-08-02 17:06:03,766 - INFO - child pid = 108708, start training [0 0 0 0 0 1 1 1 0]
2022-08-02 17:06:03,770 - INFO - child pid = 108724, start training [0 0 0 1 0 0 0 0 0]
2022-08-02 17:06:03,766 - INFO - child pid = 108707, start training [0 0 0 0 0 1 1 0 1]
2022-08-02 17:06:03,769 - INFO - child pid = 108722, start training [0 0 0 0 1 1 1 1 0]
2022-08-02 17:06:03,770 - INFO - child pid = 108723, start training [0 0 0 0 1 1 1 1 1]
2022-08-02 17:06:03,769 - INFO - child pid = 108720, start training [0 0 0 0 1 1 1 0 0]
2022-08-02 17:06:04,467 - DEBUG - child pid = 108696, finish training [0 0 0 0 0 0 0 0 0], epoch = 203, loss = 0.00001572
2022-08-02 17:06:04,506 - INFO - child pid = 108696, start training [0 0 0 1 0 0 0 1 0]
2022-08-02 17:06:04,619 - DEBUG - child pid = 108717, finish training [0 0 0 0 1 0 1 1 1], epoch = 261, loss = 0.06698988
2022-08-02 17:06:04,622 - INFO - child pid = 108717, start training [0 0 0 1 0 0 0 1 1]
2022-08-02 17:06:04,639 - DEBUG - child pid = 108705, finish training [0 0 0 0 0 1 0 1 1], epoch = 268, loss = 0.07407407
2022-08-02 17:06:04,645 - INFO - child pid = 108705, start training [0 0 0 1 0 0 1 0 0]
2022-08-02 17:06:04,705 - DEBUG - child pid = 108720, finish training [0 0 0 0 1 1 1 0 0], epoch = 291, loss = 0.14814815
2022-08-02 17:06:04,707 - INFO - child pid = 108720, start training [0 0 0 1 0 0 1 0 1]
2022-08-02 17:06:04,707 - DEBUG - child pid = 108718, finish training [0 0 0 0 1 1 0 1 0], epoch = 292, loss = 0.14814813
2022-08-02 17:06:04,709 - INFO - child pid = 108718, start training [0 0 0 1 0 0 1 1 0]
2022-08-02 17:06:05,090 - DEBUG - child pid = 108697, finish training [0 0 0 0 0 0 0 0 1], epoch = 435, loss = 0.05021470
2022-08-02 17:06:05,093 - INFO - child pid = 108697, start training [0 0 0 1 0 0 1 1 1]
2022-08-02 17:06:05,318 - DEBUG - child pid = 108706, finish training [0 0 0 0 0 1 1 0 0], epoch = 518, loss = 0.06392669
2022-08-02 17:06:05,320 - INFO - child pid = 108706, start training [0 0 0 1 0 1 0 0 0]
2022-08-02 17:06:05,331 - DEBUG - child pid = 108710, finish training [0 0 0 0 1 0 0 0 0], epoch = 525, loss = 0.06356531
2022-08-02 17:06:05,333 - INFO - child pid = 108710, start training [0 0 0 1 0 1 0 0 1]
2022-08-02 17:06:05,364 - DEBUG - child pid = 108715, finish training [0 0 0 0 1 0 1 0 1], epoch = 538, loss = 0.14392008
2022-08-02 17:06:05,367 - INFO - child pid = 108715, start training [0 0 0 1 0 1 0 1 0]
2022-08-02 17:06:05,411 - DEBUG - child pid = 108708, finish training [0 0 0 0 0 1 1 1 0], epoch = 556, loss = 0.09424698
2022-08-02 17:06:05,428 - INFO - child pid = 108708, start training [0 0 0 1 0 1 0 1 1]
2022-08-02 17:06:05,525 - DEBUG - child pid = 108709, finish training [0 0 0 0 0 1 1 1 1], epoch = 592, loss = 0.04344587
2022-08-02 17:06:05,537 - INFO - child pid = 108709, start training [0 0 0 1 0 1 1 0 0]
2022-08-02 17:06:05,605 - DEBUG - child pid = 108703, finish training [0 0 0 0 0 0 1 1 1], epoch = 628, loss = 0.00287414
2022-08-02 17:06:05,628 - INFO - child pid = 108703, start training [0 0 0 1 0 1 1 0 1]
2022-08-02 17:06:05,628 - DEBUG - child pid = 108713, finish training [0 0 0 0 1 0 0 1 1], epoch = 636, loss = 0.14467813
2022-08-02 17:06:05,631 - INFO - child pid = 108713, start training [0 0 0 1 0 1 1 1 0]
2022-08-02 17:06:06,076 - DEBUG - child pid = 108701, finish training [0 0 0 0 0 0 1 0 1], epoch = 762, loss = 0.07135192
2022-08-02 17:06:06,049 - DEBUG - child pid = 108707, finish training [0 0 0 0 0 1 1 0 1], epoch = 671, loss = 0.09963843
2022-08-02 17:06:06,102 - INFO - child pid = 108701, start training [0 0 0 1 0 1 1 1 1]
2022-08-02 17:06:06,103 - INFO - child pid = 108707, start training [0 0 0 1 1 0 0 0 0]
2022-08-02 17:06:06,220 - DEBUG - child pid = 108715, finish training [0 0 0 1 0 1 0 1 0], epoch = 302, loss = 0.14814813
2022-08-02 17:06:06,223 - INFO - child pid = 108715, start training [0 0 0 1 1 0 0 0 1]
2022-08-02 17:06:06,435 - DEBUG - child pid = 108702, finish training [0 0 0 0 0 0 1 1 0], epoch = 906, loss = 0.01040635
2022-08-02 17:06:06,439 - INFO - child pid = 108702, start training [0 0 0 1 1 0 0 1 0]
2022-08-02 17:06:06,460 - DEBUG - child pid = 108722, finish training [0 0 0 0 1 1 1 1 0], epoch = 933, loss = 0.14601663
2022-08-02 17:06:06,464 - INFO - child pid = 108722, start training [0 0 0 1 1 0 0 1 1]
2022-08-02 17:06:06,687 - DEBUG - child pid = 108700, finish training [0 0 0 0 0 0 1 0 0], epoch = 983, loss = 0.00067323
2022-08-02 17:06:06,692 - INFO - child pid = 108700, start training [0 0 0 1 1 0 1 0 0]
2022-08-02 17:06:06,967 - DEBUG - child pid = 108699, finish training [0 0 0 0 0 0 0 1 1], epoch = 1047, loss = 0.05165114
2022-08-02 17:06:06,972 - INFO - child pid = 108699, start training [0 0 0 1 1 0 1 0 1]
2022-08-02 17:06:07,086 - DEBUG - child pid = 108712, finish training [0 0 0 0 1 0 0 1 0], epoch = 1121, loss = 0.12302152
2022-08-02 17:06:07,091 - INFO - child pid = 108712, start training [0 0 0 1 1 0 1 1 0]
2022-08-02 17:06:07,169 - DEBUG - child pid = 108723, finish training [0 0 0 0 1 1 1 1 1], epoch = 1186, loss = 0.04257263
2022-08-02 17:06:07,172 - INFO - child pid = 108723, start training [0 0 0 1 1 0 1 1 1]
2022-08-02 17:06:07,281 - DEBUG - child pid = 108706, finish training [0 0 0 1 0 1 0 0 0], epoch = 639, loss = 0.13134474
2022-08-02 17:06:07,284 - INFO - child pid = 108706, start training [0 0 0 1 1 1 0 0 0]
2022-08-02 17:06:07,346 - DEBUG - child pid = 108697, finish training [0 0 0 1 0 0 1 1 1], epoch = 709, loss = 0.03208153
2022-08-02 17:06:07,349 - INFO - child pid = 108697, start training [0 0 0 1 1 1 0 0 1]
2022-08-02 17:06:07,565 - DEBUG - child pid = 108716, finish training [0 0 0 0 1 0 1 1 0], epoch = 1285, loss = 0.05001767
2022-08-02 17:06:07,568 - INFO - child pid = 108716, start training [0 0 0 1 1 1 0 1 0]
2022-08-02 17:06:07,590 - DEBUG - child pid = 108701, finish training [0 0 0 1 0 1 1 1 1], epoch = 441, loss = 0.06912038
2022-08-02 17:06:07,592 - INFO - child pid = 108701, start training [0 0 0 1 1 1 0 1 1]
2022-08-02 17:06:07,860 - DEBUG - child pid = 108725, finish training [0 0 0 1 0 0 0 0 1], epoch = 1427, loss = 0.07116643
2022-08-02 17:06:07,875 - INFO - child pid = 108725, start training [0 0 0 1 1 1 1 0 0]
2022-08-02 17:06:08,223 - DEBUG - child pid = 108706, finish training [0 0 0 1 1 1 0 0 0], epoch = 316, loss = 0.00000000
2022-08-02 17:06:08,225 - INFO - child pid = 108706, start training [0 0 0 1 1 1 1 0 1]
2022-08-02 17:06:08,632 - DEBUG - child pid = 108707, finish training [0 0 0 1 1 0 0 0 0], epoch = 797, loss = 0.00578042
2022-08-02 17:06:08,632 - DEBUG - child pid = 108713, finish training [0 0 0 1 0 1 1 1 0], epoch = 997, loss = 0.07847301
2022-08-02 17:06:08,644 - INFO - child pid = 108713, start training [0 0 0 1 1 1 1 1 1]
2022-08-02 17:06:08,643 - INFO - child pid = 108707, start training [0 0 0 1 1 1 1 1 0]
2022-08-02 17:06:08,905 - DEBUG - child pid = 108709, finish training [0 0 0 1 0 1 1 0 0], epoch = 1088, loss = 0.07160963
2022-08-02 17:06:08,910 - INFO - child pid = 108709, start training [0 0 1 0 0 0 1 0 0]
2022-08-02 17:06:08,943 - DEBUG - child pid = 108724, finish training [0 0 0 1 0 0 0 0 0], epoch = 1820, loss = 0.00176933
2022-08-02 17:06:08,947 - INFO - child pid = 108724, start training [0 0 1 0 0 0 1 0 1]
2022-08-02 17:06:09,210 - DEBUG - child pid = 108704, finish training [0 0 0 0 0 1 0 1 0], epoch = 1753, loss = 0.13417149
2022-08-02 17:06:09,214 - INFO - child pid = 108704, start training [0 0 1 0 0 0 1 1 0]
2022-08-02 17:06:09,328 - DEBUG - child pid = 108718, finish training [0 0 0 1 0 0 1 1 0], epoch = 1579, loss = 0.00780297
2022-08-02 17:06:09,332 - INFO - child pid = 108718, start training [0 0 1 0 0 0 1 1 1]
2022-08-02 17:06:09,346 - DEBUG - child pid = 108697, finish training [0 0 0 1 1 1 0 0 1], epoch = 606, loss = 0.00223027
2022-08-02 17:06:09,348 - INFO - child pid = 108697, start training [0 0 1 0 0 1 1 1 0]
2022-08-02 17:06:09,379 - DEBUG - child pid = 108705, finish training [0 0 0 1 0 0 1 0 0], epoch = 1564, loss = 0.00512466
2022-08-02 17:06:09,383 - INFO - child pid = 108705, start training [0 0 1 0 0 1 1 1 1]
2022-08-02 17:06:09,538 - DEBUG - child pid = 108721, finish training [0 0 0 0 1 1 1 0 1], epoch = 2000, loss = 0.08460031
2022-08-02 17:06:09,544 - INFO - child pid = 108721, start training [0 0 1 0 1 0 1 0 0]
2022-08-02 17:06:09,567 - DEBUG - child pid = 108719, finish training [0 0 0 0 1 1 0 1 1], epoch = 2000, loss = 0.03249420
2022-08-02 17:06:09,570 - INFO - child pid = 108719, start training [0 0 1 0 1 0 1 0 1]
2022-08-02 17:06:09,672 - DEBUG - child pid = 108713, finish training [0 0 0 1 1 1 1 1 1], epoch = 361, loss = 0.00000416
2022-08-02 17:06:09,674 - INFO - child pid = 108713, start training [0 0 1 0 1 0 1 1 0]
2022-08-02 17:06:09,679 - DEBUG - child pid = 108702, finish training [0 0 0 1 1 0 0 1 0], epoch = 976, loss = 0.06367859
2022-08-02 17:06:09,682 - INFO - child pid = 108702, start training [0 0 1 0 1 0 1 1 1]
2022-08-02 17:06:09,751 - DEBUG - child pid = 108714, finish training [0 0 0 0 1 0 1 0 0], epoch = 2000, loss = 0.06669064
2022-08-02 17:06:09,755 - INFO - child pid = 108714, start training [0 0 1 0 1 1 1 1 0]
2022-08-02 17:06:09,759 - DEBUG - child pid = 108711, finish training [0 0 0 0 1 0 0 0 1], epoch = 2000, loss = 0.01860724
2022-08-02 17:06:09,785 - INFO - child pid = 108711, start training [0 0 1 0 1 1 1 1 1]
2022-08-02 17:06:09,862 - DEBUG - child pid = 108699, finish training [0 0 0 1 1 0 1 0 1], epoch = 827, loss = 0.07975291
2022-08-02 17:06:09,869 - INFO - child pid = 108699, start training [0 0 1 1 0 0 0 0 0]
2022-08-02 17:06:09,913 - DEBUG - child pid = 108715, finish training [0 0 0 1 1 0 0 0 1], epoch = 1276, loss = 0.01565201
2022-08-02 17:06:09,916 - INFO - child pid = 108715, start training [0 0 1 1 0 0 0 0 1]
2022-08-02 17:06:10,293 - DEBUG - child pid = 108707, finish training [0 0 0 1 1 1 1 1 0], epoch = 506, loss = 0.34927556
2022-08-02 17:06:10,297 - INFO - child pid = 108707, start training [0 0 1 1 0 0 0 1 0]
2022-08-02 17:06:10,346 - DEBUG - child pid = 108720, finish training [0 0 0 1 0 0 1 0 1], epoch = 2000, loss = 0.10405713
2022-08-02 17:06:10,349 - INFO - child pid = 108720, start training [0 0 1 1 0 0 0 1 1]
2022-08-02 17:06:10,358 - DEBUG - child pid = 108717, finish training [0 0 0 1 0 0 0 1 1], epoch = 1848, loss = 0.02922123
2022-08-02 17:06:10,360 - INFO - child pid = 108717, start training [0 0 1 1 0 0 1 0 0]
2022-08-02 17:06:10,414 - DEBUG - child pid = 108700, finish training [0 0 0 1 1 0 1 0 0], epoch = 1043, loss = 0.05185095
2022-08-02 17:06:10,418 - INFO - child pid = 108700, start training [0 0 1 1 0 0 1 0 1]
2022-08-02 17:06:10,471 - DEBUG - child pid = 108697, finish training [0 0 1 0 0 1 1 1 0], epoch = 277, loss = 0.22262669
2022-08-02 17:06:10,495 - INFO - child pid = 108697, start training [0 0 1 1 0 0 1 1 0]
2022-08-02 17:06:10,493 - DEBUG - child pid = 108698, finish training [0 0 0 0 0 0 0 1 0], epoch = 2000, loss = 0.00597564
2022-08-02 17:06:10,511 - INFO - child pid = 108698, start training [0 0 1 1 0 0 1 1 1]
2022-08-02 17:06:10,943 - DEBUG - child pid = 108699, finish training [0 0 1 1 0 0 0 0 0], epoch = 249, loss = 0.14854132
2022-08-02 17:06:10,946 - INFO - child pid = 108699, start training [0 0 1 1 0 1 0 0 0]
2022-08-02 17:06:11,095 - DEBUG - child pid = 108724, finish training [0 0 1 0 0 0 1 0 1], epoch = 774, loss = 0.12335923
2022-08-02 17:06:11,098 - INFO - child pid = 108724, start training [0 0 1 1 0 1 0 0 1]
2022-08-02 17:06:11,277 - DEBUG - child pid = 108719, finish training [0 0 1 0 1 0 1 0 1], epoch = 580, loss = 0.18082632
2022-08-02 17:06:11,288 - INFO - child pid = 108719, start training [0 0 1 1 0 1 0 1 0]
2022-08-02 17:06:11,505 - DEBUG - child pid = 108710, finish training [0 0 0 1 0 1 0 0 1], epoch = 1964, loss = 0.06605836
2022-08-02 17:06:11,508 - INFO - child pid = 108710, start training [0 0 1 1 0 1 0 1 1]
2022-08-02 17:06:11,538 - DEBUG - child pid = 108696, finish training [0 0 0 1 0 0 0 1 0], epoch = 2000, loss = 0.00758060
2022-08-02 17:06:11,543 - INFO - child pid = 108696, start training [0 0 1 1 0 1 1 0 0]
2022-08-02 17:06:11,734 - DEBUG - child pid = 108708, finish training [0 0 0 1 0 1 0 1 1], epoch = 1934, loss = 0.07573746
2022-08-02 17:06:11,737 - INFO - child pid = 108708, start training [0 0 1 1 0 1 1 0 1]
2022-08-02 17:06:11,737 - DEBUG - child pid = 108715, finish training [0 0 1 1 0 0 0 0 1], epoch = 595, loss = 0.17346001
2022-08-02 17:06:11,739 - INFO - child pid = 108715, start training [0 0 1 1 0 1 1 1 0]
2022-08-02 17:06:11,751 - DEBUG - child pid = 108718, finish training [0 0 1 0 0 0 1 1 1], epoch = 779, loss = 0.06439016
2022-08-02 17:06:11,754 - INFO - child pid = 108718, start training [0 0 1 1 0 1 1 1 1]
2022-08-02 17:06:12,192 - DEBUG - child pid = 108712, finish training [0 0 0 1 1 0 1 1 0], epoch = 1662, loss = 0.00536401
2022-08-02 17:06:12,195 - INFO - child pid = 108712, start training [0 0 1 1 1 0 0 0 0]
2022-08-02 17:06:12,215 - DEBUG - child pid = 108722, finish training [0 0 0 1 1 0 0 1 1], epoch = 2000, loss = 0.09534624
2022-08-02 17:06:12,218 - INFO - child pid = 108722, start training [0 0 1 1 1 0 0 0 1]
2022-08-02 17:06:12,474 - DEBUG - child pid = 108714, finish training [0 0 1 0 1 1 1 1 0], epoch = 877, loss = 0.20626344
2022-08-02 17:06:12,478 - INFO - child pid = 108714, start training [0 0 1 1 1 0 0 1 0]
2022-08-02 17:06:12,500 - DEBUG - child pid = 108703, finish training [0 0 0 1 0 1 1 0 1], epoch = 2000, loss = 0.12604970
2022-08-02 17:06:12,503 - INFO - child pid = 108703, start training [0 0 1 1 1 0 0 1 1]
2022-08-02 17:06:12,550 - DEBUG - child pid = 108713, finish training [0 0 1 0 1 0 1 1 0], epoch = 918, loss = 0.08311939
2022-08-02 17:06:12,552 - INFO - child pid = 108713, start training [0 0 1 1 1 0 1 0 0]
2022-08-02 17:06:12,644 - DEBUG - child pid = 108701, finish training [0 0 0 1 1 1 0 1 1], epoch = 1444, loss = 0.00415969
2022-08-02 17:06:12,647 - INFO - child pid = 108701, start training [0 0 1 1 1 0 1 0 1]
2022-08-02 17:06:12,709 - DEBUG - child pid = 108724, finish training [0 0 1 1 0 1 0 0 1], epoch = 562, loss = 0.06257509
2022-08-02 17:06:12,712 - INFO - child pid = 108724, start training [0 0 1 1 1 0 1 1 0]
2022-08-02 17:06:12,792 - DEBUG - child pid = 108723, finish training [0 0 0 1 1 0 1 1 1], epoch = 2000, loss = 0.00557827
2022-08-02 17:06:12,796 - INFO - child pid = 108723, start training [0 0 1 1 1 0 1 1 1]
2022-08-02 17:06:13,012 - DEBUG - child pid = 108722, finish training [0 0 1 1 1 0 0 0 1], epoch = 265, loss = 0.22253993
2022-08-02 17:06:13,015 - INFO - child pid = 108722, start training [0 0 1 1 1 1 0 0 0]
2022-08-02 17:06:13,189 - DEBUG - child pid = 108716, finish training [0 0 0 1 1 1 0 1 0], epoch = 1907, loss = 0.16202720
2022-08-02 17:06:13,192 - INFO - child pid = 108716, start training [0 0 1 1 1 1 0 0 1]
2022-08-02 17:06:13,503 - DEBUG - child pid = 108725, finish training [0 0 0 1 1 1 1 0 0], epoch = 2000, loss = 0.14208704
2022-08-02 17:06:13,506 - INFO - child pid = 108725, start training [0 0 1 1 1 1 0 1 0]
2022-08-02 17:06:13,739 - DEBUG - child pid = 108719, finish training [0 0 1 1 0 1 0 1 0], epoch = 801, loss = 0.14008357
2022-08-02 17:06:13,741 - INFO - child pid = 108719, start training [0 0 1 1 1 1 0 1 1]
2022-08-02 17:06:13,793 - DEBUG - child pid = 108711, finish training [0 0 1 0 1 1 1 1 1], epoch = 1173, loss = 0.03487683
2022-08-02 17:06:13,796 - INFO - child pid = 108711, start training [0 0 1 1 1 1 1 0 0]
2022-08-02 17:06:13,837 - DEBUG - child pid = 108718, finish training [0 0 1 1 0 1 1 1 1], epoch = 696, loss = 0.06264605
2022-08-02 17:06:13,840 - INFO - child pid = 108718, start training [0 0 1 1 1 1 1 0 1]
2022-08-02 17:06:13,978 - DEBUG - child pid = 108698, finish training [0 0 1 1 0 0 1 1 1], epoch = 791, loss = 0.04634215
2022-08-02 17:06:13,981 - INFO - child pid = 108698, start training [0 0 1 1 1 1 1 1 0]
2022-08-02 17:06:14,148 - DEBUG - child pid = 108712, finish training [0 0 1 1 1 0 0 0 0], epoch = 599, loss = 0.17345963
2022-08-02 17:06:14,151 - INFO - child pid = 108712, start training [0 0 1 1 1 1 1 1 1]
2022-08-02 17:06:14,432 - DEBUG - child pid = 108709, finish training [0 0 1 0 0 0 1 0 0], epoch = 1625, loss = 0.00432968
2022-08-02 17:06:14,436 - INFO - child pid = 108709, start training [0 1 0 1 0 0 0 0 0]
2022-08-02 17:06:14,558 - DEBUG - child pid = 108706, finish training [0 0 0 1 1 1 1 0 1], epoch = 1771, loss = 0.09881571
2022-08-02 17:06:14,565 - INFO - child pid = 108706, start training [0 1 0 1 0 0 0 0 1]
2022-08-02 17:06:14,630 - DEBUG - child pid = 108720, finish training [0 0 1 1 0 0 0 1 1], epoch = 1467, loss = 0.13212901
2022-08-02 17:06:14,632 - INFO - child pid = 108720, start training [0 1 0 1 0 0 0 1 0]
2022-08-02 17:06:14,781 - DEBUG - child pid = 108699, finish training [0 0 1 1 0 1 0 0 0], epoch = 891, loss = 0.06305429
2022-08-02 17:06:14,784 - INFO - child pid = 108699, start training [0 1 0 1 0 0 0 1 1]
2022-08-02 17:06:15,033 - DEBUG - child pid = 108705, finish training [0 0 1 0 0 1 1 1 1], epoch = 1500, loss = 0.00393858
2022-08-02 17:06:15,036 - INFO - child pid = 108705, start training [0 1 0 1 0 0 1 0 0]
2022-08-02 17:06:15,115 - DEBUG - child pid = 108710, finish training [0 0 1 1 0 1 0 1 1], epoch = 1092, loss = 0.11464557
2022-08-02 17:06:15,118 - INFO - child pid = 108710, start training [0 1 0 1 0 0 1 0 1]
2022-08-02 17:06:15,148 - DEBUG - child pid = 108715, finish training [0 0 1 1 0 1 1 1 0], epoch = 1032, loss = 0.01340814
2022-08-02 17:06:15,150 - DEBUG - child pid = 108701, finish training [0 0 1 1 1 0 1 0 1], epoch = 514, loss = 0.14311349
2022-08-02 17:06:15,151 - INFO - child pid = 108715, start training [0 1 0 1 0 0 1 1 1]
2022-08-02 17:06:15,151 - INFO - child pid = 108701, start training [0 1 0 1 0 0 1 1 0]
2022-08-02 17:06:15,406 - DEBUG - child pid = 108721, finish training [0 0 1 0 1 0 1 0 0], epoch = 2000, loss = 0.10672720
2022-08-02 17:06:15,409 - INFO - child pid = 108721, start training [0 1 0 1 0 1 0 1 0]
2022-08-02 17:06:15,472 - DEBUG - child pid = 108722, finish training [0 0 1 1 1 1 0 0 0], epoch = 827, loss = 0.00229491
2022-08-02 17:06:15,474 - INFO - child pid = 108722, start training [0 1 0 1 0 1 0 1 1]
2022-08-02 17:06:15,508 - DEBUG - child pid = 108703, finish training [0 0 1 1 1 0 0 1 1], epoch = 714, loss = 0.07635006
2022-08-02 17:06:15,517 - INFO - child pid = 108703, start training [0 1 0 1 0 1 1 0 0]
2022-08-02 17:06:15,621 - DEBUG - child pid = 108704, finish training [0 0 1 0 0 0 1 1 0], epoch = 1707, loss = 0.00363784
2022-08-02 17:06:15,624 - INFO - child pid = 108704, start training [0 1 0 1 0 1 1 0 1]
2022-08-02 17:06:15,773 - DEBUG - child pid = 108708, finish training [0 0 1 1 0 1 1 0 1], epoch = 1146, loss = 0.12432309
2022-08-02 17:06:15,788 - DEBUG - child pid = 108705, finish training [0 1 0 1 0 0 1 0 0], epoch = 246, loss = 0.14814068
2022-08-02 17:06:15,776 - INFO - child pid = 108708, start training [0 1 0 1 0 1 1 1 0]
2022-08-02 17:06:15,800 - INFO - child pid = 108705, start training [0 1 0 1 0 1 1 1 1]
2022-08-02 17:06:15,917 - DEBUG - child pid = 108696, finish training [0 0 1 1 0 1 1 0 0], epoch = 1016, loss = 0.00169351
2022-08-02 17:06:15,926 - INFO - child pid = 108696, start training [0 1 0 1 1 0 0 0 0]
2022-08-02 17:06:15,983 - DEBUG - child pid = 108717, finish training [0 0 1 1 0 0 1 0 0], epoch = 1756, loss = 0.15159161
2022-08-02 17:06:15,992 - INFO - child pid = 108717, start training [0 1 0 1 1 0 0 0 1]
2022-08-02 17:06:16,202 - DEBUG - child pid = 108720, finish training [0 1 0 1 0 0 0 1 0], epoch = 554, loss = 0.17320417
2022-08-02 17:06:16,205 - INFO - child pid = 108720, start training [0 1 0 1 1 0 0 1 0]
2022-08-02 17:06:16,206 - DEBUG - child pid = 108706, finish training [0 1 0 1 0 0 0 0 1], epoch = 508, loss = 0.28803194
2022-08-02 17:06:16,207 - INFO - child pid = 108706, start training [0 1 0 1 1 0 0 1 1]
2022-08-02 17:06:16,367 - DEBUG - child pid = 108711, finish training [0 0 1 1 1 1 1 0 0], epoch = 806, loss = 0.14314482
2022-08-02 17:06:16,370 - INFO - child pid = 108711, start training [0 1 0 1 1 0 1 0 0]
2022-08-02 17:06:16,644 - DEBUG - child pid = 108705, finish training [0 1 0 1 0 1 1 1 1], epoch = 263, loss = 0.14814818
2022-08-02 17:06:16,648 - INFO - child pid = 108705, start training [0 1 0 1 1 0 1 0 1]
2022-08-02 17:06:16,741 - DEBUG - child pid = 108721, finish training [0 1 0 1 0 1 0 1 0], epoch = 466, loss = 0.23861705
2022-08-02 17:06:16,749 - INFO - child pid = 108721, start training [0 1 0 1 1 0 1 1 0]
2022-08-02 17:06:16,792 - DEBUG - child pid = 108716, finish training [0 0 1 1 1 1 0 0 1], epoch = 1225, loss = 0.12433527
2022-08-02 17:06:16,795 - INFO - child pid = 108716, start training [0 1 0 1 1 0 1 1 1]
2022-08-02 17:06:17,129 - DEBUG - child pid = 108709, finish training [0 1 0 1 0 0 0 0 0], epoch = 848, loss = 0.11390241
2022-08-02 17:06:17,132 - INFO - child pid = 108709, start training [0 1 0 1 1 1 0 1 0]
2022-08-02 17:06:17,142 - DEBUG - child pid = 108702, finish training [0 0 1 0 1 0 1 1 1], epoch = 2000, loss = 0.09603164
2022-08-02 17:06:17,144 - INFO - child pid = 108702, start training [0 1 0 1 1 1 0 1 1]
2022-08-02 17:06:17,311 - DEBUG - child pid = 108707, finish training [0 0 1 1 0 0 0 1 0], epoch = 2000, loss = 0.09314013
2022-08-02 17:06:17,317 - INFO - child pid = 108707, start training [0 1 0 1 1 1 1 0 0]
2022-08-02 17:06:17,384 - DEBUG - child pid = 108724, finish training [0 0 1 1 1 0 1 1 0], epoch = 1623, loss = 0.00783352
2022-08-02 17:06:17,387 - INFO - child pid = 108724, start training [0 1 0 1 1 1 1 0 1]
2022-08-02 17:06:17,567 - DEBUG - child pid = 108696, finish training [0 1 0 1 1 0 0 0 0], epoch = 311, loss = 0.11422270
2022-08-02 17:06:17,570 - INFO - child pid = 108696, start training [0 1 0 1 1 1 1 1 0]
2022-08-02 17:06:17,687 - DEBUG - child pid = 108697, finish training [0 0 1 1 0 0 1 1 0], epoch = 1723, loss = 0.00466276
2022-08-02 17:06:17,692 - INFO - child pid = 108697, start training [0 1 0 1 1 1 1 1 1]
2022-08-02 17:06:17,937 - DEBUG - child pid = 108700, finish training [0 0 1 1 0 0 1 0 1], epoch = 1947, loss = 0.12083917
2022-08-02 17:06:17,940 - INFO - child pid = 108700, start training [0 1 1 1 0 0 1 0 0]
2022-08-02 17:06:17,974 - DEBUG - child pid = 108712, finish training [0 0 1 1 1 1 1 1 1], epoch = 1280, loss = 0.00043758
2022-08-02 17:06:17,977 - INFO - child pid = 108712, start training [0 1 1 1 0 0 1 0 1]
2022-08-02 17:06:18,128 - DEBUG - child pid = 108718, finish training [0 0 1 1 1 1 1 0 1], epoch = 1494, loss = 0.06462819
2022-08-02 17:06:18,131 - INFO - child pid = 108718, start training [0 1 1 1 0 0 1 1 0]
2022-08-02 17:06:18,140 - DEBUG - child pid = 108711, finish training [0 1 0 1 1 0 1 0 0], epoch = 569, loss = 0.14511037
2022-08-02 17:06:18,154 - INFO - child pid = 108711, start training [0 1 1 1 0 0 1 1 1]
2022-08-02 17:06:18,261 - DEBUG - child pid = 108704, finish training [0 1 0 1 0 1 1 0 1], epoch = 781, loss = 0.21896940
2022-08-02 17:06:18,262 - INFO - child pid = 108704, start training [0 1 1 1 0 1 1 1 0]
2022-08-02 17:06:18,480 - DEBUG - child pid = 108723, finish training [0 0 1 1 1 0 1 1 1], epoch = 1945, loss = 0.01159408
2022-08-02 17:06:18,483 - INFO - child pid = 108723, start training [0 1 1 1 0 1 1 1 1]
2022-08-02 17:06:18,620 - DEBUG - child pid = 108719, finish training [0 0 1 1 1 1 0 1 1], epoch = 1663, loss = 0.00424704
2022-08-02 17:06:18,623 - INFO - child pid = 108719, start training [0 1 1 1 1 0 1 0 0]
2022-08-02 17:06:18,674 - DEBUG - child pid = 108714, finish training [0 0 1 1 1 0 0 1 0], epoch = 2000, loss = 0.06670836
2022-08-02 17:06:18,677 - INFO - child pid = 108714, start training [0 1 1 1 1 0 1 0 1]
2022-08-02 17:06:18,861 - DEBUG - child pid = 108713, finish training [0 0 1 1 1 0 1 0 0], epoch = 2000, loss = 0.07027739
2022-08-02 17:06:18,867 - INFO - child pid = 108713, start training [0 1 1 1 1 0 1 1 0]
2022-08-02 17:06:18,905 - DEBUG - child pid = 108717, finish training [0 1 0 1 1 0 0 0 1], epoch = 936, loss = 0.10497168
2022-08-02 17:06:18,908 - INFO - child pid = 108717, start training [0 1 1 1 1 0 1 1 1]
2022-08-02 17:06:19,040 - DEBUG - child pid = 108725, finish training [0 0 1 1 1 1 0 1 0], epoch = 2000, loss = 0.09680483
2022-08-02 17:06:19,043 - INFO - child pid = 108725, start training [0 1 1 1 1 1 1 1 0]
2022-08-02 17:06:19,552 - DEBUG - child pid = 108709, finish training [0 1 0 1 1 1 0 1 0], epoch = 735, loss = 0.13590522
2022-08-02 17:06:19,555 - INFO - child pid = 108709, start training [0 1 1 1 1 1 1 1 1]
2022-08-02 17:06:19,868 - DEBUG - child pid = 108721, finish training [0 1 0 1 1 0 1 1 0], epoch = 1084, loss = 0.00131880
2022-08-02 17:06:19,870 - INFO - child pid = 108721, start training [1 0 0 0 0 0 0 0 0]
2022-08-02 17:06:20,004 - DEBUG - child pid = 108715, finish training [0 1 0 1 0 0 1 1 1], epoch = 1607, loss = 0.11567858
2022-08-02 17:06:20,011 - INFO - child pid = 108715, start training [1 0 0 0 0 0 0 0 1]
2022-08-02 17:06:20,248 - DEBUG - child pid = 108722, finish training [0 1 0 1 0 1 0 1 1], epoch = 1664, loss = 0.15012708
2022-08-02 17:06:20,250 - INFO - child pid = 108722, start training [1 0 0 0 0 0 0 1 0]
2022-08-02 17:06:20,569 - DEBUG - child pid = 108716, finish training [0 1 0 1 1 0 1 1 1], epoch = 1279, loss = 0.00939383
2022-08-02 17:06:20,572 - INFO - child pid = 108716, start training [1 0 0 0 0 0 0 1 1]
2022-08-02 17:06:20,762 - DEBUG - child pid = 108706, finish training [0 1 0 1 1 0 0 1 1], epoch = 1304, loss = 0.05727362
2022-08-02 17:06:20,766 - INFO - child pid = 108706, start training [1 0 0 0 0 0 1 0 0]
2022-08-02 17:06:20,810 - DEBUG - child pid = 108725, finish training [0 1 1 1 1 1 1 1 0], epoch = 636, loss = 0.01064421
2022-08-02 17:06:20,812 - INFO - child pid = 108725, start training [1 0 0 0 0 0 1 0 1]
2022-08-02 17:06:20,894 - DEBUG - child pid = 108713, finish training [0 1 1 1 1 0 1 1 0], epoch = 650, loss = 0.02351378
2022-08-02 17:06:20,897 - INFO - child pid = 108713, start training [1 0 0 0 0 0 1 1 0]
2022-08-02 17:06:21,257 - DEBUG - child pid = 108715, finish training [1 0 0 0 0 0 0 0 1], epoch = 426, loss = 0.16454440
2022-08-02 17:06:21,260 - INFO - child pid = 108715, start training [1 0 0 0 0 0 1 1 1]
2022-08-02 17:06:21,345 - DEBUG - child pid = 108710, finish training [0 1 0 1 0 0 1 0 1], epoch = 2000, loss = 0.18445313
2022-08-02 17:06:21,348 - INFO - child pid = 108710, start training [1 0 0 0 0 1 0 1 0]
2022-08-02 17:06:21,651 - DEBUG - child pid = 108705, finish training [0 1 0 1 1 0 1 0 1], epoch = 1457, loss = 0.15318966
2022-08-02 17:06:21,654 - INFO - child pid = 108705, start training [1 0 0 0 0 1 0 1 1]
2022-08-02 17:06:21,873 - DEBUG - child pid = 108720, finish training [0 1 0 1 1 0 0 1 0], epoch = 2000, loss = 0.12713918
2022-08-02 17:06:21,882 - INFO - child pid = 108720, start training [1 0 0 0 0 1 1 0 0]
2022-08-02 17:06:21,889 - DEBUG - child pid = 108698, finish training [0 0 1 1 1 1 1 1 0], epoch = 2000, loss = 0.10424623
2022-08-02 17:06:21,892 - INFO - child pid = 108698, start training [1 0 0 0 0 1 1 0 1]
2022-08-02 17:06:22,133 - DEBUG - child pid = 108702, finish training [0 1 0 1 1 1 0 1 1], epoch = 1418, loss = 0.04738213
2022-08-02 17:06:22,135 - INFO - child pid = 108702, start training [1 0 0 0 0 1 1 1 0]
2022-08-02 17:06:22,218 - DEBUG - child pid = 108699, finish training [0 1 0 1 0 0 0 1 1], epoch = 2000, loss = 0.13216163
2022-08-02 17:06:22,221 - INFO - child pid = 108699, start training [1 0 0 0 0 1 1 1 1]
2022-08-02 17:06:22,227 - DEBUG - child pid = 108696, finish training [0 1 0 1 1 1 1 1 0], epoch = 1178, loss = 0.06998797
2022-08-02 17:06:22,230 - INFO - child pid = 108696, start training [1 0 0 0 1 0 0 0 0]
2022-08-02 17:06:22,288 - DEBUG - child pid = 108701, finish training [0 1 0 1 0 0 1 1 0], epoch = 2000, loss = 0.02867437
2022-08-02 17:06:22,291 - INFO - child pid = 108701, start training [1 0 0 0 1 0 0 0 1]
2022-08-02 17:06:22,378 - DEBUG - child pid = 108708, finish training [0 1 0 1 0 1 1 1 0], epoch = 2000, loss = 0.10909152
2022-08-02 17:06:22,381 - INFO - child pid = 108708, start training [1 0 0 0 1 0 0 1 0]
2022-08-02 17:06:22,384 - DEBUG - child pid = 108703, finish training [0 1 0 1 0 1 1 0 0], epoch = 2000, loss = 0.09717415
2022-08-02 17:06:22,386 - INFO - child pid = 108703, start training [1 0 0 0 1 0 0 1 1]
2022-08-02 17:06:22,577 - DEBUG - child pid = 108716, finish training [1 0 0 0 0 0 0 1 1], epoch = 692, loss = 0.05147232
2022-08-02 17:06:22,580 - INFO - child pid = 108716, start training [1 0 0 0 1 0 1 0 0]
2022-08-02 17:06:22,760 - DEBUG - child pid = 108721, finish training [1 0 0 0 0 0 0 0 0], epoch = 1034, loss = 0.00113260
2022-08-02 17:06:22,768 - INFO - child pid = 108721, start training [1 0 0 0 1 0 1 0 1]
2022-08-02 17:06:22,783 - DEBUG - child pid = 108705, finish training [1 0 0 0 0 1 0 1 1], epoch = 382, loss = 0.19836330
2022-08-02 17:06:22,786 - INFO - child pid = 108705, start training [1 0 0 0 1 0 1 1 0]
2022-08-02 17:06:22,991 - DEBUG - child pid = 108724, finish training [0 1 0 1 1 1 1 0 1], epoch = 2000, loss = 0.09322231
2022-08-02 17:06:22,994 - INFO - child pid = 108724, start training [1 0 0 0 1 0 1 1 1]
2022-08-02 17:06:23,183 - DEBUG - child pid = 108706, finish training [1 0 0 0 0 0 1 0 0], epoch = 816, loss = 0.06239820
2022-08-02 17:06:23,186 - INFO - child pid = 108706, start training [1 0 0 0 1 1 0 1 0]
2022-08-02 17:06:23,643 - DEBUG - child pid = 108712, finish training [0 1 1 1 0 0 1 0 1], epoch = 1875, loss = 0.22298580
2022-08-02 17:06:23,647 - INFO - child pid = 108712, start training [1 0 0 0 1 1 0 1 1]
2022-08-02 17:06:23,879 - DEBUG - child pid = 108711, finish training [0 1 1 1 0 0 1 1 1], epoch = 1884, loss = 0.14990541
2022-08-02 17:06:23,883 - INFO - child pid = 108711, start training [1 0 0 0 1 1 1 0 0]
2022-08-02 17:06:23,951 - DEBUG - child pid = 108718, finish training [0 1 1 1 0 0 1 1 0], epoch = 2000, loss = 0.01553224
2022-08-02 17:06:23,954 - INFO - child pid = 108718, start training [1 0 0 0 1 1 1 0 1]
2022-08-02 17:06:23,969 - DEBUG - child pid = 108725, finish training [1 0 0 0 0 0 1 0 1], epoch = 1166, loss = 0.06998803
2022-08-02 17:06:23,972 - INFO - child pid = 108725, start training [1 0 0 0 1 1 1 1 0]
2022-08-02 17:06:23,976 - DEBUG - child pid = 108719, finish training [0 1 1 1 1 0 1 0 0], epoch = 1906, loss = 0.06463721
2022-08-02 17:06:23,978 - INFO - child pid = 108719, start training [1 0 0 0 1 1 1 1 1]
2022-08-02 17:06:24,034 - DEBUG - child pid = 108707, finish training [0 1 0 1 1 1 1 0 0], epoch = 2000, loss = 0.07985967
2022-08-02 17:06:24,038 - INFO - child pid = 108707, start training [1 0 0 1 0 0 0 0 0]
2022-08-02 17:06:24,041 - DEBUG - child pid = 108723, finish training [0 1 1 1 0 1 1 1 1], epoch = 2000, loss = 0.06260103
2022-08-02 17:06:24,043 - INFO - child pid = 108723, start training [1 0 0 1 0 0 0 0 1]
2022-08-02 17:06:24,070 - DEBUG - child pid = 108699, finish training [1 0 0 0 0 1 1 1 1], epoch = 585, loss = 0.14511317
2022-08-02 17:06:24,073 - INFO - child pid = 108699, start training [1 0 0 1 0 0 0 1 0]
2022-08-02 17:06:24,128 - DEBUG - child pid = 108698, finish training [1 0 0 0 0 1 1 0 1], epoch = 656, loss = 0.20577468
2022-08-02 17:06:24,131 - INFO - child pid = 108698, start training [1 0 0 1 0 0 0 1 1]
2022-08-02 17:06:24,531 - DEBUG - child pid = 108714, finish training [0 1 1 1 1 0 1 0 1], epoch = 2000, loss = 0.10791197
2022-08-02 17:06:24,535 - INFO - child pid = 108714, start training [1 0 0 1 0 0 1 0 0]
2022-08-02 17:06:24,552 - DEBUG - child pid = 108717, finish training [0 1 1 1 1 0 1 1 1], epoch = 2000, loss = 0.02896877
2022-08-02 17:06:24,560 - INFO - child pid = 108717, start training [1 0 0 1 0 0 1 0 1]
2022-08-02 17:06:24,568 - DEBUG - child pid = 108715, finish training [1 0 0 0 0 0 1 1 1], epoch = 1183, loss = 0.09607618
2022-08-02 17:06:24,570 - INFO - child pid = 108715, start training [1 0 0 1 0 0 1 1 0]
2022-08-02 17:06:24,602 - DEBUG - child pid = 108697, finish training [0 1 0 1 1 1 1 1 1], epoch = 2000, loss = 0.00491133
2022-08-02 17:06:24,604 - INFO - child pid = 108697, start training [1 0 0 1 0 0 1 1 1]
2022-08-02 17:06:24,664 - DEBUG - child pid = 108704, finish training [0 1 1 1 0 1 1 1 0], epoch = 2000, loss = 0.02562357
2022-08-02 17:06:24,666 - INFO - child pid = 108704, start training [1 0 0 1 0 1 0 0 0]
2022-08-02 17:06:24,668 - DEBUG - child pid = 108700, finish training [0 1 1 1 0 0 1 0 0], epoch = 2000, loss = 0.06367157
2022-08-02 17:06:24,670 - INFO - child pid = 108700, start training [1 0 0 1 0 1 0 0 1]
2022-08-02 17:06:25,092 - DEBUG - child pid = 108713, finish training [1 0 0 0 0 0 1 1 0], epoch = 1498, loss = 0.00939609
2022-08-02 17:06:25,096 - INFO - child pid = 108713, start training [1 0 0 1 0 1 0 1 0]
2022-08-02 17:06:25,485 - DEBUG - child pid = 108709, finish training [0 1 1 1 1 1 1 1 1], epoch = 2000, loss = 0.00911243
2022-08-02 17:06:25,488 - INFO - child pid = 108709, start training [1 0 0 1 0 1 0 1 1]
2022-08-02 17:06:25,647 - DEBUG - child pid = 108722, finish training [1 0 0 0 0 0 0 1 0], epoch = 1925, loss = 0.10360194
2022-08-02 17:06:25,650 - INFO - child pid = 108722, start training [1 0 0 1 0 1 1 0 0]
2022-08-02 17:06:25,791 - DEBUG - child pid = 108723, finish training [1 0 0 1 0 0 0 0 1], epoch = 599, loss = 0.03828591
2022-08-02 17:06:25,795 - INFO - child pid = 108723, start training [1 0 0 1 0 1 1 0 1]
2022-08-02 17:06:25,900 - DEBUG - child pid = 108725, finish training [1 0 0 0 1 1 1 1 0], epoch = 715, loss = 0.19560020
2022-08-02 17:06:25,904 - INFO - child pid = 108725, start training [1 0 0 1 0 1 1 1 0]
2022-08-02 17:06:26,209 - DEBUG - child pid = 108715, finish training [1 0 0 1 0 0 1 1 0], epoch = 598, loss = 0.00933084
2022-08-02 17:06:26,212 - INFO - child pid = 108715, start training [1 0 0 1 0 1 1 1 1]
2022-08-02 17:06:26,345 - DEBUG - child pid = 108700, finish training [1 0 0 1 0 1 0 0 1], epoch = 577, loss = 0.08431289
2022-08-02 17:06:26,399 - INFO - child pid = 108700, start training [1 0 0 1 1 0 0 0 0]
2022-08-02 17:06:26,563 - DEBUG - child pid = 108713, finish training [1 0 0 1 0 1 0 1 0], epoch = 528, loss = 0.14310116
2022-08-02 17:06:26,566 - INFO - child pid = 108713, start training [1 0 0 1 1 0 0 0 1]
2022-08-02 17:06:26,658 - DEBUG - child pid = 108702, finish training [1 0 0 0 0 1 1 1 0], epoch = 1493, loss = 0.15156859
2022-08-02 17:06:26,661 - INFO - child pid = 108702, start training [1 0 0 1 1 0 0 1 0]
2022-08-02 17:06:26,765 - DEBUG - child pid = 108723, finish training [1 0 0 1 0 1 1 0 1], epoch = 359, loss = 0.07370791
2022-08-02 17:06:26,767 - INFO - child pid = 108723, start training [1 0 0 1 1 0 0 1 1]
2022-08-02 17:06:27,032 - DEBUG - child pid = 108710, finish training [1 0 0 0 0 1 0 1 0], epoch = 2000, loss = 0.10840347
2022-08-02 17:06:27,034 - INFO - child pid = 108710, start training [1 0 0 1 1 0 1 0 0]
2022-08-02 17:06:27,155 - DEBUG - child pid = 108705, finish training [1 0 0 0 1 0 1 1 0], epoch = 1490, loss = 0.11570629
2022-08-02 17:06:27,158 - INFO - child pid = 108705, start training [1 0 0 1 1 0 1 0 1]
2022-08-02 17:06:27,389 - DEBUG - child pid = 108720, finish training [1 0 0 0 0 1 1 0 0], epoch = 2000, loss = 0.12688243
2022-08-02 17:06:27,391 - INFO - child pid = 108720, start training [1 0 0 1 1 0 1 1 0]
2022-08-02 17:06:27,434 - DEBUG - child pid = 108707, finish training [1 0 0 1 0 0 0 0 0], epoch = 1114, loss = 0.00280660
2022-08-02 17:06:27,436 - INFO - child pid = 108707, start training [1 0 0 1 1 0 1 1 1]
2022-08-02 17:06:27,675 - DEBUG - child pid = 108706, finish training [1 0 0 0 1 1 0 1 0], epoch = 1536, loss = 0.20505747
2022-08-02 17:06:27,678 - INFO - child pid = 108706, start training [1 0 0 1 1 1 0 0 0]
2022-08-02 17:06:27,677 - DEBUG - child pid = 108714, finish training [1 0 0 1 0 0 1 0 0], epoch = 1123, loss = 0.00383729
2022-08-02 17:06:27,680 - INFO - child pid = 108714, start training [1 0 0 1 1 1 0 0 1]
2022-08-02 17:06:27,963 - DEBUG - child pid = 108708, finish training [1 0 0 0 1 0 0 1 0], epoch = 1873, loss = 0.14990574
2022-08-02 17:06:27,966 - INFO - child pid = 108708, start training [1 0 0 1 1 1 0 1 0]
2022-08-02 17:06:28,160 - DEBUG - child pid = 108716, finish training [1 0 0 0 1 0 1 0 0], epoch = 2000, loss = 0.13942541
2022-08-02 17:06:28,163 - INFO - child pid = 108716, start training [1 0 0 1 1 1 0 1 1]
2022-08-02 17:06:28,237 - DEBUG - child pid = 108721, finish training [1 0 0 0 1 0 1 0 1], epoch = 2000, loss = 0.10799868
2022-08-02 17:06:28,247 - INFO - child pid = 108721, start training [1 0 0 1 1 1 1 0 0]
2022-08-02 17:06:28,402 - DEBUG - child pid = 108701, finish training [1 0 0 0 1 0 0 0 1], epoch = 2000, loss = 0.02825167
2022-08-02 17:06:28,405 - INFO - child pid = 108701, start training [1 0 0 1 1 1 1 0 1]
2022-08-02 17:06:28,439 - DEBUG - child pid = 108698, finish training [1 0 0 1 0 0 0 1 1], epoch = 1371, loss = 0.02038872
2022-08-02 17:06:28,441 - INFO - child pid = 108698, start training [1 0 0 1 1 1 1 1 0]
2022-08-02 17:06:28,450 - DEBUG - child pid = 108703, finish training [1 0 0 0 1 0 0 1 1], epoch = 2000, loss = 0.01570256
2022-08-02 17:06:28,454 - INFO - child pid = 108703, start training [1 0 0 1 1 1 1 1 1]
2022-08-02 17:06:28,530 - DEBUG - child pid = 108700, finish training [1 0 0 1 1 0 0 0 0], epoch = 668, loss = 0.06268512
2022-08-02 17:06:28,538 - INFO - child pid = 108700, start training [1 0 1 0 0 0 1 0 0]
2022-08-02 17:06:28,537 - DEBUG - child pid = 108724, finish training [1 0 0 0 1 0 1 1 1], epoch = 2000, loss = 0.02885826
2022-08-02 17:06:28,548 - INFO - child pid = 108724, start training [1 0 1 0 0 0 1 0 1]
2022-08-02 17:06:28,896 - DEBUG - child pid = 108696, finish training [1 0 0 0 1 0 0 0 0], epoch = 2000, loss = 0.06250180
2022-08-02 17:06:28,898 - INFO - child pid = 108696, start training [1 0 1 0 0 0 1 1 0]
2022-08-02 17:06:29,142 - DEBUG - child pid = 108710, finish training [1 0 0 1 1 0 1 0 0], epoch = 737, loss = 0.06897143
2022-08-02 17:06:29,145 - INFO - child pid = 108710, start training [1 0 1 0 0 0 1 1 1]
2022-08-02 17:06:29,394 - DEBUG - child pid = 108713, finish training [1 0 0 1 1 0 0 0 1], epoch = 995, loss = 0.01350932
2022-08-02 17:06:29,383 - DEBUG - child pid = 108712, finish training [1 0 0 0 1 1 0 1 1], epoch = 2000, loss = 0.06409403
2022-08-02 17:06:29,405 - INFO - child pid = 108713, start training [1 0 1 0 0 1 1 1 1]
2022-08-02 17:06:29,405 - INFO - child pid = 108712, start training [1 0 1 0 0 1 1 1 0]
2022-08-02 17:06:29,465 - DEBUG - child pid = 108719, finish training [1 0 0 0 1 1 1 1 1], epoch = 2000, loss = 0.05096291
2022-08-02 17:06:29,468 - INFO - child pid = 108719, start training [1 0 1 0 1 0 1 0 0]
2022-08-02 17:06:29,479 - DEBUG - child pid = 108718, finish training [1 0 0 0 1 1 1 0 1], epoch = 2000, loss = 0.20461178
2022-08-02 17:06:29,481 - INFO - child pid = 108718, start training [1 0 1 0 1 0 1 0 1]
2022-08-02 17:06:29,767 - DEBUG - child pid = 108714, finish training [1 0 0 1 1 1 0 0 1], epoch = 750, loss = 0.14095326
2022-08-02 17:06:29,769 - INFO - child pid = 108714, start training [1 0 1 0 1 0 1 1 0]
2022-08-02 17:06:29,845 - DEBUG - child pid = 108697, finish training [1 0 0 1 0 0 1 1 1], epoch = 1702, loss = 0.00536352
2022-08-02 17:06:29,847 - INFO - child pid = 108697, start training [1 0 1 0 1 0 1 1 1]
2022-08-02 17:06:30,065 - DEBUG - child pid = 108717, finish training [1 0 0 1 0 0 1 0 1], epoch = 1998, loss = 0.08165874
2022-08-02 17:06:30,073 - INFO - child pid = 108717, start training [1 0 1 0 1 1 1 1 0]
2022-08-02 17:06:30,123 - DEBUG - child pid = 108705, finish training [1 0 0 1 1 0 1 0 1], epoch = 1025, loss = 0.07861570
2022-08-02 17:06:30,143 - INFO - child pid = 108705, start training [1 0 1 0 1 1 1 1 1]
2022-08-02 17:06:30,144 - DEBUG - child pid = 108725, finish training [1 0 0 1 0 1 1 1 0], epoch = 1540, loss = 0.11786155
2022-08-02 17:06:30,146 - INFO - child pid = 108725, start training [1 0 1 1 0 0 0 0 0]
2022-08-02 17:06:30,147 - DEBUG - child pid = 108699, finish training [1 0 0 1 0 0 0 1 0], epoch = 2000, loss = 0.01009990
2022-08-02 17:06:30,148 - INFO - child pid = 108699, start training [1 0 1 1 0 0 0 0 1]
2022-08-02 17:06:30,431 - DEBUG - child pid = 108722, finish training [1 0 0 1 0 1 1 0 0], epoch = 1761, loss = 0.09882283
2022-08-02 17:06:30,435 - INFO - child pid = 108722, start training [1 0 1 1 0 0 0 1 0]
2022-08-02 17:06:30,457 - DEBUG - child pid = 108704, finish training [1 0 0 1 0 1 0 0 0], epoch = 1992, loss = 0.09897868
2022-08-02 17:06:30,459 - INFO - child pid = 108704, start training [1 0 1 1 0 0 0 1 1]
2022-08-02 17:06:30,479 - DEBUG - child pid = 108711, finish training [1 0 0 0 1 1 1 0 0], epoch = 1940, loss = 0.18572547
2022-08-02 17:06:30,482 - INFO - child pid = 108711, start training [1 0 1 1 0 0 1 0 0]
2022-08-02 17:06:30,648 - DEBUG - child pid = 108724, finish training [1 0 1 0 0 0 1 0 1], epoch = 780, loss = 0.13590856
2022-08-02 17:06:30,651 - INFO - child pid = 108724, start training [1 0 1 1 0 0 1 0 1]
2022-08-02 17:06:30,954 - DEBUG - child pid = 108706, finish training [1 0 0 1 1 1 0 0 0], epoch = 1171, loss = 0.12439801
2022-08-02 17:06:30,957 - INFO - child pid = 108706, start training [1 0 1 1 0 0 1 1 0]
2022-08-02 17:06:31,237 - DEBUG - child pid = 108720, finish training [1 0 0 1 1 0 1 1 0], epoch = 1413, loss = 0.03052809
2022-08-02 17:06:31,240 - INFO - child pid = 108720, start training [1 0 1 1 0 0 1 1 1]
2022-08-02 17:06:31,262 - DEBUG - child pid = 108709, finish training [1 0 0 1 0 1 0 1 1], epoch = 2000, loss = 0.05574604
2022-08-02 17:06:31,265 - INFO - child pid = 108709, start training [1 0 1 1 0 1 0 0 0]
2022-08-02 17:06:31,398 - DEBUG - child pid = 108723, finish training [1 0 0 1 1 0 0 1 1], epoch = 1702, loss = 0.00469796
2022-08-02 17:06:31,401 - INFO - child pid = 108723, start training [1 0 1 1 0 1 0 0 1]
2022-08-02 17:06:31,416 - DEBUG - child pid = 108701, finish training [1 0 0 1 1 1 1 0 1], epoch = 1084, loss = 0.07160857
2022-08-02 17:06:31,429 - INFO - child pid = 108701, start training [1 0 1 1 0 1 0 1 0]
2022-08-02 17:06:31,609 - DEBUG - child pid = 108715, finish training [1 0 0 1 0 1 1 1 1], epoch = 1952, loss = 0.06978328
2022-08-02 17:06:31,611 - INFO - child pid = 108715, start training [1 0 1 1 0 1 0 1 1]
2022-08-02 17:06:31,639 - DEBUG - child pid = 108704, finish training [1 0 1 1 0 0 0 1 1], epoch = 436, loss = 0.23861925
2022-08-02 17:06:31,642 - INFO - child pid = 108704, start training [1 0 1 1 0 1 1 0 0]
2022-08-02 17:06:31,875 - DEBUG - child pid = 108714, finish training [1 0 1 0 1 0 1 1 0], epoch = 772, loss = 0.19704571
2022-08-02 17:06:31,877 - INFO - child pid = 108714, start training [1 0 1 1 0 1 1 0 1]
2022-08-02 17:06:31,998 - DEBUG - child pid = 108698, finish training [1 0 0 1 1 1 1 1 0], epoch = 1237, loss = 0.11000443
2022-08-02 17:06:32,001 - INFO - child pid = 108698, start training [1 0 1 1 0 1 1 1 0]
2022-08-02 17:06:32,333 - DEBUG - child pid = 108702, finish training [1 0 0 1 1 0 0 1 0], epoch = 1944, loss = 0.06987743
2022-08-02 17:06:32,340 - INFO - child pid = 108702, start training [1 0 1 1 0 1 1 1 1]
2022-08-02 17:06:32,465 - DEBUG - child pid = 108717, finish training [1 0 1 0 1 1 1 1 0], epoch = 874, loss = 0.15388167
2022-08-02 17:06:32,467 - INFO - child pid = 108717, start training [1 0 1 1 1 0 0 0 0]
2022-08-02 17:06:32,562 - DEBUG - child pid = 108696, finish training [1 0 1 0 0 0 1 1 0], epoch = 1257, loss = 0.05728000
2022-08-02 17:06:32,552 - DEBUG - child pid = 108707, finish training [1 0 0 1 1 0 1 1 1], epoch = 1815, loss = 0.00872617
2022-08-02 17:06:32,563 - INFO - child pid = 108696, start training [1 0 1 1 1 0 0 0 1]
2022-08-02 17:06:32,563 - INFO - child pid = 108707, start training [1 0 1 1 1 0 0 1 0]
2022-08-02 17:06:32,667 - DEBUG - child pid = 108705, finish training [1 0 1 0 1 1 1 1 1], epoch = 908, loss = 0.11390769
2022-08-02 17:06:32,670 - INFO - child pid = 108705, start training [1 0 1 1 1 0 0 1 1]
2022-08-02 17:06:32,722 - DEBUG - child pid = 108700, finish training [1 0 1 0 0 0 1 0 0], epoch = 1493, loss = 0.04737629
2022-08-02 17:06:32,725 - INFO - child pid = 108700, start training [1 0 1 1 1 0 1 0 0]
2022-08-02 17:06:32,894 - DEBUG - child pid = 108703, finish training [1 0 0 1 1 1 1 1 1], epoch = 1580, loss = 0.00512640
2022-08-02 17:06:32,897 - INFO - child pid = 108703, start training [1 0 1 1 1 0 1 0 1]
2022-08-02 17:06:33,079 - DEBUG - child pid = 108701, finish training [1 0 1 1 0 1 0 1 0], epoch = 584, loss = 0.08445643
2022-08-02 17:06:33,081 - INFO - child pid = 108701, start training [1 0 1 1 1 0 1 1 0]
2022-08-02 17:06:33,097 - DEBUG - child pid = 108709, finish training [1 0 1 1 0 1 0 0 0], epoch = 674, loss = 0.00506825
2022-08-02 17:06:33,099 - INFO - child pid = 108709, start training [1 0 1 1 1 0 1 1 1]
2022-08-02 17:06:33,256 - DEBUG - child pid = 108715, finish training [1 0 1 1 0 1 0 1 1], epoch = 604, loss = 0.17345992
2022-08-02 17:06:33,259 - INFO - child pid = 108715, start training [1 0 1 1 1 1 0 0 0]
2022-08-02 17:06:33,299 - DEBUG - child pid = 108721, finish training [1 0 0 1 1 1 1 0 0], epoch = 1850, loss = 0.13400666
2022-08-02 17:06:33,302 - INFO - child pid = 108721, start training [1 0 1 1 1 1 0 0 1]
2022-08-02 17:06:33,342 - DEBUG - child pid = 108712, finish training [1 0 1 0 0 1 1 1 0], epoch = 1446, loss = 0.09583449
2022-08-02 17:06:33,346 - INFO - child pid = 108712, start training [1 0 1 1 1 1 0 1 0]
2022-08-02 17:06:33,466 - DEBUG - child pid = 108708, finish training [1 0 0 1 1 1 0 1 0], epoch = 2000, loss = 0.12955464
2022-08-02 17:06:33,469 - INFO - child pid = 108708, start training [1 0 1 1 1 1 0 1 1]
2022-08-02 17:06:33,496 - DEBUG - child pid = 108706, finish training [1 0 1 1 0 0 1 1 0], epoch = 929, loss = 0.00444801
2022-08-02 17:06:33,499 - INFO - child pid = 108706, start training [1 0 1 1 1 1 1 0 0]
2022-08-02 17:06:33,555 - DEBUG - child pid = 108703, finish training [1 0 1 1 1 0 1 0 1], epoch = 250, loss = 0.22222233
2022-08-02 17:06:33,558 - INFO - child pid = 108703, start training [1 0 1 1 1 1 1 0 1]
2022-08-02 17:06:33,628 - DEBUG - child pid = 108716, finish training [1 0 0 1 1 1 0 1 1], epoch = 2000, loss = 0.01806601
2022-08-02 17:06:33,631 - INFO - child pid = 108716, start training [1 0 1 1 1 1 1 1 0]
2022-08-02 17:06:33,734 - DEBUG - child pid = 108722, finish training [1 0 1 1 0 0 0 1 0], epoch = 1230, loss = 0.07703664
2022-08-02 17:06:33,737 - INFO - child pid = 108722, start training [1 0 1 1 1 1 1 1 1]
2022-08-02 17:06:33,778 - DEBUG - child pid = 108704, finish training [1 0 1 1 0 1 1 0 0], epoch = 785, loss = 0.20315567
2022-08-02 17:06:33,781 - INFO - child pid = 108704, start training [1 1 0 1 0 0 0 0 0]
2022-08-02 17:06:33,830 - DEBUG - child pid = 108723, finish training [1 0 1 1 0 1 0 0 1], epoch = 890, loss = 0.00229601
2022-08-02 17:06:33,833 - INFO - child pid = 108723, start training [1 1 0 1 0 0 0 0 1]
2022-08-02 17:06:34,026 - DEBUG - child pid = 108719, finish training [1 0 1 0 1 0 1 0 0], epoch = 1691, loss = 0.15762410
2022-08-02 17:06:34,028 - INFO - child pid = 108719, start training [1 1 0 1 0 0 0 1 0]
2022-08-02 17:06:34,138 - DEBUG - child pid = 108714, finish training [1 0 1 1 0 1 1 0 1], epoch = 827, loss = 0.18364662
2022-08-02 17:06:34,141 - INFO - child pid = 108714, start training [1 1 0 1 0 0 0 1 1]
2022-08-02 17:06:34,294 - DEBUG - child pid = 108717, finish training [1 0 1 1 1 0 0 0 0], epoch = 668, loss = 0.17269532
2022-08-02 17:06:34,297 - INFO - child pid = 108717, start training [1 1 0 1 0 0 1 0 0]
2022-08-02 17:06:34,655 - DEBUG - child pid = 108696, finish training [1 0 1 1 1 0 0 0 1], epoch = 721, loss = 0.14008500
2022-08-02 17:06:34,658 - INFO - child pid = 108696, start training [1 1 0 1 0 0 1 0 1]
2022-08-02 17:06:34,673 - DEBUG - child pid = 108710, finish training [1 0 1 0 0 0 1 1 1], epoch = 1997, loss = 0.13782778
2022-08-02 17:06:34,675 - INFO - child pid = 108710, start training [1 1 0 1 0 0 1 1 0]
2022-08-02 17:06:34,728 - DEBUG - child pid = 108725, finish training [1 0 1 1 0 0 0 0 0], epoch = 1705, loss = 0.00424675
2022-08-02 17:06:34,730 - INFO - child pid = 108725, start training [1 1 0 1 0 0 1 1 1]
2022-08-02 17:06:34,800 - DEBUG - child pid = 108720, finish training [1 0 1 1 0 0 1 1 1], epoch = 1312, loss = 0.10045162
2022-08-02 17:06:34,803 - INFO - child pid = 108720, start training [1 1 0 1 0 1 0 1 0]
2022-08-02 17:06:34,838 - DEBUG - child pid = 108718, finish training [1 0 1 0 1 0 1 0 1], epoch = 1980, loss = 0.20735914
2022-08-02 17:06:34,841 - INFO - child pid = 108718, start training [1 1 0 1 0 1 0 1 1]
2022-08-02 17:06:34,873 - DEBUG - child pid = 108713, finish training [1 0 1 0 0 1 1 1 1], epoch = 2000, loss = 0.00678150
2022-08-02 17:06:34,876 - INFO - child pid = 108713, start training [1 1 0 1 0 1 1 0 0]
2022-08-02 17:06:35,062 - DEBUG - child pid = 108699, finish training [1 0 1 1 0 0 0 0 1], epoch = 1735, loss = 0.06864908
2022-08-02 17:06:35,071 - INFO - child pid = 108699, start training [1 1 0 1 0 1 1 0 1]
2022-08-02 17:06:35,341 - DEBUG - child pid = 108710, finish training [1 1 0 1 0 0 1 1 0], epoch = 252, loss = 0.06713710
2022-08-02 17:06:35,344 - INFO - child pid = 108710, start training [1 1 0 1 0 1 1 1 0]
2022-08-02 17:06:35,367 - DEBUG - child pid = 108723, finish training [1 1 0 1 0 0 0 0 1], epoch = 506, loss = 0.15375720
2022-08-02 17:06:35,370 - INFO - child pid = 108723, start training [1 1 0 1 0 1 1 1 1]
2022-08-02 17:06:35,471 - DEBUG - child pid = 108697, finish training [1 0 1 0 1 0 1 1 1], epoch = 2000, loss = 0.12217709
2022-08-02 17:06:35,474 - INFO - child pid = 108697, start training [1 1 0 1 1 0 0 0 0]
2022-08-02 17:06:35,585 - DEBUG - child pid = 108703, finish training [1 0 1 1 1 1 1 0 1], epoch = 716, loss = 0.15188545
2022-08-02 17:06:35,589 - INFO - child pid = 108703, start training [1 1 0 1 1 0 0 0 1]
2022-08-02 17:06:35,680 - DEBUG - child pid = 108698, finish training [1 0 1 1 0 1 1 1 0], epoch = 1297, loss = 0.01565238
2022-08-02 17:06:35,683 - INFO - child pid = 108698, start training [1 1 0 1 1 0 0 1 0]
2022-08-02 17:06:35,682 - DEBUG - child pid = 108721, finish training [1 0 1 1 1 1 0 0 1], epoch = 885, loss = 0.06309047
2022-08-02 17:06:35,711 - INFO - child pid = 108721, start training [1 1 0 1 1 0 0 1 1]
2022-08-02 17:06:35,713 - DEBUG - child pid = 108720, finish training [1 1 0 1 0 1 0 1 0], epoch = 340, loss = 0.18671484
2022-08-02 17:06:35,714 - INFO - child pid = 108720, start training [1 1 0 1 1 0 1 0 0]
2022-08-02 17:06:35,751 - DEBUG - child pid = 108716, finish training [1 0 1 1 1 1 1 1 0], epoch = 776, loss = 0.12631069
2022-08-02 17:06:35,764 - INFO - child pid = 108716, start training [1 1 0 1 1 0 1 0 1]
2022-08-02 17:06:35,928 - DEBUG - child pid = 108711, finish training [1 0 1 1 0 0 1 0 0], epoch = 1537, loss = 0.07579937
2022-08-02 17:06:35,931 - INFO - child pid = 108711, start training [1 1 0 1 1 0 1 1 0]
2022-08-02 17:06:36,036 - DEBUG - child pid = 108724, finish training [1 0 1 1 0 0 1 0 1], epoch = 1995, loss = 0.16202754
2022-08-02 17:06:36,054 - INFO - child pid = 108724, start training [1 1 0 1 1 0 1 1 1]
2022-08-02 17:06:36,124 - DEBUG - child pid = 108712, finish training [1 0 1 1 1 1 0 1 0], epoch = 1002, loss = 0.10602118
2022-08-02 17:06:36,126 - INFO - child pid = 108712, start training [1 1 0 1 1 1 0 1 0]
2022-08-02 17:06:36,158 - DEBUG - child pid = 108715, finish training [1 0 1 1 1 1 0 0 0], epoch = 1069, loss = 0.10037413
2022-08-02 17:06:36,161 - INFO - child pid = 108715, start training [1 1 0 1 1 1 0 1 1]
2022-08-02 17:06:36,537 - DEBUG - child pid = 108710, finish training [1 1 0 1 0 1 1 1 0], epoch = 449, loss = 0.14444657
2022-08-02 17:06:36,541 - INFO - child pid = 108710, start training [1 1 0 1 1 1 1 0 0]
2022-08-02 17:06:36,774 - DEBUG - child pid = 108722, finish training [1 0 1 1 1 1 1 1 1], epoch = 1124, loss = 0.06304730
2022-08-02 17:06:36,777 - INFO - child pid = 108722, start training [1 1 0 1 1 1 1 0 1]
2022-08-02 17:06:36,951 - DEBUG - child pid = 108720, finish training [1 1 0 1 1 0 1 0 0], epoch = 450, loss = 0.04457746
2022-08-02 17:06:36,953 - INFO - child pid = 108720, start training [1 1 0 1 1 1 1 1 0]
2022-08-02 17:06:37,084 - DEBUG - child pid = 108704, finish training [1 1 0 1 0 0 0 0 0], epoch = 1111, loss = 0.03487447
2022-08-02 17:06:37,088 - INFO - child pid = 108704, start training [1 1 0 1 1 1 1 1 1]
2022-08-02 17:06:37,105 - DEBUG - child pid = 108705, finish training [1 0 1 1 1 0 0 1 1], epoch = 1538, loss = 0.08157851
2022-08-02 17:06:37,108 - INFO - child pid = 108705, start training [1 1 1 1 0 0 1 0 0]
2022-08-02 17:06:37,479 - DEBUG - child pid = 108702, finish training [1 0 1 1 0 1 1 1 1], epoch = 1806, loss = 0.00575245
2022-08-02 17:06:37,482 - INFO - child pid = 108702, start training [1 1 1 1 0 0 1 0 1]
2022-08-02 17:06:37,568 - DEBUG - child pid = 108700, finish training [1 0 1 1 1 0 1 0 0], epoch = 1666, loss = 0.11298832
2022-08-02 17:06:37,571 - INFO - child pid = 108700, start training [1 1 1 1 0 0 1 1 0]
2022-08-02 17:06:37,812 - DEBUG - child pid = 108716, finish training [1 1 0 1 1 0 1 0 1], epoch = 727, loss = 0.09424053
2022-08-02 17:06:37,814 - INFO - child pid = 108716, start training [1 1 1 1 0 0 1 1 1]
2022-08-02 17:06:37,867 - DEBUG - child pid = 108709, finish training [1 0 1 1 1 0 1 1 1], epoch = 1687, loss = 0.10589498
2022-08-02 17:06:37,869 - INFO - child pid = 108709, start training [1 1 1 1 0 1 1 1 0]
2022-08-02 17:06:38,060 - DEBUG - child pid = 108725, finish training [1 1 0 1 0 0 1 1 1], epoch = 1240, loss = 0.05000395
2022-08-02 17:06:38,063 - INFO - child pid = 108725, start training [1 1 1 1 0 1 1 1 1]
2022-08-02 17:06:38,142 - DEBUG - child pid = 108720, finish training [1 1 0 1 1 1 1 1 0], epoch = 450, loss = 0.07544421
2022-08-02 17:06:38,144 - INFO - child pid = 108720, start training [1 1 1 1 1 0 1 0 0]
2022-08-02 17:06:38,165 - DEBUG - child pid = 108707, finish training [1 0 1 1 1 0 0 1 0], epoch = 2000, loss = 0.13670921
2022-08-02 17:06:38,167 - INFO - child pid = 108707, start training [1 1 1 1 1 0 1 0 1]
2022-08-02 17:06:38,217 - DEBUG - child pid = 108712, finish training [1 1 0 1 1 1 0 1 0], epoch = 741, loss = 0.12306012
2022-08-02 17:06:38,220 - INFO - child pid = 108712, start training [1 1 1 1 1 0 1 1 0]
2022-08-02 17:06:38,307 - DEBUG - child pid = 108697, finish training [1 1 0 1 1 0 0 0 0], epoch = 974, loss = 0.00411933
2022-08-02 17:06:38,309 - INFO - child pid = 108697, start training [1 1 1 1 1 0 1 1 1]
2022-08-02 17:06:38,320 - DEBUG - child pid = 108711, finish training [1 1 0 1 1 0 1 1 0], epoch = 657, loss = 0.00287374
2022-08-02 17:06:38,322 - INFO - child pid = 108711, start training [1 1 1 1 1 1 1 1 0]
2022-08-02 17:06:38,325 - DEBUG - child pid = 108717, finish training [1 1 0 1 0 0 1 0 0], epoch = 1476, loss = 0.03102315
2022-08-02 17:06:38,327 - INFO - child pid = 108717, start training [1 1 1 1 1 1 1 1 1]
2022-08-02 17:06:38,405 - DEBUG - child pid = 108698, finish training [1 1 0 1 1 0 0 1 0], epoch = 929, loss = 0.06385443
2022-08-02 17:06:38,521 - DEBUG - child pid = 108702, finish training [1 1 1 1 0 0 1 0 1], epoch = 391, loss = 0.14814813
2022-08-02 17:06:38,696 - DEBUG - child pid = 108722, finish training [1 1 0 1 1 1 1 0 1], epoch = 716, loss = 0.06424150
2022-08-02 17:06:38,731 - DEBUG - child pid = 108718, finish training [1 1 0 1 0 1 0 1 1], epoch = 1438, loss = 0.11335756
2022-08-02 17:06:38,770 - DEBUG - child pid = 108701, finish training [1 0 1 1 1 0 1 1 0], epoch = 2000, loss = 0.13237563
2022-08-02 17:06:39,007 - DEBUG - child pid = 108706, finish training [1 0 1 1 1 1 1 0 0], epoch = 1947, loss = 0.06605815
2022-08-02 17:06:39,019 - DEBUG - child pid = 108717, finish training [1 1 1 1 1 1 1 1 1], epoch = 262, loss = 0.00000066
2022-08-02 17:06:39,038 - DEBUG - child pid = 108708, finish training [1 0 1 1 1 1 0 1 1], epoch = 2000, loss = 0.03241304
2022-08-02 17:06:39,052 - DEBUG - child pid = 108725, finish training [1 1 1 1 0 1 1 1 1], epoch = 373, loss = 0.08985288
2022-08-02 17:06:39,453 - DEBUG - child pid = 108719, finish training [1 1 0 1 0 0 0 1 0], epoch = 2000, loss = 0.09386785
2022-08-02 17:06:39,589 - DEBUG - child pid = 108714, finish training [1 1 0 1 0 0 0 1 1], epoch = 2000, loss = 0.07027707
2022-08-02 17:06:39,654 - DEBUG - child pid = 108711, finish training [1 1 1 1 1 1 1 1 0], epoch = 387, loss = 0.05021561
2022-08-02 17:06:39,693 - DEBUG - child pid = 108703, finish training [1 1 0 1 1 0 0 0 1], epoch = 1451, loss = 0.01387529
2022-08-02 17:06:39,808 - DEBUG - child pid = 108704, finish training [1 1 0 1 1 1 1 1 1], epoch = 1012, loss = 0.00066370
2022-08-02 17:06:39,813 - DEBUG - child pid = 108705, finish training [1 1 1 1 0 0 1 0 0], epoch = 1017, loss = 0.02917080
2022-08-02 17:06:39,994 - DEBUG - child pid = 108699, finish training [1 1 0 1 0 1 1 0 1], epoch = 1755, loss = 0.14065230
2022-08-02 17:06:40,061 - DEBUG - child pid = 108721, finish training [1 1 0 1 1 0 0 1 1], epoch = 1609, loss = 0.00362919
2022-08-02 17:06:40,213 - DEBUG - child pid = 108720, finish training [1 1 1 1 1 0 1 0 0], epoch = 771, loss = 0.05862254
2022-08-02 17:06:40,230 - DEBUG - child pid = 108724, finish training [1 1 0 1 1 0 1 1 1], epoch = 1501, loss = 0.00939587
2022-08-02 17:06:40,283 - DEBUG - child pid = 108696, finish training [1 1 0 1 0 0 1 0 1], epoch = 2000, loss = 0.11477538
2022-08-02 17:06:40,323 - DEBUG - child pid = 108716, finish training [1 1 1 1 0 0 1 1 1], epoch = 929, loss = 0.04999282
2022-08-02 17:06:40,348 - DEBUG - child pid = 108713, finish training [1 1 0 1 0 1 1 0 0], epoch = 2000, loss = 0.08483814
2022-08-02 17:06:40,374 - DEBUG - child pid = 108707, finish training [1 1 1 1 1 0 1 0 1], epoch = 825, loss = 0.13545099
2022-08-02 17:06:40,559 - DEBUG - child pid = 108715, finish training [1 1 0 1 1 1 0 1 1], epoch = 1597, loss = 0.00432905
2022-08-02 17:06:40,573 - DEBUG - child pid = 108712, finish training [1 1 1 1 1 0 1 1 0], epoch = 881, loss = 0.05165610
2022-08-02 17:06:40,616 - DEBUG - child pid = 108710, finish training [1 1 0 1 1 1 1 0 0], epoch = 1469, loss = 0.06369705
2022-08-02 17:06:40,768 - DEBUG - child pid = 108723, finish training [1 1 0 1 0 1 1 1 1], epoch = 2000, loss = 0.06667952
2022-08-02 17:06:42,919 - DEBUG - child pid = 108700, finish training [1 1 1 1 0 0 1 1 0], epoch = 2000, loss = 0.00981048
2022-08-02 17:06:43,524 - DEBUG - child pid = 108709, finish training [1 1 1 1 0 1 1 1 0], epoch = 2000, loss = 0.01852909
2022-08-02 17:06:43,922 - DEBUG - child pid = 108697, finish training [1 1 1 1 1 0 1 1 1], epoch = 2000, loss = 0.00669269
2022-08-02 17:06:43,975 - INFO - parent pid = 108664, finish task 2_2_fixA_square_0
