2022-08-02 17:10:18,696 - INFO - running /home/hxcai/competitive_network/0728_train_BT.py
2022-08-02 17:10:18,697 - INFO - parent pid = 64292, start task 2_2_fixA_square_0
2022-08-02 17:10:18,716 - DEBUG - {'data_dir': 'data', 'figure_dir': 'figures', 'output_dir': 'results/temp', 'log_dir': 'logs', 'seed': 0, 'nA': 2, 'nB': 2, 'nY': 1, 'max_epochs': 2000, 'log_epochs': 100, 'tol': 0.0001, 'model': {'type': 'CompetitiveNetwork', 'args': {'reparam': 'square', 'mode': 'fixA'}}, 'logger': {'version': 1, 'formatters': {'default': {'format': '%(asctime)s - %(levelname)s - %(message)s'}}, 'handlers': {'stream_handler': {'class': 'logging.StreamHandler', 'level': 'INFO', 'formatter': 'default', 'stream': 'ext://sys.stdout'}, 'file_handler': {'class': 'logging.handlers.RotatingFileHandler', 'level': 'DEBUG', 'formatter': 'default', 'filename': 'logs/20220802_171018_2_2_fixA_square_0.log', 'maxBytes': 10485760, 'backupCount': 5, 'encoding': 'utf-8'}}, 'root': {'level': 'DEBUG', 'handlers': ['stream_handler', 'file_handler']}}, 'data_loader': {'type': 'DataLoader', 'args': {'batch_size': 9, 'shuffle': False}}, 'optimizer': {'type': 'SGD', 'args': {'lr': 0.1, 'momentum': 0.9, 'weight_decay': 0}}, 'loss': {'type': 'MSELoss()'}}
2022-08-02 17:10:18,928 - INFO - child pid = 64355, start training [0 0 0 0 1 1 1 0 0]
2022-08-02 17:10:18,928 - INFO - child pid = 64335, start training [0 0 0 0 0 0 1 0 0]
2022-08-02 17:10:18,928 - INFO - child pid = 64345, start training [0 0 0 0 1 0 0 0 0]
2022-08-02 17:10:18,928 - INFO - child pid = 64350, start training [0 0 0 0 1 0 1 0 1]
2022-08-02 17:10:18,928 - INFO - child pid = 64344, start training [0 0 0 0 0 1 1 1 1]
2022-08-02 17:10:18,928 - INFO - child pid = 64339, start training [0 0 0 0 0 1 0 1 0]
2022-08-02 17:10:18,929 - INFO - child pid = 64347, start training [0 0 0 0 1 0 0 1 0]
2022-08-02 17:10:18,929 - INFO - child pid = 64336, start training [0 0 0 0 0 0 1 0 1]
2022-08-02 17:10:18,929 - INFO - child pid = 64356, start training [0 0 0 0 1 1 1 0 1]
2022-08-02 17:10:18,929 - INFO - child pid = 64352, start training [0 0 0 0 1 0 1 1 1]
2022-08-02 17:10:18,929 - INFO - child pid = 64353, start training [0 0 0 0 1 1 0 1 0]
2022-08-02 17:10:18,929 - INFO - child pid = 64357, start training [0 0 0 0 1 1 1 1 0]
2022-08-02 17:10:18,929 - INFO - child pid = 64333, start training [0 0 0 0 0 0 0 1 0]
2022-08-02 17:10:18,929 - INFO - child pid = 64342, start training [0 0 0 0 0 1 1 0 1]
2022-08-02 17:10:18,929 - INFO - child pid = 64331, start training [0 0 0 0 0 0 0 0 0]
2022-08-02 17:10:18,929 - INFO - child pid = 64337, start training [0 0 0 0 0 0 1 1 0]
2022-08-02 17:10:18,929 - INFO - child pid = 64338, start training [0 0 0 0 0 0 1 1 1]
2022-08-02 17:10:18,929 - INFO - child pid = 64332, start training [0 0 0 0 0 0 0 0 1]
2022-08-02 17:10:18,929 - INFO - child pid = 64340, start training [0 0 0 0 0 1 0 1 1]
2022-08-02 17:10:18,929 - INFO - child pid = 64358, start training [0 0 0 0 1 1 1 1 1]
2022-08-02 17:10:18,929 - INFO - child pid = 64351, start training [0 0 0 0 1 0 1 1 0]
2022-08-02 17:10:18,929 - INFO - child pid = 64346, start training [0 0 0 0 1 0 0 0 1]
2022-08-02 17:10:18,929 - INFO - child pid = 64354, start training [0 0 0 0 1 1 0 1 1]
2022-08-02 17:10:18,929 - INFO - child pid = 64348, start training [0 0 0 0 1 0 0 1 1]
2022-08-02 17:10:18,929 - INFO - child pid = 64341, start training [0 0 0 0 0 1 1 0 0]
2022-08-02 17:10:18,929 - INFO - child pid = 64334, start training [0 0 0 0 0 0 0 1 1]
2022-08-02 17:10:18,929 - INFO - child pid = 64343, start training [0 0 0 0 0 1 1 1 0]
2022-08-02 17:10:18,929 - INFO - child pid = 64360, start training [0 0 0 1 0 0 0 0 1]
2022-08-02 17:10:18,929 - INFO - child pid = 64359, start training [0 0 0 1 0 0 0 0 0]
2022-08-02 17:10:18,929 - INFO - child pid = 64349, start training [0 0 0 0 1 0 1 0 0]
2022-08-02 17:10:19,402 - DEBUG - child pid = 64358, finish training [0 0 0 0 1 1 1 1 1], epoch = 101, loss = 0.07410310, K = tensor([[    0.43479434,     2.53548145],
        [    0.00001063,     0.00000354]]), BT = tensor([0.12245494, 1.22288597])
2022-08-02 17:10:19,402 - DEBUG - child pid = 64344, finish training [0 0 0 0 0 1 1 1 1], epoch = 101, loss = 0.04398046, K = tensor([[    0.71195984,     0.06766701],
        [    0.00000021,     0.11824001]]), BT = tensor([0.83315140, 1.30171347])
2022-08-02 17:10:19,403 - DEBUG - child pid = 64352, finish training [0 0 0 0 1 0 1 1 1], epoch = 101, loss = 0.06724152, K = tensor([[0.44907135, 0.76244766],
        [0.05322836, 0.10631382]]), BT = tensor([0.54656583, 0.77298194])
2022-08-02 17:10:19,403 - DEBUG - child pid = 64355, finish training [0 0 0 0 1 1 1 0 0], epoch = 101, loss = 0.14816177, K = tensor([[    0.17325135,     2.97148657],
        [    0.00000076,     0.00002018]]), BT = tensor([1.68112206, 1.85119987])
2022-08-02 17:10:19,408 - DEBUG - child pid = 64343, finish training [0 0 0 0 0 1 1 1 0], epoch = 103, loss = 0.09467439, K = tensor([[0.01856470, 0.05926732],
        [0.49897885, 1.00881410]]), BT = tensor([0.62179410, 2.53605461])
2022-08-02 17:10:19,416 - INFO - child pid = 64344, start training [0 0 0 1 0 0 1 0 0]
2022-08-02 17:10:19,416 - INFO - child pid = 64358, start training [0 0 0 1 0 0 0 1 1]
2022-08-02 17:10:19,417 - INFO - child pid = 64343, start training [0 0 0 1 0 0 1 1 0]
2022-08-02 17:10:19,416 - INFO - child pid = 64352, start training [0 0 0 1 0 0 1 0 1]
2022-08-02 17:10:19,416 - INFO - child pid = 64355, start training [0 0 0 1 0 0 0 1 0]
2022-08-02 17:10:19,421 - DEBUG - child pid = 64340, finish training [0 0 0 0 0 1 0 1 1], epoch = 108, loss = 0.07407738, K = tensor([[    0.99727172,     0.00000334],
        [    0.00000005,     0.99252933]]), BT = tensor([1.08737004, 1.09728527])
2022-08-02 17:10:19,424 - INFO - child pid = 64340, start training [0 0 0 1 0 0 1 1 1]
2022-08-02 17:10:19,440 - DEBUG - child pid = 64351, finish training [0 0 0 0 1 0 1 1 0], epoch = 112, loss = 0.05187821, K = tensor([[0.00153896, 0.15009114],
        [0.09100005, 1.43571234]]), BT = tensor([2.79519439, 2.29699636])
2022-08-02 17:10:19,443 - INFO - child pid = 64351, start training [0 0 0 1 0 1 0 0 0]
2022-08-02 17:10:19,480 - DEBUG - child pid = 64332, finish training [0 0 0 0 0 0 0 0 1], epoch = 130, loss = 0.05232834, K = tensor([[    0.21308988,     0.00299522],
        [    0.00016648,     0.07691202]]), BT = tensor([1.08695042, 1.39830375])
2022-08-02 17:10:19,484 - INFO - child pid = 64332, start training [0 0 0 1 0 1 0 0 1]
2022-08-02 17:10:19,494 - DEBUG - child pid = 64360, finish training [0 0 0 1 0 0 0 0 1], epoch = 135, loss = 0.05197948, K = tensor([[0.14617236, 0.68333161],
        [1.10663140, 0.28169921]]), BT = tensor([3.97497296, 3.00197697])
2022-08-02 17:10:19,497 - INFO - child pid = 64360, start training [0 0 0 1 0 1 0 1 0]
2022-08-02 17:10:19,530 - DEBUG - child pid = 64359, finish training [0 0 0 1 0 0 0 0 0], epoch = 149, loss = 0.00894316, K = tensor([[0.09248631, 2.01036596],
        [1.72081578, 1.30616975]]), BT = tensor([3.87605739, 3.00972986])
2022-08-02 17:10:19,533 - INFO - child pid = 64359, start training [0 0 0 1 0 1 0 1 1]
2022-08-02 17:10:19,679 - DEBUG - child pid = 64331, finish training [0 0 0 0 0 0 0 0 0], epoch = 203, loss = 0.00001535, K = tensor([[0.28437537, 0.51542503],
        [0.00668698, 0.00074039]]), BT = tensor([0.95084649, 0.95106477])
2022-08-02 17:10:19,682 - INFO - child pid = 64331, start training [0 0 0 1 0 1 1 0 0]
2022-08-02 17:10:19,689 - DEBUG - child pid = 64353, finish training [0 0 0 0 1 1 0 1 0], epoch = 206, loss = 0.13516746, K = tensor([[    1.58020234,     3.53559899],
        [    0.10852820,     0.00000000]]), BT = tensor([2.43803406, 2.98993564])
2022-08-02 17:10:19,692 - INFO - child pid = 64353, start training [0 0 0 1 0 1 1 0 1]
2022-08-02 17:10:19,778 - DEBUG - child pid = 64360, finish training [0 0 0 1 0 1 0 1 0], epoch = 102, loss = 0.14817864, K = tensor([[    0.18304132,     3.01561666],
        [    0.00000168,     0.00000043]]), BT = tensor([1.65298641, 1.77996814])
2022-08-02 17:10:19,781 - INFO - child pid = 64360, start training [0 0 0 1 0 1 1 1 0]
2022-08-02 17:10:19,813 - DEBUG - child pid = 64346, finish training [0 0 0 0 1 0 0 0 1], epoch = 250, loss = 0.02533912, K = tensor([[2.10672879, 2.53027534],
        [3.32503200, 1.60174203]]), BT = tensor([3.46816945, 3.43058491])
2022-08-02 17:10:19,816 - INFO - child pid = 64346, start training [0 0 0 1 0 1 1 1 1]
2022-08-02 17:10:19,870 - DEBUG - child pid = 64338, finish training [0 0 0 0 0 0 1 1 1], epoch = 271, loss = 0.00231564, K = tensor([[0.02632820, 0.02618741],
        [0.00039709, 0.00016960]]), BT = tensor([1.65349281, 2.24743056])
2022-08-02 17:10:19,873 - INFO - child pid = 64338, start training [0 0 0 1 1 0 0 0 0]
2022-08-02 17:10:19,875 - DEBUG - child pid = 64341, finish training [0 0 0 0 0 1 1 0 0], epoch = 273, loss = 0.09203544, K = tensor([[    0.03568479,     0.03897411],
        [    0.00029825,     2.30276942]]), BT = tensor([2.20872331, 4.15338898])
2022-08-02 17:10:19,877 - INFO - child pid = 64341, start training [0 0 0 1 1 0 0 0 1]
2022-08-02 17:10:19,903 - DEBUG - child pid = 64351, finish training [0 0 0 1 0 1 0 0 0], epoch = 167, loss = 0.06509646, K = tensor([[    0.72123033,     2.30259371],
        [    0.04288039,     0.00000001]]), BT = tensor([2.88330555, 2.85086060])
2022-08-02 17:10:19,905 - INFO - child pid = 64351, start training [0 0 0 1 1 0 0 1 0]
2022-08-02 17:10:19,921 - DEBUG - child pid = 64332, finish training [0 0 0 1 0 1 0 0 1], epoch = 159, loss = 0.06895263, K = tensor([[    0.11245441,     0.83561790],
        [    0.17945018,     0.00000006]]), BT = tensor([2.83797359, 2.38907385])
2022-08-02 17:10:19,923 - INFO - child pid = 64332, start training [0 0 0 1 1 0 0 1 1]
2022-08-02 17:10:19,945 - DEBUG - child pid = 64349, finish training [0 0 0 0 1 0 1 0 0], epoch = 295, loss = 0.07093363, K = tensor([[    0.00000000,     0.22982965],
        [    1.16409361,     2.38909292]]), BT = tensor([3.15831232, 3.54918361])
2022-08-02 17:10:19,948 - INFO - child pid = 64349, start training [0 0 0 1 1 0 1 0 0]
2022-08-02 17:10:19,953 - DEBUG - child pid = 64347, finish training [0 0 0 0 1 0 0 1 0], epoch = 300, loss = 0.12209352, K = tensor([[0.02879340, 3.12863111],
        [0.01604868, 0.27695933]]), BT = tensor([3.53298736, 1.76384127])
2022-08-02 17:10:19,956 - INFO - child pid = 64347, start training [0 0 0 1 1 0 1 0 1]
2022-08-02 17:10:19,963 - DEBUG - child pid = 64331, finish training [0 0 0 1 0 1 1 0 0], epoch = 102, loss = 0.14817810, K = tensor([[    0.17487954,     3.02489924],
        [    0.00000170,     0.00000027]]), BT = tensor([1.65475833, 1.76796484])
2022-08-02 17:10:19,966 - INFO - child pid = 64331, start training [0 0 0 1 1 0 1 1 0]
2022-08-02 17:10:20,032 - DEBUG - child pid = 64333, finish training [0 0 0 0 0 0 0 1 0], epoch = 329, loss = 0.01155556, K = tensor([[    0.24384578,     0.00000001],
        [    2.02852941,     2.31322742]]), BT = tensor([3.02211165, 3.16990924])
2022-08-02 17:10:20,032 - DEBUG - child pid = 64345, finish training [0 0 0 0 1 0 0 0 0], epoch = 328, loss = 0.06339708, K = tensor([[0.15115702, 1.69641840],
        [0.04580029, 0.19707140]]), BT = tensor([2.46252537, 1.93261731])
2022-08-02 17:10:20,035 - INFO - child pid = 64333, start training [0 0 0 1 1 0 1 1 1]
2022-08-02 17:10:20,035 - INFO - child pid = 64345, start training [0 0 0 1 1 1 0 0 0]
2022-08-02 17:10:20,045 - DEBUG - child pid = 64355, finish training [0 0 0 1 0 0 0 1 0], epoch = 224, loss = 0.08425891, K = tensor([[0.56637460, 2.51479578],
        [1.45667577, 1.30593288]]), BT = tensor([3.15044332, 3.42902851])
2022-08-02 17:10:20,048 - INFO - child pid = 64355, start training [0 0 0 1 1 1 0 0 1]
2022-08-02 17:10:20,086 - DEBUG - child pid = 64335, finish training [0 0 0 0 0 0 1 0 0], epoch = 346, loss = 0.00058889, K = tensor([[0.04654963, 0.30996579],
        [3.11498046, 3.22416925]]), BT = tensor([4.11419725, 1.83406782])
2022-08-02 17:10:20,089 - INFO - child pid = 64335, start training [0 0 0 1 1 1 0 1 0]
2022-08-02 17:10:20,106 - DEBUG - child pid = 64342, finish training [0 0 0 0 0 1 1 0 1], epoch = 356, loss = 0.09881856, K = tensor([[    1.09220386,     0.00185178],
        [    0.00000000,     0.01375222]]), BT = tensor([1.06706655, 3.22756410])
2022-08-02 17:10:20,108 - INFO - child pid = 64342, start training [0 0 0 1 1 1 0 1 1]
2022-08-02 17:10:20,117 - DEBUG - child pid = 64346, finish training [0 0 0 1 0 1 1 1 1], epoch = 101, loss = 0.07410435, K = tensor([[    0.44330588,     2.53723145],
        [    0.00000641,     0.00000042]]), BT = tensor([0.12370732, 1.21419382])
2022-08-02 17:10:20,125 - INFO - child pid = 64346, start training [0 0 0 1 1 1 1 0 0]
2022-08-02 17:10:20,136 - DEBUG - child pid = 64350, finish training [0 0 0 0 1 0 1 0 1], epoch = 366, loss = 0.14409523, K = tensor([[    0.12134144,     2.26172638],
        [    0.00000000,     0.15728013]]), BT = tensor([0.38185561, 0.86319941])
2022-08-02 17:10:20,139 - INFO - child pid = 64350, start training [0 0 0 1 1 1 1 0 1]
2022-08-02 17:10:20,152 - DEBUG - child pid = 64338, finish training [0 0 0 1 1 0 0 0 0], epoch = 101, loss = 0.17147644, K = tensor([[1.27886856, 3.56969309],
        [0.30864716, 0.92909360]]), BT = tensor([0.06218357, 0.01882675])
2022-08-02 17:10:20,155 - INFO - child pid = 64338, start training [0 0 0 1 1 1 1 1 0]
2022-08-02 17:10:20,178 - DEBUG - child pid = 64341, finish training [0 0 0 1 1 0 0 0 1], epoch = 109, loss = 0.17534624, K = tensor([[0.98276550, 3.80979538],
        [2.19466352, 0.66088164]]), BT = tensor([0.29036319, 0.85102862])
2022-08-02 17:10:20,180 - INFO - child pid = 64341, start training [0 0 0 1 1 1 1 1 1]
2022-08-02 17:10:20,189 - DEBUG - child pid = 64351, finish training [0 0 0 1 1 0 0 1 0], epoch = 102, loss = 0.22804774, K = tensor([[0.52332616, 2.67307925],
        [0.06384116, 0.78877848]]), BT = tensor([0.86465621, 1.40850472])
2022-08-02 17:10:20,192 - INFO - child pid = 64351, start training [0 0 1 0 0 0 1 0 0]
2022-08-02 17:10:20,221 - DEBUG - child pid = 64343, finish training [0 0 0 1 0 0 1 1 0], epoch = 290, loss = 0.01046955, K = tensor([[1.40579498, 4.67022419],
        [2.35531449, 2.24934554]]), BT = tensor([2.66139913, 3.09370542])
2022-08-02 17:10:20,224 - INFO - child pid = 64343, start training [0 0 1 0 0 0 1 0 1]
2022-08-02 17:10:20,302 - DEBUG - child pid = 64331, finish training [0 0 0 1 1 0 1 1 0], epoch = 122, loss = 0.01074528, K = tensor([[    0.00000072,     4.88001966],
        [    0.05927642,     0.16383879]]), BT = tensor([2.65095282, 2.37163448])
2022-08-02 17:10:20,305 - INFO - child pid = 64331, start training [0 0 1 0 0 0 1 1 0]
2022-08-02 17:10:20,323 - DEBUG - child pid = 64345, finish training [0 0 0 1 1 1 0 0 0], epoch = 104, loss = 0.22288616, K = tensor([[0.56487662, 0.34057614],
        [0.00336673, 0.06951546]]), BT = tensor([0.02576969, 0.00250133])
2022-08-02 17:10:20,325 - INFO - child pid = 64345, start training [0 0 1 0 0 0 1 1 1]
2022-08-02 17:10:20,348 - DEBUG - child pid = 64355, finish training [0 0 0 1 1 1 0 0 1], epoch = 107, loss = 0.00315283, K = tensor([[0.10428374, 3.39041114],
        [0.28941450, 0.05259820]]), BT = tensor([2.58508301, 2.21550202])
2022-08-02 17:10:20,351 - INFO - child pid = 64355, start training [0 0 1 0 0 1 1 1 0]
2022-08-02 17:10:20,374 - DEBUG - child pid = 64335, finish training [0 0 0 1 1 1 0 1 0], epoch = 103, loss = 0.07444420, K = tensor([[    0.16332512,     3.44904089],
        [    0.00000070,     0.00180249]]), BT = tensor([2.27373505, 2.24392509])
2022-08-02 17:10:20,376 - INFO - child pid = 64335, start training [0 0 1 0 0 1 1 1 1]
2022-08-02 17:10:20,410 - DEBUG - child pid = 64332, finish training [0 0 0 1 1 0 0 1 1], epoch = 178, loss = 0.00722564, K = tensor([[0.06119037, 3.77373314],
        [2.65310764, 2.40511990]]), BT = tensor([3.71336412, 2.04093504])
2022-08-02 17:10:20,411 - DEBUG - child pid = 64346, finish training [0 0 0 1 1 1 1 0 0], epoch = 103, loss = 0.07365880, K = tensor([[    0.11800782,     3.43338203],
        [    0.00000045,     0.01600399]]), BT = tensor([2.40085220, 2.19572973])
2022-08-02 17:10:20,417 - INFO - child pid = 64332, start training [0 0 1 0 1 0 1 0 0]
2022-08-02 17:10:20,417 - INFO - child pid = 64346, start training [0 0 1 0 1 0 1 0 1]
2022-08-02 17:10:20,420 - DEBUG - child pid = 64337, finish training [0 0 0 0 0 0 1 1 0], epoch = 469, loss = 0.00862796, K = tensor([[    0.00000000,     0.03239028],
        [    0.12102539,     0.44671640]]), BT = tensor([2.04364395, 3.36626792])
2022-08-02 17:10:20,422 - INFO - child pid = 64337, start training [0 0 1 0 1 0 1 1 0]
2022-08-02 17:10:20,438 - DEBUG - child pid = 64339, finish training [0 0 0 0 0 1 0 1 0], epoch = 454, loss = 0.12912261, K = tensor([[    0.07018404,     0.31551859],
        [    0.00000000,     0.01396924]]), BT = tensor([3.07899690, 3.50201535])
2022-08-02 17:10:20,450 - INFO - child pid = 64339, start training [0 0 1 0 1 0 1 1 1]
2022-08-02 17:10:20,560 - DEBUG - child pid = 64334, finish training [0 0 0 0 0 0 0 1 1], epoch = 518, loss = 0.05303533, K = tensor([[    0.02327190,     0.00000000],
        [    0.00000000,     2.39289355]]), BT = tensor([2.95385909, 1.37855458])
2022-08-02 17:10:20,564 - INFO - child pid = 64334, start training [0 0 1 0 1 1 1 1 0]
2022-08-02 17:10:20,565 - DEBUG - child pid = 64336, finish training [0 0 0 0 0 0 1 0 1], epoch = 520, loss = 0.07072648, K = tensor([[    0.02604870,     0.00000000],
        [    0.00000000,     0.00889576]]), BT = tensor([2.80424833, 2.45131922])
2022-08-02 17:10:20,576 - INFO - child pid = 64336, start training [0 0 1 0 1 1 1 1 1]
2022-08-02 17:10:20,666 - DEBUG - child pid = 64344, finish training [0 0 0 1 0 0 1 0 0], epoch = 450, loss = 0.00655260, K = tensor([[    0.00000000,     6.12298965],
        [    5.98968315,     4.74281359]]), BT = tensor([2.20957923, 2.89847827])
2022-08-02 17:10:20,673 - INFO - child pid = 64344, start training [0 0 1 1 0 0 0 0 0]
2022-08-02 17:10:20,675 - DEBUG - child pid = 64355, finish training [0 0 1 0 0 1 1 1 0], epoch = 106, loss = 0.01570973, K = tensor([[0.26613578, 0.70804119],
        [0.56447798, 0.30145141]]), BT = tensor([2.56560993, 2.56566691])
2022-08-02 17:10:20,677 - INFO - child pid = 64355, start training [0 0 1 1 0 0 0 0 1]
2022-08-02 17:10:20,686 - DEBUG - child pid = 64348, finish training [0 0 0 0 1 0 0 1 1], epoch = 562, loss = 0.14473496, K = tensor([[    0.10972039,     2.77872038],
        [    0.00000000,     0.16179976]]), BT = tensor([0.55609685, 0.81129676])
2022-08-02 17:10:20,688 - INFO - child pid = 64348, start training [0 0 1 1 0 0 0 1 0]
2022-08-02 17:10:20,758 - DEBUG - child pid = 64332, finish training [0 0 1 0 1 0 1 0 0], epoch = 123, loss = 0.12716991, K = tensor([[    0.89083242,     1.57119524],
        [    0.00000003,     0.46549168]]), BT = tensor([2.83499408, 3.29636240])
2022-08-02 17:10:20,758 - DEBUG - child pid = 64351, finish training [0 0 1 0 0 0 1 0 0], epoch = 206, loss = 0.00887378, K = tensor([[0.04319118, 5.46525526],
        [4.06324673, 0.03921920]]), BT = tensor([3.41382360, 3.86883354])
2022-08-02 17:10:20,761 - INFO - child pid = 64332, start training [0 0 1 1 0 0 0 1 1]
2022-08-02 17:10:20,761 - INFO - child pid = 64351, start training [0 0 1 1 0 0 1 0 0]
2022-08-02 17:10:20,766 - DEBUG - child pid = 64337, finish training [0 0 1 0 1 0 1 1 0], epoch = 112, loss = 0.13206558, K = tensor([[    0.00000013,     0.09463022],
        [    0.15323155,     2.45858097]]), BT = tensor([1.53343260, 2.61758614])
2022-08-02 17:10:20,770 - INFO - child pid = 64337, start training [0 0 1 1 0 0 1 0 1]
2022-08-02 17:10:20,905 - DEBUG - child pid = 64340, finish training [0 0 0 1 0 0 1 1 1], epoch = 528, loss = 0.03344522, K = tensor([[    3.79799414,     0.00028017],
        [    3.30796003,     0.08771220]]), BT = tensor([1.22761154, 1.28410017])
2022-08-02 17:10:20,908 - INFO - child pid = 64340, start training [0 0 1 1 0 0 1 1 0]
2022-08-02 17:10:20,917 - DEBUG - child pid = 64334, finish training [0 0 1 0 1 1 1 1 0], epoch = 123, loss = 0.06312291, K = tensor([[0.00154961, 0.96138042],
        [0.07584701, 0.28963751]]), BT = tensor([2.96439028, 3.12419915])
2022-08-02 17:10:20,934 - INFO - child pid = 64334, start training [0 0 1 1 0 0 1 1 1]
2022-08-02 17:10:21,245 - DEBUG - child pid = 64344, finish training [0 0 1 1 0 0 0 0 0], epoch = 155, loss = 0.06728004, K = tensor([[    1.46133769,     3.84589124],
        [    0.00000000,     0.55954158]]), BT = tensor([2.87404847, 3.28663397])
2022-08-02 17:10:21,249 - INFO - child pid = 64344, start training [0 0 1 1 0 1 0 0 0]
2022-08-02 17:10:21,336 - DEBUG - child pid = 64335, finish training [0 0 1 0 0 1 1 1 1], epoch = 286, loss = 0.00371211, K = tensor([[0.05716958, 0.09231672],
        [0.36122787, 0.06524548]]), BT = tensor([1.78270960, 2.94261384])
2022-08-02 17:10:21,340 - INFO - child pid = 64335, start training [0 0 1 1 0 1 0 0 1]
2022-08-02 17:10:21,350 - DEBUG - child pid = 64342, finish training [0 0 0 1 1 1 0 1 1], epoch = 389, loss = 0.00774661, K = tensor([[    0.06083241,    13.21512794],
        [    4.48783016,     0.00067006]]), BT = tensor([2.83047295, 2.36142278])
2022-08-02 17:10:21,351 - DEBUG - child pid = 64345, finish training [0 0 1 0 0 0 1 1 1], epoch = 315, loss = 0.06301213, K = tensor([[0.03416602, 0.01914098],
        [0.35600609, 0.08328821]]), BT = tensor([1.55459332, 3.21499896])
2022-08-02 17:10:21,353 - INFO - child pid = 64342, start training [0 0 1 1 0 1 0 1 0]
2022-08-02 17:10:21,354 - INFO - child pid = 64345, start training [0 0 1 1 0 1 0 1 1]
2022-08-02 17:10:21,366 - DEBUG - child pid = 64351, finish training [0 0 1 1 0 0 1 0 0], epoch = 187, loss = 0.12048081, K = tensor([[    2.37885690,     3.66038036],
        [    0.00000000,     1.04573643]]), BT = tensor([2.82956457, 3.49856400])
2022-08-02 17:10:21,369 - INFO - child pid = 64351, start training [0 0 1 1 0 1 1 0 0]
2022-08-02 17:10:21,378 - DEBUG - child pid = 64343, finish training [0 0 1 0 0 0 1 0 1], epoch = 362, loss = 0.12228963, K = tensor([[0.02325560, 0.01292235],
        [0.05373191, 0.01342423]]), BT = tensor([1.15157378, 3.78387809])
2022-08-02 17:10:21,397 - INFO - child pid = 64343, start training [0 0 1 1 0 1 1 0 1]
2022-08-02 17:10:21,432 - DEBUG - child pid = 64331, finish training [0 0 1 0 0 0 1 1 0], epoch = 336, loss = 0.09718473, K = tensor([[    0.00006511,     0.02994806],
        [    0.28761303,     0.93929297]]), BT = tensor([0.55597305, 3.67091393])
2022-08-02 17:10:21,436 - INFO - child pid = 64331, start training [0 0 1 1 0 1 1 1 0]
2022-08-02 17:10:21,576 - DEBUG - child pid = 64344, finish training [0 0 1 1 0 1 0 0 0], epoch = 107, loss = 0.06254055, K = tensor([[    0.09827469,     1.61029553],
        [    0.00000222,     0.04588081]]), BT = tensor([2.46173668, 2.90504551])
2022-08-02 17:10:21,579 - INFO - child pid = 64344, start training [0 0 1 1 0 1 1 1 1]
2022-08-02 17:10:21,632 - DEBUG - child pid = 64342, finish training [0 0 1 1 0 1 0 1 0], epoch = 101, loss = 0.13981077, K = tensor([[    0.19208959,     2.57553172],
        [    0.00000036,     0.05043013]]), BT = tensor([1.58626163, 3.09545183])
2022-08-02 17:10:21,635 - INFO - child pid = 64342, start training [0 0 1 1 1 0 0 0 0]
2022-08-02 17:10:21,634 - DEBUG - child pid = 64335, finish training [0 0 1 1 0 1 0 0 1], epoch = 106, loss = 0.10108611, K = tensor([[0.00373496, 0.00862503],
        [0.02868214, 0.02520192]]), BT = tensor([1.02406383, 2.64654326])
2022-08-02 17:10:21,637 - INFO - child pid = 64335, start training [0 0 1 1 1 0 0 0 1]
2022-08-02 17:10:21,702 - DEBUG - child pid = 64351, finish training [0 0 1 1 0 1 1 0 0], epoch = 120, loss = 0.14043540, K = tensor([[    0.22536790,     2.76702857],
        [    0.00000005,     0.04819358]]), BT = tensor([1.48437536, 3.12025523])
2022-08-02 17:10:21,705 - INFO - child pid = 64351, start training [0 0 1 1 1 0 0 1 0]
2022-08-02 17:10:21,708 - DEBUG - child pid = 64346, finish training [0 0 1 0 1 0 1 0 1], epoch = 403, loss = 0.18672907, K = tensor([[    0.03908142,     0.70490706],
        [    0.00000000,     2.08517766]]), BT = tensor([1.01402569, 1.27466166])
2022-08-02 17:10:21,711 - INFO - child pid = 64346, start training [0 0 1 1 1 0 0 1 1]
2022-08-02 17:10:21,716 - DEBUG - child pid = 64356, finish training [0 0 0 0 1 1 1 0 1], epoch = 910, loss = 0.08539835, K = tensor([[7.90115452, 4.02813387],
        [5.60633135, 0.19331461]]), BT = tensor([2.51811051, 2.49407911])
2022-08-02 17:10:21,737 - INFO - child pid = 64356, start training [0 0 1 1 1 0 1 0 0]
2022-08-02 17:10:21,838 - DEBUG - child pid = 64331, finish training [0 0 1 1 0 1 1 1 0], epoch = 146, loss = 0.02254466, K = tensor([[0.58877957, 2.25740004],
        [1.82586861, 0.78799748]]), BT = tensor([2.62528801, 3.61612058])
2022-08-02 17:10:21,842 - INFO - child pid = 64331, start training [0 0 1 1 1 0 1 0 1]
2022-08-02 17:10:21,861 - DEBUG - child pid = 64348, finish training [0 0 1 1 0 0 0 1 0], epoch = 383, loss = 0.16597743, K = tensor([[    1.33632362,    12.66241837],
        [    0.00000000,     0.03167007]]), BT = tensor([0.58170211, 4.96415377])
2022-08-02 17:10:21,865 - INFO - child pid = 64348, start training [0 0 1 1 1 0 1 1 0]
2022-08-02 17:10:21,921 - DEBUG - child pid = 64342, finish training [0 0 1 1 1 0 0 0 0], epoch = 104, loss = 0.04768305, K = tensor([[    0.59812480,     2.15994716],
        [    0.00000001,     0.43943945]]), BT = tensor([3.28483987, 3.33779621])
2022-08-02 17:10:21,924 - INFO - child pid = 64342, start training [0 0 1 1 1 0 1 1 1]
2022-08-02 17:10:21,942 - DEBUG - child pid = 64337, finish training [0 0 1 1 0 0 1 0 1], epoch = 364, loss = 0.16467796, K = tensor([[    0.09219956,    11.31059456],
        [    0.00000000,     0.02800676]]), BT = tensor([1.22117543, 4.91827345])
2022-08-02 17:10:21,945 - INFO - child pid = 64337, start training [0 0 1 1 1 1 0 0 0]
2022-08-02 17:10:21,966 - DEBUG - child pid = 64332, finish training [0 0 1 1 0 0 0 1 1], epoch = 363, loss = 0.16438021, K = tensor([[    0.08925471,    11.14271355],
        [    0.00000000,     0.02784710]]), BT = tensor([1.23059487, 4.92648745])
2022-08-02 17:10:21,969 - INFO - child pid = 64332, start training [0 0 1 1 1 1 0 0 1]
2022-08-02 17:10:22,009 - DEBUG - child pid = 64351, finish training [0 0 1 1 1 0 0 1 0], epoch = 110, loss = 0.10074051, K = tensor([[    0.61772031,     1.86754191],
        [    0.00000000,     0.62673551]]), BT = tensor([3.08715701, 3.40610528])
2022-08-02 17:10:22,012 - INFO - child pid = 64351, start training [0 0 1 1 1 1 0 1 0]
2022-08-02 17:10:22,065 - DEBUG - child pid = 64356, finish training [0 0 1 1 1 0 1 0 0], epoch = 109, loss = 0.08262832, K = tensor([[    0.51253510,     1.62202048],
        [    0.00000012,     0.82447457]]), BT = tensor([3.07609677, 3.42684913])
2022-08-02 17:10:22,069 - INFO - child pid = 64356, start training [0 0 1 1 1 1 0 1 1]
2022-08-02 17:10:22,202 - DEBUG - child pid = 64348, finish training [0 0 1 1 1 0 1 1 0], epoch = 118, loss = 0.02578014, K = tensor([[    0.00000126,     4.57635927],
        [    0.09822436,     0.08578300]]), BT = tensor([2.76569748, 4.15878153])
2022-08-02 17:10:22,205 - INFO - child pid = 64348, start training [0 0 1 1 1 1 1 0 0]
2022-08-02 17:10:22,254 - DEBUG - child pid = 64337, finish training [0 0 1 1 1 1 0 0 0], epoch = 101, loss = 0.82159990, K = tensor([[    0.54877645,     1.50947475],
        [    0.00000001,     0.67594111]]), BT = tensor([1.01427436, 0.02280735])
2022-08-02 17:10:22,252 - DEBUG - child pid = 64355, finish training [0 0 1 1 0 0 0 0 1], epoch = 525, loss = 0.17278498, K = tensor([[    0.00000000,     0.00000000],
        [    0.01166311,     0.01144373]]), BT = tensor([1.02502239, 3.30796003])
2022-08-02 17:10:22,256 - INFO - child pid = 64355, start training [0 0 1 1 1 1 1 1 0]
2022-08-02 17:10:22,255 - INFO - child pid = 64337, start training [0 0 1 1 1 1 1 0 1]
2022-08-02 17:10:22,268 - DEBUG - child pid = 64353, finish training [0 0 0 1 0 1 1 0 1], epoch = 893, loss = 0.13150181, K = tensor([[    0.00000000,    11.65529823],
        [    0.00685927,     0.03452452]]), BT = tensor([3.59184813, 1.54489911])
2022-08-02 17:10:22,272 - INFO - child pid = 64353, start training [0 0 1 1 1 1 1 1 1]
2022-08-02 17:10:22,285 - DEBUG - child pid = 64352, finish training [0 0 0 1 0 0 1 0 1], epoch = 993, loss = 0.10316537, K = tensor([[0.01775078, 4.03114176],
        [0.14036593, 5.00917387]]), BT = tensor([3.45968795, 1.46819687])
2022-08-02 17:10:22,288 - INFO - child pid = 64352, start training [0 1 0 1 0 0 0 0 0]
2022-08-02 17:10:22,356 - DEBUG - child pid = 64356, finish training [0 0 1 1 1 1 0 1 1], epoch = 101, loss = 0.14817077, K = tensor([[    0.00000035,     0.00009772],
        [    0.23834312,     1.20263493]]), BT = tensor([0.44199055, 0.75713599])
2022-08-02 17:10:22,369 - DEBUG - child pid = 64346, finish training [0 0 1 1 1 0 0 1 1], epoch = 225, loss = 0.13042957, K = tensor([[    1.62082279,     4.69303179],
        [    0.00000025,     0.52229315]]), BT = tensor([2.46532273, 3.72759438])
2022-08-02 17:10:22,373 - INFO - child pid = 64356, start training [0 1 0 1 0 0 0 0 1]
2022-08-02 17:10:22,374 - INFO - child pid = 64346, start training [0 1 0 1 0 0 0 1 0]
2022-08-02 17:10:22,444 - DEBUG - child pid = 64351, finish training [0 0 1 1 1 1 0 1 0], epoch = 154, loss = 0.07221312, K = tensor([[    0.29553169,     2.10524273],
        [    0.00000000,     0.28199634]]), BT = tensor([2.77114987, 2.85107946])
2022-08-02 17:10:22,446 - INFO - child pid = 64351, start training [0 1 0 1 0 0 0 1 1]
2022-08-02 17:10:22,460 - DEBUG - child pid = 64331, finish training [0 0 1 1 1 0 1 0 1], epoch = 212, loss = 0.12637728, K = tensor([[    1.50730526,     4.41267586],
        [    0.00000361,     0.55625641]]), BT = tensor([2.47338057, 3.70987225])
2022-08-02 17:10:22,462 - INFO - child pid = 64331, start training [0 1 0 1 0 0 1 0 0]
2022-08-02 17:10:22,493 - DEBUG - child pid = 64344, finish training [0 0 1 1 0 1 1 1 1], epoch = 328, loss = 0.02769368, K = tensor([[1.99488461, 0.13656816],
        [2.52656651, 0.06625527]]), BT = tensor([1.38914537, 3.16871262])
2022-08-02 17:10:22,496 - INFO - child pid = 64344, start training [0 1 0 1 0 0 1 0 1]
2022-08-02 17:10:22,570 - DEBUG - child pid = 64348, finish training [0 0 1 1 1 1 1 0 0], epoch = 132, loss = 0.06820408, K = tensor([[    0.25546995,     1.95472634],
        [    0.00000001,     0.36726686]]), BT = tensor([2.84014654, 2.83565140])
2022-08-02 17:10:22,573 - INFO - child pid = 64348, start training [0 1 0 1 0 0 1 1 0]
2022-08-02 17:10:22,616 - DEBUG - child pid = 64355, finish training [0 0 1 1 1 1 1 1 0], epoch = 131, loss = 0.04903783, K = tensor([[    0.00014993,     5.49116278],
        [    0.42643461,     0.25334805]]), BT = tensor([1.57481647, 3.28508711])
2022-08-02 17:10:22,620 - INFO - child pid = 64355, start training [0 1 0 1 0 0 1 1 1]
2022-08-02 17:10:22,745 - DEBUG - child pid = 64343, finish training [0 0 1 1 0 1 1 0 1], epoch = 476, loss = 0.12361932, K = tensor([[0.00768398, 4.23132610],
        [0.01099434, 0.02730120]]), BT = tensor([3.13410997, 3.18711448])
2022-08-02 17:10:22,749 - INFO - child pid = 64343, start training [0 1 0 1 0 1 0 1 0]
2022-08-02 17:10:22,764 - DEBUG - child pid = 64358, finish training [0 0 0 1 0 0 0 1 1], epoch = 1185, loss = 0.13428670, K = tensor([[0.04800133, 8.79924965],
        [0.00000000, 1.87465405]]), BT = tensor([0.62958711, 1.17536747])
2022-08-02 17:10:22,767 - INFO - child pid = 64358, start training [0 1 0 1 0 1 0 1 1]
2022-08-02 17:10:22,778 - DEBUG - child pid = 64357, finish training [0 0 0 0 1 1 1 1 0], epoch = 1285, loss = 0.11550467, K = tensor([[ 0.03016491, 20.18724632],
        [ 8.84672260,  0.07758109]]), BT = tensor([4.24089384, 1.30436730])
2022-08-02 17:10:22,792 - INFO - child pid = 64357, start training [0 1 0 1 0 1 1 0 0]
2022-08-02 17:10:22,810 - DEBUG - child pid = 64356, finish training [0 1 0 1 0 0 0 0 1], epoch = 150, loss = 0.13929252, K = tensor([[    0.07056228,     0.12818770],
        [    0.42495510,     0.00000000]]), BT = tensor([3.80591488, 2.22664952])
2022-08-02 17:10:22,812 - INFO - child pid = 64356, start training [0 1 0 1 0 1 1 0 1]
2022-08-02 17:10:23,411 - DEBUG - child pid = 64359, finish training [0 0 0 1 0 1 0 1 1], epoch = 1358, loss = 0.11274658, K = tensor([[ 0.00000000, 17.95645714],
        [ 0.02711389,  0.09038695]]), BT = tensor([2.52336574, 1.81072760])
2022-08-02 17:10:23,416 - INFO - child pid = 64359, start training [0 1 0 1 0 1 1 1 0]
2022-08-02 17:10:23,523 - DEBUG - child pid = 64349, finish training [0 0 0 1 1 0 1 0 0], epoch = 1166, loss = 0.06974664, K = tensor([[ 0.00000000, 20.20874596],
        [ 0.76525944,  1.81014788]]), BT = tensor([1.55201912, 3.34873343])
2022-08-02 17:10:23,537 - INFO - child pid = 64349, start training [0 1 0 1 0 1 1 1 1]
2022-08-02 17:10:23,567 - DEBUG - child pid = 64350, finish training [0 0 0 1 1 1 1 0 1], epoch = 1142, loss = 0.09891342, K = tensor([[    0.00000000,    26.25896835],
        [    0.00983102,     0.03653661]]), BT = tensor([2.61227775, 2.38875055])
2022-08-02 17:10:23,570 - INFO - child pid = 64350, start training [0 1 0 1 1 0 0 0 0]
2022-08-02 17:10:23,654 - DEBUG - child pid = 64341, finish training [0 0 0 1 1 1 1 1 1], epoch = 1100, loss = 0.00362646, K = tensor([[    0.30557787,    16.23416519],
        [    0.00946900,     0.00000000]]), BT = tensor([    0.00000000,     2.26780820])
2022-08-02 17:10:23,658 - INFO - child pid = 64341, start training [0 1 0 1 1 0 0 0 1]
2022-08-02 17:10:23,739 - DEBUG - child pid = 64333, finish training [0 0 0 1 1 0 1 1 1], epoch = 1119, loss = 0.01732695, K = tensor([[ 1.12810290, 12.54564571],
        [ 0.25996578,  2.86743212]]), BT = tensor([    0.00000000,     2.04094458])
2022-08-02 17:10:23,753 - INFO - child pid = 64333, start training [0 1 0 1 1 0 0 1 0]
2022-08-02 17:10:23,872 - DEBUG - child pid = 64336, finish training [0 0 1 0 1 1 1 1 1], epoch = 952, loss = 0.03353764, K = tensor([[3.69750667, 0.01951725],
        [0.02050168, 3.35513210]]), BT = tensor([3.43474817, 3.47728205])
2022-08-02 17:10:23,892 - INFO - child pid = 64336, start training [0 1 0 1 1 0 0 1 1]
2022-08-02 17:10:23,894 - DEBUG - child pid = 64349, finish training [0 1 0 1 0 1 1 1 1], epoch = 101, loss = 0.14822504, K = tensor([[    1.14228618,     0.19122003],
        [    0.00000020,     0.00706046]]), BT = tensor([0.88701361, 0.17979293])
2022-08-02 17:10:23,897 - INFO - child pid = 64349, start training [0 1 0 1 1 0 1 0 0]
2022-08-02 17:10:23,905 - DEBUG - child pid = 64350, finish training [0 1 0 1 1 0 0 0 0], epoch = 107, loss = 0.11429848, K = tensor([[0.04262492, 0.46850482],
        [0.04892960, 0.00176136]]), BT = tensor([2.37176132, 0.02234775])
2022-08-02 17:10:23,907 - INFO - child pid = 64350, start training [0 1 0 1 1 0 1 0 1]
2022-08-02 17:10:23,910 - DEBUG - child pid = 64346, finish training [0 1 0 1 0 0 0 1 0], epoch = 450, loss = 0.17260440, K = tensor([[0.01948521, 0.49197581],
        [0.01390808, 0.00486535]]), BT = tensor([3.35437369, 0.20781124])
2022-08-02 17:10:23,927 - INFO - child pid = 64346, start training [0 1 0 1 1 0 1 1 0]
2022-08-02 17:10:23,946 - DEBUG - child pid = 64338, finish training [0 0 0 1 1 1 1 1 0], epoch = 1151, loss = 0.08188292, K = tensor([[ 0.00000000, 24.45067406],
        [ 0.02470577,  0.00000000]]), BT = tensor([1.85104740, 2.41302347])
2022-08-02 17:10:23,959 - INFO - child pid = 64338, start training [0 1 0 1 1 0 1 1 1]
2022-08-02 17:10:24,021 - DEBUG - child pid = 64351, finish training [0 1 0 1 0 0 0 1 1], epoch = 497, loss = 0.19629997, K = tensor([[    0.79326397,     0.16473483],
        [    0.01558115,     0.00000000]]), BT = tensor([3.20008731, 1.21745205])
2022-08-02 17:10:24,034 - INFO - child pid = 64351, start training [0 1 0 1 1 1 0 1 0]
2022-08-02 17:10:24,070 - DEBUG - child pid = 64331, finish training [0 1 0 1 0 0 1 0 0], epoch = 390, loss = 0.06890962, K = tensor([[    0.00000000,     1.54174948],
        [    1.28338814,     3.46462226]]), BT = tensor([2.63129783, 3.16689944])
2022-08-02 17:10:24,073 - INFO - child pid = 64331, start training [0 1 0 1 1 1 0 1 1]
2022-08-02 17:10:24,078 - DEBUG - child pid = 64333, finish training [0 1 0 1 1 0 0 1 0], epoch = 103, loss = 0.15851849, K = tensor([[0.03328881, 0.59545624],
        [0.02222361, 0.00080652]]), BT = tensor([3.04047346, 0.01182690])
2022-08-02 17:10:24,080 - INFO - child pid = 64333, start training [0 1 0 1 1 1 1 0 0]
2022-08-02 17:10:24,127 - DEBUG - child pid = 64335, finish training [0 0 1 1 1 0 0 0 1], epoch = 703, loss = 0.20109846, K = tensor([[    0.00918334,     0.00000000],
        [    1.02643418,     0.15250236]]), BT = tensor([4.40524340, 1.13055694])
2022-08-02 17:10:24,131 - INFO - child pid = 64335, start training [0 1 0 1 1 1 1 0 1]
2022-08-02 17:10:24,152 - DEBUG - child pid = 64345, finish training [0 0 1 1 0 1 0 1 1], epoch = 882, loss = 0.11415192, K = tensor([[    8.72667694,     0.00000000],
        [    0.04118717,     0.01655802]]), BT = tensor([3.00317049, 2.57855344])
2022-08-02 17:10:24,155 - INFO - child pid = 64345, start training [0 1 0 1 1 1 1 1 0]
2022-08-02 17:10:24,209 - DEBUG - child pid = 64344, finish training [0 1 0 1 0 0 1 0 1], epoch = 497, loss = 0.19491966, K = tensor([[    0.65351611,     0.15032046],
        [    0.01618827,     0.00000000]]), BT = tensor([3.11112094, 1.28537035])
2022-08-02 17:10:24,217 - INFO - child pid = 64344, start training [0 1 0 1 1 1 1 1 1]
2022-08-02 17:10:24,230 - DEBUG - child pid = 64346, finish training [0 1 0 1 1 0 1 1 0], epoch = 101, loss = 0.12165913, K = tensor([[0.02423126, 0.49122724],
        [0.04179144, 0.01919450]]), BT = tensor([2.04540420, 0.14610694])
2022-08-02 17:10:24,234 - DEBUG - child pid = 64355, finish training [0 1 0 1 0 0 1 1 1], epoch = 541, loss = 0.11479121, K = tensor([[    0.27737805,     0.06289047],
        [    0.01646012,     0.00000000]]), BT = tensor([2.84867668, 2.59723163])
2022-08-02 17:10:24,222 - DEBUG - child pid = 64348, finish training [0 1 0 1 0 0 1 1 0], epoch = 520, loss = 0.11825384, K = tensor([[0.01017912, 0.13401011],
        [0.17510158, 0.01126103]]), BT = tensor([    3.76028562,     0.00049206])
2022-08-02 17:10:24,243 - INFO - child pid = 64355, start training [0 1 1 1 0 0 1 0 1]
2022-08-02 17:10:24,243 - INFO - child pid = 64346, start training [0 1 1 1 0 0 1 0 0]
2022-08-02 17:10:24,244 - INFO - child pid = 64348, start training [0 1 1 1 0 0 1 1 0]
2022-08-02 17:10:24,330 - DEBUG - child pid = 64357, finish training [0 1 0 1 0 1 1 0 0], epoch = 521, loss = 0.22222993, K = tensor([[    0.11738500,     1.40679586],
        [    0.00000000,     0.00000000]]), BT = tensor([1.90448654, 1.32148540])
2022-08-02 17:10:24,334 - INFO - child pid = 64357, start training [0 1 1 1 0 0 1 1 1]
2022-08-02 17:10:24,436 - DEBUG - child pid = 64332, finish training [0 0 1 1 1 1 0 0 1], epoch = 640, loss = 0.12306724, K = tensor([[    0.00916984,     0.00000000],
        [    0.36966014,     0.09103805]]), BT = tensor([4.16878462, 2.44017529])
2022-08-02 17:10:24,442 - INFO - child pid = 64332, start training [0 1 1 1 0 1 1 1 0]
2022-08-02 17:10:24,449 - DEBUG - child pid = 64335, finish training [0 1 0 1 1 1 1 0 1], epoch = 105, loss = 0.22224590, K = tensor([[0.00851581, 0.45276588],
        [0.02079639, 0.12723425]]), BT = tensor([0.32518008, 0.00558752])
2022-08-02 17:10:24,452 - INFO - child pid = 64335, start training [0 1 1 1 0 1 1 1 1]
2022-08-02 17:10:24,476 - DEBUG - child pid = 64349, finish training [0 1 0 1 1 0 1 0 0], epoch = 208, loss = 0.14466518, K = tensor([[0.00972617, 0.57073498],
        [0.02352501, 0.00130447]]), BT = tensor([3.17562079, 0.00907904])
2022-08-02 17:10:24,479 - INFO - child pid = 64349, start training [0 1 1 1 1 0 1 0 0]
2022-08-02 17:10:24,522 - DEBUG - child pid = 64333, finish training [0 1 0 1 1 1 1 0 0], epoch = 144, loss = 0.21404935, K = tensor([[0.02099662, 0.67496961],
        [0.08939016, 0.04642003]]), BT = tensor([    2.05361605,     0.00000030])
2022-08-02 17:10:24,525 - INFO - child pid = 64333, start training [0 1 1 1 1 0 1 0 1]
2022-08-02 17:10:24,563 - DEBUG - child pid = 64339, finish training [0 0 1 0 1 0 1 1 1], epoch = 1273, loss = 0.09330983, K = tensor([[6.06297207, 0.40652829],
        [6.24685192, 3.46824002]]), BT = tensor([2.39073086, 2.79143906])
2022-08-02 17:10:24,568 - INFO - child pid = 64339, start training [0 1 1 1 1 0 1 1 0]
2022-08-02 17:10:24,618 - DEBUG - child pid = 64343, finish training [0 1 0 1 0 1 0 1 0], epoch = 531, loss = 0.22223060, K = tensor([[    0.11664036,     1.40131545],
        [    0.00000000,     0.00000000]]), BT = tensor([1.91052198, 1.32270038])
2022-08-02 17:10:24,621 - INFO - child pid = 64343, start training [0 1 1 1 1 0 1 1 1]
2022-08-02 17:10:24,627 - DEBUG - child pid = 64357, finish training [0 1 1 1 0 0 1 1 1], epoch = 103, loss = 0.17356056, K = tensor([[0.06445830, 0.05054751],
        [0.09495781, 0.04961749]]), BT = tensor([1.49770415, 0.03731859])
2022-08-02 17:10:24,639 - INFO - child pid = 64357, start training [0 1 1 1 1 1 1 1 0]
2022-08-02 17:10:24,696 - DEBUG - child pid = 64341, finish training [0 1 0 1 1 0 0 0 1], epoch = 325, loss = 0.20337437, K = tensor([[0.01231202, 0.56718415],
        [0.61354756, 0.00142880]]), BT = tensor([    4.26540613,     0.00000218])
2022-08-02 17:10:24,699 - INFO - child pid = 64341, start training [0 1 1 1 1 1 1 1 1]
2022-08-02 17:10:24,750 - DEBUG - child pid = 64332, finish training [0 1 1 1 0 1 1 1 0], epoch = 105, loss = 0.22220458, K = tensor([[0.01648208, 0.25822592],
        [0.00791861, 0.43976155]]), BT = tensor([    0.35762352,     0.00001919])
2022-08-02 17:10:24,753 - INFO - child pid = 64332, start training [1 0 0 0 0 0 0 0 0]
2022-08-02 17:10:24,764 - DEBUG - child pid = 64353, finish training [0 0 1 1 1 1 1 1 1], epoch = 819, loss = 0.00231190, K = tensor([[    6.83560038,     1.69161165],
        [    0.15693392,     0.00000000]]), BT = tensor([3.41318870, 1.46074176])
2022-08-02 17:10:24,767 - INFO - child pid = 64353, start training [1 0 0 0 0 0 0 0 1]
2022-08-02 17:10:24,830 - DEBUG - child pid = 64342, finish training [0 0 1 1 1 0 1 1 1], epoch = 910, loss = 0.08730674, K = tensor([[2.92032814, 8.81490040],
        [1.17213345, 3.26493168]]), BT = tensor([0.01959727, 2.35956693])
2022-08-02 17:10:24,832 - DEBUG - child pid = 64358, finish training [0 1 0 1 0 1 0 1 1], epoch = 717, loss = 0.22322348, K = tensor([[    5.75782299,     0.48348698],
        [    0.00000000,     0.00041140]]), BT = tensor([0.96114975, 0.00182871])
2022-08-02 17:10:24,833 - INFO - child pid = 64358, start training [1 0 0 0 0 0 0 1 0]
2022-08-02 17:10:24,834 - INFO - child pid = 64342, start training [1 0 0 0 0 0 0 1 1]
2022-08-02 17:10:24,835 - DEBUG - child pid = 64345, finish training [0 1 0 1 1 1 1 1 0], epoch = 241, loss = 0.09379139, K = tensor([[    0.00000000,     1.04590499],
        [    0.07076705,     1.05367780]]), BT = tensor([3.04159188, 2.37219405])
2022-08-02 17:10:24,836 - INFO - child pid = 64345, start training [1 0 0 0 0 0 1 0 0]
2022-08-02 17:10:24,910 - DEBUG - child pid = 64354, finish training [0 0 0 0 1 1 0 1 1], epoch = 2000, loss = 0.03266709, K = tensor([[ 0.88678843,  2.53911352],
        [26.61478233,  0.00000000]]), BT = tensor([1.32749939, 1.53161538])
2022-08-02 17:10:24,913 - INFO - child pid = 64354, start training [1 0 0 0 0 0 1 0 1]
2022-08-02 17:10:24,934 - DEBUG - child pid = 64356, finish training [0 1 0 1 0 1 1 0 1], epoch = 716, loss = 0.22322337, K = tensor([[    5.75594521,     0.48598328],
        [    0.00000000,     0.00039410]]), BT = tensor([0.95884341, 0.00126670])
2022-08-02 17:10:24,937 - INFO - child pid = 64356, start training [1 0 0 0 0 0 1 1 0]
2022-08-02 17:10:24,986 - DEBUG - child pid = 64351, finish training [0 1 0 1 1 1 0 1 0], epoch = 321, loss = 0.21234131, K = tensor([[0.00672246, 0.66915023],
        [0.00732367, 0.04466245]]), BT = tensor([    4.36410618,     0.00000000])
2022-08-02 17:10:24,989 - INFO - child pid = 64351, start training [1 0 0 0 0 0 1 1 1]
2022-08-02 17:10:25,034 - DEBUG - child pid = 64352, finish training [0 1 0 1 0 0 0 0 0], epoch = 926, loss = 0.11341108, K = tensor([[    0.04165856,     0.14629520],
        [    0.07038833,     0.00000000]]), BT = tensor([3.32541752, 1.42195785])
2022-08-02 17:10:25,038 - INFO - child pid = 64352, start training [1 0 0 0 0 1 0 1 0]
2022-08-02 17:10:25,125 - DEBUG - child pid = 64337, finish training [0 0 1 1 1 1 1 0 1], epoch = 870, loss = 0.06588237, K = tensor([[0.35200062, 4.55067396],
        [0.45931816, 0.09523068]]), BT = tensor([1.86749566, 3.69986439])
2022-08-02 17:10:25,128 - INFO - child pid = 64337, start training [1 0 0 0 0 1 0 1 1]
2022-08-02 17:10:25,162 - DEBUG - child pid = 64353, finish training [1 0 0 0 0 0 0 0 1], epoch = 143, loss = 0.01423143, K = tensor([[    0.88606799,     0.07636311],
        [    2.24257708,     0.00000167]]), BT = tensor([3.19153881, 3.15335393])
2022-08-02 17:10:25,165 - INFO - child pid = 64353, start training [1 0 0 0 0 1 1 0 0]
2022-08-02 17:10:25,214 - DEBUG - child pid = 64348, finish training [0 1 1 1 0 0 1 1 0], epoch = 343, loss = 0.03245847, K = tensor([[    2.82046676,     2.69223762],
        [    3.97794819,     0.00322314]]), BT = tensor([3.52165937, 2.48518515])
2022-08-02 17:10:25,217 - INFO - child pid = 64348, start training [1 0 0 0 0 1 1 0 1]
2022-08-02 17:10:25,286 - DEBUG - child pid = 64349, finish training [0 1 1 1 1 0 1 0 0], epoch = 285, loss = 0.22256306, K = tensor([[    0.04714442,     0.63728380],
        [    0.00000000,     0.01716991]]), BT = tensor([    1.29685819,     0.00000201])
2022-08-02 17:10:25,290 - INFO - child pid = 64349, start training [1 0 0 0 0 1 1 1 0]
2022-08-02 17:10:25,363 - DEBUG - child pid = 64338, finish training [0 1 0 1 1 0 1 1 1], epoch = 493, loss = 0.08811366, K = tensor([[0.56139922, 0.24506186],
        [0.03711134, 0.01138024]]), BT = tensor([    2.20259738,     0.00000760])
2022-08-02 17:10:25,366 - INFO - child pid = 64338, start training [1 0 0 0 0 1 1 1 1]
2022-08-02 17:10:25,394 - DEBUG - child pid = 64350, finish training [0 1 0 1 1 0 1 0 1], epoch = 526, loss = 0.17875032, K = tensor([[0.71705151, 0.44613543],
        [0.01468516, 0.01766394]]), BT = tensor([    4.04315138,     0.00034150])
2022-08-02 17:10:25,397 - INFO - child pid = 64350, start training [1 0 0 0 1 0 0 0 0]
2022-08-02 17:10:25,434 - DEBUG - child pid = 64360, finish training [0 0 0 1 0 1 1 1 0], epoch = 2000, loss = 0.10613309, K = tensor([[ 3.29760838, 22.08720970],
        [25.31694984,  0.00000000]]), BT = tensor([0.94348019, 1.36308825])
2022-08-02 17:10:25,437 - INFO - child pid = 64360, start training [1 0 0 0 1 0 0 0 1]
2022-08-02 17:10:25,590 - DEBUG - child pid = 64336, finish training [0 1 0 1 1 0 0 1 1], epoch = 573, loss = 0.18078889, K = tensor([[0.82519215, 0.43991524],
        [0.01427278, 0.01817433]]), BT = tensor([    4.12236357,     0.00008351])
2022-08-02 17:10:25,589 - DEBUG - child pid = 64351, finish training [1 0 0 0 0 0 1 1 1], epoch = 208, loss = 0.09598771, K = tensor([[    0.02234948,     0.01877770],
        [    0.01494418,     0.00000000]]), BT = tensor([1.85625505, 2.52111149])
2022-08-02 17:10:25,594 - INFO - child pid = 64336, start training [1 0 0 0 1 0 0 1 0]
2022-08-02 17:10:25,601 - INFO - child pid = 64351, start training [1 0 0 0 1 0 0 1 1]
2022-08-02 17:10:25,715 - DEBUG - child pid = 64343, finish training [0 1 1 1 1 0 1 1 1], epoch = 381, loss = 0.06749993, K = tensor([[3.07161665, 0.56911802],
        [2.55772138, 0.37526733]]), BT = tensor([3.55843663, 2.53539848])
2022-08-02 17:10:25,718 - INFO - child pid = 64343, start training [1 0 0 0 1 0 1 0 0]
2022-08-02 17:10:25,731 - DEBUG - child pid = 64360, finish training [1 0 0 0 1 0 0 0 1], epoch = 104, loss = 0.09913369, K = tensor([[    0.60419035,     0.55753809],
        [    1.97448325,     0.00000348]]), BT = tensor([2.97472358, 2.01488829])
2022-08-02 17:10:25,734 - INFO - child pid = 64360, start training [1 0 0 0 1 0 1 0 1]
2022-08-02 17:10:25,743 - DEBUG - child pid = 64357, finish training [0 1 1 1 1 1 1 1 0], epoch = 388, loss = 0.16861948, K = tensor([[    0.01937953,     0.42677751],
        [    0.00000000,     0.20003702]]), BT = tensor([    1.18576002,     0.00000000])
2022-08-02 17:10:25,746 - INFO - child pid = 64357, start training [1 0 0 0 1 0 1 1 0]
2022-08-02 17:10:25,772 - DEBUG - child pid = 64333, finish training [0 1 1 1 1 0 1 0 1], epoch = 399, loss = 0.22184896, K = tensor([[0.04478410, 0.22562864],
        [0.12312736, 0.05150023]]), BT = tensor([0.48682258, 0.00072244])
2022-08-02 17:10:25,775 - INFO - child pid = 64333, start training [1 0 0 0 1 0 1 1 1]
2022-08-02 17:10:25,793 - DEBUG - child pid = 64358, finish training [1 0 0 0 0 0 0 1 0], epoch = 328, loss = 0.06776325, K = tensor([[2.40066218, 0.35911831],
        [2.67177963, 0.56460232]]), BT = tensor([3.69322729, 2.57486081])
2022-08-02 17:10:25,795 - INFO - child pid = 64358, start training [1 0 0 0 1 1 0 1 0]
2022-08-02 17:10:25,803 - DEBUG - child pid = 64347, finish training [0 0 0 1 1 0 1 0 1], epoch = 1931, loss = 0.10778388, K = tensor([[ 0.00000000, 24.52727890],
        [12.12900257,  2.65616989]]), BT = tensor([0.97135633, 2.89896441])
2022-08-02 17:10:25,818 - INFO - child pid = 64347, start training [1 0 0 0 1 1 0 1 1]
2022-08-02 17:10:25,903 - DEBUG - child pid = 64349, finish training [1 0 0 0 0 1 1 1 0], epoch = 205, loss = 0.14811240, K = tensor([[0.08663566, 0.11079042],
        [0.47503129, 0.08228718]]), BT = tensor([2.50757647, 2.98447490])
2022-08-02 17:10:25,906 - INFO - child pid = 64349, start training [1 0 0 0 1 1 1 0 0]
2022-08-02 17:10:25,910 - DEBUG - child pid = 64339, finish training [0 1 1 1 1 0 1 1 0], epoch = 362, loss = 0.17289899, K = tensor([[    0.00000000,     0.32502401],
        [    0.01327055,     0.00216299]]), BT = tensor([3.25942874, 0.02448469])
2022-08-02 17:10:25,916 - INFO - child pid = 64339, start training [1 0 0 0 1 1 1 0 1]
2022-08-02 17:10:25,999 - DEBUG - child pid = 64345, finish training [1 0 0 0 0 0 1 0 0], epoch = 406, loss = 0.01220072, K = tensor([[0.09598005, 1.96522450],
        [4.48719168, 4.60483885]]), BT = tensor([3.92886090, 3.04735208])
2022-08-02 17:10:26,007 - INFO - child pid = 64345, start training [1 0 0 0 1 1 1 1 0]
2022-08-02 17:10:26,055 - DEBUG - child pid = 64343, finish training [1 0 0 0 1 0 1 0 0], epoch = 105, loss = 0.14816779, K = tensor([[    0.00007994,     0.47326326],
        [    1.06659889,     0.00918377]]), BT = tensor([1.09263945, 0.21422066])
2022-08-02 17:10:26,058 - INFO - child pid = 64343, start training [1 0 0 0 1 1 1 1 1]
2022-08-02 17:10:26,143 - DEBUG - child pid = 64356, finish training [1 0 0 0 0 0 1 1 0], epoch = 429, loss = 0.02102101, K = tensor([[1.18395269, 0.15003252],
        [1.46610379, 0.88447773]]), BT = tensor([3.08184505, 3.87459755])
2022-08-02 17:10:26,146 - INFO - child pid = 64356, start training [1 0 0 1 0 0 0 0 0]
2022-08-02 17:10:26,206 - DEBUG - child pid = 64334, finish training [0 0 1 1 0 0 1 1 1], epoch = 1591, loss = 0.07634376, K = tensor([[ 0.00000000,  7.26892948],
        [ 0.03351413, 20.08295059]]), BT = tensor([2.81893730, 1.13741219])
2022-08-02 17:10:26,210 - INFO - child pid = 64334, start training [1 0 0 1 0 0 0 0 1]
2022-08-02 17:10:26,289 - DEBUG - child pid = 64346, finish training [0 1 1 1 0 0 1 0 0], epoch = 708, loss = 0.22322157, K = tensor([[    5.76141167,     1.06981659],
        [    0.00000001,     0.00044356]]), BT = tensor([    0.99404269,     0.00040602])
2022-08-02 17:10:26,292 - INFO - child pid = 64346, start training [1 0 0 1 0 0 0 1 0]
2022-08-02 17:10:26,345 - DEBUG - child pid = 64342, finish training [1 0 0 0 0 0 0 1 1], epoch = 518, loss = 0.17281587, K = tensor([[    0.01202424,     0.01201526],
        [    0.00000000,     0.00000000]]), BT = tensor([2.10478592, 2.26656771])
2022-08-02 17:10:26,344 - DEBUG - child pid = 64353, finish training [1 0 0 0 0 1 1 0 0], epoch = 401, loss = 0.12095899, K = tensor([[0.06353905, 0.24049388],
        [2.91925716, 0.60059392]]), BT = tensor([2.74158359, 1.86094439])
2022-08-02 17:10:26,347 - INFO - child pid = 64342, start training [1 0 0 1 0 0 0 1 1]
2022-08-02 17:10:26,348 - INFO - child pid = 64353, start training [1 0 0 1 0 0 1 0 0]
2022-08-02 17:10:26,362 - DEBUG - child pid = 64337, finish training [1 0 0 0 0 1 0 1 1], epoch = 391, loss = 0.19817348, K = tensor([[    0.04237791,     0.00000000],
        [    0.00000000,     0.04257102]]), BT = tensor([1.47091770, 1.43065345])
2022-08-02 17:10:26,365 - INFO - child pid = 64337, start training [1 0 0 1 0 0 1 0 1]
2022-08-02 17:10:26,370 - DEBUG - child pid = 64343, finish training [1 0 0 0 1 1 1 1 1], epoch = 104, loss = 0.14822261, K = tensor([[    1.11120355,     0.13120414],
        [    0.00000113,     0.01107802]]), BT = tensor([0.92009991, 0.13190882])
2022-08-02 17:10:26,372 - INFO - child pid = 64343, start training [1 0 0 1 0 0 1 1 0]
2022-08-02 17:10:26,559 - DEBUG - child pid = 64351, finish training [1 0 0 0 1 0 0 1 1], epoch = 327, loss = 0.03382472, K = tensor([[1.26958621, 0.49337241],
        [7.94963121, 0.86908168]]), BT = tensor([4.21532774, 3.80993080])
2022-08-02 17:10:26,564 - INFO - child pid = 64351, start training [1 0 0 1 0 0 1 1 1]
2022-08-02 17:10:26,627 - DEBUG - child pid = 64332, finish training [1 0 0 0 0 0 0 0 0], epoch = 575, loss = 0.00073597, K = tensor([[4.05088472, 0.88978255],
        [2.86865759, 0.39172390]]), BT = tensor([3.81591654, 1.99301267])
2022-08-02 17:10:26,629 - INFO - child pid = 64332, start training [1 0 0 1 0 1 0 0 0]
2022-08-02 17:10:26,670 - DEBUG - child pid = 64334, finish training [1 0 0 1 0 0 0 0 1], epoch = 101, loss = 0.04170523, K = tensor([[    0.17074919,     0.14868291],
        [    3.34007549,     0.00148251]]), BT = tensor([3.57914519, 1.76724875])
2022-08-02 17:10:26,677 - INFO - child pid = 64334, start training [1 0 0 1 0 1 0 0 1]
2022-08-02 17:10:26,753 - DEBUG - child pid = 64352, finish training [1 0 0 0 0 1 0 1 0], epoch = 585, loss = 0.14418678, K = tensor([[0.10157287, 1.16128802],
        [0.60315800, 2.31964588]]), BT = tensor([3.57307339, 3.36792159])
2022-08-02 17:10:26,757 - INFO - child pid = 64352, start training [1 0 0 1 0 1 0 1 0]
2022-08-02 17:10:26,779 - DEBUG - child pid = 64354, finish training [1 0 0 0 0 0 1 0 1], epoch = 643, loss = 0.17225964, K = tensor([[    0.01174015,     0.01104072],
        [    0.00340853,     0.00000000]]), BT = tensor([2.22719812, 2.64305282])
2022-08-02 17:10:26,789 - INFO - child pid = 64354, start training [1 0 0 1 0 1 0 1 1]
2022-08-02 17:10:26,836 - DEBUG - child pid = 64360, finish training [1 0 0 0 1 0 1 0 1], epoch = 369, loss = 0.11875611, K = tensor([[3.07423878, 1.31573796],
        [4.04075766, 0.56704807]]), BT = tensor([3.58385921, 2.90477562])
2022-08-02 17:10:26,840 - INFO - child pid = 64360, start training [1 0 0 1 0 1 1 0 0]
2022-08-02 17:10:26,883 - DEBUG - child pid = 64350, finish training [1 0 0 0 1 0 0 0 0], epoch = 477, loss = 0.07275776, K = tensor([[3.46382523, 4.15273619],
        [3.53450394, 1.00652730]]), BT = tensor([3.54925060, 2.20823121])
2022-08-02 17:10:26,883 - DEBUG - child pid = 64338, finish training [1 0 0 0 0 1 1 1 1], epoch = 437, loss = 0.14454833, K = tensor([[    0.02255674,     0.01757279],
        [    0.00000000,     0.01184754]]), BT = tensor([1.88594759, 2.17940211])
2022-08-02 17:10:26,886 - INFO - child pid = 64350, start training [1 0 0 1 0 1 1 0 1]
2022-08-02 17:10:26,887 - INFO - child pid = 64338, start training [1 0 0 1 0 1 1 1 0]
2022-08-02 17:10:26,903 - DEBUG - child pid = 64344, finish training [0 1 0 1 1 1 1 1 1], epoch = 878, loss = 0.01554152, K = tensor([[12.84413719,  3.87454367],
        [ 0.09794273,  3.18170428]]), BT = tensor([3.86487317, 2.71659636])
2022-08-02 17:10:26,906 - INFO - child pid = 64344, start training [1 0 0 1 0 1 1 1 1]
2022-08-02 17:10:27,020 - DEBUG - child pid = 64340, finish training [0 0 1 1 0 0 1 1 0], epoch = 1882, loss = 0.11374554, K = tensor([[ 0.00000000,  6.30365372],
        [ 0.11043642, 35.66317749]]), BT = tensor([1.10271943, 1.21486199])
2022-08-02 17:10:27,024 - INFO - child pid = 64340, start training [1 0 0 1 1 0 0 0 0]
2022-08-02 17:10:27,029 - DEBUG - child pid = 64349, finish training [1 0 0 0 1 1 1 0 0], epoch = 359, loss = 0.24268682, K = tensor([[    0.01864731,     0.43345180],
        [    0.00000000,     0.00057520]]), BT = tensor([1.33941424, 0.00931593])
2022-08-02 17:10:27,032 - INFO - child pid = 64349, start training [1 0 0 1 1 0 0 0 1]
2022-08-02 17:10:27,089 - DEBUG - child pid = 64348, finish training [1 0 0 0 0 1 1 0 1], epoch = 566, loss = 0.20499797, K = tensor([[    0.03466072,     0.00000000],
        [    0.00000000,     0.00857748]]), BT = tensor([1.61076355, 3.06774306])
2022-08-02 17:10:27,094 - INFO - child pid = 64348, start training [1 0 0 1 1 0 0 1 0]
2022-08-02 17:10:27,236 - DEBUG - child pid = 64342, finish training [1 0 0 1 0 0 0 1 1], epoch = 198, loss = 0.01859172, K = tensor([[    0.07886657,     0.07279949],
        [    6.07589674,     0.00000798]]), BT = tensor([4.32133579, 2.62532973])
2022-08-02 17:10:27,240 - INFO - child pid = 64342, start training [1 0 0 1 1 0 0 1 1]
2022-08-02 17:10:27,309 - DEBUG - child pid = 64356, finish training [1 0 0 1 0 0 0 0 0], epoch = 390, loss = 0.00044648, K = tensor([[0.08142321, 0.48168746],
        [6.33636904, 0.25677180]]), BT = tensor([3.99795032, 1.14739716])
2022-08-02 17:10:27,313 - INFO - child pid = 64356, start training [1 0 0 1 1 0 1 0 0]
2022-08-02 17:10:27,323 - DEBUG - child pid = 64344, finish training [1 0 0 1 0 1 1 1 1], epoch = 104, loss = 0.14819668, K = tensor([[    1.11376774,     0.19134679],
        [    0.00000068,     0.00789171]]), BT = tensor([0.91334754, 0.13108081])
2022-08-02 17:10:27,325 - INFO - child pid = 64344, start training [1 0 0 1 1 0 1 0 1]
2022-08-02 17:10:27,376 - DEBUG - child pid = 64351, finish training [1 0 0 1 0 0 1 1 1], epoch = 220, loss = 0.00864727, K = tensor([[    0.17506008,     0.05469692],
        [    6.20746851,     0.00000028]]), BT = tensor([2.24043179, 2.54605436])
2022-08-02 17:10:27,379 - INFO - child pid = 64351, start training [1 0 0 1 1 0 1 1 0]
2022-08-02 17:10:27,523 - DEBUG - child pid = 64360, finish training [1 0 0 1 0 1 1 0 0], epoch = 236, loss = 0.06458775, K = tensor([[    0.00000006,     0.19805191],
        [    8.06258106,     0.26430580]]), BT = tensor([2.65498281, 1.47556090])
2022-08-02 17:10:27,525 - INFO - child pid = 64360, start training [1 0 0 1 1 0 1 1 1]
2022-08-02 17:10:27,620 - DEBUG - child pid = 64356, finish training [1 0 0 1 1 0 1 0 0], epoch = 101, loss = 0.07408256, K = tensor([[    0.00002811,     0.57226694],
        [    2.62962842,     0.00637965]]), BT = tensor([1.36522496, 0.03695029])
2022-08-02 17:10:27,624 - INFO - child pid = 64356, start training [1 0 0 1 1 1 0 0 0]
2022-08-02 17:10:27,711 - DEBUG - child pid = 64346, finish training [1 0 0 1 0 0 0 1 0], epoch = 399, loss = 0.02009093, K = tensor([[0.69026715, 0.03770984],
        [4.26602936, 2.51273632]]), BT = tensor([3.49933481, 3.09734726])
2022-08-02 17:10:27,714 - INFO - child pid = 64346, start training [1 0 0 1 1 1 0 0 1]
2022-08-02 17:10:27,749 - DEBUG - child pid = 64357, finish training [1 0 0 0 1 0 1 1 0], epoch = 572, loss = 0.11906634, K = tensor([[0.00873817, 0.06061811],
        [0.13565169, 0.29967853]]), BT = tensor([3.81376696, 0.23855413])
2022-08-02 17:10:27,753 - INFO - child pid = 64357, start training [1 0 0 1 1 1 0 1 0]
2022-08-02 17:10:27,751 - DEBUG - child pid = 64353, finish training [1 0 0 1 0 0 1 0 0], epoch = 411, loss = 0.00000717, K = tensor([[    0.00000000,     0.01064064],
        [    6.83043528,     0.34715047]]), BT = tensor([2.13228726, 0.85139573])
2022-08-02 17:10:27,763 - INFO - child pid = 64353, start training [1 0 0 1 1 1 0 1 1]
2022-08-02 17:10:27,852 - DEBUG - child pid = 64337, finish training [1 0 0 1 0 0 1 0 1], epoch = 331, loss = 0.06984180, K = tensor([[    0.03341502,     0.04105038],
        [    9.99189377,     0.00000000]]), BT = tensor([3.95736718, 2.06485224])
2022-08-02 17:10:27,856 - DEBUG - child pid = 64358, finish training [1 0 0 0 1 1 0 1 0], epoch = 704, loss = 0.23852314, K = tensor([[0.00543042, 0.41810250],
        [0.00571241, 0.00177442]]), BT = tensor([3.25412273, 0.01257934])
2022-08-02 17:10:27,858 - INFO - child pid = 64358, start training [1 0 0 1 1 1 1 0 1]
2022-08-02 17:10:27,857 - INFO - child pid = 64337, start training [1 0 0 1 1 1 1 0 0]
2022-08-02 17:10:27,898 - DEBUG - child pid = 64347, finish training [1 0 0 0 1 1 0 1 1], epoch = 633, loss = 0.07331860, K = tensor([[    1.44106579,     3.50955296],
        [    0.00000000,     7.33621216]]), BT = tensor([2.27115607, 3.34003162])
2022-08-02 17:10:27,901 - INFO - child pid = 64347, start training [1 0 0 1 1 1 1 1 0]
2022-08-02 17:10:27,902 - DEBUG - child pid = 64333, finish training [1 0 0 0 1 0 1 1 1], epoch = 486, loss = 0.04597711, K = tensor([[2.91176009, 0.80669576],
        [4.82607985, 0.54909343]]), BT = tensor([3.18568325, 2.95497727])
2022-08-02 17:10:27,905 - INFO - child pid = 64333, start training [1 0 0 1 1 1 1 1 1]
2022-08-02 17:10:27,971 - DEBUG - child pid = 64338, finish training [1 0 0 1 0 1 1 1 0], epoch = 203, loss = 0.08066568, K = tensor([[1.35626376, 0.29576549],
        [4.15892887, 0.18871182]]), BT = tensor([2.31176996, 2.02402997])
2022-08-02 17:10:27,974 - INFO - child pid = 64338, start training [1 0 1 0 0 0 1 0 0]
2022-08-02 17:10:27,978 - DEBUG - child pid = 64334, finish training [1 0 0 1 0 1 0 0 1], epoch = 281, loss = 0.08456469, K = tensor([[    1.14010942,     1.64486289],
        [    7.04981852,     0.00000042]]), BT = tensor([3.35945606, 1.70993757])
2022-08-02 17:10:27,998 - INFO - child pid = 64334, start training [1 0 1 0 0 0 1 0 1]
2022-08-02 17:10:28,043 - DEBUG - child pid = 64335, finish training [0 1 1 1 0 1 1 1 1], epoch = 996, loss = 0.09559458, K = tensor([[5.19897699, 0.01121983],
        [5.20322800, 0.38110334]]), BT = tensor([    2.26146364,     0.00049351])
2022-08-02 17:10:28,046 - INFO - child pid = 64335, start training [1 0 1 0 0 0 1 1 0]
2022-08-02 17:10:28,067 - DEBUG - child pid = 64353, finish training [1 0 0 1 1 1 0 1 1], epoch = 105, loss = 0.22220284, K = tensor([[0.01172177, 0.44476378],
        [0.02748694, 0.19387338]]), BT = tensor([0.32766840, 0.00114767])
2022-08-02 17:10:28,070 - INFO - child pid = 64353, start training [1 0 1 0 0 0 1 1 1]
2022-08-02 17:10:28,109 - DEBUG - child pid = 64348, finish training [1 0 0 1 1 0 0 1 0], epoch = 324, loss = 0.12550144, K = tensor([[1.14607775, 0.52535361],
        [1.51471293, 0.00803609]]), BT = tensor([1.53572738, 0.02719826])
2022-08-02 17:10:28,112 - INFO - child pid = 64348, start training [1 0 1 0 0 1 1 1 0]
2022-08-02 17:10:28,165 - DEBUG - child pid = 64343, finish training [1 0 0 1 0 0 1 1 0], epoch = 503, loss = 0.00941375, K = tensor([[1.57312226, 0.75652999],
        [3.72488332, 0.22348660]]), BT = tensor([2.00186229, 1.36217070])
2022-08-02 17:10:28,168 - INFO - child pid = 64343, start training [1 0 1 0 0 1 1 1 1]
2022-08-02 17:10:28,212 - DEBUG - child pid = 64345, finish training [1 0 0 0 1 1 1 1 0], epoch = 660, loss = 0.18968710, K = tensor([[0.02090505, 0.37362924],
        [0.29460999, 0.23271614]]), BT = tensor([3.81238270, 0.94737530])
2022-08-02 17:10:28,216 - INFO - child pid = 64345, start training [1 0 1 0 1 0 1 0 0]
2022-08-02 17:10:28,230 - DEBUG - child pid = 64352, finish training [1 0 0 1 0 1 0 1 0], epoch = 476, loss = 0.13539144, K = tensor([[ 0.09574348,  0.94684136],
        [12.45746994,  0.11573874]]), BT = tensor([4.70129108, 1.60212708])
2022-08-02 17:10:28,233 - INFO - child pid = 64352, start training [1 0 1 0 1 0 1 0 1]
2022-08-02 17:10:28,317 - DEBUG - child pid = 64341, finish training [0 1 1 1 1 1 1 1 1], epoch = 1085, loss = 0.00083267, K = tensor([[7.86464310, 0.26717901],
        [7.12867498, 0.27533379]]), BT = tensor([3.69858098, 1.18389952])
2022-08-02 17:10:28,320 - INFO - child pid = 64341, start training [1 0 1 0 1 0 1 1 0]
2022-08-02 17:10:28,373 - DEBUG - child pid = 64355, finish training [0 1 1 1 0 0 1 0 1], epoch = 1375, loss = 0.20523517, K = tensor([[ 0.03283682, 15.88465786],
        [ 0.00000000,  0.01950040]]), BT = tensor([2.01656199, 4.41626310])
2022-08-02 17:10:28,377 - INFO - child pid = 64355, start training [1 0 1 0 1 0 1 1 1]
2022-08-02 17:10:28,426 - DEBUG - child pid = 64348, finish training [1 0 1 0 0 1 1 1 0], epoch = 102, loss = 0.09235687, K = tensor([[0.23657370, 0.64344847],
        [0.65765667, 0.19902475]]), BT = tensor([2.40797424, 2.39063835])
2022-08-02 17:10:28,430 - INFO - child pid = 64348, start training [1 0 1 0 1 1 1 1 0]
2022-08-02 17:10:28,544 - DEBUG - child pid = 64339, finish training [1 0 0 0 1 1 1 0 1], epoch = 708, loss = 0.22322509, K = tensor([[    5.74139357,     0.30745345],
        [    0.00000000,     0.02858333]]), BT = tensor([    0.95650941,     0.00056021])
2022-08-02 17:10:28,551 - DEBUG - child pid = 64349, finish training [1 0 0 1 1 0 0 0 1], epoch = 489, loss = 0.14319035, K = tensor([[    0.03753764,     0.55766273],
        [    5.77500772,     0.00021767]]), BT = tensor([    4.13755608,     0.00000022])
2022-08-02 17:10:28,554 - DEBUG - child pid = 64335, finish training [1 0 1 0 0 0 1 1 0], epoch = 155, loss = 0.06042187, K = tensor([[0.39732525, 2.03955126],
        [0.34264988, 0.05254358]]), BT = tensor([2.44041204, 3.14048195])
2022-08-02 17:10:28,559 - INFO - child pid = 64335, start training [1 0 1 1 0 0 0 0 1]
2022-08-02 17:10:28,559 - INFO - child pid = 64339, start training [1 0 1 0 1 1 1 1 1]
2022-08-02 17:10:28,560 - INFO - child pid = 64349, start training [1 0 1 1 0 0 0 0 0]
2022-08-02 17:10:28,617 - DEBUG - child pid = 64356, finish training [1 0 0 1 1 1 0 0 0], epoch = 345, loss = 0.13518760, K = tensor([[0.03730638, 0.48439184],
        [2.37010789, 0.01155858]]), BT = tensor([    3.41501641,     0.00000003])
2022-08-02 17:10:28,620 - INFO - child pid = 64356, start training [1 0 1 1 0 0 0 1 0]
2022-08-02 17:10:28,625 - DEBUG - child pid = 64343, finish training [1 0 1 0 0 1 1 1 1], epoch = 140, loss = 0.08680716, K = tensor([[0.06499273, 0.73036635],
        [0.01910003, 0.03614766]]), BT = tensor([3.08066225, 2.33662415])
2022-08-02 17:10:28,627 - INFO - child pid = 64343, start training [1 0 1 1 0 0 0 1 1]
2022-08-02 17:10:28,648 - DEBUG - child pid = 64340, finish training [1 0 0 1 1 0 0 0 0], epoch = 453, loss = 0.06265100, K = tensor([[0.02312329, 0.43315327],
        [1.34311032, 0.00521100]]), BT = tensor([    4.06470394,     0.00198889])
2022-08-02 17:10:28,651 - INFO - child pid = 64340, start training [1 0 1 1 0 0 1 0 0]
2022-08-02 17:10:28,670 - DEBUG - child pid = 64355, finish training [1 0 1 0 1 0 1 1 1], epoch = 101, loss = 0.17366840, K = tensor([[0.03905125, 0.03467759],
        [0.02976399, 0.00853788]]), BT = tensor([1.78316772, 0.02055118])
2022-08-02 17:10:28,673 - INFO - child pid = 64355, start training [1 0 1 1 0 0 1 0 1]
2022-08-02 17:10:28,729 - DEBUG - child pid = 64348, finish training [1 0 1 0 1 1 1 1 0], epoch = 105, loss = 0.22220698, K = tensor([[0.01737933, 0.19841053],
        [0.00831775, 0.28392586]]), BT = tensor([0.35982347, 0.00101778])
2022-08-02 17:10:28,732 - INFO - child pid = 64348, start training [1 0 1 1 0 0 1 1 0]
2022-08-02 17:10:28,836 - DEBUG - child pid = 64351, finish training [1 0 0 1 1 0 1 1 0], epoch = 474, loss = 0.05151632, K = tensor([[1.45621943, 0.45759818],
        [2.46824288, 0.00510465]]), BT = tensor([    1.28052127,     0.00003346])
2022-08-02 17:10:28,840 - INFO - child pid = 64351, start training [1 0 1 1 0 0 1 1 1]
2022-08-02 17:10:28,895 - DEBUG - child pid = 64349, finish training [1 0 1 1 0 0 0 0 0], epoch = 104, loss = 0.14815609, K = tensor([[    0.96460766,     0.96146065],
        [    0.00000008,     0.00006650]]), BT = tensor([0.95318949, 0.28353000])
2022-08-02 17:10:28,898 - INFO - child pid = 64349, start training [1 0 1 1 0 1 0 0 0]
2022-08-02 17:10:28,918 - DEBUG - child pid = 64353, finish training [1 0 1 0 0 0 1 1 1], epoch = 289, loss = 0.15681987, K = tensor([[0.01350261, 0.01224495],
        [0.07491854, 0.02645482]]), BT = tensor([3.03255653, 2.33049011])
2022-08-02 17:10:28,922 - INFO - child pid = 64353, start training [1 0 1 1 0 1 0 0 1]
2022-08-02 17:10:28,957 - DEBUG - child pid = 64339, finish training [1 0 1 0 1 1 1 1 1], epoch = 104, loss = 0.11671111, K = tensor([[0.08723520, 0.00209064],
        [0.10581331, 0.23061427]]), BT = tensor([1.46703172, 0.17152868])
2022-08-02 17:10:28,963 - INFO - child pid = 64339, start training [1 0 1 1 0 1 0 1 0]
2022-08-02 17:10:29,033 - DEBUG - child pid = 64335, finish training [1 0 1 1 0 0 0 0 1], epoch = 140, loss = 0.08096182, K = tensor([[    0.07011177,     0.00016740],
        [    3.97270584,     0.08840761]]), BT = tensor([3.23019218, 2.23340631])
2022-08-02 17:10:29,033 - DEBUG - child pid = 64332, finish training [1 0 0 1 0 1 0 0 0], epoch = 554, loss = 0.06584549, K = tensor([[0.10817321, 0.48675054],
        [4.90768003, 0.38274458]]), BT = tensor([3.98788381, 1.89882624])
2022-08-02 17:10:29,036 - INFO - child pid = 64335, start training [1 0 1 1 0 1 0 1 1]
2022-08-02 17:10:29,036 - INFO - child pid = 64332, start training [1 0 1 1 0 1 1 0 0]
2022-08-02 17:10:29,059 - DEBUG - child pid = 64336, finish training [1 0 0 0 1 0 0 1 0], epoch = 913, loss = 0.14120905, K = tensor([[13.70308018,  2.74734592],
        [ 1.37976587,  0.14526735]]), BT = tensor([3.63653469, 3.36766696])
2022-08-02 17:10:29,062 - INFO - child pid = 64336, start training [1 0 1 1 0 1 1 0 1]
2022-08-02 17:10:29,121 - DEBUG - child pid = 64347, finish training [1 0 0 1 1 1 1 1 0], epoch = 400, loss = 0.10264530, K = tensor([[2.65673709, 0.11912759],
        [2.47335863, 0.02022392]]), BT = tensor([1.60693681, 3.45166969])
2022-08-02 17:10:29,123 - INFO - child pid = 64347, start training [1 0 1 1 0 1 1 1 0]
2022-08-02 17:10:29,178 - DEBUG - child pid = 64359, finish training [0 1 0 1 0 1 1 1 0], epoch = 2000, loss = 0.17158958, K = tensor([[ 5.13854504,  0.42384487],
        [31.98127174,  0.05248000]]), BT = tensor([    2.29815984,     0.00000000])
2022-08-02 17:10:29,182 - INFO - child pid = 64359, start training [1 0 1 1 0 1 1 1 1]
2022-08-02 17:10:29,221 - DEBUG - child pid = 64357, finish training [1 0 0 1 1 1 0 1 0], epoch = 515, loss = 0.17979530, K = tensor([[ 0.02893421,  0.66724384],
        [10.57420826,  0.09183171]]), BT = tensor([    4.91808224,     0.00000000])
2022-08-02 17:10:29,224 - INFO - child pid = 64357, start training [1 0 1 1 1 0 0 0 0]
2022-08-02 17:10:29,331 - DEBUG - child pid = 64331, finish training [0 1 0 1 1 1 0 1 1], epoch = 1388, loss = 0.16222329, K = tensor([[    0.01911634,     0.43658170],
        [   23.48586655,     0.13735978]]), BT = tensor([4.66309261, 0.00000000])
2022-08-02 17:10:29,334 - INFO - child pid = 64331, start training [1 0 1 1 1 0 0 0 1]
2022-08-02 17:10:29,416 - DEBUG - child pid = 64346, finish training [1 0 0 1 1 1 0 0 1], epoch = 572, loss = 0.16109854, K = tensor([[0.12179893, 0.61502194],
        [5.85272217, 0.09606115]]), BT = tensor([    2.49786305,     0.00000000])
2022-08-02 17:10:29,419 - INFO - child pid = 64346, start training [1 0 1 1 1 0 0 1 0]
2022-08-02 17:10:29,421 - DEBUG - child pid = 64347, finish training [1 0 1 1 0 1 1 1 0], epoch = 105, loss = 0.22224709, K = tensor([[0.01264487, 0.24011280],
        [0.00129988, 0.13113669]]), BT = tensor([0.35165536, 0.00316680])
2022-08-02 17:10:29,424 - INFO - child pid = 64347, start training [1 0 1 1 1 0 0 1 1]
2022-08-02 17:10:29,469 - DEBUG - child pid = 64359, finish training [1 0 1 1 0 1 1 1 1], epoch = 102, loss = 0.12739912, K = tensor([[0.09460017, 0.01365308],
        [0.04093873, 0.03699359]]), BT = tensor([1.57906997, 0.28233969])
2022-08-02 17:10:29,472 - INFO - child pid = 64359, start training [1 0 1 1 1 0 1 0 0]
2022-08-02 17:10:29,490 - DEBUG - child pid = 64352, finish training [1 0 1 0 1 0 1 0 1], epoch = 433, loss = 0.22223735, K = tensor([[    0.06236698,     0.87058014],
        [    0.00000000,     0.00000082]]), BT = tensor([2.55513263, 1.37342262])
2022-08-02 17:10:29,493 - INFO - child pid = 64352, start training [1 0 1 1 1 0 1 0 1]
2022-08-02 17:10:29,500 - DEBUG - child pid = 64353, finish training [1 0 1 1 0 1 0 0 1], epoch = 205, loss = 0.01229282, K = tensor([[    0.05385981,     0.00000000],
        [    1.60258579,     0.11829960]]), BT = tensor([3.04762006, 3.31478500])
2022-08-02 17:10:29,502 - INFO - child pid = 64353, start training [1 0 1 1 1 0 1 1 0]
2022-08-02 17:10:29,650 - DEBUG - child pid = 64341, finish training [1 0 1 0 1 0 1 1 0], epoch = 399, loss = 0.13527539, K = tensor([[    0.30554640,     0.47676897],
        [    0.18437324,     0.00000144]]), BT = tensor([3.63239312, 3.25381565])
2022-08-02 17:10:29,654 - INFO - child pid = 64341, start training [1 0 1 1 1 0 1 1 1]
2022-08-02 17:10:29,774 - DEBUG - child pid = 64355, finish training [1 0 1 1 0 0 1 0 1], epoch = 386, loss = 0.24267095, K = tensor([[    0.01908239,     0.19054061],
        [    0.00000000,     0.01897683]]), BT = tensor([1.28554463, 0.00826929])
2022-08-02 17:10:29,778 - INFO - child pid = 64355, start training [1 0 1 1 1 1 0 0 0]
2022-08-02 17:10:29,835 - DEBUG - child pid = 64336, finish training [1 0 1 1 0 1 1 0 1], epoch = 246, loss = 0.18312438, K = tensor([[    0.00000000,     0.10632224],
        [    0.01082227,     0.02507220]]), BT = tensor([3.43133688, 0.02896398])
2022-08-02 17:10:29,840 - INFO - child pid = 64336, start training [1 0 1 1 1 1 0 0 1]
2022-08-02 17:10:29,967 - DEBUG - child pid = 64338, finish training [1 0 1 0 0 0 1 0 0], epoch = 520, loss = 0.04806493, K = tensor([[0.03060240, 9.17483521],
        [7.38813782, 0.03754741]]), BT = tensor([3.71265006, 3.32992506])
2022-08-02 17:10:29,970 - INFO - child pid = 64338, start training [1 0 1 1 1 1 0 1 0]
2022-08-02 17:10:30,081 - DEBUG - child pid = 64355, finish training [1 0 1 1 1 1 0 0 0], epoch = 101, loss = 0.10429816, K = tensor([[0.03052591, 0.10122277],
        [0.00759567, 0.12881637]]), BT = tensor([2.70787883, 0.13079020])
2022-08-02 17:10:30,084 - INFO - child pid = 64355, start training [1 0 1 1 1 1 0 1 1]
2022-08-02 17:10:30,207 - DEBUG - child pid = 64334, finish training [1 0 1 0 0 0 1 0 1], epoch = 666, loss = 0.21176736, K = tensor([[    0.00749615,     0.00000000],
        [    0.00000000,     0.00752512]]), BT = tensor([3.32470512, 3.26057124])
2022-08-02 17:10:30,211 - INFO - child pid = 64334, start training [1 0 1 1 1 1 1 0 0]
2022-08-02 17:10:30,295 - DEBUG - child pid = 64346, finish training [1 0 1 1 1 0 0 1 0], epoch = 284, loss = 0.22256300, K = tensor([[    0.04713164,     0.58118218],
        [    0.00000000,     0.00142366]]), BT = tensor([    1.29376316,     0.00000014])
2022-08-02 17:10:30,295 - DEBUG - child pid = 64359, finish training [1 0 1 1 1 0 1 0 0], epoch = 284, loss = 0.22256300, K = tensor([[    0.04713311,     0.58620620],
        [    0.00000000,     0.00234954]]), BT = tensor([    1.29295087,     0.00000115])
2022-08-02 17:10:30,317 - INFO - child pid = 64359, start training [1 0 1 1 1 1 1 0 1]
2022-08-02 17:10:30,317 - INFO - child pid = 64346, start training [1 0 1 1 1 1 1 1 0]
2022-08-02 17:10:30,333 - DEBUG - child pid = 64351, finish training [1 0 1 1 0 0 1 1 1], epoch = 482, loss = 0.17229263, K = tensor([[    0.01349607,     0.03097473],
        [    0.01063121,     0.00009826]]), BT = tensor([3.19401550, 0.01707743])
2022-08-02 17:10:30,336 - INFO - child pid = 64351, start training [1 0 1 1 1 1 1 1 1]
2022-08-02 17:10:30,349 - DEBUG - child pid = 64338, finish training [1 0 1 1 1 1 0 1 0], epoch = 102, loss = 0.17385405, K = tensor([[    0.03052202,     0.54149354],
        [    0.00000014,     0.21607664]]), BT = tensor([    1.83706677,     0.00000957])
2022-08-02 17:10:30,352 - INFO - child pid = 64338, start training [1 1 0 1 0 0 0 0 0]
2022-08-02 17:10:30,359 - DEBUG - child pid = 64345, finish training [1 0 1 0 1 0 1 0 0], epoch = 708, loss = 0.22322352, K = tensor([[    5.74737072,     1.02862406],
        [    0.00000000,     0.00000104]]), BT = tensor([    0.99476367,     0.00009973])
2022-08-02 17:10:30,362 - INFO - child pid = 64345, start training [1 1 0 1 0 0 0 0 1]
2022-08-02 17:10:30,405 - DEBUG - child pid = 64337, finish training [1 0 0 1 1 1 1 0 0], epoch = 755, loss = 0.13070628, K = tensor([[    0.00000000,     0.01387342],
        [    4.20887375,     0.00878494]]), BT = tensor([2.00822759, 3.09706330])
2022-08-02 17:10:30,408 - INFO - child pid = 64337, start training [1 1 0 1 0 0 0 1 0]
2022-08-02 17:10:30,432 - DEBUG - child pid = 64336, finish training [1 0 1 1 1 1 0 0 1], epoch = 150, loss = 0.06259719, K = tensor([[    0.03714590,     0.00013459],
        [    1.41927755,     0.11927378]]), BT = tensor([3.22153616, 2.39527440])
2022-08-02 17:10:30,435 - INFO - child pid = 64336, start training [1 1 0 1 0 0 0 1 1]
2022-08-02 17:10:30,442 - DEBUG - child pid = 64357, finish training [1 0 1 1 1 0 0 0 0], epoch = 378, loss = 0.14917499, K = tensor([[    0.02603826,     0.57871038],
        [    0.00000000,     0.00011926]]), BT = tensor([    2.68056273,     0.00017913])
2022-08-02 17:10:30,444 - INFO - child pid = 64357, start training [1 1 0 1 0 0 1 0 0]
2022-08-02 17:10:30,471 - DEBUG - child pid = 64353, finish training [1 0 1 1 1 0 1 1 0], epoch = 316, loss = 0.03544308, K = tensor([[3.58648348, 1.61735654],
        [1.23711729, 0.13770720]]), BT = tensor([3.11882949, 3.56908059])
2022-08-02 17:10:30,474 - INFO - child pid = 64353, start training [1 1 0 1 0 0 1 0 1]
2022-08-02 17:10:30,545 - DEBUG - child pid = 64335, finish training [1 0 1 1 0 1 0 1 1], epoch = 462, loss = 0.17283167, K = tensor([[    0.00000000,     0.00044392],
        [    0.01229578,     0.01299167]]), BT = tensor([3.33959198, 0.38042739])
2022-08-02 17:10:30,548 - INFO - child pid = 64335, start training [1 1 0 1 0 0 1 1 0]
2022-08-02 17:10:30,657 - DEBUG - child pid = 64356, finish training [1 0 1 1 0 0 0 1 0], epoch = 709, loss = 0.22322434, K = tensor([[    5.74250221,     1.04913890],
        [    0.00000000,     0.00000000]]), BT = tensor([    0.99271375,     0.00007214])
2022-08-02 17:10:30,660 - INFO - child pid = 64356, start training [1 1 0 1 0 0 1 1 1]
2022-08-02 17:10:30,662 - DEBUG - child pid = 64343, finish training [1 0 1 1 0 0 0 1 1], epoch = 662, loss = 0.13255857, K = tensor([[    0.04381706,     0.06155146],
        [    0.00000000,     4.48425293]]), BT = tensor([2.79223299, 4.06221437])
2022-08-02 17:10:30,665 - INFO - child pid = 64343, start training [1 1 0 1 0 1 0 1 0]
2022-08-02 17:10:30,797 - DEBUG - child pid = 64349, finish training [1 0 1 1 0 1 0 0 0], epoch = 649, loss = 0.12305462, K = tensor([[    0.08879427,     0.37057960],
        [    0.00000000,     0.00887994]]), BT = tensor([2.65343976, 3.71970010])
2022-08-02 17:10:30,803 - INFO - child pid = 64349, start training [1 1 0 1 0 1 0 1 1]
2022-08-02 17:10:30,834 - DEBUG - child pid = 64339, finish training [1 0 1 1 0 1 0 1 0], epoch = 610, loss = 0.20119584, K = tensor([[    0.15339562,     1.03317070],
        [    0.00000000,     0.01090456]]), BT = tensor([1.20474660, 3.39234185])
2022-08-02 17:10:30,839 - INFO - child pid = 64339, start training [1 1 0 1 0 1 1 0 0]
2022-08-02 17:10:30,849 - DEBUG - child pid = 64347, finish training [1 0 1 1 1 0 0 1 1], epoch = 478, loss = 0.16664743, K = tensor([[    0.02908245,     0.26438287],
        [   11.50498772,     0.00001486]]), BT = tensor([    5.02030468,     0.00000000])
2022-08-02 17:10:30,851 - INFO - child pid = 64347, start training [1 1 0 1 0 1 1 0 1]
2022-08-02 17:10:30,883 - DEBUG - child pid = 64335, finish training [1 1 0 1 0 0 1 1 0], epoch = 101, loss = 0.06726180, K = tensor([[0.08840199, 0.13226813],
        [0.64432049, 0.00808516]]), BT = tensor([1.22030830, 0.01584677])
2022-08-02 17:10:30,886 - INFO - child pid = 64335, start training [1 1 0 1 0 1 1 1 0]
2022-08-02 17:10:30,923 - DEBUG - child pid = 64340, finish training [1 0 1 1 0 0 1 0 0], epoch = 709, loss = 0.22322372, K = tensor([[    5.74598789,     1.04221296],
        [    0.00000000,     0.00000000]]), BT = tensor([    0.99168330,     0.00006981])
2022-08-02 17:10:30,927 - INFO - child pid = 64340, start training [1 1 0 1 0 1 1 1 1]
2022-08-02 17:10:30,969 - DEBUG - child pid = 64341, finish training [1 0 1 1 1 0 1 1 1], epoch = 411, loss = 0.02389828, K = tensor([[8.33222961, 3.30467129],
        [1.67440712, 0.06705831]]), BT = tensor([2.48640728, 4.62624311])
2022-08-02 17:10:30,954 - DEBUG - child pid = 64356, finish training [1 1 0 1 0 0 1 1 1], epoch = 103, loss = 0.09531488, K = tensor([[0.49072433, 0.00490240],
        [0.10377822, 0.05556218]]), BT = tensor([1.49048841, 0.02370322])
2022-08-02 17:10:30,972 - INFO - child pid = 64356, start training [1 1 0 1 1 0 0 0 0]
2022-08-02 17:10:30,972 - INFO - child pid = 64341, start training [1 1 0 1 1 0 0 0 1]
2022-08-02 17:10:31,094 - DEBUG - child pid = 64332, finish training [1 0 1 1 0 1 1 0 0], epoch = 615, loss = 0.20209815, K = tensor([[    0.16068394,     1.24998486],
        [    0.00000000,     0.01128707]]), BT = tensor([1.15644979, 3.37381577])
2022-08-02 17:10:31,099 - INFO - child pid = 64332, start training [1 1 0 1 1 0 0 1 0]
2022-08-02 17:10:31,261 - DEBUG - child pid = 64356, finish training [1 1 0 1 1 0 0 0 0], epoch = 101, loss = 0.01477966, K = tensor([[0.15316747, 0.46593824],
        [0.13545361, 0.00458357]]), BT = tensor([    1.96727991,     0.00111478])
2022-08-02 17:10:31,264 - INFO - child pid = 64356, start training [1 1 0 1 1 0 0 1 1]
2022-08-02 17:10:31,290 - DEBUG - child pid = 64331, finish training [1 0 1 1 1 0 0 0 1], epoch = 564, loss = 0.16029903, K = tensor([[0.12722082, 0.48779854],
        [5.41067076, 0.01818489]]), BT = tensor([    2.43188858,     0.00000000])
2022-08-02 17:10:31,294 - INFO - child pid = 64331, start training [1 1 0 1 1 0 1 0 0]
2022-08-02 17:10:31,323 - DEBUG - child pid = 64345, finish training [1 1 0 1 0 0 0 0 1], epoch = 333, loss = 0.13691677, K = tensor([[    0.08717048,     0.40574700],
        [    3.68039131,     0.00000218]]), BT = tensor([    2.65607762,     0.00000000])
2022-08-02 17:10:31,325 - INFO - child pid = 64345, start training [1 1 0 1 1 0 1 0 1]
2022-08-02 17:10:31,367 - DEBUG - child pid = 64334, finish training [1 0 1 1 1 1 1 0 0], epoch = 355, loss = 0.17288759, K = tensor([[    0.01322287,     0.56939489],
        [    0.00000000,     0.17949603]]), BT = tensor([    3.07875776,     0.00000000])
2022-08-02 17:10:31,371 - INFO - child pid = 64334, start training [1 1 0 1 1 0 1 1 0]
2022-08-02 17:10:31,468 - DEBUG - child pid = 64332, finish training [1 1 0 1 1 0 0 1 0], epoch = 101, loss = 0.06495217, K = tensor([[0.13419454, 0.45150748],
        [0.05002202, 0.00135252]]), BT = tensor([2.33895159, 0.00498341])
2022-08-02 17:10:31,472 - INFO - child pid = 64332, start training [1 1 0 1 1 0 1 1 1]
2022-08-02 17:10:31,517 - DEBUG - child pid = 64355, finish training [1 0 1 1 1 1 0 1 1], epoch = 496, loss = 0.09014358, K = tensor([[    0.00000000,     0.03890178],
        [    1.04729962,    12.30852699]]), BT = tensor([1.41512740, 4.42052031])
2022-08-02 17:10:31,520 - INFO - child pid = 64355, start training [1 1 0 1 1 1 0 1 0]
2022-08-02 17:10:31,616 - DEBUG - child pid = 64346, finish training [1 0 1 1 1 1 1 1 0], epoch = 428, loss = 0.16863950, K = tensor([[    0.02039074,     0.02310906],
        [    0.00000000,     0.00000000]]), BT = tensor([1.04342616, 0.19977738])
2022-08-02 17:10:31,619 - INFO - child pid = 64346, start training [1 1 0 1 1 1 0 1 1]
2022-08-02 17:10:31,636 - DEBUG - child pid = 64333, finish training [1 0 0 1 1 1 1 1 1], epoch = 1089, loss = 0.05166764, K = tensor([[16.91130447,  0.20365290],
        [ 0.08631590,  0.21150054]]), BT = tensor([    1.92420805,     0.00000142])
2022-08-02 17:10:31,639 - INFO - child pid = 64333, start training [1 1 0 1 1 1 1 0 0]
2022-08-02 17:10:31,650 - DEBUG - child pid = 64356, finish training [1 1 0 1 1 0 0 1 1], epoch = 134, loss = 0.00594494, K = tensor([[0.52163565, 0.05196159],
        [0.64312565, 1.71745062]]), BT = tensor([2.79639506, 2.86361742])
2022-08-02 17:10:31,653 - INFO - child pid = 64356, start training [1 1 0 1 1 1 1 0 1]
2022-08-02 17:10:31,687 - DEBUG - child pid = 64349, finish training [1 1 0 1 0 1 0 1 1], epoch = 303, loss = 0.11707620, K = tensor([[6.11835575, 0.02545682],
        [0.03390536, 5.04136801]]), BT = tensor([3.68052077, 3.83757997])
2022-08-02 17:10:31,690 - INFO - child pid = 64349, start training [1 1 0 1 1 1 1 1 0]
2022-08-02 17:10:31,690 - DEBUG - child pid = 64336, finish training [1 1 0 1 0 0 0 1 1], epoch = 389, loss = 0.15108006, K = tensor([[3.87975359, 0.08990866],
        [0.26228264, 0.06411719]]), BT = tensor([    1.94261169,     0.00104247])
2022-08-02 17:10:31,693 - INFO - child pid = 64336, start training [1 1 0 1 1 1 1 1 1]
2022-08-02 17:10:31,779 - DEBUG - child pid = 64341, finish training [1 1 0 1 1 0 0 0 1], epoch = 230, loss = 0.11117791, K = tensor([[0.02809441, 0.42069757],
        [0.85106677, 0.02550054]]), BT = tensor([    3.63603640,     0.00000000])
2022-08-02 17:10:31,783 - INFO - child pid = 64341, start training [1 1 1 1 0 0 1 0 0]
2022-08-02 17:10:31,792 - DEBUG - child pid = 64331, finish training [1 1 0 1 1 0 1 0 0], epoch = 101, loss = 0.05030915, K = tensor([[0.03908339, 0.44183880],
        [0.11073968, 0.00073192]]), BT = tensor([1.95731652, 0.04890903])
2022-08-02 17:10:31,796 - INFO - child pid = 64331, start training [1 1 1 1 0 0 1 0 1]
2022-08-02 17:10:31,878 - DEBUG - child pid = 64334, finish training [1 1 0 1 1 0 1 1 0], epoch = 110, loss = 0.00299592, K = tensor([[0.00287168, 0.19043210],
        [0.04168603, 0.04400457]]), BT = tensor([2.60537219, 0.06069167])
2022-08-02 17:10:31,881 - INFO - child pid = 64334, start training [1 1 1 1 0 0 1 1 0]
2022-08-02 17:10:31,944 - DEBUG - child pid = 64346, finish training [1 1 0 1 1 1 0 1 1], epoch = 101, loss = 0.05065091, K = tensor([[0.83416903, 0.09635878],
        [0.26615399, 2.52604127]]), BT = tensor([1.89463377, 2.28776026])
2022-08-02 17:10:31,947 - INFO - child pid = 64346, start training [1 1 1 1 0 0 1 1 1]
2022-08-02 17:10:31,952 - DEBUG - child pid = 64350, finish training [1 0 0 1 0 1 1 0 1], epoch = 1662, loss = 0.20447233, K = tensor([[20.34955215,  0.35178885],
        [ 0.02939880,  0.02559883]]), BT = tensor([    3.94065285,     0.00000546])
2022-08-02 17:10:31,954 - INFO - child pid = 64350, start training [1 1 1 1 0 1 1 1 0]
2022-08-02 17:10:32,032 - DEBUG - child pid = 64354, finish training [1 0 0 1 0 1 0 1 1], epoch = 1773, loss = 0.20460427, K = tensor([[20.73791695,  0.33863521],
        [ 0.02934284,  0.02857213]]), BT = tensor([    3.96119714,     0.00003641])
2022-08-02 17:10:32,042 - INFO - child pid = 64354, start training [1 1 1 1 0 1 1 1 1]
2022-08-02 17:10:32,043 - DEBUG - child pid = 64359, finish training [1 0 1 1 1 1 1 0 1], epoch = 599, loss = 0.15099026, K = tensor([[0.00284952, 0.00786083],
        [0.00983517, 0.01163475]]), BT = tensor([2.15871239, 1.71063375])
2022-08-02 17:10:32,045 - INFO - child pid = 64359, start training [1 1 1 1 1 0 1 0 0]
2022-08-02 17:10:32,170 - DEBUG - child pid = 64345, finish training [1 1 0 1 1 0 1 0 1], epoch = 247, loss = 0.07580679, K = tensor([[0.38605699, 0.19983998],
        [0.08175406, 0.23633532]]), BT = tensor([3.18193173, 1.92590237])
2022-08-02 17:10:32,174 - INFO - child pid = 64345, start training [1 1 1 1 1 0 1 0 1]
2022-08-02 17:10:32,195 - DEBUG - child pid = 64347, finish training [1 1 0 1 0 1 1 0 1], epoch = 445, loss = 0.13732392, K = tensor([[    0.00000000,     0.09142492],
        [    4.53961086,     1.69005847]]), BT = tensor([3.04098129, 2.05032039])
2022-08-02 17:10:32,191 - DEBUG - child pid = 64360, finish training [1 0 0 1 1 0 1 1 1], epoch = 1619, loss = 0.02101494, K = tensor([[   25.32089424,     0.21168368],
        [    7.08659410,     0.00004298]]), BT = tensor([1.26134729, 0.01485470])
2022-08-02 17:10:32,205 - INFO - child pid = 64347, start training [1 1 1 1 1 0 1 1 0]
2022-08-02 17:10:32,207 - INFO - child pid = 64360, start training [1 1 1 1 1 0 1 1 1]
2022-08-02 17:10:32,210 - DEBUG - child pid = 64340, finish training [1 1 0 1 0 1 1 1 1], epoch = 379, loss = 0.09364917, K = tensor([[    7.81146049,     0.00000000],
        [    0.03980477,     0.02987501]]), BT = tensor([4.54647112, 1.61520016])
2022-08-02 17:10:32,213 - INFO - child pid = 64340, start training [1 1 1 1 1 1 1 1 0]
2022-08-02 17:10:32,237 - DEBUG - child pid = 64337, finish training [1 1 0 1 0 0 0 1 0], epoch = 554, loss = 0.10869557, K = tensor([[    0.59227431,     3.25444269],
        [    0.49279800,     0.00002880]]), BT = tensor([1.14769804, 0.73559159])
2022-08-02 17:10:32,239 - DEBUG - child pid = 64355, finish training [1 1 0 1 1 1 0 1 0], epoch = 248, loss = 0.12249979, K = tensor([[0.01677634, 0.45064217],
        [0.01760843, 0.15268844]]), BT = tensor([    3.44053555,     0.00000135])
2022-08-02 17:10:32,240 - INFO - child pid = 64355, start training [1 1 1 1 1 1 1 1 1]
2022-08-02 17:10:32,252 - DEBUG - child pid = 64333, finish training [1 1 0 1 1 1 1 0 0], epoch = 165, loss = 0.11255385, K = tensor([[0.01524148, 0.46148121],
        [0.02567801, 0.13448986]]), BT = tensor([    3.35335016,     0.00107014])
2022-08-02 17:10:32,335 - DEBUG - child pid = 64359, finish training [1 1 1 1 1 0 1 0 0], epoch = 101, loss = 0.14815697, K = tensor([[    1.00989914,     0.58712500],
        [    0.00000016,     0.00014989]]), BT = tensor([0.83071983, 0.02115075])
2022-08-02 17:10:32,428 - DEBUG - child pid = 64332, finish training [1 1 0 1 1 0 1 1 1], epoch = 274, loss = 0.00439790, K = tensor([[0.28518194, 0.00719117],
        [0.06316956, 0.40623048]]), BT = tensor([2.89162040, 1.09037220])
2022-08-02 17:10:32,494 - DEBUG - child pid = 64347, finish training [1 1 1 1 1 0 1 1 0], epoch = 101, loss = 0.05592848, K = tensor([[    0.00000001,     1.42967725],
        [    0.07826746,     0.00000742]]), BT = tensor([1.67360783, 0.48174414])
2022-08-02 17:10:32,534 - DEBUG - child pid = 64355, finish training [1 1 1 1 1 1 1 1 1], epoch = 105, loss = 0.00000163, K = tensor([[0.02915624, 0.00022324],
        [0.02271870, 0.15812668]]), BT = tensor([0.09173923, 1.00144815])
2022-08-02 17:10:32,585 - DEBUG - child pid = 64358, finish training [1 0 0 1 1 1 1 0 1], epoch = 1631, loss = 0.14597024, K = tensor([[ 0.00000000,  0.02158174],
        [15.24536991,  0.89845622]]), BT = tensor([2.87378740, 1.46132219])
2022-08-02 17:10:32,720 - DEBUG - child pid = 64331, finish training [1 1 1 1 0 0 1 0 1], epoch = 270, loss = 0.13332383, K = tensor([[    2.23088980,     5.79388666],
        [    0.18654391,     0.00003402]]), BT = tensor([2.03872013, 2.55477476])
2022-08-02 17:10:32,785 - DEBUG - child pid = 64334, finish training [1 1 1 1 0 0 1 1 0], epoch = 287, loss = 0.01136993, K = tensor([[2.97876024, 4.51780605],
        [3.41274786, 0.30666247]]), BT = tensor([2.21422219, 2.64021134])
2022-08-02 17:10:32,934 - DEBUG - child pid = 64344, finish training [1 0 0 1 1 0 1 0 1], epoch = 1781, loss = 0.11841488, K = tensor([[   28.99022102,     0.43189520],
        [    6.46679926,     0.00385073]]), BT = tensor([    2.08698034,     0.00000000])
2022-08-02 17:10:32,946 - DEBUG - child pid = 64336, finish training [1 1 0 1 1 1 1 1 1], epoch = 391, loss = 0.00415063, K = tensor([[    0.30134082,     8.32680035],
        [    0.00000000,     0.02629572]]), BT = tensor([0.46396047, 4.89996147])
2022-08-02 17:10:32,976 - DEBUG - child pid = 64348, finish training [1 0 1 1 0 0 1 1 0], epoch = 1419, loss = 0.00371516, K = tensor([[7.28267908, 7.42539167],
        [5.35655546, 0.87167519]]), BT = tensor([2.96893692, 2.66508555])
2022-08-02 17:10:32,995 - DEBUG - child pid = 64351, finish training [1 0 1 1 1 1 1 1 1], epoch = 866, loss = 0.06190376, K = tensor([[    4.37339211,     0.14934008],
        [    0.01767744,     0.00000000]]), BT = tensor([3.19500542, 1.14233589])
2022-08-02 17:10:33,001 - DEBUG - child pid = 64357, finish training [1 1 0 1 0 0 1 0 0], epoch = 701, loss = 0.05038698, K = tensor([[    0.00000000,     5.73021221],
        [    2.36686873,     0.00000000]]), BT = tensor([1.26762211, 0.71774495])
2022-08-02 17:10:33,047 - DEBUG - child pid = 64349, finish training [1 1 0 1 1 1 1 1 0], epoch = 466, loss = 0.07082755, K = tensor([[    0.00000000,     0.01810162],
        [    0.02374595,     0.00000000]]), BT = tensor([2.87730360, 1.01975536])
2022-08-02 17:10:33,054 - DEBUG - child pid = 64335, finish training [1 1 0 1 0 1 1 1 0], epoch = 649, loss = 0.10118973, K = tensor([[1.83914220, 4.50327969],
        [3.15859413, 4.37887430]]), BT = tensor([3.50373411, 3.10561061])
2022-08-02 17:10:33,124 - DEBUG - child pid = 64342, finish training [1 0 0 1 1 0 0 1 1], epoch = 1849, loss = 0.12256886, K = tensor([[   31.63111496,     0.42295417],
        [    6.18244886,     0.00392535]]), BT = tensor([    2.10971570,     0.00000000])
2022-08-02 17:10:33,150 - DEBUG - child pid = 64340, finish training [1 1 1 1 1 1 1 1 0], epoch = 326, loss = 0.07443895, K = tensor([[    0.05236001,     0.05324394],
        [    0.00000000,     0.00000000]]), BT = tensor([0.67837447, 0.54521173])
2022-08-02 17:10:33,160 - DEBUG - child pid = 64356, finish training [1 1 0 1 1 1 1 0 1], epoch = 532, loss = 0.06291030, K = tensor([[1.78991556, 0.94885582],
        [0.05639892, 0.27423835]]), BT = tensor([3.61418915, 1.97957098])
2022-08-02 17:10:33,168 - DEBUG - child pid = 64353, finish training [1 1 0 1 0 0 1 0 1], epoch = 926, loss = 0.15023905, K = tensor([[    0.00000000,     0.10572730],
        [   11.47478676,     0.03971928]]), BT = tensor([    1.69424665,     0.00000000])
2022-08-02 17:10:33,517 - DEBUG - child pid = 64338, finish training [1 1 0 1 0 0 0 0 0], epoch = 992, loss = 0.04304391, K = tensor([[    0.04671026,     6.22445202],
        [    1.20226789,     0.00000000]]), BT = tensor([2.38583112, 0.55320722])
2022-08-02 17:10:33,736 - DEBUG - child pid = 64352, finish training [1 0 1 1 1 0 1 0 1], epoch = 1467, loss = 0.17463736, K = tensor([[    0.00000000,     0.26508731],
        [   21.37285805,     0.00007854]]), BT = tensor([1.87541807, 0.00431838])
2022-08-02 17:10:33,780 - DEBUG - child pid = 64360, finish training [1 1 1 1 1 0 1 1 1], epoch = 561, loss = 0.01119873, K = tensor([[    2.06095362,     2.35571218],
        [    0.24485400,     0.00000000]]), BT = tensor([2.82087564, 3.14750791])
2022-08-02 17:10:33,862 - DEBUG - child pid = 64354, finish training [1 1 1 1 0 1 1 1 1], epoch = 648, loss = 0.06955139, K = tensor([[    0.01710599,     0.00000000],
        [    1.10736454,     0.11178356]]), BT = tensor([1.91765475, 2.21992803])
2022-08-02 17:10:34,015 - DEBUG - child pid = 64346, finish training [1 1 1 1 0 0 1 1 1], epoch = 717, loss = 0.12433544, K = tensor([[    0.08457000,     0.00000000],
        [    0.50055915,     0.23057140]]), BT = tensor([3.10403895, 3.21807647])
2022-08-02 17:10:34,284 - DEBUG - child pid = 64341, finish training [1 1 1 1 0 0 1 0 0], epoch = 868, loss = 0.15023872, K = tensor([[   11.47673607,     0.66776025],
        [    0.00000000,     0.00615739]]), BT = tensor([    1.56477594,     0.00000000])
2022-08-02 17:10:34,949 - DEBUG - child pid = 64350, finish training [1 1 1 1 0 1 1 1 0], epoch = 1045, loss = 0.14744753, K = tensor([[    1.56554604,     7.38509369],
        [    0.00000059,     0.22246911]]), BT = tensor([    0.00052691,     0.62399250])
2022-08-02 17:10:35,345 - DEBUG - child pid = 64339, finish training [1 1 0 1 0 1 1 0 0], epoch = 1517, loss = 0.08842419, K = tensor([[0.00000000, 9.84605980],
        [3.48445201, 9.67024612]]), BT = tensor([2.42881608, 1.93993723])
2022-08-02 17:10:35,427 - DEBUG - child pid = 64343, finish training [1 1 0 1 0 1 0 1 0], epoch = 1629, loss = 0.17301399, K = tensor([[1.53887272, 5.47366285],
        [2.20116067, 3.79555702]]), BT = tensor([2.96880937, 2.46582246])
2022-08-02 17:10:35,556 - DEBUG - child pid = 64345, finish training [1 1 1 1 1 0 1 0 1], epoch = 1053, loss = 0.12516910, K = tensor([[    0.00000000,     6.87050486],
        [    6.52886963,     0.00000000]]), BT = tensor([1.13498724, 0.63108695])
2022-08-02 17:10:35,621 - INFO - parent pid = 64292, finish task 2_2_fixA_square_0
