2022-08-01 16:17:43,926 - INFO - running /home/hxcai/competitive_network/0721_train.py
2022-08-01 16:17:43,926 - INFO - parent pid = 61995, start task 2_2_fixA_square_0
2022-08-01 16:17:43,937 - DEBUG - {'data_dir': 'data', 'figure_dir': 'figures', 'output_dir': 'results/temp', 'log_dir': 'logs', 'seed': 0, 'nA': 2, 'nB': 2, 'nY': 1, 'max_epochs': 2000, 'log_epochs': 100, 'tol': 0.0001, 'model': {'type': 'CompetitiveNetwork', 'args': {'reparam': 'square', 'mode': 'fixA'}}, 'logger': {'version': 1, 'formatters': {'default': {'format': '%(asctime)s - %(levelname)s - %(message)s'}}, 'handlers': {'stream_handler': {'class': 'logging.StreamHandler', 'level': 'INFO', 'formatter': 'default', 'stream': 'ext://sys.stdout'}, 'file_handler': {'class': 'logging.handlers.RotatingFileHandler', 'level': 'DEBUG', 'formatter': 'default', 'filename': 'logs/20220801_161743_2_2_fixA_square_0.log', 'maxBytes': 10485760, 'backupCount': 5, 'encoding': 'utf-8'}}, 'root': {'level': 'DEBUG', 'handlers': ['stream_handler', 'file_handler']}}, 'data_loader': {'type': 'DataLoader', 'args': {'batch_size': 9, 'shuffle': False}}, 'optimizer': {'type': 'SGD', 'args': {'lr': 0.1, 'momentum': 0.9, 'weight_decay': 0}}, 'loss': {'type': 'MSELoss()'}}
2022-08-01 16:17:44,115 - INFO - child pid = 62044, start training [0 0 0 0 0 1 0 1 1]
2022-08-01 16:17:44,113 - INFO - child pid = 62035, start training [0 0 0 0 0 0 0 0 0]
2022-08-01 16:17:44,113 - INFO - child pid = 62037, start training [0 0 0 0 0 0 0 1 0]
2022-08-01 16:17:44,113 - INFO - child pid = 62036, start training [0 0 0 0 0 0 0 0 1]
2022-08-01 16:17:44,113 - INFO - child pid = 62038, start training [0 0 0 0 0 0 0 1 1]
2022-08-01 16:17:44,118 - INFO - child pid = 62059, start training [0 0 0 0 1 1 1 0 0]
2022-08-01 16:17:44,117 - INFO - child pid = 62053, start training [0 0 0 0 1 0 1 0 0]
2022-08-01 16:17:44,116 - INFO - child pid = 62051, start training [0 0 0 0 1 0 0 1 0]
2022-08-01 16:17:44,116 - INFO - child pid = 62049, start training [0 0 0 0 1 0 0 0 0]
2022-08-01 16:17:44,114 - INFO - child pid = 62042, start training [0 0 0 0 0 0 1 1 1]
2022-08-01 16:17:44,113 - INFO - child pid = 62039, start training [0 0 0 0 0 0 1 0 0]
2022-08-01 16:17:44,114 - INFO - child pid = 62040, start training [0 0 0 0 0 0 1 0 1]
2022-08-01 16:17:44,119 - INFO - child pid = 62062, start training [0 0 0 0 1 1 1 1 1]
2022-08-01 16:17:44,119 - INFO - child pid = 62064, start training [0 0 0 1 0 0 0 0 1]
2022-08-01 16:17:44,119 - INFO - child pid = 62063, start training [0 0 0 1 0 0 0 0 0]
2022-08-01 16:17:44,117 - INFO - child pid = 62055, start training [0 0 0 0 1 0 1 1 0]
2022-08-01 16:17:44,115 - INFO - child pid = 62045, start training [0 0 0 0 0 1 1 0 0]
2022-08-01 16:17:44,117 - INFO - child pid = 62054, start training [0 0 0 0 1 0 1 0 1]
2022-08-01 16:17:44,118 - INFO - child pid = 62057, start training [0 0 0 0 1 1 0 1 0]
2022-08-01 16:17:44,116 - INFO - child pid = 62050, start training [0 0 0 0 1 0 0 0 1]
2022-08-01 16:17:44,114 - INFO - child pid = 62043, start training [0 0 0 0 0 1 0 1 0]
2022-08-01 16:17:44,118 - INFO - child pid = 62056, start training [0 0 0 0 1 0 1 1 1]
2022-08-01 16:17:44,116 - INFO - child pid = 62048, start training [0 0 0 0 0 1 1 1 1]
2022-08-01 16:17:44,115 - INFO - child pid = 62047, start training [0 0 0 0 0 1 1 1 0]
2022-08-01 16:17:44,118 - INFO - child pid = 62060, start training [0 0 0 0 1 1 1 0 1]
2022-08-01 16:17:44,115 - INFO - child pid = 62046, start training [0 0 0 0 0 1 1 0 1]
2022-08-01 16:17:44,118 - INFO - child pid = 62058, start training [0 0 0 0 1 1 0 1 1]
2022-08-01 16:17:44,117 - INFO - child pid = 62052, start training [0 0 0 0 1 0 0 1 1]
2022-08-01 16:17:44,114 - INFO - child pid = 62041, start training [0 0 0 0 0 0 1 1 0]
2022-08-01 16:17:44,119 - INFO - child pid = 62061, start training [0 0 0 0 1 1 1 1 0]
2022-08-01 16:17:44,782 - DEBUG - child pid = 62035, finish training [0 0 0 0 0 0 0 0 0], loss = 0.00001572
2022-08-01 16:17:44,785 - INFO - child pid = 62035, start training [0 0 0 1 0 0 0 1 0]
2022-08-01 16:17:44,927 - DEBUG - child pid = 62056, finish training [0 0 0 0 1 0 1 1 1], loss = 0.06698988
2022-08-01 16:17:44,930 - INFO - child pid = 62056, start training [0 0 0 1 0 0 0 1 1]
2022-08-01 16:17:44,945 - DEBUG - child pid = 62044, finish training [0 0 0 0 0 1 0 1 1], loss = 0.07407407
2022-08-01 16:17:44,955 - INFO - child pid = 62044, start training [0 0 0 1 0 0 1 0 0]
2022-08-01 16:17:45,014 - DEBUG - child pid = 62057, finish training [0 0 0 0 1 1 0 1 0], loss = 0.14814813
2022-08-01 16:17:45,012 - DEBUG - child pid = 62059, finish training [0 0 0 0 1 1 1 0 0], loss = 0.14814815
2022-08-01 16:17:45,015 - INFO - child pid = 62057, start training [0 0 0 1 0 0 1 0 1]
2022-08-01 16:17:45,015 - INFO - child pid = 62059, start training [0 0 0 1 0 0 1 1 0]
2022-08-01 16:17:45,385 - DEBUG - child pid = 62036, finish training [0 0 0 0 0 0 0 0 1], loss = 0.05021470
2022-08-01 16:17:45,430 - INFO - child pid = 62036, start training [0 0 0 1 0 0 1 1 1]
2022-08-01 16:17:45,616 - DEBUG - child pid = 62045, finish training [0 0 0 0 0 1 1 0 0], loss = 0.06392669
2022-08-01 16:17:45,618 - INFO - child pid = 62045, start training [0 0 0 1 0 1 0 0 0]
2022-08-01 16:17:45,626 - DEBUG - child pid = 62049, finish training [0 0 0 0 1 0 0 0 0], loss = 0.06356531
2022-08-01 16:17:45,628 - INFO - child pid = 62049, start training [0 0 0 1 0 1 0 0 1]
2022-08-01 16:17:45,665 - DEBUG - child pid = 62054, finish training [0 0 0 0 1 0 1 0 1], loss = 0.14392008
2022-08-01 16:17:45,668 - INFO - child pid = 62054, start training [0 0 0 1 0 1 0 1 0]
2022-08-01 16:17:45,717 - DEBUG - child pid = 62047, finish training [0 0 0 0 0 1 1 1 0], loss = 0.09424698
2022-08-01 16:17:45,719 - INFO - child pid = 62047, start training [0 0 0 1 0 1 0 1 1]
2022-08-01 16:17:45,811 - DEBUG - child pid = 62048, finish training [0 0 0 0 0 1 1 1 1], loss = 0.04344587
2022-08-01 16:17:45,814 - INFO - child pid = 62048, start training [0 0 0 1 0 1 1 0 0]
2022-08-01 16:17:45,901 - DEBUG - child pid = 62042, finish training [0 0 0 0 0 0 1 1 1], loss = 0.00287414
2022-08-01 16:17:45,904 - INFO - child pid = 62042, start training [0 0 0 1 0 1 1 0 1]
2022-08-01 16:17:45,932 - DEBUG - child pid = 62052, finish training [0 0 0 0 1 0 0 1 1], loss = 0.14467813
2022-08-01 16:17:45,935 - INFO - child pid = 62052, start training [0 0 0 1 0 1 1 1 0]
2022-08-01 16:17:46,017 - DEBUG - child pid = 62046, finish training [0 0 0 0 0 1 1 0 1], loss = 0.09963843
2022-08-01 16:17:46,052 - INFO - child pid = 62046, start training [0 0 0 1 0 1 1 1 1]
2022-08-01 16:17:46,403 - DEBUG - child pid = 62040, finish training [0 0 0 0 0 0 1 0 1], loss = 0.07135192
2022-08-01 16:17:46,406 - INFO - child pid = 62040, start training [0 0 0 1 1 0 0 0 0]
2022-08-01 16:17:46,546 - DEBUG - child pid = 62054, finish training [0 0 0 1 0 1 0 1 0], loss = 0.14814813
2022-08-01 16:17:46,549 - INFO - child pid = 62054, start training [0 0 0 1 1 0 0 0 1]
2022-08-01 16:17:46,756 - DEBUG - child pid = 62061, finish training [0 0 0 0 1 1 1 1 0], loss = 0.14601663
2022-08-01 16:17:46,787 - INFO - child pid = 62061, start training [0 0 0 1 1 0 0 1 0]
2022-08-01 16:17:46,916 - DEBUG - child pid = 62041, finish training [0 0 0 0 0 0 1 1 0], loss = 0.01040635
2022-08-01 16:17:46,922 - INFO - child pid = 62041, start training [0 0 0 1 1 0 0 1 1]
2022-08-01 16:17:47,010 - DEBUG - child pid = 62039, finish training [0 0 0 0 0 0 1 0 0], loss = 0.00067323
2022-08-01 16:17:47,013 - INFO - child pid = 62039, start training [0 0 0 1 1 0 1 0 0]
2022-08-01 16:17:47,390 - DEBUG - child pid = 62051, finish training [0 0 0 0 1 0 0 1 0], loss = 0.12302152
2022-08-01 16:17:47,397 - INFO - child pid = 62051, start training [0 0 0 1 1 0 1 0 1]
2022-08-01 16:17:47,450 - DEBUG - child pid = 62062, finish training [0 0 0 0 1 1 1 1 1], loss = 0.04257263
2022-08-01 16:17:47,454 - INFO - child pid = 62062, start training [0 0 0 1 1 0 1 1 0]
2022-08-01 16:17:47,539 - DEBUG - child pid = 62045, finish training [0 0 0 1 0 1 0 0 0], loss = 0.13134474
2022-08-01 16:17:47,544 - INFO - child pid = 62045, start training [0 0 0 1 1 0 1 1 1]
2022-08-01 16:17:47,636 - DEBUG - child pid = 62036, finish training [0 0 0 1 0 0 1 1 1], loss = 0.03208153
2022-08-01 16:17:47,639 - INFO - child pid = 62036, start training [0 0 0 1 1 1 0 0 0]
2022-08-01 16:17:47,757 - DEBUG - child pid = 62038, finish training [0 0 0 0 0 0 0 1 1], loss = 0.05165114
2022-08-01 16:17:47,761 - INFO - child pid = 62038, start training [0 0 0 1 1 1 0 0 1]
2022-08-01 16:17:47,783 - DEBUG - child pid = 62055, finish training [0 0 0 0 1 0 1 1 0], loss = 0.05001767
2022-08-01 16:17:47,787 - INFO - child pid = 62055, start training [0 0 0 1 1 1 0 1 0]
2022-08-01 16:17:48,070 - DEBUG - child pid = 62064, finish training [0 0 0 1 0 0 0 0 1], loss = 0.07116643
2022-08-01 16:17:48,074 - INFO - child pid = 62064, start training [0 0 0 1 1 1 0 1 1]
2022-08-01 16:17:49,247 - DEBUG - child pid = 62063, finish training [0 0 0 1 0 0 0 0 0], loss = 0.00176933
2022-08-01 16:17:49,251 - INFO - child pid = 62063, start training [0 0 0 1 1 1 1 0 0]
2022-08-01 16:17:49,341 - DEBUG - child pid = 62036, finish training [0 0 0 1 1 1 0 0 0], loss = 0.00000005
2022-08-01 16:17:49,343 - INFO - child pid = 62036, start training [0 0 0 1 1 1 1 0 1]
2022-08-01 16:17:49,394 - DEBUG - child pid = 62052, finish training [0 0 0 1 0 1 1 1 0], loss = 0.07847301
2022-08-01 16:17:49,399 - INFO - child pid = 62052, start training [0 0 0 1 1 1 1 1 0]
2022-08-01 16:17:49,488 - DEBUG - child pid = 62048, finish training [0 0 0 1 0 1 1 0 0], loss = 0.07160963
2022-08-01 16:17:49,491 - INFO - child pid = 62048, start training [0 0 0 1 1 1 1 1 1]
2022-08-01 16:17:49,560 - DEBUG - child pid = 62040, finish training [0 0 0 1 1 0 0 0 0], loss = 0.12384983
2022-08-01 16:17:49,564 - INFO - child pid = 62040, start training [0 0 1 0 0 0 1 0 0]
2022-08-01 16:17:49,663 - DEBUG - child pid = 62061, finish training [0 0 0 1 1 0 0 1 0], loss = 0.06367943
2022-08-01 16:17:49,665 - INFO - child pid = 62061, start training [0 0 1 0 0 0 1 0 1]
2022-08-01 16:17:49,801 - DEBUG - child pid = 62060, finish training [0 0 0 0 1 1 1 0 1], loss = 0.08460031
2022-08-01 16:17:49,805 - INFO - child pid = 62060, start training [0 0 1 0 0 0 1 1 0]
2022-08-01 16:17:49,868 - DEBUG - child pid = 62044, finish training [0 0 0 1 0 0 1 0 0], loss = 0.00512466
2022-08-01 16:17:49,869 - DEBUG - child pid = 62058, finish training [0 0 0 0 1 1 0 1 1], loss = 0.03249420
2022-08-01 16:17:49,871 - INFO - child pid = 62058, start training [0 0 1 0 0 1 1 1 0]
2022-08-01 16:17:49,870 - INFO - child pid = 62044, start training [0 0 1 0 0 0 1 1 1]
2022-08-01 16:17:49,876 - DEBUG - child pid = 62043, finish training [0 0 0 0 0 1 0 1 0], loss = 0.13417149
2022-08-01 16:17:49,878 - INFO - child pid = 62043, start training [0 0 1 0 0 1 1 1 1]
2022-08-01 16:17:49,939 - DEBUG - child pid = 62038, finish training [0 0 0 1 1 1 0 0 1], loss = 0.00205325
2022-08-01 16:17:49,942 - INFO - child pid = 62038, start training [0 0 1 0 1 0 1 0 0]
2022-08-01 16:17:50,036 - DEBUG - child pid = 62053, finish training [0 0 0 0 1 0 1 0 0], loss = 0.06669064
2022-08-01 16:17:50,039 - INFO - child pid = 62053, start training [0 0 1 0 1 0 1 0 1]
2022-08-01 16:17:50,126 - DEBUG - child pid = 62050, finish training [0 0 0 0 1 0 0 0 1], loss = 0.01860724
2022-08-01 16:17:50,129 - INFO - child pid = 62050, start training [0 0 1 0 1 0 1 1 0]
2022-08-01 16:17:50,267 - DEBUG - child pid = 62048, finish training [0 0 0 1 1 1 1 1 1], loss = 0.00000263
2022-08-01 16:17:50,269 - INFO - child pid = 62048, start training [0 0 1 0 1 0 1 1 1]
2022-08-01 16:17:50,312 - DEBUG - child pid = 62056, finish training [0 0 0 1 0 0 0 1 1], loss = 0.02922123
2022-08-01 16:17:50,315 - INFO - child pid = 62056, start training [0 0 1 0 1 1 1 1 0]
2022-08-01 16:17:50,372 - DEBUG - child pid = 62054, finish training [0 0 0 1 1 0 0 0 1], loss = 0.01565201
2022-08-01 16:17:50,371 - DEBUG - child pid = 62062, finish training [0 0 0 1 1 0 1 1 0], loss = 0.05274566
2022-08-01 16:17:50,374 - INFO - child pid = 62062, start training [0 0 1 1 0 0 0 0 0]
2022-08-01 16:17:50,374 - INFO - child pid = 62054, start training [0 0 1 0 1 1 1 1 1]
2022-08-01 16:17:50,473 - DEBUG - child pid = 62057, finish training [0 0 0 1 0 0 1 0 1], loss = 0.08937390
2022-08-01 16:17:50,476 - INFO - child pid = 62057, start training [0 0 1 1 0 0 0 0 1]
2022-08-01 16:17:50,489 - DEBUG - child pid = 62041, finish training [0 0 0 1 1 0 0 1 1], loss = 0.00441075
2022-08-01 16:17:50,505 - INFO - child pid = 62041, start training [0 0 1 1 0 0 0 1 0]
2022-08-01 16:17:50,600 - DEBUG - child pid = 62059, finish training [0 0 0 1 0 0 1 1 0], loss = 0.00638155
2022-08-01 16:17:50,603 - INFO - child pid = 62059, start training [0 0 1 1 0 0 0 1 1]
2022-08-01 16:17:50,852 - DEBUG - child pid = 62039, finish training [0 0 0 1 1 0 1 0 0], loss = 0.05185095
2022-08-01 16:17:50,870 - INFO - child pid = 62039, start training [0 0 1 1 0 0 1 0 0]
2022-08-01 16:17:50,997 - DEBUG - child pid = 62037, finish training [0 0 0 0 0 0 0 1 0], loss = 0.00597564
2022-08-01 16:17:51,010 - INFO - child pid = 62037, start training [0 0 1 1 0 0 1 0 1]
2022-08-01 16:17:51,231 - DEBUG - child pid = 62046, finish training [0 0 0 1 0 1 1 1 1], loss = 0.06342992
2022-08-01 16:17:51,257 - INFO - child pid = 62046, start training [0 0 1 1 0 0 1 1 0]
2022-08-01 16:17:51,616 - DEBUG - child pid = 62036, finish training [0 0 0 1 1 1 1 0 1], loss = 0.06248307
2022-08-01 16:17:51,619 - INFO - child pid = 62036, start training [0 0 1 1 0 0 1 1 1]
2022-08-01 16:17:51,660 - DEBUG - child pid = 62061, finish training [0 0 1 0 0 0 1 0 1], loss = 0.12306004
2022-08-01 16:17:51,666 - INFO - child pid = 62061, start training [0 0 1 1 0 1 0 0 0]
2022-08-01 16:17:51,776 - DEBUG - child pid = 62049, finish training [0 0 0 1 0 1 0 0 1], loss = 0.06605836
2022-08-01 16:17:51,779 - INFO - child pid = 62049, start training [0 0 1 1 0 1 0 0 1]
2022-08-01 16:17:51,831 - DEBUG - child pid = 62053, finish training [0 0 1 0 1 0 1 0 1], loss = 0.18082632
2022-08-01 16:17:51,843 - INFO - child pid = 62053, start training [0 0 1 1 0 1 0 1 0]
2022-08-01 16:17:52,151 - DEBUG - child pid = 62047, finish training [0 0 0 1 0 1 0 1 1], loss = 0.07573746
2022-08-01 16:17:52,155 - INFO - child pid = 62047, start training [0 0 1 1 0 1 0 1 1]
2022-08-01 16:17:52,236 - DEBUG - child pid = 62064, finish training [0 0 0 1 1 1 0 1 1], loss = 0.00415873
2022-08-01 16:17:52,238 - INFO - child pid = 62064, start training [0 0 1 1 0 1 1 0 0]
2022-08-01 16:17:52,467 - DEBUG - child pid = 62056, finish training [0 0 1 0 1 1 1 1 0], loss = 0.17361787
2022-08-01 16:17:52,469 - INFO - child pid = 62056, start training [0 0 1 1 0 1 1 0 1]
2022-08-01 16:17:52,526 - DEBUG - child pid = 62035, finish training [0 0 0 1 0 0 0 1 0], loss = 0.00758060
2022-08-01 16:17:52,532 - INFO - child pid = 62035, start training [0 0 1 1 0 1 1 1 0]
2022-08-01 16:17:52,550 - DEBUG - child pid = 62044, finish training [0 0 1 0 0 0 1 1 1], loss = 0.06447341
2022-08-01 16:17:52,552 - INFO - child pid = 62044, start training [0 0 1 1 0 1 1 1 1]
2022-08-01 16:17:53,251 - DEBUG - child pid = 62042, finish training [0 0 0 1 0 1 1 0 1], loss = 0.12604970
2022-08-01 16:17:53,280 - INFO - child pid = 62042, start training [0 0 1 1 1 0 0 0 0]
2022-08-01 16:17:53,547 - DEBUG - child pid = 62055, finish training [0 0 0 1 1 1 0 1 0], loss = 0.16202720
2022-08-01 16:17:53,550 - INFO - child pid = 62055, start training [0 0 1 1 1 0 0 0 1]
2022-08-01 16:17:53,564 - DEBUG - child pid = 62051, finish training [0 0 0 1 1 0 1 0 1], loss = 0.10838586
2022-08-01 16:17:53,567 - INFO - child pid = 62051, start training [0 0 1 1 1 0 0 1 0]
2022-08-01 16:17:53,650 - DEBUG - child pid = 62054, finish training [0 0 1 0 1 1 1 1 1], loss = 0.04330268
2022-08-01 16:17:53,653 - INFO - child pid = 62054, start training [0 0 1 1 1 0 0 1 1]
2022-08-01 16:17:53,725 - DEBUG - child pid = 62057, finish training [0 0 1 1 0 0 0 0 1], loss = 0.09407945
2022-08-01 16:17:53,728 - INFO - child pid = 62057, start training [0 0 1 1 1 0 1 0 0]
2022-08-01 16:17:53,800 - DEBUG - child pid = 62043, finish training [0 0 1 0 0 1 1 1 1], loss = 0.00414816
2022-08-01 16:17:53,806 - INFO - child pid = 62043, start training [0 0 1 1 1 0 1 0 1]
2022-08-01 16:17:53,929 - DEBUG - child pid = 62045, finish training [0 0 0 1 1 0 1 1 1], loss = 0.00718636
2022-08-01 16:17:53,932 - INFO - child pid = 62045, start training [0 0 1 1 1 0 1 1 0]
2022-08-01 16:17:53,931 - DEBUG - child pid = 62058, finish training [0 0 1 0 0 1 1 1 0], loss = 0.01400664
2022-08-01 16:17:53,962 - INFO - child pid = 62058, start training [0 0 1 1 1 0 1 1 1]
2022-08-01 16:17:54,140 - DEBUG - child pid = 62061, finish training [0 0 1 1 0 1 0 0 0], loss = 0.06309173
2022-08-01 16:17:54,143 - INFO - child pid = 62061, start training [0 0 1 1 1 1 0 0 0]
2022-08-01 16:17:54,152 - DEBUG - child pid = 62053, finish training [0 0 1 1 0 1 0 1 0], loss = 0.14008357
2022-08-01 16:17:54,154 - INFO - child pid = 62053, start training [0 0 1 1 1 1 0 0 1]
2022-08-01 16:17:54,188 - DEBUG - child pid = 62064, finish training [0 0 1 1 0 1 1 0 0], loss = 0.14094995
2022-08-01 16:17:54,196 - DEBUG - child pid = 62060, finish training [0 0 1 0 0 0 1 1 0], loss = 0.00369234
2022-08-01 16:17:54,247 - INFO - child pid = 62060, start training [0 0 1 1 1 1 0 1 1]
2022-08-01 16:17:54,247 - INFO - child pid = 62064, start training [0 0 1 1 1 1 0 1 0]
2022-08-01 16:17:54,520 - DEBUG - child pid = 62044, finish training [0 0 1 1 0 1 1 1 1], loss = 0.06263436
2022-08-01 16:17:54,522 - INFO - child pid = 62044, start training [0 0 1 1 1 1 1 0 0]
2022-08-01 16:17:54,659 - DEBUG - child pid = 62050, finish training [0 0 1 0 1 0 1 1 0], loss = 0.13306279
2022-08-01 16:17:54,662 - INFO - child pid = 62050, start training [0 0 1 1 1 1 1 0 1]
2022-08-01 16:17:54,738 - DEBUG - child pid = 62063, finish training [0 0 0 1 1 1 1 0 0], loss = 0.14204997
2022-08-01 16:17:54,741 - INFO - child pid = 62063, start training [0 0 1 1 1 1 1 1 0]
2022-08-01 16:17:54,766 - DEBUG - child pid = 62059, finish training [0 0 1 1 0 0 0 1 1], loss = 0.13212901
2022-08-01 16:17:54,769 - INFO - child pid = 62059, start training [0 0 1 1 1 1 1 1 1]
2022-08-01 16:17:55,135 - DEBUG - child pid = 62049, finish training [0 0 1 1 0 1 0 0 1], loss = 0.10039736
2022-08-01 16:17:55,138 - INFO - child pid = 62049, start training [0 1 0 1 0 0 0 0 0]
2022-08-01 16:17:55,220 - DEBUG - child pid = 62062, finish training [0 0 1 1 0 0 0 0 0], loss = 0.03313581
2022-08-01 16:17:55,223 - INFO - child pid = 62062, start training [0 1 0 1 0 0 0 0 1]
2022-08-01 16:17:55,262 - DEBUG - child pid = 62040, finish training [0 0 1 0 0 0 1 0 0], loss = 0.00432809
2022-08-01 16:17:55,265 - INFO - child pid = 62040, start training [0 1 0 1 0 0 0 1 0]
2022-08-01 16:17:55,345 - DEBUG - child pid = 62037, finish training [0 0 1 1 0 0 1 0 1], loss = 0.12918104
2022-08-01 16:17:55,352 - INFO - child pid = 62037, start training [0 1 0 1 0 0 0 1 1]
2022-08-01 16:17:55,476 - DEBUG - child pid = 62052, finish training [0 0 0 1 1 1 1 1 0], loss = 0.06734201
2022-08-01 16:17:55,479 - INFO - child pid = 62052, start training [0 1 0 1 0 0 1 0 0]
2022-08-01 16:17:55,488 - DEBUG - child pid = 62047, finish training [0 0 1 1 0 1 0 1 1], loss = 0.11463817
2022-08-01 16:17:55,522 - INFO - child pid = 62047, start training [0 1 0 1 0 0 1 0 1]
2022-08-01 16:17:55,587 - DEBUG - child pid = 62038, finish training [0 0 1 0 1 0 1 0 0], loss = 0.11336727
2022-08-01 16:17:55,590 - INFO - child pid = 62038, start training [0 1 0 1 0 0 1 1 0]
2022-08-01 16:17:55,606 - DEBUG - child pid = 62056, finish training [0 0 1 1 0 1 1 0 1], loss = 0.12437044
2022-08-01 16:17:55,608 - INFO - child pid = 62056, start training [0 1 0 1 0 0 1 1 1]
2022-08-01 16:17:55,734 - DEBUG - child pid = 62035, finish training [0 0 1 1 0 1 1 1 0], loss = 0.01364604
2022-08-01 16:17:55,737 - INFO - child pid = 62035, start training [0 1 0 1 0 1 0 1 0]
2022-08-01 16:17:55,905 - DEBUG - child pid = 62053, finish training [0 0 1 1 1 1 0 0 1], loss = 0.00504292
2022-08-01 16:17:55,907 - INFO - child pid = 62053, start training [0 1 0 1 0 1 0 1 1]
2022-08-01 16:17:56,092 - DEBUG - child pid = 62054, finish training [0 0 1 1 1 0 0 1 1], loss = 0.07602462
2022-08-01 16:17:56,095 - INFO - child pid = 62054, start training [0 1 0 1 0 1 1 0 0]
2022-08-01 16:17:56,281 - DEBUG - child pid = 62063, finish training [0 0 1 1 1 1 1 1 0], loss = 0.08137198
2022-08-01 16:17:56,285 - INFO - child pid = 62063, start training [0 1 0 1 0 1 1 0 1]
2022-08-01 16:17:56,445 - DEBUG - child pid = 62061, finish training [0 0 1 1 1 1 0 0 0], loss = 0.00229040
2022-08-01 16:17:56,448 - INFO - child pid = 62061, start training [0 1 0 1 0 1 1 1 0]
2022-08-01 16:17:56,463 - DEBUG - child pid = 62048, finish training [0 0 1 0 1 0 1 1 1], loss = 0.09459392
2022-08-01 16:17:56,466 - INFO - child pid = 62048, start training [0 1 0 1 0 1 1 1 1]
2022-08-01 16:17:56,500 - DEBUG - child pid = 62041, finish training [0 0 1 1 0 0 0 1 0], loss = 0.11953153
2022-08-01 16:17:56,503 - INFO - child pid = 62041, start training [0 1 0 1 1 0 0 0 0]
2022-08-01 16:17:56,563 - DEBUG - child pid = 62055, finish training [0 0 1 1 1 0 0 0 1], loss = 0.20261565
2022-08-01 16:17:56,584 - INFO - child pid = 62055, start training [0 1 0 1 1 0 0 0 1]
2022-08-01 16:17:57,178 - DEBUG - child pid = 62044, finish training [0 0 1 1 1 1 1 0 0], loss = 0.12679306
2022-08-01 16:17:57,181 - INFO - child pid = 62044, start training [0 1 0 1 1 0 0 1 0]
2022-08-01 16:17:57,202 - DEBUG - child pid = 62046, finish training [0 0 1 1 0 0 1 1 0], loss = 0.00455630
2022-08-01 16:17:57,209 - INFO - child pid = 62046, start training [0 1 0 1 1 0 0 1 1]
2022-08-01 16:17:57,287 - DEBUG - child pid = 62048, finish training [0 1 0 1 0 1 1 1 1], loss = 0.14813529
2022-08-01 16:17:57,289 - INFO - child pid = 62048, start training [0 1 0 1 1 0 1 0 0]
2022-08-01 16:17:57,584 - DEBUG - child pid = 62040, finish training [0 1 0 1 0 0 0 1 0], loss = 0.17320371
2022-08-01 16:17:57,587 - INFO - child pid = 62040, start training [0 1 0 1 1 0 1 0 1]
2022-08-01 16:17:57,602 - DEBUG - child pid = 62036, finish training [0 0 1 1 0 0 1 1 1], loss = 0.07631190
2022-08-01 16:17:57,604 - INFO - child pid = 62036, start training [0 1 0 1 1 0 1 1 0]
2022-08-01 16:17:57,685 - DEBUG - child pid = 62062, finish training [0 1 0 1 0 0 0 0 1], loss = 0.15208530
2022-08-01 16:17:57,688 - INFO - child pid = 62062, start training [0 1 0 1 1 0 1 1 1]
2022-08-01 16:17:57,753 - DEBUG - child pid = 62035, finish training [0 1 0 1 0 1 0 1 0], loss = 0.23861808
2022-08-01 16:17:57,756 - INFO - child pid = 62035, start training [0 1 0 1 1 1 0 1 0]
2022-08-01 16:17:58,043 - DEBUG - child pid = 62050, finish training [0 0 1 1 1 1 1 0 1], loss = 0.06462921
2022-08-01 16:17:58,047 - INFO - child pid = 62050, start training [0 1 0 1 1 1 0 1 1]
2022-08-01 16:17:58,045 - DEBUG - child pid = 62047, finish training [0 1 0 1 0 0 1 0 1], loss = 0.19559745
2022-08-01 16:17:58,056 - INFO - child pid = 62047, start training [0 1 0 1 1 1 1 0 0]
2022-08-01 16:17:58,120 - DEBUG - child pid = 62037, finish training [0 1 0 1 0 0 0 1 1], loss = 0.19704562
2022-08-01 16:17:58,123 - INFO - child pid = 62037, start training [0 1 0 1 1 1 1 0 1]
2022-08-01 16:17:58,206 - DEBUG - child pid = 62049, finish training [0 1 0 1 0 0 0 0 0], loss = 0.11386522
2022-08-01 16:17:58,209 - INFO - child pid = 62049, start training [0 1 0 1 1 1 1 1 0]
2022-08-01 16:17:58,430 - DEBUG - child pid = 62039, finish training [0 0 1 1 0 0 1 0 0], loss = 0.01799140
2022-08-01 16:17:58,433 - INFO - child pid = 62039, start training [0 1 0 1 1 1 1 1 1]
2022-08-01 16:17:59,091 - DEBUG - child pid = 62064, finish training [0 0 1 1 1 1 0 1 0], loss = 0.06855133
2022-08-01 16:17:59,094 - INFO - child pid = 62064, start training [0 1 1 1 0 0 1 0 0]
2022-08-01 16:17:59,113 - DEBUG - child pid = 62048, finish training [0 1 0 1 1 0 1 0 0], loss = 0.14504544
2022-08-01 16:17:59,115 - INFO - child pid = 62048, start training [0 1 1 1 0 0 1 0 1]
2022-08-01 16:17:59,213 - DEBUG - child pid = 62045, finish training [0 0 1 1 1 0 1 1 0], loss = 0.00834032
2022-08-01 16:17:59,248 - INFO - child pid = 62045, start training [0 1 1 1 0 0 1 1 0]
2022-08-01 16:17:59,285 - DEBUG - child pid = 62058, finish training [0 0 1 1 1 0 1 1 1], loss = 0.01145292
2022-08-01 16:17:59,290 - INFO - child pid = 62058, start training [0 1 1 1 0 0 1 1 1]
2022-08-01 16:17:59,435 - DEBUG - child pid = 62057, finish training [0 0 1 1 1 0 1 0 0], loss = 0.07021499
2022-08-01 16:17:59,438 - INFO - child pid = 62057, start training [0 1 1 1 0 1 1 1 0]
2022-08-01 16:17:59,445 - DEBUG - child pid = 62051, finish training [0 0 1 1 1 0 0 1 0], loss = 0.06672471
2022-08-01 16:17:59,460 - INFO - child pid = 62051, start training [0 1 1 1 0 1 1 1 1]
2022-08-01 16:17:59,476 - DEBUG - child pid = 62059, finish training [0 0 1 1 1 1 1 1 1], loss = 0.00525691
2022-08-01 16:17:59,479 - INFO - child pid = 62059, start training [0 1 1 1 1 0 1 0 0]
2022-08-01 16:17:59,516 - DEBUG - child pid = 62055, finish training [0 1 0 1 1 0 0 0 1], loss = 0.10263856
2022-08-01 16:17:59,518 - INFO - child pid = 62055, start training [0 1 1 1 1 0 1 0 1]
2022-08-01 16:17:59,810 - DEBUG - child pid = 62060, finish training [0 0 1 1 1 1 0 1 1], loss = 0.02021072
2022-08-01 16:17:59,832 - INFO - child pid = 62060, start training [0 1 1 1 1 0 1 1 0]
2022-08-01 16:17:59,895 - DEBUG - child pid = 62035, finish training [0 1 0 1 1 1 0 1 0], loss = 0.13590848
2022-08-01 16:17:59,907 - INFO - child pid = 62035, start training [0 1 1 1 1 0 1 1 1]
2022-08-01 16:17:59,975 - DEBUG - child pid = 62047, finish training [0 1 0 1 1 1 1 0 0], loss = 0.20577408
2022-08-01 16:17:59,977 - INFO - child pid = 62047, start training [0 1 1 1 1 1 1 1 0]
2022-08-01 16:18:00,027 - DEBUG - child pid = 62042, finish training [0 0 1 1 1 0 0 0 0], loss = 0.01059999
2022-08-01 16:18:00,030 - INFO - child pid = 62042, start training [0 1 1 1 1 1 1 1 1]
2022-08-01 16:18:00,135 - DEBUG - child pid = 62044, finish training [0 1 0 1 1 0 0 1 0], loss = 0.15823607
2022-08-01 16:18:00,138 - INFO - child pid = 62044, start training [1 0 0 0 0 0 0 0 0]
2022-08-01 16:18:00,242 - DEBUG - child pid = 62056, finish training [0 1 0 1 0 0 1 1 1], loss = 0.11570524
2022-08-01 16:18:00,245 - INFO - child pid = 62056, start training [1 0 0 0 0 0 0 0 1]
2022-08-01 16:18:00,247 - DEBUG - child pid = 62036, finish training [0 1 0 1 1 0 1 1 0], loss = 0.00147453
2022-08-01 16:18:00,260 - INFO - child pid = 62036, start training [1 0 0 0 0 0 0 1 0]
2022-08-01 16:18:00,330 - DEBUG - child pid = 62043, finish training [0 0 1 1 1 0 1 0 1], loss = 0.09761485
2022-08-01 16:18:00,333 - INFO - child pid = 62043, start training [1 0 0 0 0 0 0 1 1]
2022-08-01 16:18:00,616 - DEBUG - child pid = 62053, finish training [0 1 0 1 0 1 0 1 1], loss = 0.15012652
2022-08-01 16:18:00,619 - INFO - child pid = 62053, start training [1 0 0 0 0 0 1 0 0]
2022-08-01 16:18:00,977 - DEBUG - child pid = 62046, finish training [0 1 0 1 1 0 0 1 1], loss = 0.05727376
2022-08-01 16:18:00,980 - INFO - child pid = 62046, start training [1 0 0 0 0 0 1 0 1]
2022-08-01 16:18:01,163 - DEBUG - child pid = 62062, finish training [0 1 0 1 1 0 1 1 1], loss = 0.00941792
2022-08-01 16:18:01,166 - INFO - child pid = 62062, start training [1 0 0 0 0 0 1 1 0]
2022-08-01 16:18:01,253 - DEBUG - child pid = 62052, finish training [0 1 0 1 0 0 1 0 0], loss = 0.10927735
2022-08-01 16:18:01,255 - INFO - child pid = 62052, start training [1 0 0 0 0 0 1 1 1]
2022-08-01 16:18:01,742 - DEBUG - child pid = 62054, finish training [0 1 0 1 0 1 1 0 0], loss = 0.09724633
2022-08-01 16:18:01,745 - INFO - child pid = 62054, start training [1 0 0 0 0 1 0 1 0]
2022-08-01 16:18:01,757 - DEBUG - child pid = 62063, finish training [0 1 0 1 0 1 1 0 1], loss = 0.14138553
2022-08-01 16:18:01,760 - INFO - child pid = 62063, start training [1 0 0 0 0 1 0 1 1]
2022-08-01 16:18:01,983 - DEBUG - child pid = 62056, finish training [1 0 0 0 0 0 0 0 1], loss = 0.01064401
2022-08-01 16:18:01,986 - INFO - child pid = 62056, start training [1 0 0 0 0 1 1 0 0]
2022-08-01 16:18:02,015 - DEBUG - child pid = 62040, finish training [0 1 0 1 1 0 1 0 1], loss = 0.15161556
2022-08-01 16:18:02,018 - INFO - child pid = 62040, start training [1 0 0 0 0 1 1 0 1]
2022-08-01 16:18:02,196 - DEBUG - child pid = 62050, finish training [0 1 0 1 1 1 0 1 1], loss = 0.04738173
2022-08-01 16:18:02,199 - INFO - child pid = 62050, start training [1 0 0 0 0 1 1 1 0]
2022-08-01 16:18:02,362 - DEBUG - child pid = 62038, finish training [0 1 0 1 0 0 1 1 0], loss = 0.02849261
2022-08-01 16:18:02,365 - INFO - child pid = 62038, start training [1 0 0 0 0 1 1 1 1]
2022-08-01 16:18:02,392 - DEBUG - child pid = 62060, finish training [0 1 1 1 1 0 1 1 0], loss = 0.02261999
2022-08-01 16:18:02,394 - INFO - child pid = 62060, start training [1 0 0 0 1 0 0 0 0]
2022-08-01 16:18:02,573 - DEBUG - child pid = 62043, finish training [1 0 0 0 0 0 0 1 1], loss = 0.02861960
2022-08-01 16:18:02,576 - INFO - child pid = 62043, start training [1 0 0 0 1 0 0 0 1]
2022-08-01 16:18:02,619 - DEBUG - child pid = 62061, finish training [0 1 0 1 0 1 1 1 0], loss = 0.10776465
2022-08-01 16:18:02,622 - INFO - child pid = 62061, start training [1 0 0 0 1 0 0 1 0]
2022-08-01 16:18:02,795 - DEBUG - child pid = 62063, finish training [1 0 0 0 0 1 0 1 1], loss = 0.19836366
2022-08-01 16:18:02,798 - INFO - child pid = 62063, start training [1 0 0 0 1 0 0 1 1]
2022-08-01 16:18:02,933 - DEBUG - child pid = 62049, finish training [0 1 0 1 1 1 1 1 0], loss = 0.12563488
2022-08-01 16:18:02,936 - INFO - child pid = 62049, start training [1 0 0 0 1 0 1 0 0]
2022-08-01 16:18:03,148 - DEBUG - child pid = 62041, finish training [0 1 0 1 1 0 0 0 0], loss = 0.00624881
2022-08-01 16:18:03,151 - INFO - child pid = 62041, start training [1 0 0 0 1 0 1 0 1]
2022-08-01 16:18:03,378 - DEBUG - child pid = 62044, finish training [1 0 0 0 0 0 0 0 0], loss = 0.00114230
2022-08-01 16:18:03,408 - INFO - child pid = 62044, start training [1 0 0 0 1 0 1 1 0]
2022-08-01 16:18:03,642 - DEBUG - child pid = 62049, finish training [1 0 0 0 1 0 1 0 0], loss = 0.14814822
2022-08-01 16:18:03,645 - INFO - child pid = 62049, start training [1 0 0 0 1 0 1 1 1]
2022-08-01 16:18:03,807 - DEBUG - child pid = 62047, finish training [0 1 1 1 1 1 1 1 0], loss = 0.00771462
2022-08-01 16:18:03,809 - INFO - child pid = 62047, start training [1 0 0 0 1 1 0 1 0]
2022-08-01 16:18:04,069 - DEBUG - child pid = 62053, finish training [1 0 0 0 0 0 1 0 0], loss = 0.06365754
2022-08-01 16:18:04,072 - INFO - child pid = 62053, start training [1 0 0 0 1 1 0 1 1]
2022-08-01 16:18:04,073 - DEBUG - child pid = 62038, finish training [1 0 0 0 0 1 1 1 1], loss = 0.14509875
2022-08-01 16:18:04,074 - INFO - child pid = 62038, start training [1 0 0 0 1 1 1 0 0]
2022-08-01 16:18:04,096 - DEBUG - child pid = 62040, finish training [1 0 0 0 0 1 1 0 1], loss = 0.20577474
2022-08-01 16:18:04,099 - INFO - child pid = 62040, start training [1 0 0 0 1 1 1 0 1]
2022-08-01 16:18:04,294 - DEBUG - child pid = 62052, finish training [1 0 0 0 0 0 1 1 1], loss = 0.09624269
2022-08-01 16:18:04,297 - INFO - child pid = 62052, start training [1 0 0 0 1 1 1 1 0]
2022-08-01 16:18:04,387 - DEBUG - child pid = 62048, finish training [0 1 1 1 0 0 1 0 1], loss = 0.20505685
2022-08-01 16:18:04,397 - INFO - child pid = 62048, start training [1 0 0 0 1 1 1 1 1]
2022-08-01 16:18:04,503 - DEBUG - child pid = 62064, finish training [0 1 1 1 0 0 1 0 0], loss = 0.06329022
2022-08-01 16:18:04,505 - INFO - child pid = 62064, start training [1 0 0 1 0 0 0 0 0]
2022-08-01 16:18:04,576 - DEBUG - child pid = 62046, finish training [1 0 0 0 0 0 1 0 1], loss = 0.06998697
2022-08-01 16:18:04,579 - INFO - child pid = 62046, start training [1 0 0 1 0 0 0 0 1]
2022-08-01 16:18:04,619 - DEBUG - child pid = 62059, finish training [0 1 1 1 1 0 1 0 0], loss = 0.06463769
2022-08-01 16:18:04,623 - INFO - child pid = 62059, start training [1 0 0 1 0 0 0 1 0]
2022-08-01 16:18:04,661 - DEBUG - child pid = 62039, finish training [0 1 0 1 1 1 1 1 1], loss = 0.00771131
2022-08-01 16:18:04,668 - INFO - child pid = 62039, start training [1 0 0 1 0 0 0 1 1]
2022-08-01 16:18:04,737 - DEBUG - child pid = 62037, finish training [0 1 0 1 1 1 1 0 1], loss = 0.09287430
2022-08-01 16:18:04,740 - INFO - child pid = 62037, start training [1 0 0 1 0 0 1 0 0]
2022-08-01 16:18:04,767 - DEBUG - child pid = 62058, finish training [0 1 1 1 0 0 1 1 1], loss = 0.06047458
2022-08-01 16:18:04,770 - INFO - child pid = 62058, start training [1 0 0 1 0 0 1 0 1]
2022-08-01 16:18:04,950 - DEBUG - child pid = 62057, finish training [0 1 1 1 0 1 1 1 0], loss = 0.02763840
2022-08-01 16:18:04,953 - INFO - child pid = 62057, start training [1 0 0 1 0 0 1 1 0]
2022-08-01 16:18:05,034 - DEBUG - child pid = 62051, finish training [0 1 1 1 0 1 1 1 1], loss = 0.06331370
2022-08-01 16:18:05,037 - INFO - child pid = 62051, start training [1 0 0 1 0 0 1 1 1]
2022-08-01 16:18:05,038 - DEBUG - child pid = 62055, finish training [0 1 1 1 1 0 1 0 1], loss = 0.10815814
2022-08-01 16:18:05,041 - INFO - child pid = 62055, start training [1 0 0 1 0 1 0 0 0]
2022-08-01 16:18:05,089 - DEBUG - child pid = 62045, finish training [0 1 1 1 0 0 1 1 0], loss = 0.01562055
2022-08-01 16:18:05,092 - INFO - child pid = 62045, start training [1 0 0 1 0 1 0 0 1]
2022-08-01 16:18:05,827 - DEBUG - child pid = 62042, finish training [0 1 1 1 1 1 1 1 1], loss = 0.00894703
2022-08-01 16:18:05,830 - INFO - child pid = 62042, start training [1 0 0 1 0 1 0 1 0]
2022-08-01 16:18:06,027 - DEBUG - child pid = 62046, finish training [1 0 0 1 0 0 0 0 1], loss = 0.10283135
2022-08-01 16:18:06,030 - INFO - child pid = 62046, start training [1 0 0 1 0 1 0 1 1]
2022-08-01 16:18:06,093 - DEBUG - child pid = 62040, finish training [1 0 0 0 1 1 1 0 1], loss = 0.22323020
2022-08-01 16:18:06,095 - INFO - child pid = 62040, start training [1 0 0 1 0 1 1 0 0]
2022-08-01 16:18:06,206 - DEBUG - child pid = 62035, finish training [0 1 1 1 1 0 1 1 1], loss = 0.12445042
2022-08-01 16:18:06,209 - INFO - child pid = 62035, start training [1 0 0 1 0 1 1 0 1]
2022-08-01 16:18:06,253 - DEBUG - child pid = 62050, finish training [1 0 0 0 0 1 1 1 0], loss = 0.15351027
2022-08-01 16:18:06,256 - INFO - child pid = 62050, start training [1 0 0 1 0 1 1 1 0]
2022-08-01 16:18:06,715 - DEBUG - child pid = 62062, finish training [1 0 0 0 0 0 1 1 0], loss = 0.07853306
2022-08-01 16:18:06,718 - INFO - child pid = 62062, start training [1 0 0 1 0 1 1 1 1]
2022-08-01 16:18:07,133 - DEBUG - child pid = 62036, finish training [1 0 0 0 0 0 0 1 0], loss = 0.12661766
2022-08-01 16:18:07,136 - INFO - child pid = 62036, start training [1 0 0 1 1 0 0 0 0]
2022-08-01 16:18:07,292 - DEBUG - child pid = 62054, finish training [1 0 0 0 0 1 0 1 0], loss = 0.10806244
2022-08-01 16:18:07,333 - INFO - child pid = 62054, start training [1 0 0 1 1 0 0 0 1]
2022-08-01 16:18:07,420 - DEBUG - child pid = 62045, finish training [1 0 0 1 0 1 0 0 1], loss = 0.10217199
2022-08-01 16:18:07,415 - DEBUG - child pid = 62052, finish training [1 0 0 0 1 1 1 1 0], loss = 0.19498567
2022-08-01 16:18:07,421 - INFO - child pid = 62045, start training [1 0 0 1 1 0 0 1 0]
2022-08-01 16:18:07,424 - INFO - child pid = 62052, start training [1 0 0 1 1 0 0 1 1]
2022-08-01 16:18:07,440 - DEBUG - child pid = 62056, finish training [1 0 0 0 0 1 1 0 0], loss = 0.09345487
2022-08-01 16:18:07,442 - INFO - child pid = 62056, start training [1 0 0 1 1 0 1 0 0]
2022-08-01 16:18:07,552 - DEBUG - child pid = 62064, finish training [1 0 0 1 0 0 0 0 0], loss = 0.00249912
2022-08-01 16:18:07,555 - INFO - child pid = 62064, start training [1 0 0 1 1 0 1 0 1]
2022-08-01 16:18:07,784 - DEBUG - child pid = 62060, finish training [1 0 0 0 1 0 0 0 0], loss = 0.06305601
2022-08-01 16:18:07,787 - INFO - child pid = 62060, start training [1 0 0 1 1 0 1 1 0]
2022-08-01 16:18:07,876 - DEBUG - child pid = 62036, finish training [1 0 0 1 1 0 0 0 0], loss = 0.14814818
2022-08-01 16:18:07,879 - INFO - child pid = 62036, start training [1 0 0 1 1 0 1 1 1]
2022-08-01 16:18:07,914 - DEBUG - child pid = 62040, finish training [1 0 0 1 0 1 1 0 0], loss = 0.06254908
2022-08-01 16:18:07,917 - INFO - child pid = 62040, start training [1 0 0 1 1 1 0 0 0]
2022-08-01 16:18:08,040 - DEBUG - child pid = 62061, finish training [1 0 0 0 1 0 0 1 0], loss = 0.14070813
2022-08-01 16:18:08,043 - INFO - child pid = 62061, start training [1 0 0 1 1 1 0 0 1]
2022-08-01 16:18:08,052 - DEBUG - child pid = 62037, finish training [1 0 0 1 0 0 1 0 0], loss = 0.00383734
2022-08-01 16:18:08,054 - INFO - child pid = 62037, start training [1 0 0 1 1 1 0 1 0]
2022-08-01 16:18:08,067 - DEBUG - child pid = 62047, finish training [1 0 0 0 1 1 0 1 0], loss = 0.20505698
2022-08-01 16:18:08,069 - INFO - child pid = 62047, start training [1 0 0 1 1 1 0 1 1]
2022-08-01 16:18:08,128 - DEBUG - child pid = 62063, finish training [1 0 0 0 1 0 0 1 1], loss = 0.01616051
2022-08-01 16:18:08,130 - INFO - child pid = 62063, start training [1 0 0 1 1 1 1 0 0]
2022-08-01 16:18:08,376 - DEBUG - child pid = 62043, finish training [1 0 0 0 1 0 0 0 1], loss = 0.02599601
2022-08-01 16:18:08,380 - INFO - child pid = 62043, start training [1 0 0 1 1 1 1 0 1]
2022-08-01 16:18:08,691 - DEBUG - child pid = 62050, finish training [1 0 0 1 0 1 1 1 0], loss = 0.07973827
2022-08-01 16:18:08,696 - INFO - child pid = 62050, start training [1 0 0 1 1 1 1 1 0]
2022-08-01 16:18:08,709 - DEBUG - child pid = 62057, finish training [1 0 0 1 0 0 1 1 0], loss = 0.00740088
2022-08-01 16:18:08,698 - DEBUG - child pid = 62056, finish training [1 0 0 1 1 0 1 0 0], loss = 0.06912293
2022-08-01 16:18:08,727 - INFO - child pid = 62057, start training [1 0 1 0 0 0 1 0 0]
2022-08-01 16:18:08,728 - INFO - child pid = 62056, start training [1 0 0 1 1 1 1 1 1]
2022-08-01 16:18:08,994 - DEBUG - child pid = 62044, finish training [1 0 0 0 1 0 1 1 0], loss = 0.05559815
2022-08-01 16:18:08,997 - INFO - child pid = 62044, start training [1 0 1 0 0 0 1 0 1]
2022-08-01 16:18:09,193 - DEBUG - child pid = 62049, finish training [1 0 0 0 1 0 1 1 1], loss = 0.02648042
2022-08-01 16:18:09,196 - INFO - child pid = 62049, start training [1 0 1 0 0 0 1 1 0]
2022-08-01 16:18:09,218 - DEBUG - child pid = 62060, finish training [1 0 0 1 1 0 1 1 0], loss = 0.03217606
2022-08-01 16:18:09,220 - INFO - child pid = 62060, start training [1 0 1 0 0 0 1 1 1]
2022-08-01 16:18:09,308 - DEBUG - child pid = 62041, finish training [1 0 0 0 1 0 1 0 1], loss = 0.10920379
2022-08-01 16:18:09,311 - INFO - child pid = 62041, start training [1 0 1 0 0 1 1 1 0]
2022-08-01 16:18:09,406 - DEBUG - child pid = 62058, finish training [1 0 0 1 0 0 1 0 1], loss = 0.08168614
2022-08-01 16:18:09,408 - INFO - child pid = 62058, start training [1 0 1 0 0 1 1 1 1]
2022-08-01 16:18:09,492 - DEBUG - child pid = 62053, finish training [1 0 0 0 1 1 0 1 1], loss = 0.06472140
2022-08-01 16:18:09,493 - DEBUG - child pid = 62039, finish training [1 0 0 1 0 0 0 1 1], loss = 0.00731787
2022-08-01 16:18:09,494 - INFO - child pid = 62053, start training [1 0 1 0 1 0 1 0 0]
2022-08-01 16:18:09,494 - INFO - child pid = 62039, start training [1 0 1 0 1 0 1 0 1]
2022-08-01 16:18:09,564 - DEBUG - child pid = 62045, finish training [1 0 0 1 1 0 0 1 0], loss = 0.04640850
2022-08-01 16:18:09,567 - INFO - child pid = 62045, start training [1 0 1 0 1 0 1 1 0]
2022-08-01 16:18:09,698 - DEBUG - child pid = 62059, finish training [1 0 0 1 0 0 0 1 0], loss = 0.01095098
2022-08-01 16:18:09,701 - INFO - child pid = 62059, start training [1 0 1 0 1 0 1 1 1]
2022-08-01 16:18:09,754 - DEBUG - child pid = 62038, finish training [1 0 0 0 1 1 1 0 0], loss = 0.15138865
2022-08-01 16:18:09,756 - INFO - child pid = 62038, start training [1 0 1 0 1 1 1 1 0]
2022-08-01 16:18:09,756 - DEBUG - child pid = 62051, finish training [1 0 0 1 0 0 1 1 1], loss = 0.00536381
2022-08-01 16:18:09,758 - INFO - child pid = 62051, start training [1 0 1 0 1 1 1 1 1]
2022-08-01 16:18:09,779 - DEBUG - child pid = 62054, finish training [1 0 0 1 1 0 0 0 1], loss = 0.01363614
2022-08-01 16:18:09,788 - INFO - child pid = 62054, start training [1 0 1 1 0 0 0 0 0]
2022-08-01 16:18:09,933 - DEBUG - child pid = 62035, finish training [1 0 0 1 0 1 1 0 1], loss = 0.14347717
2022-08-01 16:18:09,936 - INFO - child pid = 62035, start training [1 0 1 1 0 0 0 0 1]
2022-08-01 16:18:09,993 - DEBUG - child pid = 62048, finish training [1 0 0 0 1 1 1 1 1], loss = 0.05152278
2022-08-01 16:18:09,995 - INFO - child pid = 62048, start training [1 0 1 1 0 0 0 1 0]
2022-08-01 16:18:10,064 - DEBUG - child pid = 62061, finish training [1 0 0 1 1 1 0 0 1], loss = 0.14095488
2022-08-01 16:18:10,067 - INFO - child pid = 62061, start training [1 0 1 1 0 0 0 1 1]
2022-08-01 16:18:10,436 - DEBUG - child pid = 62055, finish training [1 0 0 1 0 1 0 0 0], loss = 0.08682935
2022-08-01 16:18:10,439 - INFO - child pid = 62055, start training [1 0 1 1 0 0 1 0 0]
2022-08-01 16:18:10,725 - DEBUG - child pid = 62044, finish training [1 0 1 0 0 0 1 0 1], loss = 0.13590676
2022-08-01 16:18:10,727 - INFO - child pid = 62044, start training [1 0 1 1 0 0 1 0 1]
2022-08-01 16:18:10,765 - DEBUG - child pid = 62047, finish training [1 0 0 1 1 1 0 1 1], loss = 0.04763487
2022-08-01 16:18:10,823 - DEBUG - child pid = 62037, finish training [1 0 0 1 1 1 0 1 0], loss = 0.12931198
2022-08-01 16:18:10,824 - INFO - child pid = 62047, start training [1 0 1 1 0 0 1 1 0]
2022-08-01 16:18:10,825 - INFO - child pid = 62037, start training [1 0 1 1 0 0 1 1 1]
2022-08-01 16:18:11,080 - DEBUG - child pid = 62043, finish training [1 0 0 1 1 1 1 0 1], loss = 0.06207171
2022-08-01 16:18:11,082 - INFO - child pid = 62043, start training [1 0 1 1 0 1 0 0 0]
2022-08-01 16:18:11,105 - DEBUG - child pid = 62040, finish training [1 0 0 1 1 1 0 0 0], loss = 0.12438769
2022-08-01 16:18:11,107 - INFO - child pid = 62040, start training [1 0 1 1 0 1 0 0 1]
2022-08-01 16:18:11,218 - DEBUG - child pid = 62059, finish training [1 0 1 0 1 0 1 1 1], loss = 0.17320558
2022-08-01 16:18:11,241 - INFO - child pid = 62059, start training [1 0 1 1 0 1 0 1 0]
2022-08-01 16:18:11,279 - DEBUG - child pid = 62061, finish training [1 0 1 1 0 0 0 1 1], loss = 0.23861782
2022-08-01 16:18:11,293 - INFO - child pid = 62061, start training [1 0 1 1 0 1 0 1 1]
2022-08-01 16:18:11,454 - DEBUG - child pid = 62042, finish training [1 0 0 1 0 1 0 1 0], loss = 0.11314762
2022-08-01 16:18:11,457 - INFO - child pid = 62042, start training [1 0 1 1 0 1 1 0 0]
2022-08-01 16:18:11,527 - DEBUG - child pid = 62046, finish training [1 0 0 1 0 1 0 1 1], loss = 0.07021371
2022-08-01 16:18:11,530 - INFO - child pid = 62046, start training [1 0 1 1 0 1 1 0 1]
2022-08-01 16:18:11,704 - DEBUG - child pid = 62044, finish training [1 0 1 1 0 0 1 0 1], loss = 0.07396033
2022-08-01 16:18:11,719 - INFO - child pid = 62044, start training [1 0 1 1 0 1 1 1 0]
2022-08-01 16:18:11,900 - DEBUG - child pid = 62062, finish training [1 0 0 1 0 1 1 1 1], loss = 0.06978390
2022-08-01 16:18:11,903 - INFO - child pid = 62062, start training [1 0 1 1 0 1 1 1 1]
2022-08-01 16:18:11,973 - DEBUG - child pid = 62048, finish training [1 0 1 1 0 0 0 1 0], loss = 0.07612111
2022-08-01 16:18:11,976 - INFO - child pid = 62048, start training [1 0 1 1 1 0 0 0 0]
2022-08-01 16:18:12,054 - DEBUG - child pid = 62052, finish training [1 0 0 1 1 0 0 1 1], loss = 0.00467614
2022-08-01 16:18:12,061 - INFO - child pid = 62052, start training [1 0 1 1 1 0 0 0 1]
2022-08-01 16:18:12,109 - DEBUG - child pid = 62035, finish training [1 0 1 1 0 0 0 0 1], loss = 0.20612895
2022-08-01 16:18:12,111 - INFO - child pid = 62035, start training [1 0 1 1 1 0 0 1 0]
2022-08-01 16:18:12,240 - DEBUG - child pid = 62038, finish training [1 0 1 0 1 1 1 1 0], loss = 0.15306646
2022-08-01 16:18:12,243 - INFO - child pid = 62038, start training [1 0 1 1 1 0 0 1 1]
2022-08-01 16:18:12,302 - DEBUG - child pid = 62036, finish training [1 0 0 1 1 0 1 1 1], loss = 0.02104527
2022-08-01 16:18:12,312 - INFO - child pid = 62036, start training [1 0 1 1 1 0 1 0 0]
2022-08-01 16:18:12,390 - DEBUG - child pid = 62063, finish training [1 0 0 1 1 1 1 0 0], loss = 0.12496267
2022-08-01 16:18:12,394 - INFO - child pid = 62063, start training [1 0 1 1 1 0 1 0 1]
2022-08-01 16:18:12,447 - DEBUG - child pid = 62064, finish training [1 0 0 1 1 0 1 0 1], loss = 0.10891579
2022-08-01 16:18:12,450 - INFO - child pid = 62064, start training [1 0 1 1 1 0 1 1 0]
2022-08-01 16:18:12,590 - DEBUG - child pid = 62049, finish training [1 0 1 0 0 0 1 1 0], loss = 0.05726137
2022-08-01 16:18:12,592 - INFO - child pid = 62049, start training [1 0 1 1 1 0 1 1 1]
2022-08-01 16:18:12,713 - DEBUG - child pid = 62057, finish training [1 0 1 0 0 0 1 0 0], loss = 0.04735373
2022-08-01 16:18:12,715 - INFO - child pid = 62057, start training [1 0 1 1 1 1 0 0 0]
2022-08-01 16:18:12,871 - DEBUG - child pid = 62051, finish training [1 0 1 0 1 1 1 1 1], loss = 0.11390277
2022-08-01 16:18:12,874 - INFO - child pid = 62051, start training [1 0 1 1 1 1 0 0 1]
2022-08-01 16:18:12,933 - DEBUG - child pid = 62061, finish training [1 0 1 1 0 1 0 1 1], loss = 0.17346027
2022-08-01 16:18:12,936 - INFO - child pid = 62061, start training [1 0 1 1 1 1 0 1 0]
2022-08-01 16:18:13,465 - DEBUG - child pid = 62059, finish training [1 0 1 1 0 1 0 1 0], loss = 0.20227070
2022-08-01 16:18:13,473 - INFO - child pid = 62059, start training [1 0 1 1 1 1 0 1 1]
2022-08-01 16:18:13,643 - DEBUG - child pid = 62060, finish training [1 0 1 0 0 0 1 1 1], loss = 0.13782218
2022-08-01 16:18:13,648 - INFO - child pid = 62060, start training [1 0 1 1 1 1 1 0 0]
2022-08-01 16:18:13,691 - DEBUG - child pid = 62040, finish training [1 0 1 1 0 1 0 0 1], loss = 0.00229523
2022-08-01 16:18:13,694 - INFO - child pid = 62040, start training [1 0 1 1 1 1 1 0 1]
2022-08-01 16:18:13,748 - DEBUG - child pid = 62053, finish training [1 0 1 0 1 0 1 0 0], loss = 0.15762310
2022-08-01 16:18:13,750 - INFO - child pid = 62053, start training [1 0 1 1 1 1 1 1 0]
2022-08-01 16:18:13,781 - DEBUG - child pid = 62047, finish training [1 0 1 1 0 0 1 1 0], loss = 0.00438892
2022-08-01 16:18:13,795 - INFO - child pid = 62047, start training [1 0 1 1 1 1 1 1 1]
2022-08-01 16:18:13,880 - DEBUG - child pid = 62046, finish training [1 0 1 1 0 1 1 0 1], loss = 0.18364659
2022-08-01 16:18:13,880 - DEBUG - child pid = 62042, finish training [1 0 1 1 0 1 1 0 0], loss = 0.20316070
2022-08-01 16:18:13,883 - INFO - child pid = 62046, start training [1 1 0 1 0 0 0 0 0]
2022-08-01 16:18:13,882 - INFO - child pid = 62042, start training [1 1 0 1 0 0 0 0 1]
2022-08-01 16:18:13,934 - DEBUG - child pid = 62037, finish training [1 0 1 1 0 0 1 1 1], loss = 0.06369215
2022-08-01 16:18:13,937 - INFO - child pid = 62037, start training [1 1 0 1 0 0 0 1 0]
2022-08-01 16:18:14,064 - DEBUG - child pid = 62050, finish training [1 0 0 1 1 1 1 1 0], loss = 0.08936618
2022-08-01 16:18:14,066 - INFO - child pid = 62050, start training [1 1 0 1 0 0 0 1 1]
2022-08-01 16:18:14,255 - DEBUG - child pid = 62056, finish training [1 0 0 1 1 1 1 1 1], loss = 0.00190901
2022-08-01 16:18:14,259 - INFO - child pid = 62056, start training [1 1 0 1 0 0 1 0 0]
2022-08-01 16:18:14,376 - DEBUG - child pid = 62055, finish training [1 0 1 1 0 0 1 0 0], loss = 0.00415953
2022-08-01 16:18:14,379 - INFO - child pid = 62055, start training [1 1 0 1 0 0 1 0 1]
2022-08-01 16:18:14,401 - DEBUG - child pid = 62062, finish training [1 0 1 1 0 1 1 1 1], loss = 0.12373368
2022-08-01 16:18:14,403 - DEBUG - child pid = 62054, finish training [1 0 1 1 0 0 0 0 0], loss = 0.00424698
2022-08-01 16:18:14,404 - INFO - child pid = 62062, start training [1 1 0 1 0 0 1 1 1]
2022-08-01 16:18:14,403 - INFO - child pid = 62054, start training [1 1 0 1 0 0 1 1 0]
2022-08-01 16:18:14,461 - DEBUG - child pid = 62043, finish training [1 0 1 1 0 1 0 0 0], loss = 0.12424400
2022-08-01 16:18:14,464 - INFO - child pid = 62043, start training [1 1 0 1 0 1 0 1 0]
2022-08-01 16:18:14,547 - DEBUG - child pid = 62035, finish training [1 0 1 1 1 0 0 1 0], loss = 0.19171450
2022-08-01 16:18:14,550 - INFO - child pid = 62035, start training [1 1 0 1 0 1 0 1 1]
2022-08-01 16:18:14,714 - DEBUG - child pid = 62048, finish training [1 0 1 1 1 0 0 0 0], loss = 0.12403008
2022-08-01 16:18:14,716 - INFO - child pid = 62048, start training [1 1 0 1 0 1 1 0 0]
2022-08-01 16:18:14,731 - DEBUG - child pid = 62041, finish training [1 0 1 0 0 1 1 1 0], loss = 0.08917654
2022-08-01 16:18:14,733 - INFO - child pid = 62041, start training [1 1 0 1 0 1 1 0 1]
2022-08-01 16:18:14,875 - DEBUG - child pid = 62058, finish training [1 0 1 0 0 1 1 1 1], loss = 0.00616063
2022-08-01 16:18:14,878 - INFO - child pid = 62058, start training [1 1 0 1 0 1 1 1 0]
2022-08-01 16:18:15,243 - DEBUG - child pid = 62045, finish training [1 0 1 0 1 0 1 1 0], loss = 0.12719958
2022-08-01 16:18:15,280 - INFO - child pid = 62045, start training [1 1 0 1 0 1 1 1 1]
2022-08-01 16:18:15,337 - DEBUG - child pid = 62044, finish training [1 0 1 1 0 1 1 1 0], loss = 0.01565043
2022-08-01 16:18:15,340 - INFO - child pid = 62044, start training [1 1 0 1 1 0 0 0 0]
2022-08-01 16:18:15,426 - DEBUG - child pid = 62039, finish training [1 0 1 0 1 0 1 0 1], loss = 0.20742732
2022-08-01 16:18:15,429 - INFO - child pid = 62039, start training [1 1 0 1 1 0 0 0 1]
2022-08-01 16:18:15,430 - DEBUG - child pid = 62051, finish training [1 0 1 1 1 1 0 0 1], loss = 0.06309477
2022-08-01 16:18:15,431 - INFO - child pid = 62051, start training [1 1 0 1 1 0 0 1 0]
2022-08-01 16:18:15,677 - DEBUG - child pid = 62061, finish training [1 0 1 1 1 1 0 1 0], loss = 0.09723459
2022-08-01 16:18:15,679 - INFO - child pid = 62061, start training [1 1 0 1 1 0 0 1 1]
2022-08-01 16:18:15,690 - DEBUG - child pid = 62057, finish training [1 0 1 1 1 1 0 0 0], loss = 0.10040664
2022-08-01 16:18:15,693 - INFO - child pid = 62057, start training [1 1 0 1 1 0 1 0 0]
2022-08-01 16:18:15,800 - DEBUG - child pid = 62040, finish training [1 0 1 1 1 1 1 0 1], loss = 0.15180579
2022-08-01 16:18:15,803 - INFO - child pid = 62040, start training [1 1 0 1 1 0 1 0 1]
2022-08-01 16:18:16,163 - DEBUG - child pid = 62047, finish training [1 0 1 1 1 1 1 1 1], loss = 0.06286512
2022-08-01 16:18:16,166 - INFO - child pid = 62047, start training [1 1 0 1 1 0 1 1 0]
2022-08-01 16:18:16,200 - DEBUG - child pid = 62053, finish training [1 0 1 1 1 1 1 1 0], loss = 0.13007310
2022-08-01 16:18:16,235 - INFO - child pid = 62053, start training [1 1 0 1 1 0 1 1 1]
2022-08-01 16:18:16,253 - DEBUG - child pid = 62042, finish training [1 1 0 1 0 0 0 0 1], loss = 0.16266963
2022-08-01 16:18:16,247 - DEBUG - child pid = 62063, finish training [1 0 1 1 1 0 1 0 1], loss = 0.17474848
2022-08-01 16:18:16,271 - INFO - child pid = 62042, start training [1 1 0 1 1 1 0 1 0]
2022-08-01 16:18:16,272 - INFO - child pid = 62063, start training [1 1 0 1 1 1 0 1 1]
2022-08-01 16:18:16,317 - DEBUG - child pid = 62036, finish training [1 0 1 1 1 0 1 0 0], loss = 0.11307459
2022-08-01 16:18:16,320 - INFO - child pid = 62036, start training [1 1 0 1 1 1 1 0 0]
2022-08-01 16:18:16,408 - DEBUG - child pid = 62050, finish training [1 1 0 1 0 0 0 1 1], loss = 0.07498847
2022-08-01 16:18:16,416 - INFO - child pid = 62050, start training [1 1 0 1 1 1 1 0 1]
2022-08-01 16:18:17,205 - DEBUG - child pid = 62038, finish training [1 0 1 1 1 0 0 1 1], loss = 0.08159272
2022-08-01 16:18:17,208 - INFO - child pid = 62038, start training [1 1 0 1 1 1 1 1 0]
2022-08-01 16:18:17,217 - DEBUG - child pid = 62057, finish training [1 1 0 1 1 0 1 0 0], loss = 0.04335998
2022-08-01 16:18:17,219 - INFO - child pid = 62057, start training [1 1 0 1 1 1 1 1 1]
2022-08-01 16:18:17,408 - DEBUG - child pid = 62046, finish training [1 1 0 1 0 0 0 0 0], loss = 0.03487115
2022-08-01 16:18:17,411 - INFO - child pid = 62046, start training [1 1 1 1 0 0 1 0 0]
2022-08-01 16:18:17,447 - DEBUG - child pid = 62060, finish training [1 0 1 1 1 1 1 0 0], loss = 0.10746041
2022-08-01 16:18:17,450 - INFO - child pid = 62060, start training [1 1 1 1 0 0 1 0 1]
2022-08-01 16:18:17,664 - DEBUG - child pid = 62052, finish training [1 0 1 1 1 0 0 0 1], loss = 0.09129510
2022-08-01 16:18:17,667 - INFO - child pid = 62052, start training [1 1 1 1 0 0 1 1 0]
2022-08-01 16:18:17,830 - DEBUG - child pid = 62064, finish training [1 0 1 1 1 0 1 1 0], loss = 0.07314797
2022-08-01 16:18:17,833 - INFO - child pid = 62064, start training [1 1 1 1 0 0 1 1 1]
2022-08-01 16:18:18,035 - DEBUG - child pid = 62050, finish training [1 1 0 1 1 1 1 0 1], loss = 0.06430398
2022-08-01 16:18:18,037 - INFO - child pid = 62050, start training [1 1 1 1 0 1 1 1 0]
2022-08-01 16:18:18,041 - DEBUG - child pid = 62051, finish training [1 1 0 1 1 0 0 1 0], loss = 0.06406205
2022-08-01 16:18:18,051 - INFO - child pid = 62051, start training [1 1 1 1 0 1 1 1 1]
2022-08-01 16:18:18,094 - DEBUG - child pid = 62062, finish training [1 1 0 1 0 0 1 1 1], loss = 0.05002492
2022-08-01 16:18:18,100 - INFO - child pid = 62062, start training [1 1 1 1 1 0 1 0 0]
2022-08-01 16:18:18,310 - DEBUG - child pid = 62047, finish training [1 1 0 1 1 0 1 1 0], loss = 0.00315653
2022-08-01 16:18:18,313 - INFO - child pid = 62047, start training [1 1 1 1 1 0 1 0 1]
2022-08-01 16:18:18,369 - DEBUG - child pid = 62049, finish training [1 0 1 1 1 0 1 1 1], loss = 0.04314828
2022-08-01 16:18:18,389 - INFO - child pid = 62049, start training [1 1 1 1 1 0 1 1 0]
2022-08-01 16:18:18,446 - DEBUG - child pid = 62053, finish training [1 1 0 1 1 0 1 1 1], loss = 0.00942043
2022-08-01 16:18:18,448 - INFO - child pid = 62053, start training [1 1 1 1 1 0 1 1 1]
2022-08-01 16:18:18,503 - DEBUG - child pid = 62042, finish training [1 1 0 1 1 1 0 1 0], loss = 0.12305898
2022-08-01 16:18:18,505 - INFO - child pid = 62042, start training [1 1 1 1 1 1 1 1 0]
2022-08-01 16:18:18,575 - DEBUG - child pid = 62036, finish training [1 1 0 1 1 1 1 0 0], loss = 0.09965134
2022-08-01 16:18:18,577 - INFO - child pid = 62036, start training [1 1 1 1 1 1 1 1 1]
2022-08-01 16:18:18,856 - DEBUG - child pid = 62059, finish training [1 0 1 1 1 1 0 1 1], loss = 0.03296649
2022-08-01 16:18:18,924 - DEBUG - child pid = 62044, finish training [1 1 0 1 1 0 0 0 0], loss = 0.00403986
2022-08-01 16:18:19,075 - DEBUG - child pid = 62051, finish training [1 1 1 1 0 1 1 1 1], loss = 0.08985265
2022-08-01 16:18:19,211 - DEBUG - child pid = 62056, finish training [1 1 0 1 0 0 1 0 0], loss = 0.03098802
2022-08-01 16:18:19,246 - DEBUG - child pid = 62036, finish training [1 1 1 1 1 1 1 1 1], loss = 0.00000812
2022-08-01 16:18:19,286 - DEBUG - child pid = 62035, finish training [1 1 0 1 0 1 0 1 1], loss = 0.11336751
2022-08-01 16:18:19,379 - DEBUG - child pid = 62038, finish training [1 1 0 1 1 1 1 1 0], loss = 0.07133041
2022-08-01 16:18:19,440 - DEBUG - child pid = 62041, finish training [1 1 0 1 0 1 1 0 1], loss = 0.17474864
2022-08-01 16:18:19,554 - DEBUG - child pid = 62039, finish training [1 1 0 1 1 0 0 0 1], loss = 0.01385320
2022-08-01 16:18:19,777 - DEBUG - child pid = 62053, finish training [1 1 1 1 1 0 1 1 1], loss = 0.06412926
2022-08-01 16:18:19,863 - DEBUG - child pid = 62054, finish training [1 1 0 1 0 0 1 1 0], loss = 0.01836089
2022-08-01 16:18:19,895 - DEBUG - child pid = 62055, finish training [1 1 0 1 0 0 1 0 1], loss = 0.11437163
2022-08-01 16:18:19,962 - DEBUG - child pid = 62037, finish training [1 1 0 1 0 0 0 1 0], loss = 0.09461669
2022-08-01 16:18:20,028 - DEBUG - child pid = 62062, finish training [1 1 1 1 1 0 1 0 0], loss = 0.05862515
2022-08-01 16:18:20,208 - DEBUG - child pid = 62040, finish training [1 1 0 1 1 0 1 0 1], loss = 0.07581123
2022-08-01 16:18:20,222 - DEBUG - child pid = 62043, finish training [1 1 0 1 0 1 0 1 0], loss = 0.17446487
2022-08-01 16:18:20,245 - DEBUG - child pid = 62058, finish training [1 1 0 1 0 1 1 1 0], loss = 0.09900245
2022-08-01 16:18:20,295 - DEBUG - child pid = 62046, finish training [1 1 1 1 0 0 1 0 0], loss = 0.02915583
2022-08-01 16:18:20,522 - DEBUG - child pid = 62061, finish training [1 1 0 1 1 0 0 1 1], loss = 0.00368987
2022-08-01 16:18:20,547 - DEBUG - child pid = 62048, finish training [1 1 0 1 0 1 1 0 0], loss = 0.08846805
2022-08-01 16:18:20,641 - DEBUG - child pid = 62057, finish training [1 1 0 1 1 1 1 1 1], loss = 0.00294387
2022-08-01 16:18:20,642 - DEBUG - child pid = 62063, finish training [1 1 0 1 1 1 0 1 1], loss = 0.00432927
2022-08-01 16:18:20,911 - DEBUG - child pid = 62045, finish training [1 1 0 1 0 1 1 1 1], loss = 0.06661733
2022-08-01 16:18:21,539 - DEBUG - child pid = 62064, finish training [1 1 1 1 0 0 1 1 1], loss = 0.12398068
2022-08-01 16:18:21,800 - DEBUG - child pid = 62049, finish training [1 1 1 1 1 0 1 1 0], loss = 0.00259720
2022-08-01 16:18:21,830 - DEBUG - child pid = 62042, finish training [1 1 1 1 1 1 1 1 0], loss = 0.00816725
2022-08-01 16:18:22,080 - DEBUG - child pid = 62060, finish training [1 1 1 1 0 0 1 0 1], loss = 0.13151713
2022-08-01 16:18:22,969 - DEBUG - child pid = 62052, finish training [1 1 1 1 0 0 1 1 0], loss = 0.00779385
2022-08-01 16:18:23,154 - DEBUG - child pid = 62047, finish training [1 1 1 1 1 0 1 0 1], loss = 0.13118172
2022-08-01 16:18:23,657 - DEBUG - child pid = 62050, finish training [1 1 1 1 0 1 1 1 0], loss = 0.01862064
2022-08-01 16:18:45,300 - INFO - parent pid = 61995, finish task 2_2_fixA_square_0
