2022-08-01 16:27:22,842 - INFO - running /home/hxcai/competitive_network/0728_train_BT.py
2022-08-01 16:27:22,842 - INFO - parent pid = 63931, start task 2_2_fixA_square_0
2022-08-01 16:27:22,845 - DEBUG - {'data_dir': 'data', 'figure_dir': 'figures', 'output_dir': 'results/temp', 'log_dir': 'logs', 'seed': 0, 'nA': 2, 'nB': 2, 'nY': 1, 'max_epochs': 2000, 'log_epochs': 100, 'tol': 0.0001, 'model': {'type': 'CompetitiveNetwork', 'args': {'reparam': 'square', 'mode': 'fixA'}}, 'logger': {'version': 1, 'formatters': {'default': {'format': '%(asctime)s - %(levelname)s - %(message)s'}}, 'handlers': {'stream_handler': {'class': 'logging.StreamHandler', 'level': 'INFO', 'formatter': 'default', 'stream': 'ext://sys.stdout'}, 'file_handler': {'class': 'logging.handlers.RotatingFileHandler', 'level': 'DEBUG', 'formatter': 'default', 'filename': 'logs/20220801_162722_2_2_fixA_square_0.log', 'maxBytes': 10485760, 'backupCount': 5, 'encoding': 'utf-8'}}, 'root': {'level': 'DEBUG', 'handlers': ['stream_handler', 'file_handler']}}, 'data_loader': {'type': 'DataLoader', 'args': {'batch_size': 9, 'shuffle': False}}, 'optimizer': {'type': 'SGD', 'args': {'lr': 0.1, 'momentum': 0.9, 'weight_decay': 0}}, 'loss': {'type': 'MSELoss()'}}
2022-08-01 16:27:23,042 - INFO - child pid = 63974, start training [0 0 0 0 0 1 1 0 0]
2022-08-01 16:27:23,039 - INFO - child pid = 63965, start training [0 0 0 0 0 0 0 0 1]
2022-08-01 16:27:23,040 - INFO - child pid = 63966, start training [0 0 0 0 0 0 0 1 0]
2022-08-01 16:27:23,039 - INFO - child pid = 63964, start training [0 0 0 0 0 0 0 0 0]
2022-08-01 16:27:23,040 - INFO - child pid = 63967, start training [0 0 0 0 0 0 0 1 1]
2022-08-01 16:27:23,041 - INFO - child pid = 63973, start training [0 0 0 0 0 1 0 1 1]
2022-08-01 16:27:23,044 - INFO - child pid = 63986, start training [0 0 0 0 1 1 0 1 0]
2022-08-01 16:27:23,044 - INFO - child pid = 63985, start training [0 0 0 0 1 0 1 1 1]
2022-08-01 16:27:23,043 - INFO - child pid = 63981, start training [0 0 0 0 1 0 0 1 1]
2022-08-01 16:27:23,042 - INFO - child pid = 63975, start training [0 0 0 0 0 1 1 0 1]
2022-08-01 16:27:23,045 - INFO - child pid = 63991, start training [0 0 0 0 1 1 1 1 1]
2022-08-01 16:27:23,043 - INFO - child pid = 63982, start training [0 0 0 0 1 0 1 0 0]
2022-08-01 16:27:23,046 - INFO - child pid = 63993, start training [0 0 0 1 0 0 0 0 1]
2022-08-01 16:27:23,046 - INFO - child pid = 63992, start training [0 0 0 1 0 0 0 0 0]
2022-08-01 16:27:23,045 - INFO - child pid = 63990, start training [0 0 0 0 1 1 1 1 0]
2022-08-01 16:27:23,044 - INFO - child pid = 63987, start training [0 0 0 0 1 1 0 1 1]
2022-08-01 16:27:23,045 - INFO - child pid = 63989, start training [0 0 0 0 1 1 1 0 1]
2022-08-01 16:27:23,045 - INFO - child pid = 63988, start training [0 0 0 0 1 1 1 0 0]
2022-08-01 16:27:23,041 - INFO - child pid = 63970, start training [0 0 0 0 0 0 1 1 0]
2022-08-01 16:27:23,040 - INFO - child pid = 63969, start training [0 0 0 0 0 0 1 0 1]
2022-08-01 16:27:23,044 - INFO - child pid = 63984, start training [0 0 0 0 1 0 1 1 0]
2022-08-01 16:27:23,040 - INFO - child pid = 63968, start training [0 0 0 0 0 0 1 0 0]
2022-08-01 16:27:23,044 - INFO - child pid = 63983, start training [0 0 0 0 1 0 1 0 1]
2022-08-01 16:27:23,042 - INFO - child pid = 63977, start training [0 0 0 0 0 1 1 1 1]
2022-08-01 16:27:23,042 - INFO - child pid = 63976, start training [0 0 0 0 0 1 1 1 0]
2022-08-01 16:27:23,041 - INFO - child pid = 63971, start training [0 0 0 0 0 0 1 1 1]
2022-08-01 16:27:23,041 - INFO - child pid = 63972, start training [0 0 0 0 0 1 0 1 0]
2022-08-01 16:27:23,043 - INFO - child pid = 63980, start training [0 0 0 0 1 0 0 1 0]
2022-08-01 16:27:23,042 - INFO - child pid = 63978, start training [0 0 0 0 1 0 0 0 0]
2022-08-01 16:27:23,043 - INFO - child pid = 63979, start training [0 0 0 0 1 0 0 0 1]
2022-08-01 16:27:23,461 - DEBUG - child pid = 63985, finish training [0 0 0 0 1 0 1 1 1], loss = 0.06724152
2022-08-01 16:27:23,460 - DEBUG - child pid = 63991, finish training [0 0 0 0 1 1 1 1 1], loss = 0.07410310
2022-08-01 16:27:23,462 - DEBUG - child pid = 63988, finish training [0 0 0 0 1 1 1 0 0], loss = 0.14816177
2022-08-01 16:27:23,463 - INFO - child pid = 63988, start training [0 0 0 1 0 0 0 1 1]
2022-08-01 16:27:23,463 - INFO - child pid = 63985, start training [0 0 0 1 0 0 0 1 0]
2022-08-01 16:27:23,463 - INFO - child pid = 63991, start training [0 0 0 1 0 0 1 0 0]
2022-08-01 16:27:23,480 - DEBUG - child pid = 63973, finish training [0 0 0 0 0 1 0 1 1], loss = 0.07407738
2022-08-01 16:27:23,465 - DEBUG - child pid = 63977, finish training [0 0 0 0 0 1 1 1 1], loss = 0.04398046
2022-08-01 16:27:23,466 - DEBUG - child pid = 63976, finish training [0 0 0 0 0 1 1 1 0], loss = 0.09467439
2022-08-01 16:27:23,493 - DEBUG - child pid = 63984, finish training [0 0 0 0 1 0 1 1 0], loss = 0.05187821
2022-08-01 16:27:23,501 - INFO - child pid = 63973, start training [0 0 0 1 0 0 1 0 1]
2022-08-01 16:27:23,502 - INFO - child pid = 63976, start training [0 0 0 1 0 0 1 1 1]
2022-08-01 16:27:23,502 - INFO - child pid = 63984, start training [0 0 0 1 0 1 0 0 0]
2022-08-01 16:27:23,502 - INFO - child pid = 63977, start training [0 0 0 1 0 0 1 1 0]
2022-08-01 16:27:23,541 - DEBUG - child pid = 63965, finish training [0 0 0 0 0 0 0 0 1], loss = 0.05232834
2022-08-01 16:27:23,544 - INFO - child pid = 63965, start training [0 0 0 1 0 1 0 0 1]
2022-08-01 16:27:23,554 - DEBUG - child pid = 63993, finish training [0 0 0 1 0 0 0 0 1], loss = 0.05197948
2022-08-01 16:27:23,556 - INFO - child pid = 63993, start training [0 0 0 1 0 1 0 1 0]
2022-08-01 16:27:23,595 - DEBUG - child pid = 63992, finish training [0 0 0 1 0 0 0 0 0], loss = 0.00894316
2022-08-01 16:27:23,598 - INFO - child pid = 63992, start training [0 0 0 1 0 1 0 1 1]
2022-08-01 16:27:23,750 - DEBUG - child pid = 63986, finish training [0 0 0 0 1 1 0 1 0], loss = 0.13516746
2022-08-01 16:27:23,748 - DEBUG - child pid = 63964, finish training [0 0 0 0 0 0 0 0 0], loss = 0.00001535
2022-08-01 16:27:23,751 - INFO - child pid = 63964, start training [0 0 0 1 0 1 1 0 1]
2022-08-01 16:27:23,751 - INFO - child pid = 63986, start training [0 0 0 1 0 1 1 0 0]
2022-08-01 16:27:23,872 - DEBUG - child pid = 63979, finish training [0 0 0 0 1 0 0 0 1], loss = 0.02533912
2022-08-01 16:27:23,875 - INFO - child pid = 63979, start training [0 0 0 1 0 1 1 1 0]
2022-08-01 16:27:23,933 - DEBUG - child pid = 63974, finish training [0 0 0 0 0 1 1 0 0], loss = 0.09203544
2022-08-01 16:27:23,936 - INFO - child pid = 63974, start training [0 0 0 1 0 1 1 1 1]
2022-08-01 16:27:23,958 - DEBUG - child pid = 63993, finish training [0 0 0 1 0 1 0 1 0], loss = 0.15120505
2022-08-01 16:27:23,961 - INFO - child pid = 63993, start training [0 0 0 1 1 0 0 0 0]
2022-08-01 16:27:23,987 - DEBUG - child pid = 63977, finish training [0 0 0 1 0 0 1 1 0], loss = 0.01200012
2022-08-01 16:27:23,990 - INFO - child pid = 63977, start training [0 0 0 1 1 0 0 0 1]
2022-08-01 16:27:23,992 - DEBUG - child pid = 63985, finish training [0 0 0 1 0 0 0 1 0], loss = 0.08423258
2022-08-01 16:27:23,994 - INFO - child pid = 63985, start training [0 0 0 1 1 0 0 1 0]
2022-08-01 16:27:24,002 - DEBUG - child pid = 63982, finish training [0 0 0 0 1 0 1 0 0], loss = 0.07093363
2022-08-01 16:27:24,004 - INFO - child pid = 63982, start training [0 0 0 1 1 0 0 1 1]
2022-08-01 16:27:24,013 - DEBUG - child pid = 63980, finish training [0 0 0 0 1 0 0 1 0], loss = 0.12209352
2022-08-01 16:27:24,015 - INFO - child pid = 63980, start training [0 0 0 1 1 0 1 0 0]
2022-08-01 16:27:24,097 - DEBUG - child pid = 63966, finish training [0 0 0 0 0 0 0 1 0], loss = 0.01155556
2022-08-01 16:27:24,101 - INFO - child pid = 63966, start training [0 0 0 1 1 0 1 0 1]
2022-08-01 16:27:24,106 - DEBUG - child pid = 63978, finish training [0 0 0 0 1 0 0 0 0], loss = 0.06339708
2022-08-01 16:27:24,108 - INFO - child pid = 63978, start training [0 0 0 1 1 0 1 1 0]
2022-08-01 16:27:24,137 - DEBUG - child pid = 63968, finish training [0 0 0 0 0 0 1 0 0], loss = 0.00058889
2022-08-01 16:27:24,140 - INFO - child pid = 63968, start training [0 0 0 1 1 0 1 1 1]
2022-08-01 16:27:24,162 - DEBUG - child pid = 63971, finish training [0 0 0 0 0 0 1 1 1], loss = 0.00231564
2022-08-01 16:27:24,164 - INFO - child pid = 63971, start training [0 0 0 1 1 1 0 0 0]
2022-08-01 16:27:24,165 - DEBUG - child pid = 63975, finish training [0 0 0 0 0 1 1 0 1], loss = 0.09881856
2022-08-01 16:27:24,185 - INFO - child pid = 63975, start training [0 0 0 1 1 1 0 0 1]
2022-08-01 16:27:24,192 - DEBUG - child pid = 63983, finish training [0 0 0 0 1 0 1 0 1], loss = 0.14409523
2022-08-01 16:27:24,194 - INFO - child pid = 63983, start training [0 0 0 1 1 1 0 1 0]
2022-08-01 16:27:24,403 - DEBUG - child pid = 63985, finish training [0 0 0 1 1 0 0 1 0], loss = 0.10128105
2022-08-01 16:27:24,405 - INFO - child pid = 63985, start training [0 0 0 1 1 1 0 1 1]
2022-08-01 16:27:24,447 - DEBUG - child pid = 63972, finish training [0 0 0 0 0 1 0 1 0], loss = 0.12912261
2022-08-01 16:27:24,481 - DEBUG - child pid = 63970, finish training [0 0 0 0 0 0 1 1 0], loss = 0.00862796
2022-08-01 16:27:24,461 - DEBUG - child pid = 63986, finish training [0 0 0 1 0 1 1 0 0], loss = 0.07473631
2022-08-01 16:27:24,518 - INFO - child pid = 63970, start training [0 0 0 1 1 1 1 0 1]
2022-08-01 16:27:24,518 - INFO - child pid = 63972, start training [0 0 0 1 1 1 1 1 0]
2022-08-01 16:27:24,518 - INFO - child pid = 63986, start training [0 0 0 1 1 1 1 0 0]
2022-08-01 16:27:24,615 - DEBUG - child pid = 63967, finish training [0 0 0 0 0 0 0 1 1], loss = 0.05303533
2022-08-01 16:27:24,618 - INFO - child pid = 63967, start training [0 0 0 1 1 1 1 1 1]
2022-08-01 16:27:24,627 - DEBUG - child pid = 63969, finish training [0 0 0 0 0 0 1 0 1], loss = 0.07072648
2022-08-01 16:27:24,629 - INFO - child pid = 63969, start training [0 0 1 0 0 0 1 0 0]
2022-08-01 16:27:24,699 - DEBUG - child pid = 63991, finish training [0 0 0 1 0 0 1 0 0], loss = 0.00653358
2022-08-01 16:27:24,701 - INFO - child pid = 63991, start training [0 0 1 0 0 0 1 0 1]
2022-08-01 16:27:24,748 - DEBUG - child pid = 63981, finish training [0 0 0 0 1 0 0 1 1], loss = 0.14473496
2022-08-01 16:27:24,751 - INFO - child pid = 63981, start training [0 0 1 0 0 0 1 1 0]
2022-08-01 16:27:24,795 - DEBUG - child pid = 63985, finish training [0 0 0 1 1 1 0 1 1], loss = 0.00789813
2022-08-01 16:27:24,797 - INFO - child pid = 63985, start training [0 0 1 0 0 0 1 1 1]
2022-08-01 16:27:24,863 - DEBUG - child pid = 63978, finish training [0 0 0 1 1 0 1 1 0], loss = 0.00611650
2022-08-01 16:27:24,866 - INFO - child pid = 63978, start training [0 0 1 0 0 1 1 1 0]
2022-08-01 16:27:24,875 - DEBUG - child pid = 63965, finish training [0 0 0 1 0 1 0 0 1], loss = 0.17281359
2022-08-01 16:27:24,877 - INFO - child pid = 63965, start training [0 0 1 0 0 1 1 1 1]
2022-08-01 16:27:24,959 - DEBUG - child pid = 63969, finish training [0 0 1 0 0 0 1 0 0], loss = 0.00989798
2022-08-01 16:27:24,962 - INFO - child pid = 63969, start training [0 0 1 0 1 0 1 0 0]
2022-08-01 16:27:24,979 - DEBUG - child pid = 63971, finish training [0 0 0 1 1 1 0 0 0], loss = 0.18314037
2022-08-01 16:27:24,982 - INFO - child pid = 63971, start training [0 0 1 0 1 0 1 0 1]
2022-08-01 16:27:25,234 - DEBUG - child pid = 63984, finish training [0 0 0 1 0 1 0 0 0], loss = 0.15096267
2022-08-01 16:27:25,238 - INFO - child pid = 63984, start training [0 0 1 0 1 0 1 1 0]
2022-08-01 16:27:25,479 - DEBUG - child pid = 63965, finish training [0 0 1 0 0 1 1 1 1], loss = 0.00479345
2022-08-01 16:27:25,483 - INFO - child pid = 63965, start training [0 0 1 0 1 0 1 1 1]
2022-08-01 16:27:25,549 - DEBUG - child pid = 63978, finish training [0 0 1 0 0 1 1 1 0], loss = 0.01223390
2022-08-01 16:27:25,552 - INFO - child pid = 63978, start training [0 0 1 0 1 1 1 1 0]
2022-08-01 16:27:25,598 - DEBUG - child pid = 63984, finish training [0 0 1 0 1 0 1 1 0], loss = 0.15226680
2022-08-01 16:27:25,601 - INFO - child pid = 63984, start training [0 0 1 0 1 1 1 1 1]
2022-08-01 16:27:25,737 - DEBUG - child pid = 63974, finish training [0 0 0 1 0 1 1 1 1], loss = 0.06896612
2022-08-01 16:27:25,740 - INFO - child pid = 63974, start training [0 0 1 1 0 0 0 0 0]
2022-08-01 16:27:25,762 - DEBUG - child pid = 63993, finish training [0 0 0 1 1 0 0 0 0], loss = 0.12476701
2022-08-01 16:27:25,765 - INFO - child pid = 63993, start training [0 0 1 1 0 0 0 0 1]
2022-08-01 16:27:25,772 - DEBUG - child pid = 63969, finish training [0 0 1 0 1 0 1 0 0], loss = 0.11918970
2022-08-01 16:27:25,785 - INFO - child pid = 63969, start training [0 0 1 1 0 0 0 1 0]
2022-08-01 16:27:25,806 - DEBUG - child pid = 63983, finish training [0 0 0 1 1 1 0 1 0], loss = 0.07496551
2022-08-01 16:27:25,809 - INFO - child pid = 63983, start training [0 0 1 1 0 0 0 1 1]
2022-08-01 16:27:25,818 - DEBUG - child pid = 63985, finish training [0 0 1 0 0 0 1 1 1], loss = 0.06340896
2022-08-01 16:27:25,818 - DEBUG - child pid = 63989, finish training [0 0 0 0 1 1 1 0 1], loss = 0.08539835
2022-08-01 16:27:25,821 - INFO - child pid = 63989, start training [0 0 1 1 0 0 1 0 1]
2022-08-01 16:27:25,820 - INFO - child pid = 63985, start training [0 0 1 1 0 0 1 0 0]
2022-08-01 16:27:25,855 - DEBUG - child pid = 63981, finish training [0 0 1 0 0 0 1 1 0], loss = 0.09721613
2022-08-01 16:27:25,859 - INFO - child pid = 63981, start training [0 0 1 1 0 0 1 1 0]
2022-08-01 16:27:25,962 - DEBUG - child pid = 63975, finish training [0 0 0 1 1 1 0 0 1], loss = 0.20210117
2022-08-01 16:27:25,965 - INFO - child pid = 63975, start training [0 0 1 1 0 0 1 1 1]
2022-08-01 16:27:26,066 - DEBUG - child pid = 63991, finish training [0 0 1 0 0 0 1 0 1], loss = 0.12235016
2022-08-01 16:27:26,094 - INFO - child pid = 63991, start training [0 0 1 1 0 1 0 0 0]
2022-08-01 16:27:26,099 - DEBUG - child pid = 63989, finish training [0 0 1 1 0 0 1 0 1], loss = 0.13184178
2022-08-01 16:27:26,100 - INFO - child pid = 63989, start training [0 0 1 1 0 1 0 0 1]
2022-08-01 16:27:26,160 - DEBUG - child pid = 63981, finish training [0 0 1 1 0 0 1 1 0], loss = 0.04205975
2022-08-01 16:27:26,162 - INFO - child pid = 63981, start training [0 0 1 1 0 1 0 1 0]
2022-08-01 16:27:26,228 - DEBUG - child pid = 63969, finish training [0 0 1 1 0 0 0 1 0], loss = 0.10718218
2022-08-01 16:27:26,231 - INFO - child pid = 63969, start training [0 0 1 1 0 1 0 1 1]
2022-08-01 16:27:26,336 - DEBUG - child pid = 63993, finish training [0 0 1 1 0 0 0 0 1], loss = 0.13868497
2022-08-01 16:27:26,338 - INFO - child pid = 63993, start training [0 0 1 1 0 1 1 0 0]
2022-08-01 16:27:26,399 - DEBUG - child pid = 63991, finish training [0 0 1 1 0 1 0 0 0], loss = 0.11134683
2022-08-01 16:27:26,400 - DEBUG - child pid = 63989, finish training [0 0 1 1 0 1 0 0 1], loss = 0.12837021
2022-08-01 16:27:26,401 - INFO - child pid = 63991, start training [0 0 1 1 0 1 1 0 1]
2022-08-01 16:27:26,401 - INFO - child pid = 63989, start training [0 0 1 1 0 1 1 1 0]
2022-08-01 16:27:26,643 - DEBUG - child pid = 63992, finish training [0 0 0 1 0 1 0 1 1], loss = 0.11282203
2022-08-01 16:27:26,646 - INFO - child pid = 63992, start training [0 0 1 1 0 1 1 1 1]
2022-08-01 16:27:26,681 - DEBUG - child pid = 63991, finish training [0 0 1 1 0 1 1 0 1], loss = 0.13246959
2022-08-01 16:27:26,684 - INFO - child pid = 63991, start training [0 0 1 1 1 0 0 0 0]
2022-08-01 16:27:26,769 - DEBUG - child pid = 63985, finish training [0 0 1 1 0 0 1 0 0], loss = 0.16722526
2022-08-01 16:27:26,772 - INFO - child pid = 63985, start training [0 0 1 1 1 0 0 0 1]
2022-08-01 16:27:26,802 - DEBUG - child pid = 63977, finish training [0 0 0 1 1 0 0 0 1], loss = 0.15127055
2022-08-01 16:27:26,810 - INFO - child pid = 63977, start training [0 0 1 1 1 0 0 1 0]
2022-08-01 16:27:26,828 - DEBUG - child pid = 63983, finish training [0 0 1 1 0 0 0 1 1], loss = 0.13841300
2022-08-01 16:27:26,830 - INFO - child pid = 63983, start training [0 0 1 1 1 0 0 1 1]
2022-08-01 16:27:26,836 - DEBUG - child pid = 63971, finish training [0 0 1 0 1 0 1 0 1], loss = 0.18671350
2022-08-01 16:27:26,838 - INFO - child pid = 63971, start training [0 0 1 1 1 0 1 0 0]
2022-08-01 16:27:26,881 - DEBUG - child pid = 63990, finish training [0 0 0 0 1 1 1 1 0], loss = 0.11550467
2022-08-01 16:27:26,885 - INFO - child pid = 63990, start training [0 0 1 1 1 0 1 0 1]
2022-08-01 16:27:26,960 - DEBUG - child pid = 63981, finish training [0 0 1 1 0 1 0 1 0], loss = 0.13997118
2022-08-01 16:27:26,962 - INFO - child pid = 63981, start training [0 0 1 1 1 0 1 1 0]
2022-08-01 16:27:27,068 - DEBUG - child pid = 63985, epoch = 101, loss = 1.58141577
2022-08-01 16:27:27,071 - DEBUG - child pid = 63985, K = tensor([[1.58257544, 0.30417126],
        [1.39659095, 0.34684333]]), BT = tensor([2.41880965, 3.61966467])
2022-08-01 16:27:27,073 - DEBUG - child pid = 63985, finish training [0 0 1 1 1 0 0 0 1], loss = 1.58141577
2022-08-01 16:27:27,074 - INFO - child pid = 63985, start training [0 0 1 1 1 0 1 1 1]
2022-08-01 16:27:27,194 - DEBUG - child pid = 63974, finish training [0 0 1 1 0 0 0 0 0], loss = 0.09139173
2022-08-01 16:27:27,197 - INFO - child pid = 63974, start training [0 0 1 1 1 1 0 0 0]
2022-08-01 16:27:27,204 - DEBUG - child pid = 63993, finish training [0 0 1 1 0 1 1 0 0], loss = 0.14049810
2022-08-01 16:27:27,209 - INFO - child pid = 63993, start training [0 0 1 1 1 1 0 0 1]
2022-08-01 16:27:27,441 - DEBUG - child pid = 63981, epoch = 101, loss = 1.44540644
2022-08-01 16:27:27,445 - DEBUG - child pid = 63981, K = tensor([[    0.00001722,     4.36827087],
        [    0.28645071,    20.73414612]]), BT = tensor([0.00922984, 0.11507981])
2022-08-01 16:27:27,457 - DEBUG - child pid = 63981, finish training [0 0 1 1 1 0 1 1 0], loss = 0.31901711
2022-08-01 16:27:27,459 - INFO - child pid = 63981, start training [0 0 1 1 1 1 0 1 0]
2022-08-01 16:27:27,546 - DEBUG - child pid = 63983, finish training [0 0 1 1 1 0 0 1 1], loss = 0.22222222
2022-08-01 16:27:27,542 - DEBUG - child pid = 63982, finish training [0 0 0 1 1 0 0 1 1], loss = 0.00384393
2022-08-01 16:27:27,549 - INFO - child pid = 63983, start training [0 0 1 1 1 1 0 1 1]
2022-08-01 16:27:27,549 - INFO - child pid = 63982, start training [0 0 1 1 1 1 1 0 0]
2022-08-01 16:27:27,609 - DEBUG - child pid = 63971, finish training [0 0 1 1 1 0 1 0 0], loss = 0.11300918
2022-08-01 16:27:27,611 - INFO - child pid = 63971, start training [0 0 1 1 1 1 1 0 1]
2022-08-01 16:27:27,763 - DEBUG - child pid = 63991, finish training [0 0 1 1 1 0 0 0 0], loss = 0.17289187
2022-08-01 16:27:27,766 - INFO - child pid = 63991, start training [0 0 1 1 1 1 1 1 0]
2022-08-01 16:27:27,799 - DEBUG - child pid = 63980, finish training [0 0 0 1 1 0 1 0 0], loss = 0.06976780
2022-08-01 16:27:27,802 - INFO - child pid = 63980, start training [0 0 1 1 1 1 1 1 1]
2022-08-01 16:27:27,839 - DEBUG - child pid = 63974, finish training [0 0 1 1 1 1 0 0 0], loss = 0.14066787
2022-08-01 16:27:27,846 - INFO - child pid = 63974, start training [0 1 0 1 0 0 0 0 0]
2022-08-01 16:27:27,947 - DEBUG - child pid = 63982, finish training [0 0 1 1 1 1 1 0 0], loss = 0.08179213
2022-08-01 16:27:27,949 - INFO - child pid = 63982, start training [0 1 0 1 0 0 0 0 1]
2022-08-01 16:27:27,954 - DEBUG - child pid = 63978, finish training [0 0 1 0 1 1 1 1 0], loss = 0.22322610
2022-08-01 16:27:27,956 - INFO - child pid = 63978, start training [0 1 0 1 0 0 0 1 0]
2022-08-01 16:27:27,997 - DEBUG - child pid = 63983, finish training [0 0 1 1 1 1 0 1 1], loss = 0.02286502
2022-08-01 16:27:28,000 - INFO - child pid = 63983, start training [0 1 0 1 0 0 0 1 1]
2022-08-01 16:27:28,054 - DEBUG - child pid = 63981, finish training [0 0 1 1 1 1 0 1 0], loss = 0.08096725
2022-08-01 16:27:28,057 - INFO - child pid = 63981, start training [0 1 0 1 0 0 1 0 0]
2022-08-01 16:27:28,240 - DEBUG - child pid = 63969, finish training [0 0 1 1 0 1 0 1 1], loss = 0.12589687
2022-08-01 16:27:28,243 - INFO - child pid = 63969, start training [0 1 0 1 0 0 1 0 1]
2022-08-01 16:27:28,328 - DEBUG - child pid = 63990, finish training [0 0 1 1 1 0 1 0 1], loss = 0.14289562
2022-08-01 16:27:28,331 - INFO - child pid = 63990, start training [0 1 0 1 0 0 1 1 0]
2022-08-01 16:27:28,369 - DEBUG - child pid = 63981, finish training [0 1 0 1 0 0 1 0 0], loss = 0.14814897
2022-08-01 16:27:28,372 - INFO - child pid = 63981, start training [0 1 0 1 0 0 1 1 1]
2022-08-01 16:27:28,374 - DEBUG - child pid = 63973, finish training [0 0 0 1 0 0 1 0 1], loss = 0.13024963
2022-08-01 16:27:28,377 - INFO - child pid = 63973, start training [0 1 0 1 0 1 0 1 0]
2022-08-01 16:27:28,382 - DEBUG - child pid = 63971, finish training [0 0 1 1 1 1 1 0 1], loss = 0.06670281
2022-08-01 16:27:28,399 - INFO - child pid = 63971, start training [0 1 0 1 0 1 0 1 1]
2022-08-01 16:27:28,415 - DEBUG - child pid = 63991, finish training [0 0 1 1 1 1 1 1 0], loss = 0.02720302
2022-08-01 16:27:28,418 - INFO - child pid = 63991, start training [0 1 0 1 0 1 1 0 0]
2022-08-01 16:27:28,460 - DEBUG - child pid = 63984, finish training [0 0 1 0 1 1 1 1 1], loss = 0.03353750
2022-08-01 16:27:28,463 - INFO - child pid = 63984, start training [0 1 0 1 0 1 1 0 1]
2022-08-01 16:27:28,463 - DEBUG - child pid = 63982, finish training [0 1 0 1 0 0 0 0 1], loss = 0.14813706
2022-08-01 16:27:28,465 - INFO - child pid = 63982, start training [0 1 0 1 0 1 1 1 0]
2022-08-01 16:27:28,544 - DEBUG - child pid = 63977, finish training [0 0 1 1 1 0 0 1 0], loss = 0.22219871
2022-08-01 16:27:28,547 - INFO - child pid = 63977, start training [0 1 0 1 0 1 1 1 1]
2022-08-01 16:27:28,616 - DEBUG - child pid = 63976, finish training [0 0 0 1 0 0 1 1 1], loss = 0.04005115
2022-08-01 16:27:28,620 - INFO - child pid = 63976, start training [0 1 0 1 1 0 0 0 0]
2022-08-01 16:27:28,852 - DEBUG - child pid = 63967, finish training [0 0 0 1 1 1 1 1 1], loss = 0.00362673
2022-08-01 16:27:28,855 - INFO - child pid = 63967, start training [0 1 0 1 1 0 0 0 1]
2022-08-01 16:27:28,886 - DEBUG - child pid = 63992, finish training [0 0 1 1 0 1 1 1 1], loss = 0.00801547
2022-08-01 16:27:28,889 - INFO - child pid = 63992, start training [0 1 0 1 1 0 0 1 0]
2022-08-01 16:27:28,926 - DEBUG - child pid = 63976, finish training [0 1 0 1 1 0 0 0 0], loss = 0.11439493
2022-08-01 16:27:28,929 - INFO - child pid = 63976, start training [0 1 0 1 1 0 0 1 1]
2022-08-01 16:27:29,018 - DEBUG - child pid = 63971, finish training [0 1 0 1 0 1 0 1 1], loss = 0.22830397
2022-08-01 16:27:29,022 - INFO - child pid = 63971, start training [0 1 0 1 1 0 1 0 0]
2022-08-01 16:27:29,160 - DEBUG - child pid = 63965, finish training [0 0 1 0 1 0 1 1 1], loss = 0.09495450
2022-08-01 16:27:29,163 - INFO - child pid = 63965, start training [0 1 0 1 1 0 1 0 1]
2022-08-01 16:27:29,187 - DEBUG - child pid = 63992, finish training [0 1 0 1 1 0 0 1 0], loss = 0.19041893
2022-08-01 16:27:29,187 - DEBUG - child pid = 63987, finish training [0 0 0 0 1 1 0 1 1], loss = 0.03266709
2022-08-01 16:27:29,231 - DEBUG - child pid = 63991, finish training [0 1 0 1 0 1 1 0 0], loss = 0.11535360
2022-08-01 16:27:29,217 - INFO - child pid = 63992, start training [0 1 0 1 1 0 1 1 0]
2022-08-01 16:27:29,218 - INFO - child pid = 63987, start training [0 1 0 1 1 0 1 1 1]
2022-08-01 16:27:29,236 - DEBUG - child pid = 63967, finish training [0 1 0 1 1 0 0 0 1], loss = 0.08880021
2022-08-01 16:27:29,259 - INFO - child pid = 63967, start training [0 1 0 1 1 1 0 1 0]
2022-08-01 16:27:29,259 - INFO - child pid = 63991, start training [0 1 0 1 1 1 0 1 1]
2022-08-01 16:27:29,267 - DEBUG - child pid = 63990, finish training [0 1 0 1 0 0 1 1 0], loss = 0.04464044
2022-08-01 16:27:29,269 - INFO - child pid = 63990, start training [0 1 0 1 1 1 1 0 0]
2022-08-01 16:27:29,277 - DEBUG - child pid = 63978, finish training [0 1 0 1 0 0 0 1 0], loss = 0.17260303
2022-08-01 16:27:29,279 - INFO - child pid = 63978, start training [0 1 0 1 1 1 1 0 1]
2022-08-01 16:27:29,442 - DEBUG - child pid = 63988, finish training [0 0 0 1 0 0 0 1 1], loss = nan
2022-08-01 16:27:29,445 - WARNING - child pid = 63988, [0 0 0 1 0 0 0 1 1] has loss nan
2022-08-01 16:27:29,447 - INFO - child pid = 63988, start training [0 1 0 1 1 1 1 1 0]
2022-08-01 16:27:29,490 - DEBUG - child pid = 63993, finish training [0 0 1 1 1 1 0 0 1], loss = 0.12301515
2022-08-01 16:27:29,492 - INFO - child pid = 63993, start training [0 1 0 1 1 1 1 1 1]
2022-08-01 16:27:29,569 - DEBUG - child pid = 63987, finish training [0 1 0 1 1 0 1 1 1], loss = 0.08894282
2022-08-01 16:27:29,572 - INFO - child pid = 63987, start training [0 1 1 1 0 0 1 0 0]
2022-08-01 16:27:29,592 - DEBUG - child pid = 63992, finish training [0 1 0 1 1 0 1 1 0], loss = 0.08992428
2022-08-01 16:27:29,594 - INFO - child pid = 63992, start training [0 1 1 1 0 0 1 0 1]
2022-08-01 16:27:29,625 - DEBUG - child pid = 63979, finish training [0 0 0 1 0 1 1 1 0], loss = 0.11841437
2022-08-01 16:27:29,627 - INFO - child pid = 63979, start training [0 1 1 1 0 0 1 1 0]
2022-08-01 16:27:29,632 - DEBUG - child pid = 63985, finish training [0 0 1 1 1 0 1 1 1], loss = 0.08731959
2022-08-01 16:27:29,641 - INFO - child pid = 63985, start training [0 1 1 1 0 0 1 1 1]
2022-08-01 16:27:29,665 - DEBUG - child pid = 63971, finish training [0 1 0 1 1 0 1 0 0], loss = 0.14474583
2022-08-01 16:27:29,668 - INFO - child pid = 63971, start training [0 1 1 1 0 1 1 1 0]
2022-08-01 16:27:29,815 - DEBUG - child pid = 63980, finish training [0 0 1 1 1 1 1 1 1], loss = 0.00481817
2022-08-01 16:27:29,817 - INFO - child pid = 63980, start training [0 1 1 1 0 1 1 1 1]
2022-08-01 16:27:29,820 - DEBUG - child pid = 63965, finish training [0 1 0 1 1 0 1 0 1], loss = 0.12691559
2022-08-01 16:27:29,822 - INFO - child pid = 63965, start training [0 1 1 1 1 0 1 0 0]
2022-08-01 16:27:29,824 - DEBUG - child pid = 63977, finish training [0 1 0 1 0 1 1 1 1], loss = 0.10518619
2022-08-01 16:27:29,826 - INFO - child pid = 63977, start training [0 1 1 1 1 0 1 0 1]
2022-08-01 16:27:29,887 - DEBUG - child pid = 63991, finish training [0 1 0 1 1 1 0 1 1], loss = 0.07885188
2022-08-01 16:27:29,889 - INFO - child pid = 63991, start training [0 1 1 1 1 0 1 1 0]
2022-08-01 16:27:29,893 - DEBUG - child pid = 63988, finish training [0 1 0 1 1 1 1 1 0], loss = 0.07535133
2022-08-01 16:27:29,894 - INFO - child pid = 63988, start training [0 1 1 1 1 0 1 1 1]
2022-08-01 16:27:29,896 - DEBUG - child pid = 63987, finish training [0 1 1 1 0 0 1 0 0], loss = 0.08048862
2022-08-01 16:27:29,897 - INFO - child pid = 63987, start training [0 1 1 1 1 1 1 1 0]
2022-08-01 16:27:29,954 - DEBUG - child pid = 63983, finish training [0 1 0 1 0 0 0 1 1], loss = 0.17249061
2022-08-01 16:27:29,957 - INFO - child pid = 63983, start training [0 1 1 1 1 1 1 1 1]
2022-08-01 16:27:30,002 - DEBUG - child pid = 63969, finish training [0 1 0 1 0 0 1 0 1], loss = 0.19492583
2022-08-01 16:27:30,005 - INFO - child pid = 63969, start training [1 0 0 0 0 0 0 0 0]
2022-08-01 16:27:30,004 - DEBUG - child pid = 63970, finish training [0 0 0 1 1 1 1 0 1], loss = 0.10586987
2022-08-01 16:27:30,011 - DEBUG - child pid = 63972, finish training [0 0 0 1 1 1 1 1 0], loss = 0.10586803
2022-08-01 16:27:30,015 - INFO - child pid = 63972, start training [1 0 0 0 0 0 0 0 1]
2022-08-01 16:27:30,030 - DEBUG - child pid = 63976, finish training [0 1 0 1 1 0 0 1 1], loss = 0.06213411
2022-08-01 16:27:30,015 - INFO - child pid = 63970, start training [1 0 0 0 0 0 0 1 0]
2022-08-01 16:27:30,032 - INFO - child pid = 63976, start training [1 0 0 0 0 0 0 1 1]
2022-08-01 16:27:30,055 - DEBUG - child pid = 63978, finish training [0 1 0 1 1 1 1 0 1], loss = 0.09516050
2022-08-01 16:27:30,058 - INFO - child pid = 63978, start training [1 0 0 0 0 0 1 0 0]
2022-08-01 16:27:30,086 - DEBUG - child pid = 63981, finish training [0 1 0 1 0 0 1 1 1], loss = 0.11935924
2022-08-01 16:27:30,090 - INFO - child pid = 63981, start training [1 0 0 0 0 0 1 0 1]
2022-08-01 16:27:30,134 - DEBUG - child pid = 63977, finish training [0 1 1 1 1 0 1 0 1], loss = 0.22199869
2022-08-01 16:27:30,137 - INFO - child pid = 63977, start training [1 0 0 0 0 0 1 1 0]
2022-08-01 16:27:30,173 - DEBUG - child pid = 63991, finish training [0 1 1 1 1 0 1 1 0], loss = 0.06636541
2022-08-01 16:27:30,176 - INFO - child pid = 63991, start training [1 0 0 0 0 0 1 1 1]
2022-08-01 16:27:30,231 - DEBUG - child pid = 63974, finish training [0 1 0 1 0 0 0 0 0], loss = 0.11300450
2022-08-01 16:27:30,241 - DEBUG - child pid = 63968, finish training [0 0 0 1 1 0 1 1 1], loss = 0.00687784
2022-08-01 16:27:30,259 - INFO - child pid = 63968, start training [1 0 0 0 0 1 0 1 1]
2022-08-01 16:27:30,260 - INFO - child pid = 63974, start training [1 0 0 0 0 1 0 1 0]
2022-08-01 16:27:30,334 - DEBUG - child pid = 63976, finish training [1 0 0 0 0 0 0 1 1], loss = 0.28013924
2022-08-01 16:27:30,337 - INFO - child pid = 63976, start training [1 0 0 0 0 1 1 0 0]
2022-08-01 16:27:30,390 - DEBUG - child pid = 63986, finish training [0 0 0 1 1 1 1 0 0], loss = 0.16603331
2022-08-01 16:27:30,394 - INFO - child pid = 63986, start training [1 0 0 0 0 1 1 0 1]
2022-08-01 16:27:30,407 - DEBUG - child pid = 63987, finish training [0 1 1 1 1 1 1 1 0], loss = 0.00982759
2022-08-01 16:27:30,409 - INFO - child pid = 63987, start training [1 0 0 0 0 1 1 1 0]
2022-08-01 16:27:30,469 - DEBUG - child pid = 63991, finish training [1 0 0 0 0 0 1 1 1], loss = 0.08313324
2022-08-01 16:27:30,472 - INFO - child pid = 63991, start training [1 0 0 0 0 1 1 1 1]
2022-08-01 16:27:30,492 - DEBUG - child pid = 63965, finish training [0 1 1 1 1 0 1 0 0], loss = 0.14917564
2022-08-01 16:27:30,494 - INFO - child pid = 63965, start training [1 0 0 0 1 0 0 0 0]
2022-08-01 16:27:30,671 - DEBUG - child pid = 63981, finish training [1 0 0 0 0 0 1 0 1], loss = 0.08018772
2022-08-01 16:27:30,673 - INFO - child pid = 63981, start training [1 0 0 0 1 0 0 0 1]
2022-08-01 16:27:30,708 - DEBUG - child pid = 63993, finish training [0 1 0 1 1 1 1 1 1], loss = 0.01299177
2022-08-01 16:27:30,713 - INFO - child pid = 63993, start training [1 0 0 0 1 0 0 1 0]
2022-08-01 16:27:30,754 - DEBUG - child pid = 63974, finish training [1 0 0 0 0 1 0 1 0], loss = 0.22198595
2022-08-01 16:27:30,758 - INFO - child pid = 63974, start training [1 0 0 0 1 0 0 1 1]
2022-08-01 16:27:30,810 - DEBUG - child pid = 63985, finish training [0 1 1 1 0 0 1 1 1], loss = 0.07479370
2022-08-01 16:27:30,812 - INFO - child pid = 63985, start training [1 0 0 0 1 0 1 0 0]
2022-08-01 16:27:30,814 - DEBUG - child pid = 63976, finish training [1 0 0 0 0 1 1 0 0], loss = 0.12959495
2022-08-01 16:27:30,814 - INFO - child pid = 63976, start training [1 0 0 0 1 0 1 0 1]
2022-08-01 16:27:30,958 - DEBUG - child pid = 63970, finish training [1 0 0 0 0 0 0 1 0], loss = 0.04273856
2022-08-01 16:27:30,961 - INFO - child pid = 63970, start training [1 0 0 0 1 0 1 1 0]
2022-08-01 16:27:30,988 - DEBUG - child pid = 63979, finish training [0 1 1 1 0 0 1 1 0], loss = 0.03102035
2022-08-01 16:27:30,991 - INFO - child pid = 63979, start training [1 0 0 0 1 0 1 1 1]
2022-08-01 16:27:31,081 - DEBUG - child pid = 63990, finish training [0 1 0 1 1 1 1 0 0], loss = 0.20499654
2022-08-01 16:27:31,083 - INFO - child pid = 63990, start training [1 0 0 0 1 1 0 1 0]
2022-08-01 16:27:31,088 - DEBUG - child pid = 63973, finish training [0 1 0 1 0 1 0 1 0], loss = 0.23852693
2022-08-01 16:27:31,090 - INFO - child pid = 63973, start training [1 0 0 0 1 1 0 1 1]
2022-08-01 16:27:31,115 - DEBUG - child pid = 63992, finish training [0 1 1 1 0 0 1 0 1], loss = 0.23837644
2022-08-01 16:27:31,118 - INFO - child pid = 63992, start training [1 0 0 0 1 1 1 0 0]
2022-08-01 16:27:31,129 - DEBUG - child pid = 63985, finish training [1 0 0 0 1 0 1 0 0], loss = 0.14817683
2022-08-01 16:27:31,139 - INFO - child pid = 63985, start training [1 0 0 0 1 1 1 0 1]
2022-08-01 16:27:31,146 - DEBUG - child pid = 63987, finish training [1 0 0 0 0 1 1 1 0], loss = 0.14782184
2022-08-01 16:27:31,152 - INFO - child pid = 63987, start training [1 0 0 0 1 1 1 1 0]
2022-08-01 16:27:31,157 - DEBUG - child pid = 63984, finish training [0 1 0 1 0 1 1 0 1], loss = 0.19499013
2022-08-01 16:27:31,159 - INFO - child pid = 63984, start training [1 0 0 0 1 1 1 1 1]
2022-08-01 16:27:31,195 - DEBUG - child pid = 63967, finish training [0 1 0 1 1 1 0 1 0], loss = 0.21209010
2022-08-01 16:27:31,198 - INFO - child pid = 63967, start training [1 0 0 1 0 0 0 0 0]
2022-08-01 16:27:31,357 - DEBUG - child pid = 63981, finish training [1 0 0 0 1 0 0 0 1], loss = 0.04259169
2022-08-01 16:27:31,360 - INFO - child pid = 63981, start training [1 0 0 1 0 0 0 0 1]
2022-08-01 16:27:31,377 - DEBUG - child pid = 63977, finish training [1 0 0 0 0 0 1 1 0], loss = 0.02026332
2022-08-01 16:27:31,380 - INFO - child pid = 63977, start training [1 0 0 1 0 0 0 1 0]
2022-08-01 16:27:31,479 - DEBUG - child pid = 63964, finish training [0 0 0 1 0 1 1 0 1], loss = 0.13391304
2022-08-01 16:27:31,483 - INFO - child pid = 63964, start training [1 0 0 1 0 0 0 1 1]
2022-08-01 16:27:31,519 - DEBUG - child pid = 63966, finish training [0 0 0 1 1 0 1 0 1], loss = 0.10778430
2022-08-01 16:27:31,522 - INFO - child pid = 63966, start training [1 0 0 1 0 0 1 0 0]
2022-08-01 16:27:31,558 - DEBUG - child pid = 63971, finish training [0 1 1 1 0 1 1 1 0], loss = 0.03605969
2022-08-01 16:27:31,561 - INFO - child pid = 63971, start training [1 0 0 1 0 0 1 0 1]
2022-08-01 16:27:31,614 - DEBUG - child pid = 63976, finish training [1 0 0 0 1 0 1 0 1], loss = 0.12230083
2022-08-01 16:27:31,617 - INFO - child pid = 63976, start training [1 0 0 1 0 0 1 1 0]
2022-08-01 16:27:31,705 - DEBUG - child pid = 63968, finish training [1 0 0 0 0 1 0 1 1], loss = 0.19817220
2022-08-01 16:27:31,714 - INFO - child pid = 63968, start training [1 0 0 1 0 0 1 1 1]
2022-08-01 16:27:31,819 - DEBUG - child pid = 63990, finish training [1 0 0 0 1 1 0 1 0], loss = 0.18481296
2022-08-01 16:27:31,821 - INFO - child pid = 63990, start training [1 0 0 1 0 1 0 0 0]
2022-08-01 16:27:31,853 - DEBUG - child pid = 63973, finish training [1 0 0 0 1 1 0 1 1], loss = 0.07413996
2022-08-01 16:27:31,855 - INFO - child pid = 63973, start training [1 0 0 1 0 1 0 0 1]
2022-08-01 16:27:31,870 - DEBUG - child pid = 63975, finish training [0 0 1 1 0 0 1 1 1], loss = 0.12243377
2022-08-01 16:27:31,873 - INFO - child pid = 63975, start training [1 0 0 1 0 1 0 1 0]
2022-08-01 16:27:31,888 - DEBUG - child pid = 63991, finish training [1 0 0 0 0 1 1 1 1], loss = 0.14468348
2022-08-01 16:27:31,890 - INFO - child pid = 63991, start training [1 0 0 1 0 1 0 1 1]
2022-08-01 16:27:31,902 - DEBUG - child pid = 63978, finish training [1 0 0 0 0 0 1 0 0], loss = 0.06303746
2022-08-01 16:27:31,904 - INFO - child pid = 63978, start training [1 0 0 1 0 1 1 0 0]
2022-08-01 16:27:31,925 - DEBUG - child pid = 63971, finish training [1 0 0 1 0 0 1 0 1], loss = 0.65397877
2022-08-01 16:27:31,928 - INFO - child pid = 63971, start training [1 0 0 1 0 1 1 0 1]
2022-08-01 16:27:31,999 - DEBUG - child pid = 63993, finish training [1 0 0 0 1 0 0 1 0], loss = 0.13559961
2022-08-01 16:27:32,001 - INFO - child pid = 63993, start training [1 0 0 1 0 1 1 1 0]
2022-08-01 16:27:32,015 - DEBUG - child pid = 63989, finish training [0 0 1 1 0 1 1 1 0], loss = 0.16382341
2022-08-01 16:27:32,018 - INFO - child pid = 63989, start training [1 0 0 1 0 1 1 1 1]
2022-08-01 16:27:32,045 - DEBUG - child pid = 63986, finish training [1 0 0 0 0 1 1 0 1], loss = 0.20499706
2022-08-01 16:27:32,049 - INFO - child pid = 63986, start training [1 0 0 1 1 0 0 0 0]
2022-08-01 16:27:32,167 - DEBUG - child pid = 63992, finish training [1 0 0 0 1 1 1 0 0], loss = 0.24267155
2022-08-01 16:27:32,170 - INFO - child pid = 63992, start training [1 0 0 1 1 0 0 0 1]
2022-08-01 16:27:32,182 - DEBUG - child pid = 63978, finish training [1 0 0 1 0 1 1 0 0], loss = 0.06284996
2022-08-01 16:27:32,185 - INFO - child pid = 63978, start training [1 0 0 1 1 0 0 1 0]
2022-08-01 16:27:32,224 - DEBUG - child pid = 63985, finish training [1 0 0 0 1 1 1 0 1], loss = 0.11771766
2022-08-01 16:27:32,227 - INFO - child pid = 63985, start training [1 0 0 1 1 0 0 1 1]
2022-08-01 16:27:32,269 - DEBUG - child pid = 63975, finish training [1 0 0 1 0 1 0 1 0], loss = 0.12315367
2022-08-01 16:27:32,271 - INFO - child pid = 63975, start training [1 0 0 1 1 0 1 0 0]
2022-08-01 16:27:32,388 - DEBUG - child pid = 63986, finish training [1 0 0 1 1 0 0 0 0], loss = 0.01687381
2022-08-01 16:27:32,391 - INFO - child pid = 63986, start training [1 0 0 1 1 0 1 0 1]
2022-08-01 16:27:32,463 - DEBUG - child pid = 63978, finish training [1 0 0 1 1 0 0 1 0], loss = 0.12582104
2022-08-01 16:27:32,465 - INFO - child pid = 63978, start training [1 0 0 1 1 0 1 1 0]
2022-08-01 16:27:32,511 - DEBUG - child pid = 63990, finish training [1 0 0 1 0 1 0 0 0], loss = 0.09266694
2022-08-01 16:27:32,513 - INFO - child pid = 63990, start training [1 0 0 1 1 0 1 1 1]
2022-08-01 16:27:32,849 - DEBUG - child pid = 63968, finish training [1 0 0 1 0 0 1 1 1], loss = 0.00741471
2022-08-01 16:27:32,852 - INFO - child pid = 63968, start training [1 0 0 1 1 1 0 0 0]
2022-08-01 16:27:32,996 - DEBUG - child pid = 63981, finish training [1 0 0 1 0 0 0 0 1], loss = 0.10657093
2022-08-01 16:27:32,999 - INFO - child pid = 63981, start training [1 0 0 1 1 1 0 0 1]
2022-08-01 16:27:33,063 - DEBUG - child pid = 63979, finish training [1 0 0 0 1 0 1 1 1], loss = 0.11819131
2022-08-01 16:27:33,065 - INFO - child pid = 63979, start training [1 0 0 1 1 1 0 1 0]
2022-08-01 16:27:33,333 - DEBUG - child pid = 63991, finish training [1 0 0 1 0 1 0 1 1], loss = 0.07536271
2022-08-01 16:27:33,356 - INFO - child pid = 63991, start training [1 0 0 1 1 1 0 1 1]
2022-08-01 16:27:33,361 - DEBUG - child pid = 63992, finish training [1 0 0 1 1 0 0 0 1], loss = 0.01295935
2022-08-01 16:27:33,370 - INFO - child pid = 63992, start training [1 0 0 1 1 1 1 0 0]
2022-08-01 16:27:33,435 - DEBUG - child pid = 63987, finish training [1 0 0 0 1 1 1 1 0], loss = 0.19466759
2022-08-01 16:27:33,438 - INFO - child pid = 63987, start training [1 0 0 1 1 1 1 0 1]
2022-08-01 16:27:33,467 - DEBUG - child pid = 63967, finish training [1 0 0 1 0 0 0 0 0], loss = 0.00215171
2022-08-01 16:27:33,470 - INFO - child pid = 63967, start training [1 0 0 1 1 1 1 1 0]
2022-08-01 16:27:33,544 - DEBUG - child pid = 63970, finish training [1 0 0 0 1 0 1 1 0], loss = 0.11935543
2022-08-01 16:27:33,546 - INFO - child pid = 63970, start training [1 0 0 1 1 1 1 1 1]
2022-08-01 16:27:33,568 - DEBUG - child pid = 63978, finish training [1 0 0 1 1 0 1 1 0], loss = 0.03217201
2022-08-01 16:27:33,570 - INFO - child pid = 63978, start training [1 0 1 0 0 0 1 0 0]
2022-08-01 16:27:33,757 - DEBUG - child pid = 63975, finish training [1 0 0 1 1 0 1 0 0], loss = 0.06895158
2022-08-01 16:27:33,760 - INFO - child pid = 63975, start training [1 0 1 0 0 0 1 0 1]
2022-08-01 16:27:33,774 - DEBUG - child pid = 63983, finish training [0 1 1 1 1 1 1 1 1], loss = 0.00466679
2022-08-01 16:27:33,776 - INFO - child pid = 63983, start training [1 0 1 0 0 0 1 1 0]
2022-08-01 16:27:33,890 - DEBUG - child pid = 63993, finish training [1 0 0 1 0 1 1 1 0], loss = 0.07908105
2022-08-01 16:27:33,892 - INFO - child pid = 63993, start training [1 0 1 0 0 0 1 1 1]
2022-08-01 16:27:33,920 - DEBUG - child pid = 63978, finish training [1 0 1 0 0 0 1 0 0], loss = 0.05815177
2022-08-01 16:27:33,923 - INFO - child pid = 63978, start training [1 0 1 0 0 1 1 1 0]
2022-08-01 16:27:33,952 - DEBUG - child pid = 63977, finish training [1 0 0 1 0 0 0 1 0], loss = 0.08731905
2022-08-01 16:27:33,955 - INFO - child pid = 63977, start training [1 0 1 0 0 1 1 1 1]
2022-08-01 16:27:34,041 - DEBUG - child pid = 63987, finish training [1 0 0 1 1 1 1 0 1], loss = 0.07403403
2022-08-01 16:27:34,043 - INFO - child pid = 63987, start training [1 0 1 0 1 0 1 0 0]
2022-08-01 16:27:34,198 - DEBUG - child pid = 63986, finish training [1 0 0 1 1 0 1 0 1], loss = 0.07796315
2022-08-01 16:27:34,201 - INFO - child pid = 63986, start training [1 0 1 0 1 0 1 0 1]
2022-08-01 16:27:34,272 - DEBUG - child pid = 63977, finish training [1 0 1 0 0 1 1 1 1], loss = 0.11415468
2022-08-01 16:27:34,279 - INFO - child pid = 63977, start training [1 0 1 0 1 0 1 1 0]
2022-08-01 16:27:34,306 - DEBUG - child pid = 63983, finish training [1 0 1 0 0 0 1 1 0], loss = 0.11376296
2022-08-01 16:27:34,308 - INFO - child pid = 63983, start training [1 0 1 0 1 0 1 1 1]
2022-08-01 16:27:34,321 - DEBUG - child pid = 63978, finish training [1 0 1 0 0 1 1 1 0], loss = 0.12555745
2022-08-01 16:27:34,323 - INFO - child pid = 63978, start training [1 0 1 0 1 1 1 1 0]
2022-08-01 16:27:34,351 - DEBUG - child pid = 63968, finish training [1 0 0 1 1 1 0 0 0], loss = 0.12376508
2022-08-01 16:27:34,353 - INFO - child pid = 63968, start training [1 0 1 0 1 1 1 1 1]
2022-08-01 16:27:34,444 - DEBUG - child pid = 63993, finish training [1 0 1 0 0 0 1 1 1], loss = 0.15732659
2022-08-01 16:27:34,446 - INFO - child pid = 63993, start training [1 0 1 1 0 0 0 0 0]
2022-08-01 16:27:34,521 - DEBUG - child pid = 63991, finish training [1 0 0 1 1 1 0 1 1], loss = 0.03154158
2022-08-01 16:27:34,523 - INFO - child pid = 63991, start training [1 0 1 1 0 0 0 0 1]
2022-08-01 16:27:34,563 - DEBUG - child pid = 63975, finish training [1 0 1 0 0 0 1 0 1], loss = 0.18977027
2022-08-01 16:27:34,566 - INFO - child pid = 63975, start training [1 0 1 1 0 0 0 1 0]
2022-08-01 16:27:34,629 - DEBUG - child pid = 63977, finish training [1 0 1 0 1 0 1 1 0], loss = 0.12959224
2022-08-01 16:27:34,631 - INFO - child pid = 63977, start training [1 0 1 1 0 0 0 1 1]
2022-08-01 16:27:34,643 - DEBUG - child pid = 63982, finish training [0 1 0 1 0 1 1 1 0], loss = 0.17157604
2022-08-01 16:27:34,645 - INFO - child pid = 63982, start training [1 0 1 1 0 0 1 0 0]
2022-08-01 16:27:34,761 - DEBUG - child pid = 63981, finish training [1 0 0 1 1 1 0 0 1], loss = 0.16110045
2022-08-01 16:27:34,785 - DEBUG - child pid = 63978, finish training [1 0 1 0 1 1 1 1 0], loss = 0.12916663
2022-08-01 16:27:34,798 - INFO - child pid = 63981, start training [1 0 1 1 0 0 1 0 1]
2022-08-01 16:27:34,798 - INFO - child pid = 63978, start training [1 0 1 1 0 0 1 1 0]
2022-08-01 16:27:34,874 - DEBUG - child pid = 63979, finish training [1 0 0 1 1 1 0 1 0], loss = 0.17956649
2022-08-01 16:27:34,877 - INFO - child pid = 63979, start training [1 0 1 1 0 0 1 1 1]
2022-08-01 16:27:34,894 - DEBUG - child pid = 63970, finish training [1 0 0 1 1 1 1 1 1], loss = 0.00559278
2022-08-01 16:27:34,897 - INFO - child pid = 63970, start training [1 0 1 1 0 1 0 0 0]
2022-08-01 16:27:35,075 - DEBUG - child pid = 63975, finish training [1 0 1 1 0 0 0 1 0], loss = 0.07789097
2022-08-01 16:27:35,078 - INFO - child pid = 63975, start training [1 0 1 1 0 1 0 0 1]
2022-08-01 16:27:35,116 - DEBUG - child pid = 63965, finish training [1 0 0 0 1 0 0 0 0], loss = 0.06299134
2022-08-01 16:27:35,120 - INFO - child pid = 63965, start training [1 0 1 1 0 1 0 1 0]
2022-08-01 16:27:35,163 - DEBUG - child pid = 63976, finish training [1 0 0 1 0 0 1 1 0], loss = 0.01732612
2022-08-01 16:27:35,166 - INFO - child pid = 63976, start training [1 0 1 1 0 1 0 1 1]
2022-08-01 16:27:35,194 - DEBUG - child pid = 63971, finish training [1 0 0 1 0 1 1 0 1], loss = 0.22137675
2022-08-01 16:27:35,198 - INFO - child pid = 63971, start training [1 0 1 1 0 1 1 0 0]
2022-08-01 16:27:35,263 - DEBUG - child pid = 63966, finish training [1 0 0 1 0 0 1 0 0], loss = 0.00362392
2022-08-01 16:27:35,266 - INFO - child pid = 63966, start training [1 0 1 1 0 1 1 0 1]
2022-08-01 16:27:35,331 - DEBUG - child pid = 63989, finish training [1 0 0 1 0 1 1 1 1], loss = 0.06982121
2022-08-01 16:27:35,334 - INFO - child pid = 63989, start training [1 0 1 1 0 1 1 1 0]
2022-08-01 16:27:35,353 - DEBUG - child pid = 63979, finish training [1 0 1 1 0 0 1 1 1], loss = 0.06779378
2022-08-01 16:27:35,355 - INFO - child pid = 63979, start training [1 0 1 1 0 1 1 1 1]
2022-08-01 16:27:35,498 - DEBUG - child pid = 63968, finish training [1 0 1 0 1 1 1 1 1], loss = 0.11619626
2022-08-01 16:27:35,528 - DEBUG - child pid = 63976, finish training [1 0 1 1 0 1 0 1 1], loss = 0.17473441
2022-08-01 16:27:35,501 - INFO - child pid = 63968, start training [1 0 1 1 1 0 0 0 0]
2022-08-01 16:27:35,537 - INFO - child pid = 63976, start training [1 0 1 1 1 0 0 0 1]
2022-08-01 16:27:35,587 - DEBUG - child pid = 63969, finish training [1 0 0 0 0 0 0 0 0], loss = 0.00825950
2022-08-01 16:27:35,590 - INFO - child pid = 63969, start training [1 0 1 1 1 0 0 1 0]
2022-08-01 16:27:35,592 - DEBUG - child pid = 63975, finish training [1 0 1 1 0 1 0 0 1], loss = 0.01846135
2022-08-01 16:27:35,594 - INFO - child pid = 63975, start training [1 0 1 1 1 0 0 1 1]
2022-08-01 16:27:35,640 - DEBUG - child pid = 63979, finish training [1 0 1 1 0 1 1 1 1], loss = 0.17283958
2022-08-01 16:27:35,642 - INFO - child pid = 63979, start training [1 0 1 1 1 0 1 0 0]
2022-08-01 16:27:35,701 - DEBUG - child pid = 63989, finish training [1 0 1 1 0 1 1 1 0], loss = 0.02894024
2022-08-01 16:27:35,703 - INFO - child pid = 63989, start training [1 0 1 1 1 0 1 0 1]
2022-08-01 16:27:35,727 - DEBUG - child pid = 63983, finish training [1 0 1 0 1 0 1 1 1], loss = 0.17260242
2022-08-01 16:27:35,730 - INFO - child pid = 63983, start training [1 0 1 1 1 0 1 1 0]
2022-08-01 16:27:35,742 - DEBUG - child pid = 63986, finish training [1 0 1 0 1 0 1 0 1], loss = 0.18998514
2022-08-01 16:27:35,753 - INFO - child pid = 63986, start training [1 0 1 1 1 0 1 1 1]
2022-08-01 16:27:35,772 - DEBUG - child pid = 63993, finish training [1 0 1 1 0 0 0 0 0], loss = 0.00831051
2022-08-01 16:27:35,775 - INFO - child pid = 63993, start training [1 0 1 1 1 1 0 0 0]
2022-08-01 16:27:35,829 - DEBUG - child pid = 63965, finish training [1 0 1 1 0 1 0 1 0], loss = 0.09407154
2022-08-01 16:27:35,831 - INFO - child pid = 63965, start training [1 0 1 1 1 1 0 0 1]
2022-08-01 16:27:35,878 - DEBUG - child pid = 63988, finish training [0 1 1 1 1 0 1 1 1], loss = 0.09785756
2022-08-01 16:27:35,881 - INFO - child pid = 63988, start training [1 0 1 1 1 1 0 1 0]
2022-08-01 16:27:35,884 - DEBUG - child pid = 63966, finish training [1 0 1 1 0 1 1 0 1], loss = 0.18313199
2022-08-01 16:27:35,885 - INFO - child pid = 63966, start training [1 0 1 1 1 1 0 1 1]
2022-08-01 16:27:35,898 - DEBUG - child pid = 63975, finish training [1 0 1 1 1 0 0 1 1], loss = 0.08852919
2022-08-01 16:27:35,905 - DEBUG - child pid = 63977, finish training [1 0 1 1 0 0 0 1 1], loss = 0.24268919
2022-08-01 16:27:35,889 - DEBUG - child pid = 63980, finish training [0 1 1 1 0 1 1 1 1], loss = 0.06346111
2022-08-01 16:27:35,924 - INFO - child pid = 63975, start training [1 0 1 1 1 1 1 0 0]
2022-08-01 16:27:35,924 - INFO - child pid = 63977, start training [1 0 1 1 1 1 1 0 1]
2022-08-01 16:27:35,924 - INFO - child pid = 63980, start training [1 0 1 1 1 1 1 1 0]
2022-08-01 16:27:35,924 - DEBUG - child pid = 63992, finish training [1 0 0 1 1 1 1 0 0], loss = 0.15023875
2022-08-01 16:27:35,934 - INFO - child pid = 63992, start training [1 0 1 1 1 1 1 1 1]
2022-08-01 16:27:36,054 - DEBUG - child pid = 63993, finish training [1 0 1 1 1 1 0 0 0], loss = 0.11946988
2022-08-01 16:27:36,057 - INFO - child pid = 63993, start training [1 1 0 1 0 0 0 0 0]
2022-08-01 16:27:36,114 - DEBUG - child pid = 63976, finish training [1 0 1 1 1 0 0 0 1], loss = 0.13966934
2022-08-01 16:27:36,116 - INFO - child pid = 63976, start training [1 1 0 1 0 0 0 0 1]
2022-08-01 16:27:36,127 - DEBUG - child pid = 63973, finish training [1 0 0 1 0 1 0 0 1], loss = 0.16016249
2022-08-01 16:27:36,130 - INFO - child pid = 63973, start training [1 1 0 1 0 0 0 1 0]
2022-08-01 16:27:36,165 - DEBUG - child pid = 63989, finish training [1 0 1 1 1 0 1 0 1], loss = 0.15172738
2022-08-01 16:27:36,168 - INFO - child pid = 63989, start training [1 1 0 1 0 0 0 1 1]
2022-08-01 16:27:36,178 - DEBUG - child pid = 63988, finish training [1 0 1 1 1 1 0 1 0], loss = 0.17373760
2022-08-01 16:27:36,180 - INFO - child pid = 63988, start training [1 1 0 1 0 0 1 0 0]
2022-08-01 16:27:36,208 - DEBUG - child pid = 63965, finish training [1 0 1 1 1 1 0 0 1], loss = 0.11019779
2022-08-01 16:27:36,212 - INFO - child pid = 63965, start training [1 1 0 1 0 0 1 0 1]
2022-08-01 16:27:36,253 - DEBUG - child pid = 63979, finish training [1 0 1 1 1 0 1 0 0], loss = 0.07925460
2022-08-01 16:27:36,256 - INFO - child pid = 63979, start training [1 1 0 1 0 0 1 1 0]
2022-08-01 16:27:36,276 - DEBUG - child pid = 63977, finish training [1 0 1 1 1 1 1 0 1], loss = 0.06981370
2022-08-01 16:27:36,279 - INFO - child pid = 63977, start training [1 1 0 1 0 0 1 1 1]
2022-08-01 16:27:36,288 - DEBUG - child pid = 63981, finish training [1 0 1 1 0 0 1 0 1], loss = 0.24092592
2022-08-01 16:27:36,290 - INFO - child pid = 63981, start training [1 1 0 1 0 1 0 1 0]
2022-08-01 16:27:36,307 - DEBUG - child pid = 63984, finish training [1 0 0 0 1 1 1 1 1], loss = 0.13062815
2022-08-01 16:27:36,342 - INFO - child pid = 63984, start training [1 1 0 1 0 1 0 1 1]
2022-08-01 16:27:36,350 - DEBUG - child pid = 63993, finish training [1 1 0 1 0 0 0 0 0], loss = 0.04826112
2022-08-01 16:27:36,352 - INFO - child pid = 63993, start training [1 1 0 1 0 1 1 0 0]
2022-08-01 16:27:36,539 - DEBUG - child pid = 63970, finish training [1 0 1 1 0 1 0 0 0], loss = 0.12789004
2022-08-01 16:27:36,541 - INFO - child pid = 63970, start training [1 1 0 1 0 1 1 0 1]
2022-08-01 16:27:36,563 - DEBUG - child pid = 63972, finish training [1 0 0 0 0 0 0 0 1], loss = 0.11632025
2022-08-01 16:27:36,565 - INFO - child pid = 63972, start training [1 1 0 1 0 1 1 1 0]
2022-08-01 16:27:36,571 - DEBUG - child pid = 63979, finish training [1 1 0 1 0 0 1 1 0], loss = 0.06736124
2022-08-01 16:27:36,573 - INFO - child pid = 63979, start training [1 1 0 1 0 1 1 1 1]
2022-08-01 16:27:36,651 - DEBUG - child pid = 63980, finish training [1 0 1 1 1 1 1 1 0], loss = 0.04927887
2022-08-01 16:27:36,653 - INFO - child pid = 63980, start training [1 1 0 1 1 0 0 0 0]
2022-08-01 16:27:36,871 - DEBUG - child pid = 63972, finish training [1 1 0 1 0 1 1 1 0], loss = 0.14466442
2022-08-01 16:27:36,874 - INFO - child pid = 63972, start training [1 1 0 1 1 0 0 0 1]
2022-08-01 16:27:36,972 - DEBUG - child pid = 63971, finish training [1 0 1 1 0 1 1 0 0], loss = 0.20210193
2022-08-01 16:27:36,974 - INFO - child pid = 63971, start training [1 1 0 1 1 0 0 1 0]
2022-08-01 16:27:37,074 - DEBUG - child pid = 63970, finish training [1 1 0 1 0 1 1 0 1], loss = 0.13029701
2022-08-01 16:27:37,076 - INFO - child pid = 63970, start training [1 1 0 1 1 0 0 1 1]
2022-08-01 16:27:37,078 - DEBUG - child pid = 63975, finish training [1 0 1 1 1 1 1 0 0], loss = 0.17288661
2022-08-01 16:27:37,080 - INFO - child pid = 63975, start training [1 1 0 1 1 0 1 0 0]
2022-08-01 16:27:37,103 - DEBUG - child pid = 63974, finish training [1 0 0 0 1 0 0 1 1], loss = 0.17404431
2022-08-01 16:27:37,106 - INFO - child pid = 63974, start training [1 1 0 1 1 0 1 0 1]
2022-08-01 16:27:37,115 - DEBUG - child pid = 63990, finish training [1 0 0 1 1 0 1 1 1], loss = 0.02102114
2022-08-01 16:27:37,125 - INFO - child pid = 63990, start training [1 1 0 1 1 0 1 1 0]
2022-08-01 16:27:37,143 - DEBUG - child pid = 63976, finish training [1 1 0 1 0 0 0 0 1], loss = 0.13691700
2022-08-01 16:27:37,145 - INFO - child pid = 63976, start training [1 1 0 1 1 0 1 1 1]
2022-08-01 16:27:37,167 - DEBUG - child pid = 63977, finish training [1 1 0 1 0 0 1 1 1], loss = 0.06444749
2022-08-01 16:27:37,169 - INFO - child pid = 63977, start training [1 1 0 1 1 1 0 1 0]
2022-08-01 16:27:37,260 - DEBUG - child pid = 63964, finish training [1 0 0 1 0 0 0 1 1], loss = 0.14268422
2022-08-01 16:27:37,242 - DEBUG - child pid = 63966, finish training [1 0 1 1 1 1 0 1 1], loss = 0.08380131
2022-08-01 16:27:37,276 - INFO - child pid = 63964, start training [1 1 0 1 1 1 0 1 1]
2022-08-01 16:27:37,285 - INFO - child pid = 63966, start training [1 1 0 1 1 1 1 0 0]
2022-08-01 16:27:37,330 - DEBUG - child pid = 63980, finish training [1 1 0 1 1 0 0 0 0], loss = 0.00371945
2022-08-01 16:27:37,332 - INFO - child pid = 63980, start training [1 1 0 1 1 1 1 0 1]
2022-08-01 16:27:37,360 - DEBUG - child pid = 63970, finish training [1 1 0 1 1 0 0 1 1], loss = 0.09755200
2022-08-01 16:27:37,362 - INFO - child pid = 63970, start training [1 1 0 1 1 1 1 1 0]
2022-08-01 16:27:37,377 - DEBUG - child pid = 63971, finish training [1 1 0 1 1 0 0 1 0], loss = 0.06437089
2022-08-01 16:27:37,379 - INFO - child pid = 63971, start training [1 1 0 1 1 1 1 1 1]
2022-08-01 16:27:37,408 - DEBUG - child pid = 63990, finish training [1 1 0 1 1 0 1 1 0], loss = 0.00270798
2022-08-01 16:27:37,410 - INFO - child pid = 63990, start training [1 1 1 1 0 0 1 0 0]
2022-08-01 16:27:37,416 - DEBUG - child pid = 63974, finish training [1 1 0 1 1 0 1 0 1], loss = 0.09506671
2022-08-01 16:27:37,417 - INFO - child pid = 63974, start training [1 1 1 1 0 0 1 0 1]
2022-08-01 16:27:37,474 - DEBUG - child pid = 63989, finish training [1 1 0 1 0 0 0 1 1], loss = 0.15108405
2022-08-01 16:27:37,477 - INFO - child pid = 63989, start training [1 1 1 1 0 0 1 1 0]
2022-08-01 16:27:37,478 - DEBUG - child pid = 63969, finish training [1 0 1 1 1 0 0 1 0], loss = 0.13668336
2022-08-01 16:27:37,494 - INFO - child pid = 63969, start training [1 1 1 1 0 0 1 1 1]
2022-08-01 16:27:37,615 - DEBUG - child pid = 63972, finish training [1 1 0 1 1 0 0 0 1], loss = 0.11117344
2022-08-01 16:27:37,618 - INFO - child pid = 63972, start training [1 1 1 1 0 1 1 1 0]
2022-08-01 16:27:37,624 - DEBUG - child pid = 63985, finish training [1 0 0 1 1 0 0 1 1], loss = 0.12257557
2022-08-01 16:27:37,653 - INFO - child pid = 63985, start training [1 1 1 1 0 1 1 1 1]
2022-08-01 16:27:37,733 - DEBUG - child pid = 63964, finish training [1 1 0 1 1 1 0 1 1], loss = 0.05631396
2022-08-01 16:27:37,735 - INFO - child pid = 63964, start training [1 1 1 1 1 0 1 0 0]
2022-08-01 16:27:37,793 - DEBUG - child pid = 63984, finish training [1 1 0 1 0 1 0 1 1], loss = 0.16265887
2022-08-01 16:27:37,795 - INFO - child pid = 63984, start training [1 1 1 1 1 0 1 0 1]
2022-08-01 16:27:37,837 - DEBUG - child pid = 63965, finish training [1 1 0 1 0 0 1 0 1], loss = 0.11444622
2022-08-01 16:27:37,840 - INFO - child pid = 63965, start training [1 1 1 1 1 0 1 1 0]
2022-08-01 16:27:37,946 - DEBUG - child pid = 63977, finish training [1 1 0 1 1 1 0 1 0], loss = 0.12221725
2022-08-01 16:27:37,948 - INFO - child pid = 63977, start training [1 1 1 1 1 0 1 1 1]
2022-08-01 16:27:38,025 - DEBUG - child pid = 63964, finish training [1 1 1 1 1 0 1 0 0], loss = 0.07408047
2022-08-01 16:27:38,028 - INFO - child pid = 63964, start training [1 1 1 1 1 1 1 1 0]
2022-08-01 16:27:38,045 - DEBUG - child pid = 63968, finish training [1 0 1 1 1 0 0 0 0], loss = 0.11371818
2022-08-01 16:27:38,047 - INFO - child pid = 63968, start training [1 1 1 1 1 1 1 1 1]
2022-08-01 16:27:38,112 - DEBUG - child pid = 63987, finish training [1 0 1 0 1 0 1 0 0], loss = 0.21375729
2022-08-01 16:27:38,119 - DEBUG - child pid = 63976, finish training [1 1 0 1 1 0 1 1 1], loss = 0.01099571
2022-08-01 16:27:38,232 - DEBUG - child pid = 63974, finish training [1 1 1 1 0 0 1 0 1], loss = 0.13338414
2022-08-01 16:27:38,218 - DEBUG - child pid = 63981, finish training [1 1 0 1 0 1 0 1 0], loss = 0.15188695
2022-08-01 16:27:38,303 - DEBUG - child pid = 63966, finish training [1 1 0 1 1 1 1 0 0], loss = 0.09882309
2022-08-01 16:27:38,340 - DEBUG - child pid = 63989, finish training [1 1 1 1 0 0 1 1 0], loss = 0.14539902
2022-08-01 16:27:38,346 - DEBUG - child pid = 63980, finish training [1 1 0 1 1 1 1 0 1], loss = 0.07977840
2022-08-01 16:27:38,372 - DEBUG - child pid = 63979, finish training [1 1 0 1 0 1 1 1 1], loss = 0.08721305
2022-08-01 16:27:38,463 - DEBUG - child pid = 63967, finish training [1 0 0 1 1 1 1 1 0], loss = 0.13019900
2022-08-01 16:27:38,468 - DEBUG - child pid = 63965, finish training [1 1 1 1 1 0 1 1 0], loss = 0.00538284
2022-08-01 16:27:38,483 - DEBUG - child pid = 63972, finish training [1 1 1 1 0 1 1 1 0], loss = 0.02259222
2022-08-01 16:27:38,497 - DEBUG - child pid = 63993, finish training [1 1 0 1 0 1 1 0 0], loss = 0.08657210
2022-08-01 16:27:38,602 - DEBUG - child pid = 63983, finish training [1 0 1 1 1 0 1 1 0], loss = 0.13541280
2022-08-01 16:27:38,656 - DEBUG - child pid = 63985, finish training [1 1 1 1 0 1 1 1 1], loss = 0.08971146
2022-08-01 16:27:38,738 - DEBUG - child pid = 63984, finish training [1 1 1 1 1 0 1 0 1], loss = 0.12797461
2022-08-01 16:27:38,805 - DEBUG - child pid = 63968, finish training [1 1 1 1 1 1 1 1 1], loss = 0.00000634
2022-08-01 16:27:38,806 - DEBUG - child pid = 63969, finish training [1 1 1 1 0 0 1 1 1], loss = 0.12208100
2022-08-01 16:27:38,837 - DEBUG - child pid = 63970, finish training [1 1 0 1 1 1 1 1 0], loss = 0.07082547
2022-08-01 16:27:38,928 - DEBUG - child pid = 63977, finish training [1 1 1 1 1 0 1 1 1], loss = 0.06629030
2022-08-01 16:27:39,013 - DEBUG - child pid = 63982, finish training [1 0 1 1 0 0 1 0 0], loss = 0.10586616
2022-08-01 16:27:39,019 - DEBUG - child pid = 63971, finish training [1 1 0 1 1 1 1 1 1], loss = 0.00380581
2022-08-01 16:27:39,208 - DEBUG - child pid = 63978, finish training [1 0 1 1 0 0 1 1 0], loss = 0.12058544
2022-08-01 16:27:39,350 - DEBUG - child pid = 63992, finish training [1 0 1 1 1 1 1 1 1], loss = 0.06217233
2022-08-01 16:27:39,389 - DEBUG - child pid = 63988, finish training [1 1 0 1 0 0 1 0 0], loss = 0.04179105
2022-08-01 16:27:39,581 - DEBUG - child pid = 63975, finish training [1 1 0 1 1 0 1 0 0], loss = 0.04804322
2022-08-01 16:27:39,662 - DEBUG - child pid = 63964, finish training [1 1 1 1 1 1 1 1 0], loss = 0.00556843
2022-08-01 16:27:40,034 - DEBUG - child pid = 63991, finish training [1 0 1 1 0 0 0 0 1], loss = 0.15965137
2022-08-01 16:27:40,253 - DEBUG - child pid = 63973, finish training [1 1 0 1 0 0 0 1 0], loss = 0.09453448
2022-08-01 16:27:40,665 - DEBUG - child pid = 63986, finish training [1 0 1 1 1 0 1 1 1], loss = 0.10611054
2022-08-01 16:27:42,999 - DEBUG - child pid = 63990, finish training [1 1 1 1 0 0 1 0 0], loss = 0.03265074
2022-08-01 16:28:04,256 - INFO - parent pid = 63931, finish task 2_2_fixA_square_0
