2022-08-02 16:57:46,757 - INFO - running /home/hxcai/competitive_network/0728_train_BT.py
2022-08-02 16:57:46,757 - INFO - parent pid = 108276, start task 2_2_fixA_square_0
2022-08-02 16:57:46,760 - DEBUG - {'data_dir': 'data', 'figure_dir': 'figures', 'output_dir': 'results/temp', 'log_dir': 'logs', 'seed': 0, 'nA': 2, 'nB': 2, 'nY': 1, 'max_epochs': 2000, 'log_epochs': 100, 'tol': 0.0001, 'model': {'type': 'CompetitiveNetwork', 'args': {'reparam': 'square', 'mode': 'fixA'}}, 'logger': {'version': 1, 'formatters': {'default': {'format': '%(asctime)s - %(levelname)s - %(message)s'}}, 'handlers': {'stream_handler': {'class': 'logging.StreamHandler', 'level': 'INFO', 'formatter': 'default', 'stream': 'ext://sys.stdout'}, 'file_handler': {'class': 'logging.handlers.RotatingFileHandler', 'level': 'DEBUG', 'formatter': 'default', 'filename': 'logs/20220802_165746_2_2_fixA_square_0.log', 'maxBytes': 10485760, 'backupCount': 5, 'encoding': 'utf-8'}}, 'root': {'level': 'DEBUG', 'handlers': ['stream_handler', 'file_handler']}}, 'data_loader': {'type': 'DataLoader', 'args': {'batch_size': 9, 'shuffle': False}}, 'optimizer': {'type': 'SGD', 'args': {'lr': 0.1, 'momentum': 0.9, 'weight_decay': 0}}, 'loss': {'type': 'MSELoss()'}}
2022-08-02 16:57:46,938 - INFO - child pid = 108308, start training [0 0 0 0 0 0 0 0 0]
2022-08-02 16:57:46,939 - INFO - child pid = 108310, start training [0 0 0 0 0 0 0 1 0]
2022-08-02 16:57:46,939 - INFO - child pid = 108309, start training [0 0 0 0 0 0 0 0 1]
2022-08-02 16:57:46,939 - INFO - child pid = 108311, start training [0 0 0 0 0 0 0 1 1]
2022-08-02 16:57:46,939 - INFO - child pid = 108312, start training [0 0 0 0 0 0 1 0 0]
2022-08-02 16:57:46,939 - INFO - child pid = 108313, start training [0 0 0 0 0 0 1 0 1]
2022-08-02 16:57:46,944 - INFO - child pid = 108337, start training [0 0 0 1 0 0 0 0 1]
2022-08-02 16:57:46,940 - INFO - child pid = 108316, start training [0 0 0 0 0 1 0 1 0]
2022-08-02 16:57:46,940 - INFO - child pid = 108315, start training [0 0 0 0 0 0 1 1 1]
2022-08-02 16:57:46,941 - INFO - child pid = 108320, start training [0 0 0 0 0 1 1 1 0]
2022-08-02 16:57:46,941 - INFO - child pid = 108318, start training [0 0 0 0 0 1 1 0 0]
2022-08-02 16:57:46,940 - INFO - child pid = 108317, start training [0 0 0 0 0 1 0 1 1]
2022-08-02 16:57:46,941 - INFO - child pid = 108322, start training [0 0 0 0 1 0 0 0 0]
2022-08-02 16:57:46,941 - INFO - child pid = 108321, start training [0 0 0 0 0 1 1 1 1]
2022-08-02 16:57:46,942 - INFO - child pid = 108324, start training [0 0 0 0 1 0 0 1 0]
2022-08-02 16:57:46,942 - INFO - child pid = 108323, start training [0 0 0 0 1 0 0 0 1]
2022-08-02 16:57:46,942 - INFO - child pid = 108326, start training [0 0 0 0 1 0 1 0 0]
2022-08-02 16:57:46,942 - INFO - child pid = 108325, start training [0 0 0 0 1 0 0 1 1]
2022-08-02 16:57:46,942 - INFO - child pid = 108327, start training [0 0 0 0 1 0 1 0 1]
2022-08-02 16:57:46,944 - INFO - child pid = 108333, start training [0 0 0 0 1 1 1 0 1]
2022-08-02 16:57:46,943 - INFO - child pid = 108328, start training [0 0 0 0 1 0 1 1 0]
2022-08-02 16:57:46,943 - INFO - child pid = 108329, start training [0 0 0 0 1 0 1 1 1]
2022-08-02 16:57:46,943 - INFO - child pid = 108330, start training [0 0 0 0 1 1 0 1 0]
2022-08-02 16:57:46,943 - INFO - child pid = 108331, start training [0 0 0 0 1 1 0 1 1]
2022-08-02 16:57:46,944 - INFO - child pid = 108332, start training [0 0 0 0 1 1 1 0 0]
2022-08-02 16:57:46,944 - INFO - child pid = 108335, start training [0 0 0 0 1 1 1 1 1]
2022-08-02 16:57:46,944 - INFO - child pid = 108334, start training [0 0 0 0 1 1 1 1 0]
2022-08-02 16:57:46,940 - INFO - child pid = 108314, start training [0 0 0 0 0 0 1 1 0]
2022-08-02 16:57:46,944 - INFO - child pid = 108336, start training [0 0 0 1 0 0 0 0 0]
2022-08-02 16:57:46,941 - INFO - child pid = 108319, start training [0 0 0 0 0 1 1 0 1]
2022-08-02 16:57:47,392 - DEBUG - child pid = 108329, finish training [0 0 0 0 1 0 1 1 1], epoch = 101, loss = 0.06724152, K = tensor([[0.44907135, 0.76244766],
        [0.05322836, 0.10631382]]), BT = tensor([0.54656583, 0.77298194])
2022-08-02 16:57:47,393 - DEBUG - child pid = 108335, finish training [0 0 0 0 1 1 1 1 1], epoch = 101, loss = 0.07410310, K = tensor([[    0.43479434,     2.53548145],
        [    0.00001063,     0.00000354]]), BT = tensor([0.12245494, 1.22288597])
2022-08-02 16:57:47,392 - DEBUG - child pid = 108332, finish training [0 0 0 0 1 1 1 0 0], epoch = 101, loss = 0.14816177, K = tensor([[    0.17325135,     2.97148657],
        [    0.00000076,     0.00002018]]), BT = tensor([1.68112206, 1.85119987])
2022-08-02 16:57:47,395 - INFO - child pid = 108335, start training [0 0 0 1 0 0 0 1 0]
2022-08-02 16:57:47,395 - INFO - child pid = 108329, start training [0 0 0 1 0 0 0 1 1]
2022-08-02 16:57:47,395 - INFO - child pid = 108332, start training [0 0 0 1 0 0 1 0 0]
2022-08-02 16:57:47,412 - DEBUG - child pid = 108317, finish training [0 0 0 0 0 1 0 1 1], epoch = 108, loss = 0.07407738, K = tensor([[    0.99727172,     0.00000334],
        [    0.00000005,     0.99252933]]), BT = tensor([1.08737004, 1.09728527])
2022-08-02 16:57:47,408 - DEBUG - child pid = 108321, finish training [0 0 0 0 0 1 1 1 1], epoch = 101, loss = 0.04398046, K = tensor([[    0.71195984,     0.06766701],
        [    0.00000021,     0.11824001]]), BT = tensor([0.83315140, 1.30171347])
2022-08-02 16:57:47,414 - DEBUG - child pid = 108320, finish training [0 0 0 0 0 1 1 1 0], epoch = 103, loss = 0.09467439, K = tensor([[0.01856470, 0.05926732],
        [0.49897885, 1.00881410]]), BT = tensor([0.62179410, 2.53605461])
2022-08-02 16:57:47,427 - DEBUG - child pid = 108328, finish training [0 0 0 0 1 0 1 1 0], epoch = 112, loss = 0.05187821, K = tensor([[0.00153896, 0.15009114],
        [0.09100005, 1.43571234]]), BT = tensor([2.79519439, 2.29699636])
2022-08-02 16:57:47,471 - DEBUG - child pid = 108309, finish training [0 0 0 0 0 0 0 0 1], epoch = 130, loss = 0.05232834, K = tensor([[    0.21308988,     0.00299522],
        [    0.00016648,     0.07691202]]), BT = tensor([1.08695042, 1.39830375])
2022-08-02 16:57:47,484 - DEBUG - child pid = 108337, finish training [0 0 0 1 0 0 0 0 1], epoch = 135, loss = 0.05197948, K = tensor([[0.14617236, 0.68333161],
        [1.10663140, 0.28169921]]), BT = tensor([3.97497296, 3.00197697])
2022-08-02 16:57:47,523 - DEBUG - child pid = 108336, finish training [0 0 0 1 0 0 0 0 0], epoch = 149, loss = 0.00894316, K = tensor([[0.09248631, 2.01036596],
        [1.72081578, 1.30616975]]), BT = tensor([3.87605739, 3.00972986])
2022-08-02 16:57:47,622 - INFO - child pid = 108320, start training [0 0 0 1 0 0 1 1 0]
2022-08-02 16:57:47,622 - INFO - child pid = 108321, start training [0 0 0 1 0 0 1 1 1]
2022-08-02 16:57:47,622 - INFO - child pid = 108317, start training [0 0 0 1 0 0 1 0 1]
2022-08-02 16:57:47,622 - INFO - child pid = 108309, start training [0 0 0 1 0 1 0 0 0]
2022-08-02 16:57:47,622 - INFO - child pid = 108337, start training [0 0 0 1 0 1 0 0 1]
2022-08-02 16:57:47,622 - INFO - child pid = 108336, start training [0 0 0 1 0 1 0 1 1]
2022-08-02 16:57:47,622 - INFO - child pid = 108328, start training [0 0 0 1 0 1 0 1 0]
2022-08-02 16:57:47,671 - DEBUG - child pid = 108308, finish training [0 0 0 0 0 0 0 0 0], epoch = 203, loss = 0.00001535, K = tensor([[0.28437537, 0.51542503],
        [0.00668698, 0.00074039]]), BT = tensor([0.95084649, 0.95106477])
2022-08-02 16:57:47,673 - INFO - child pid = 108308, start training [0 0 0 1 0 1 1 0 0]
2022-08-02 16:57:47,677 - DEBUG - child pid = 108330, finish training [0 0 0 0 1 1 0 1 0], epoch = 206, loss = 0.13516746, K = tensor([[    1.58020234,     3.53559899],
        [    0.10852820,     0.00000000]]), BT = tensor([2.43803406, 2.98993564])
2022-08-02 16:57:47,679 - INFO - child pid = 108330, start training [0 0 0 1 0 1 1 0 1]
2022-08-02 16:57:47,802 - DEBUG - child pid = 108323, finish training [0 0 0 0 1 0 0 0 1], epoch = 250, loss = 0.02533912, K = tensor([[2.10672879, 2.53027534],
        [3.32503200, 1.60174203]]), BT = tensor([3.46816945, 3.43058491])
2022-08-02 16:57:47,805 - INFO - child pid = 108323, start training [0 0 0 1 0 1 1 1 0]
2022-08-02 16:57:47,863 - DEBUG - child pid = 108318, finish training [0 0 0 0 0 1 1 0 0], epoch = 273, loss = 0.09203544, K = tensor([[    0.03568479,     0.03897411],
        [    0.00029825,     2.30276942]]), BT = tensor([2.20872331, 4.15338898])
2022-08-02 16:57:47,865 - INFO - child pid = 108318, start training [0 0 0 1 0 1 1 1 1]
2022-08-02 16:57:47,867 - DEBUG - child pid = 108315, finish training [0 0 0 0 0 0 1 1 1], epoch = 271, loss = 0.00231564, K = tensor([[0.02632820, 0.02618741],
        [0.00039709, 0.00016960]]), BT = tensor([1.65349281, 2.24743056])
2022-08-02 16:57:47,884 - INFO - child pid = 108315, start training [0 0 0 1 1 0 0 0 0]
2022-08-02 16:57:47,928 - DEBUG - child pid = 108326, finish training [0 0 0 0 1 0 1 0 0], epoch = 295, loss = 0.07093363, K = tensor([[    0.00000000,     0.22982965],
        [    1.16409361,     2.38909292]]), BT = tensor([3.15831232, 3.54918361])
2022-08-02 16:57:47,930 - INFO - child pid = 108326, start training [0 0 0 1 1 0 0 0 1]
2022-08-02 16:57:47,944 - DEBUG - child pid = 108324, finish training [0 0 0 0 1 0 0 1 0], epoch = 300, loss = 0.12209352, K = tensor([[0.02879340, 3.12863111],
        [0.01604868, 0.27695933]]), BT = tensor([3.53298736, 1.76384127])
2022-08-02 16:57:47,946 - INFO - child pid = 108324, start training [0 0 0 1 1 0 0 1 0]
2022-08-02 16:57:48,018 - DEBUG - child pid = 108310, finish training [0 0 0 0 0 0 0 1 0], epoch = 329, loss = 0.01155556, K = tensor([[    0.24384578,     0.00000001],
        [    2.02852941,     2.31322742]]), BT = tensor([3.02211165, 3.16990924])
2022-08-02 16:57:48,018 - DEBUG - child pid = 108322, finish training [0 0 0 0 1 0 0 0 0], epoch = 328, loss = 0.06339708, K = tensor([[0.15115702, 1.69641840],
        [0.04580029, 0.19707140]]), BT = tensor([2.46252537, 1.93261731])
2022-08-02 16:57:48,021 - INFO - child pid = 108322, start training [0 0 0 1 1 0 1 0 0]
2022-08-02 16:57:48,021 - INFO - child pid = 108310, start training [0 0 0 1 1 0 0 1 1]
2022-08-02 16:57:48,065 - DEBUG - child pid = 108312, finish training [0 0 0 0 0 0 1 0 0], epoch = 346, loss = 0.00058889, K = tensor([[0.04654963, 0.30996579],
        [3.11498046, 3.22416925]]), BT = tensor([4.11419725, 1.83406782])
2022-08-02 16:57:48,068 - INFO - child pid = 108312, start training [0 0 0 1 1 0 1 0 1]
2022-08-02 16:57:48,098 - DEBUG - child pid = 108319, finish training [0 0 0 0 0 1 1 0 1], epoch = 356, loss = 0.09881856, K = tensor([[    1.09220386,     0.00185178],
        [    0.00000000,     0.01375222]]), BT = tensor([1.06706655, 3.22756410])
2022-08-02 16:57:48,102 - INFO - child pid = 108319, start training [0 0 0 1 1 0 1 1 0]
2022-08-02 16:57:48,111 - DEBUG - child pid = 108335, finish training [0 0 0 1 0 0 0 1 0], epoch = 175, loss = 0.08423258, K = tensor([[0.48007160, 2.14498329],
        [1.48165023, 1.29724586]]), BT = tensor([3.17668891, 3.50948238])
2022-08-02 16:57:48,113 - INFO - child pid = 108335, start training [0 0 0 1 1 0 1 1 1]
2022-08-02 16:57:48,124 - DEBUG - child pid = 108327, finish training [0 0 0 0 1 0 1 0 1], epoch = 366, loss = 0.14409523, K = tensor([[    0.12134144,     2.26172638],
        [    0.00000000,     0.15728013]]), BT = tensor([0.38185561, 0.86319941])
2022-08-02 16:57:48,126 - INFO - child pid = 108327, start training [0 0 0 1 1 1 0 0 0]
2022-08-02 16:57:48,223 - DEBUG - child pid = 108326, finish training [0 0 0 1 1 0 0 0 1], epoch = 101, loss = 0.17216629, K = tensor([[0.80103660, 1.95488465],
        [1.02253473, 0.64793932]]), BT = tensor([1.00336409, 1.38064110])
2022-08-02 16:57:48,226 - INFO - child pid = 108326, start training [0 0 0 1 1 1 0 0 1]
2022-08-02 16:57:48,329 - DEBUG - child pid = 108322, finish training [0 0 0 1 1 0 1 0 0], epoch = 101, loss = 0.14266989, K = tensor([[    2.52957726,     0.44040740],
        [    1.10880113,     0.00002200]]), BT = tensor([0.80933982, 0.91644317])
2022-08-02 16:57:48,332 - INFO - child pid = 108322, start training [0 0 0 1 1 1 0 1 0]
2022-08-02 16:57:48,405 - DEBUG - child pid = 108316, finish training [0 0 0 0 0 1 0 1 0], epoch = 454, loss = 0.12912261, K = tensor([[    0.07018404,     0.31551859],
        [    0.00000000,     0.01396924]]), BT = tensor([3.07899690, 3.50201535])
2022-08-02 16:57:48,410 - INFO - child pid = 108316, start training [0 0 0 1 1 1 0 1 1]
2022-08-02 16:57:48,632 - DEBUG - child pid = 108315, finish training [0 0 0 1 1 0 0 0 0], epoch = 249, loss = 0.01661620, K = tensor([[0.11540367, 1.93723285],
        [0.02498575, 0.45853263]]), BT = tensor([3.01539993, 2.03165340])
2022-08-02 16:57:48,633 - DEBUG - child pid = 108313, finish training [0 0 0 0 0 0 1 0 1], epoch = 520, loss = 0.07072648, K = tensor([[    0.02604870,     0.00000000],
        [    0.00000000,     0.00889576]]), BT = tensor([2.80424833, 2.45131922])
2022-08-02 16:57:48,472 - DEBUG - child pid = 108319, finish training [0 0 0 1 1 0 1 1 0], epoch = 116, loss = 0.00733268, K = tensor([[0.02286462, 3.29623938],
        [0.08593412, 0.44426996]]), BT = tensor([3.43076468, 2.68737006])
2022-08-02 16:57:48,631 - DEBUG - child pid = 108311, finish training [0 0 0 0 0 0 0 1 1], epoch = 518, loss = 0.05303533, K = tensor([[    0.02327190,     0.00000000],
        [    0.00000000,     2.39289355]]), BT = tensor([2.95385909, 1.37855458])
2022-08-02 16:57:48,506 - DEBUG - child pid = 108314, finish training [0 0 0 0 0 0 1 1 0], epoch = 469, loss = 0.00862796, K = tensor([[    0.00000000,     0.03239028],
        [    0.12102539,     0.44671640]]), BT = tensor([2.04364395, 3.36626792])
2022-08-02 16:57:48,515 - DEBUG - child pid = 108326, finish training [0 0 0 1 1 1 0 0 1], epoch = 102, loss = 0.03065930, K = tensor([[0.25275192, 3.56281090],
        [0.60949624, 0.08465782]]), BT = tensor([2.11617208, 2.05831599])
2022-08-02 16:57:48,525 - DEBUG - child pid = 108324, finish training [0 0 0 1 1 0 0 1 0], epoch = 202, loss = 0.11361851, K = tensor([[    0.00000000,     7.52891016],
        [    0.02527122,     0.17044312]]), BT = tensor([2.91030455, 1.69647217])
2022-08-02 16:57:48,510 - DEBUG - child pid = 108321, finish training [0 0 0 1 0 0 1 1 1], epoch = 299, loss = 0.02917296, K = tensor([[0.05945811, 0.56267846],
        [2.33227873, 0.49224123]]), BT = tensor([3.84280920, 2.90799308])
2022-08-02 16:57:48,653 - INFO - child pid = 108313, start training [0 0 0 1 1 1 1 1 0]
2022-08-02 16:57:48,653 - INFO - child pid = 108311, start training [0 0 1 0 0 0 1 0 1]
2022-08-02 16:57:48,653 - INFO - child pid = 108326, start training [0 0 0 1 1 1 1 1 1]
2022-08-02 16:57:48,653 - INFO - child pid = 108319, start training [0 0 0 1 1 1 1 0 1]
2022-08-02 16:57:48,653 - INFO - child pid = 108314, start training [0 0 1 0 0 0 1 1 0]
2022-08-02 16:57:48,652 - INFO - child pid = 108315, start training [0 0 0 1 1 1 1 0 0]
2022-08-02 16:57:48,653 - INFO - child pid = 108324, start training [0 0 1 0 0 0 1 0 0]
2022-08-02 16:57:48,657 - INFO - child pid = 108321, start training [0 0 1 0 0 0 1 1 1]
2022-08-02 16:57:48,677 - DEBUG - child pid = 108328, finish training [0 0 0 1 0 1 0 1 0], epoch = 364, loss = 0.14405745, K = tensor([[    1.19046867,     3.33859420],
        [    0.02499843,     0.00000000]]), BT = tensor([2.39344144, 2.94359994])
2022-08-02 16:57:48,680 - INFO - child pid = 108328, start training [0 0 1 0 0 1 1 1 0]
2022-08-02 16:57:48,705 - DEBUG - child pid = 108325, finish training [0 0 0 0 1 0 0 1 1], epoch = 562, loss = 0.14473496, K = tensor([[    0.10972039,     2.77872038],
        [    0.00000000,     0.16179976]]), BT = tensor([0.55609685, 0.81129676])
2022-08-02 16:57:48,708 - INFO - child pid = 108325, start training [0 0 1 0 0 1 1 1 1]
2022-08-02 16:57:48,822 - DEBUG - child pid = 108327, finish training [0 0 0 1 1 1 0 0 0], epoch = 244, loss = 0.18310964, K = tensor([[    0.01052355,     0.49571174],
        [    0.00022542,     0.40014619]]), BT = tensor([    3.23342037,     0.00006158])
2022-08-02 16:57:48,824 - INFO - child pid = 108327, start training [0 0 1 0 1 0 1 0 0]
2022-08-02 16:57:48,845 - DEBUG - child pid = 108332, finish training [0 0 0 1 0 0 1 0 0], epoch = 430, loss = 0.00653358, K = tensor([[    0.00000000,     6.16523695],
        [    5.87879229,     4.74033928]]), BT = tensor([2.15351915, 3.01284194])
2022-08-02 16:57:48,848 - INFO - child pid = 108332, start training [0 0 1 0 1 0 1 0 1]
2022-08-02 16:57:48,951 - DEBUG - child pid = 108324, finish training [0 0 1 0 0 0 1 0 0], epoch = 101, loss = 0.03635767, K = tensor([[0.04919178, 1.37960112],
        [2.38303018, 0.09766519]]), BT = tensor([2.50667620, 1.89067841])
2022-08-02 16:57:48,954 - INFO - child pid = 108324, start training [0 0 1 0 1 0 1 1 0]
2022-08-02 16:57:48,960 - DEBUG - child pid = 108328, finish training [0 0 1 0 0 1 1 1 0], epoch = 102, loss = 0.01644835, K = tensor([[0.61268610, 0.25150764],
        [0.21284288, 0.79766589]]), BT = tensor([2.20404935, 2.27886248])
2022-08-02 16:57:48,962 - INFO - child pid = 108328, start training [0 0 1 0 1 0 1 1 1]
2022-08-02 16:57:48,989 - DEBUG - child pid = 108325, finish training [0 0 1 0 0 1 1 1 1], epoch = 102, loss = 0.01488048, K = tensor([[2.33383060, 0.14150648],
        [0.04645535, 0.14339682]]), BT = tensor([0.03752468, 1.94960201])
2022-08-02 16:57:48,992 - INFO - child pid = 108325, start training [0 0 1 0 1 1 1 1 0]
2022-08-02 16:57:49,136 - DEBUG - child pid = 108337, finish training [0 0 0 1 0 1 0 0 1], epoch = 519, loss = 0.17280366, K = tensor([[    0.00000000,     0.00000000],
        [    0.01184717,     0.01177177]]), BT = tensor([1.50068903, 2.98962402])
2022-08-02 16:57:49,168 - DEBUG - child pid = 108327, finish training [0 0 1 0 1 0 1 0 0], epoch = 115, loss = 0.11716524, K = tensor([[    3.95798373,     0.00000125],
        [    0.06444098,     0.08601517]]), BT = tensor([4.17108154, 2.09040356])
2022-08-02 16:57:49,212 - INFO - child pid = 108327, start training [0 0 1 1 0 0 0 0 0]
2022-08-02 16:57:49,210 - INFO - child pid = 108337, start training [0 0 1 0 1 1 1 1 1]
2022-08-02 16:57:49,317 - DEBUG - child pid = 108324, finish training [0 0 1 0 1 0 1 1 0], epoch = 101, loss = 0.24696122, K = tensor([[    0.00925865,     0.00901325],
        [    0.00136074,     0.00000661]]), BT = tensor([0.00235902, 0.04544202])
2022-08-02 16:57:49,320 - INFO - child pid = 108324, start training [0 0 1 1 0 0 0 0 1]
2022-08-02 16:57:49,348 - DEBUG - child pid = 108321, finish training [0 0 1 0 0 0 1 1 1], epoch = 218, loss = 0.06382940, K = tensor([[0.02811645, 0.02406533],
        [0.14601032, 0.07772298]]), BT = tensor([2.82843852, 1.02945387])
2022-08-02 16:57:49,351 - INFO - child pid = 108321, start training [0 0 1 1 0 0 0 1 0]
2022-08-02 16:57:49,525 - DEBUG - child pid = 108327, finish training [0 0 1 1 0 0 0 0 0], epoch = 101, loss = 0.18185833, K = tensor([[0.03762490, 4.76472139],
        [0.89313471, 0.66497809]]), BT = tensor([0.07675934, 0.02893794])
2022-08-02 16:57:49,527 - INFO - child pid = 108327, start training [0 0 1 1 0 0 0 1 1]
2022-08-02 16:57:49,539 - DEBUG - child pid = 108309, finish training [0 0 0 1 0 1 0 0 0], epoch = 581, loss = 0.15096122, K = tensor([[    0.00837679,     0.00000000],
        [    0.00503523,     0.00859999]]), BT = tensor([3.37545466, 1.10916376])
2022-08-02 16:57:49,542 - INFO - child pid = 108309, start training [0 0 1 1 0 0 1 0 0]
2022-08-02 16:57:49,542 - DEBUG - child pid = 108318, finish training [0 0 0 1 0 1 1 1 1], epoch = 551, loss = 0.06896612, K = tensor([[    0.10334451,     3.37711143],
        [    0.02088429,     0.00000000]]), BT = tensor([1.30037880, 0.84423375])
2022-08-02 16:57:49,546 - INFO - child pid = 108318, start training [0 0 1 1 0 0 1 0 1]
2022-08-02 16:57:49,591 - DEBUG - child pid = 108311, finish training [0 0 1 0 0 0 1 0 1], epoch = 280, loss = 0.12244545, K = tensor([[0.01566309, 0.02902064],
        [0.01519946, 0.05114007]]), BT = tensor([3.46522808, 0.52403086])
2022-08-02 16:57:49,595 - INFO - child pid = 108311, start training [0 0 1 1 0 0 1 1 0]
2022-08-02 16:57:49,618 - DEBUG - child pid = 108324, finish training [0 0 1 1 0 0 0 0 1], epoch = 104, loss = 0.17390972, K = tensor([[    0.50585765,     0.00000085],
        [    0.29816806,     0.03116422]]), BT = tensor([    0.00039503,     2.06595945])
2022-08-02 16:57:49,621 - INFO - child pid = 108324, start training [0 0 1 1 0 0 1 1 1]
2022-08-02 16:57:49,670 - DEBUG - child pid = 108321, finish training [0 0 1 1 0 0 0 1 0], epoch = 102, loss = 0.13695665, K = tensor([[2.95616794, 3.10659122],
        [2.92783833, 0.25083473]]), BT = tensor([1.25098705, 1.36872804])
2022-08-02 16:57:49,673 - INFO - child pid = 108321, start training [0 0 1 1 0 1 0 0 0]
2022-08-02 16:57:49,721 - DEBUG - child pid = 108314, finish training [0 0 1 0 0 0 1 1 0], epoch = 324, loss = 0.09722417, K = tensor([[0.82794732, 0.03025165],
        [0.04990553, 0.92314970]]), BT = tensor([    0.00000000,     3.80256724])
2022-08-02 16:57:49,730 - INFO - child pid = 108314, start training [0 0 1 1 0 1 0 0 1]
2022-08-02 16:57:49,769 - DEBUG - child pid = 108312, finish training [0 0 0 1 1 0 1 0 1], epoch = 507, loss = 0.07893077, K = tensor([[2.14177203, 0.53993338],
        [0.82554948, 0.52473783]]), BT = tensor([2.79334426, 2.80290914])
2022-08-02 16:57:49,773 - INFO - child pid = 108312, start training [0 0 1 1 0 1 0 1 0]
2022-08-02 16:57:49,999 - DEBUG - child pid = 108324, finish training [0 0 1 1 0 0 1 1 1], epoch = 134, loss = 0.04736849, K = tensor([[2.69670677, 4.35265207],
        [0.44902861, 0.07572190]]), BT = tensor([2.17506981, 3.56420326])
2022-08-02 16:57:50,001 - INFO - child pid = 108324, start training [0 0 1 1 0 1 0 1 1]
2022-08-02 16:57:50,026 - DEBUG - child pid = 108314, finish training [0 0 1 1 0 1 0 0 1], epoch = 102, loss = 0.10683652, K = tensor([[0.05277689, 0.00822684],
        [0.06215694, 0.04707897]]), BT = tensor([0.28327546, 1.78612399])
2022-08-02 16:57:50,028 - INFO - child pid = 108314, start training [0 0 1 1 0 1 1 0 0]
2022-08-02 16:57:50,166 - DEBUG - child pid = 108333, finish training [0 0 0 0 1 1 1 0 1], epoch = 910, loss = 0.08539835, K = tensor([[7.90115452, 4.02813387],
        [5.60633135, 0.19331461]]), BT = tensor([2.51811051, 2.49407911])
2022-08-02 16:57:50,170 - INFO - child pid = 108333, start training [0 0 1 1 0 1 1 0 1]
2022-08-02 16:57:50,181 - DEBUG - child pid = 108330, finish training [0 0 0 1 0 1 1 0 1], epoch = 873, loss = 0.15023839, K = tensor([[    0.33896598,    11.47901249],
        [    0.00124066,     0.00000000]]), BT = tensor([    0.00000000,     1.36264932])
2022-08-02 16:57:50,184 - INFO - child pid = 108330, start training [0 0 1 1 0 1 1 1 0]
2022-08-02 16:57:50,212 - DEBUG - child pid = 108325, finish training [0 0 1 0 1 1 1 1 0], epoch = 402, loss = 0.05872713, K = tensor([[    0.07495064,     0.27443188],
        [    0.00014041,     0.76041961]]), BT = tensor([3.75499558, 3.04975176])
2022-08-02 16:57:50,216 - INFO - child pid = 108325, start training [0 0 1 1 0 1 1 1 1]
2022-08-02 16:57:50,331 - DEBUG - child pid = 108324, finish training [0 0 1 1 0 1 0 1 1], epoch = 103, loss = 0.14018410, K = tensor([[0.00251410, 0.03095455],
        [0.15646891, 0.04256051]]), BT = tensor([0.03164978, 2.22441506])
2022-08-02 16:57:50,334 - INFO - child pid = 108324, start training [0 0 1 1 1 0 0 0 0]
2022-08-02 16:57:50,478 - DEBUG - child pid = 108333, finish training [0 0 1 1 0 1 1 0 1], epoch = 103, loss = 0.14865759, K = tensor([[0.87762475, 1.46809089],
        [0.61229974, 0.21480207]]), BT = tensor([0.33959293, 1.33421469])
2022-08-02 16:57:50,480 - INFO - child pid = 108333, start training [0 0 1 1 1 0 0 0 1]
2022-08-02 16:57:50,526 - DEBUG - child pid = 108330, finish training [0 0 1 1 0 1 1 1 0], epoch = 111, loss = 0.01989678, K = tensor([[0.91586959, 2.23899651],
        [0.47791913, 3.81137228]]), BT = tensor([2.63118219, 2.19085097])
2022-08-02 16:57:50,528 - INFO - child pid = 108330, start training [0 0 1 1 1 0 0 1 0]
2022-08-02 16:57:50,558 - DEBUG - child pid = 108311, finish training [0 0 1 1 0 0 1 1 0], epoch = 267, loss = 0.05617713, K = tensor([[    1.47454751,     2.96430254],
        [    0.00000000,     3.62709165]]), BT = tensor([2.05314660, 3.57941437])
2022-08-02 16:57:50,562 - INFO - child pid = 108311, start training [0 0 1 1 1 0 0 1 1]
2022-08-02 16:57:50,759 - DEBUG - child pid = 108314, finish training [0 0 1 1 0 1 1 0 0], epoch = 177, loss = 0.14071020, K = tensor([[    0.26636586,     2.27122378],
        [    0.00000541,     0.04828503]]), BT = tensor([1.32948327, 2.90933585])
2022-08-02 16:57:50,763 - INFO - child pid = 108314, start training [0 0 1 1 1 0 1 0 0]
2022-08-02 16:57:50,774 - DEBUG - child pid = 108312, finish training [0 0 1 1 0 1 0 1 0], epoch = 289, loss = 0.14580603, K = tensor([[    1.65526259,     0.00000000],
        [    0.10441807,     0.19578800]]), BT = tensor([2.99052477, 1.19594407])
2022-08-02 16:57:50,791 - INFO - child pid = 108312, start training [0 0 1 1 1 0 1 0 1]
2022-08-02 16:57:50,796 - DEBUG - child pid = 108334, finish training [0 0 0 0 1 1 1 1 0], epoch = 1285, loss = 0.11550467, K = tensor([[ 0.03016491, 20.18724632],
        [ 8.84672260,  0.07758109]]), BT = tensor([4.24089384, 1.30436730])
2022-08-02 16:57:50,799 - INFO - child pid = 108334, start training [0 0 1 1 1 0 1 1 0]
2022-08-02 16:57:50,802 - DEBUG - child pid = 108333, finish training [0 0 1 1 1 0 0 0 1], epoch = 114, loss = 0.09936139, K = tensor([[1.43778193, 0.10295762],
        [0.83972442, 0.34349433]]), BT = tensor([2.60884428, 3.67243242])
2022-08-02 16:57:50,804 - INFO - child pid = 108333, start training [0 0 1 1 1 0 1 1 1]
2022-08-02 16:57:50,837 - DEBUG - child pid = 108309, finish training [0 0 1 1 0 0 1 0 0], epoch = 377, loss = 0.16689201, K = tensor([[   11.67196178,     0.52025855],
        [    0.02952906,     0.00000007]]), BT = tensor([5.04348803, 0.09416105])
2022-08-02 16:57:50,844 - INFO - child pid = 108309, start training [0 0 1 1 1 1 0 0 0]
2022-08-02 16:57:50,845 - DEBUG - child pid = 108318, finish training [0 0 1 1 0 0 1 0 1], epoch = 410, loss = 0.13363227, K = tensor([[ 2.26070261, 10.32094765],
        [ 0.33185172,  0.06908477]]), BT = tensor([1.57750022, 4.71624041])
2022-08-02 16:57:50,846 - INFO - child pid = 108318, start training [0 0 1 1 1 1 0 0 1]
2022-08-02 16:57:50,890 - DEBUG - child pid = 108336, finish training [0 0 0 1 0 1 0 1 1], epoch = 1057, loss = 0.11282203, K = tensor([[ 0.00000000, 15.93426991],
        [ 0.02651952,  0.06896736]]), BT = tensor([2.53146982, 2.10039282])
2022-08-02 16:57:50,893 - INFO - child pid = 108336, start training [0 0 1 1 1 1 0 1 0]
2022-08-02 16:57:50,988 - DEBUG - child pid = 108322, finish training [0 0 0 1 1 1 0 1 0], epoch = 860, loss = 0.24090433, K = tensor([[    0.00817924,     0.00000000],
        [    0.00000000,     0.01796258]]), BT = tensor([1.44913518, 1.23901641])
2022-08-02 16:57:50,991 - INFO - child pid = 108322, start training [0 0 1 1 1 1 0 1 1]
2022-08-02 16:57:51,131 - DEBUG - child pid = 108327, finish training [0 0 1 1 0 0 0 1 1], epoch = 524, loss = 0.17929271, K = tensor([[    0.00776983,    10.80135441],
        [    0.00219536,     0.02837200]]), BT = tensor([0.00631805, 4.87479305])
2022-08-02 16:57:51,135 - INFO - child pid = 108327, start training [0 0 1 1 1 1 1 0 0]
2022-08-02 16:57:51,360 - DEBUG - child pid = 108321, finish training [0 0 1 1 0 1 0 0 0], epoch = 456, loss = 0.06195014, K = tensor([[    1.75733900,     0.20194156],
        [    0.02518466,     0.00000001]]), BT = tensor([4.10255384, 2.55871201])
2022-08-02 16:57:51,362 - INFO - child pid = 108321, start training [0 0 1 1 1 1 1 0 1]
2022-08-02 16:57:51,392 - DEBUG - child pid = 108335, finish training [0 0 0 1 1 0 1 1 1], epoch = 1116, loss = 0.01732686, K = tensor([[12.54623222,  0.74824482],
        [ 2.86756134,  0.03865119]]), BT = tensor([    2.01384425,     0.00000014])
2022-08-02 16:57:51,397 - INFO - child pid = 108335, start training [0 0 1 1 1 1 1 1 0]
2022-08-02 16:57:51,405 - DEBUG - child pid = 108322, finish training [0 0 1 1 1 1 0 1 1], epoch = 104, loss = 0.14815630, K = tensor([[    0.23073594,     0.00000000],
        [    0.14339264,     0.99578756]]), BT = tensor([0.00115677, 1.15454221])
2022-08-02 16:57:51,407 - INFO - child pid = 108322, start training [0 0 1 1 1 1 1 1 1]
2022-08-02 16:57:51,466 - DEBUG - child pid = 108309, finish training [0 0 1 1 1 1 0 0 0], epoch = 101, loss = 0.22497003, K = tensor([[0.66285890, 1.48295033],
        [0.89546233, 1.11041975]]), BT = tensor([0.56403852, 0.18452895])
2022-08-02 16:57:51,468 - INFO - child pid = 108309, start training [0 1 0 1 0 0 0 0 0]
2022-08-02 16:57:51,484 - DEBUG - child pid = 108324, finish training [0 0 1 1 1 0 0 0 0], epoch = 335, loss = 0.17289406, K = tensor([[    0.01320134,     0.00313463],
        [    0.00000000,     0.07077685]]), BT = tensor([3.38114977, 0.17513338])
2022-08-02 16:57:51,506 - INFO - child pid = 108324, start training [0 1 0 1 0 0 0 0 1]
2022-08-02 16:57:51,540 - DEBUG - child pid = 108327, finish training [0 0 1 1 1 1 1 0 0], epoch = 122, loss = 0.08138056, K = tensor([[    4.64808464,     0.10405471],
        [    0.06939719,     0.00004262]]), BT = tensor([3.00834942, 1.91656005])
2022-08-02 16:57:51,543 - INFO - child pid = 108327, start training [0 1 0 1 0 0 0 1 0]
2022-08-02 16:57:51,618 - DEBUG - child pid = 108314, finish training [0 0 1 1 1 0 1 0 0], epoch = 187, loss = 0.07985342, K = tensor([[    7.20021391,     0.00000000],
        [    0.08587896,     0.52447456]]), BT = tensor([4.49871826, 1.46661937])
2022-08-02 16:57:51,620 - INFO - child pid = 108314, start training [0 1 0 1 0 0 0 1 1]
2022-08-02 16:57:51,706 - DEBUG - child pid = 108336, finish training [0 0 1 1 1 1 0 1 0], epoch = 215, loss = 0.07934900, K = tensor([[    0.23775028,     6.09141064],
        [    0.00029878,     0.07243865]]), BT = tensor([1.90759218, 3.57147002])
2022-08-02 16:57:51,708 - INFO - child pid = 108336, start training [0 1 0 1 0 0 1 0 0]
2022-08-02 16:57:51,838 - DEBUG - child pid = 108325, finish training [0 0 1 1 0 1 1 1 1], epoch = 489, loss = 0.06190254, K = tensor([[2.22727704, 0.24541278],
        [0.02584525, 0.01095656]]), BT = tensor([3.76330423, 0.65609992])
2022-08-02 16:57:51,841 - INFO - child pid = 108325, start training [0 1 0 1 0 0 1 0 1]
2022-08-02 16:57:51,887 - DEBUG - child pid = 108324, finish training [0 1 0 1 0 0 0 0 1], epoch = 115, loss = 0.12952887, K = tensor([[0.31503913, 0.07125521],
        [0.08583318, 0.22741646]]), BT = tensor([3.17679000, 2.88217473])
2022-08-02 16:57:51,891 - INFO - child pid = 108324, start training [0 1 0 1 0 0 1 1 0]
2022-08-02 16:57:51,894 - DEBUG - child pid = 108330, finish training [0 0 1 1 1 0 0 1 0], epoch = 426, loss = 0.08380013, K = tensor([[    0.75382394,     2.02167559],
        [    0.00000000,     0.39630142]]), BT = tensor([3.11602712, 4.00298548])
2022-08-02 16:57:51,896 - INFO - child pid = 108330, start training [0 1 0 1 0 0 1 1 1]
2022-08-02 16:57:52,065 - DEBUG - child pid = 108326, finish training [0 0 0 1 1 1 1 1 1], epoch = 1101, loss = 0.00362611, K = tensor([[    0.26105171,    16.23641777],
        [    0.28759512,     0.00000000]]), BT = tensor([0.00000000, 2.09310913])
2022-08-02 16:57:52,068 - INFO - child pid = 108326, start training [0 1 0 1 0 1 0 1 0]
2022-08-02 16:57:52,146 - DEBUG - child pid = 108317, finish training [0 0 0 1 0 0 1 0 1], epoch = 1366, loss = 0.13024963, K = tensor([[9.98948097, 0.06871874],
        [3.58657694, 0.00000000]]), BT = tensor([1.16220164, 0.41443098])
2022-08-02 16:57:52,151 - DEBUG - child pid = 108312, finish training [0 0 1 1 1 0 1 0 1], epoch = 326, loss = 0.13304771, K = tensor([[8.83088303, 0.27541241],
        [0.09923144, 0.44066414]]), BT = tensor([4.52597046, 1.82205629])
2022-08-02 16:57:52,156 - INFO - child pid = 108317, start training [0 1 0 1 0 1 0 1 1]
2022-08-02 16:57:52,161 - INFO - child pid = 108312, start training [0 1 0 1 0 1 1 0 0]
2022-08-02 16:57:52,181 - DEBUG - child pid = 108337, finish training [0 0 1 0 1 1 1 1 1], epoch = 1028, loss = 0.04304504, K = tensor([[    1.20147359,     0.00000000],
        [    0.04725395,     6.23118734]]), BT = tensor([2.29756641, 0.57037830])
2022-08-02 16:57:52,184 - INFO - child pid = 108337, start training [0 1 0 1 0 1 1 0 1]
2022-08-02 16:57:52,396 - DEBUG - child pid = 108309, finish training [0 1 0 1 0 0 0 0 0], epoch = 255, loss = 0.11627216, K = tensor([[0.05485697, 0.06294347],
        [0.16419989, 0.11615141]]), BT = tensor([0.46854022, 1.65158212])
2022-08-02 16:57:52,398 - INFO - child pid = 108309, start training [0 1 0 1 0 1 1 1 0]
2022-08-02 16:57:52,537 - DEBUG - child pid = 108318, finish training [0 0 1 1 1 1 0 0 1], epoch = 444, loss = 0.12782001, K = tensor([[0.00726983, 0.00091934],
        [0.12862368, 0.04917572]]), BT = tensor([4.08753443, 0.59667718])
2022-08-02 16:57:52,540 - INFO - child pid = 108318, start training [0 1 0 1 0 1 1 1 1]
2022-08-02 16:57:52,607 - DEBUG - child pid = 108326, finish training [0 1 0 1 0 1 0 1 0], epoch = 185, loss = 0.20927078, K = tensor([[    1.69745135,     2.87328506],
        [    0.07967537,     0.00000000]]), BT = tensor([3.06517887, 2.98272085])
2022-08-02 16:57:52,609 - INFO - child pid = 108326, start training [0 1 0 1 1 0 0 0 0]
2022-08-02 16:57:52,652 - DEBUG - child pid = 108336, finish training [0 1 0 1 0 0 1 0 0], epoch = 253, loss = 0.14809556, K = tensor([[    0.00000000,     0.01347157],
        [    1.03611290,     0.80737418]]), BT = tensor([0.74856234, 0.13436639])
2022-08-02 16:57:52,654 - INFO - child pid = 108336, start training [0 1 0 1 1 0 0 0 1]
2022-08-02 16:57:52,743 - DEBUG - child pid = 108313, finish training [0 0 0 1 1 1 1 1 0], epoch = 1141, loss = 0.08188948, K = tensor([[    0.00000000,    24.39725494],
        [    0.02432313,     0.00000000]]), BT = tensor([1.49397075, 2.54530382])
2022-08-02 16:57:52,746 - INFO - child pid = 108313, start training [0 1 0 1 1 0 0 1 0]
2022-08-02 16:57:52,761 - DEBUG - child pid = 108320, finish training [0 0 0 1 0 0 1 1 0], epoch = 1606, loss = 0.02101303, K = tensor([[ 0.00000000,  7.10008860],
        [ 0.33695334, 25.34554291]]), BT = tensor([0.64589405, 1.70080841])
2022-08-02 16:57:52,768 - INFO - child pid = 108320, start training [0 1 0 1 1 0 0 1 1]
2022-08-02 16:57:52,876 - DEBUG - child pid = 108318, finish training [0 1 0 1 0 1 1 1 1], epoch = 101, loss = 0.14817786, K = tensor([[    1.08745909,     0.45017222],
        [    0.00000127,     0.00087008]]), BT = tensor([0.79530573, 0.40603575])
2022-08-02 16:57:52,879 - INFO - child pid = 108318, start training [0 1 0 1 1 0 1 0 0]
2022-08-02 16:57:52,900 - DEBUG - child pid = 108326, finish training [0 1 0 1 1 0 0 0 0], epoch = 103, loss = 0.11396694, K = tensor([[0.06014927, 0.04188662],
        [0.03949099, 0.05364009]]), BT = tensor([1.67886221, 1.45385718])
2022-08-02 16:57:52,902 - INFO - child pid = 108326, start training [0 1 0 1 1 0 1 0 1]
2022-08-02 16:57:53,001 - DEBUG - child pid = 108331, finish training [0 0 0 0 1 1 0 1 1], epoch = 2000, loss = 0.03266709, K = tensor([[ 0.88678843,  2.53911352],
        [26.61478233,  0.00000000]]), BT = tensor([1.32749939, 1.53161538])
2022-08-02 16:57:53,004 - INFO - child pid = 108331, start training [0 1 0 1 1 0 1 1 0]
2022-08-02 16:57:53,036 - DEBUG - child pid = 108336, finish training [0 1 0 1 1 0 0 0 1], epoch = 103, loss = 0.88798326, K = tensor([[    0.04981512,     3.04522586],
        [    0.07928652,     0.00061721]]), BT = tensor([3.56766009, 2.46208787])
2022-08-02 16:57:53,039 - INFO - child pid = 108336, start training [0 1 0 1 1 0 1 1 1]
2022-08-02 16:57:53,049 - DEBUG - child pid = 108327, finish training [0 1 0 1 0 0 0 1 0], epoch = 507, loss = 0.17261249, K = tensor([[    0.11851852,     0.02237800],
        [    0.00000000,     0.01376635]]), BT = tensor([0.51013768, 3.24784231])
2022-08-02 16:57:53,056 - INFO - child pid = 108327, start training [0 1 0 1 1 1 0 1 0]
2022-08-02 16:57:53,084 - DEBUG - child pid = 108313, finish training [0 1 0 1 1 0 0 1 0], epoch = 105, loss = 0.15867826, K = tensor([[0.02616908, 0.51687729],
        [0.02292778, 0.74468082]]), BT = tensor([    2.56814742,     0.00000438])
2022-08-02 16:57:53,088 - INFO - child pid = 108313, start training [0 1 0 1 1 1 0 1 1]
2022-08-02 16:57:53,255 - DEBUG - child pid = 108324, finish training [0 1 0 1 0 0 1 1 0], epoch = 418, loss = 0.04578651, K = tensor([[5.58493805, 0.54733646],
        [3.16703701, 0.78623652]]), BT = tensor([2.79976654, 2.84127045])
2022-08-02 16:57:53,258 - INFO - child pid = 108324, start training [0 1 0 1 1 1 1 0 0]
2022-08-02 16:57:53,272 - DEBUG - child pid = 108333, finish training [0 0 1 1 1 0 1 1 1], epoch = 833, loss = 0.08731964, K = tensor([[8.70970821, 1.01277113],
        [3.21730328, 0.40878177]]), BT = tensor([    2.18573880,     0.00000012])
2022-08-02 16:57:53,275 - INFO - child pid = 108333, start training [0 1 0 1 1 1 1 0 1]
2022-08-02 16:57:53,323 - DEBUG - child pid = 108331, finish training [0 1 0 1 1 0 1 1 0], epoch = 101, loss = 0.10365617, K = tensor([[0.01616968, 0.71105051],
        [0.04565131, 0.69287908]]), BT = tensor([    1.67119670,     0.00000720])
2022-08-02 16:57:53,326 - INFO - child pid = 108331, start training [0 1 0 1 1 1 1 1 0]
2022-08-02 16:57:53,342 - DEBUG - child pid = 108319, finish training [0 0 0 1 1 1 1 0 1], epoch = 1362, loss = 0.10602057, K = tensor([[26.41044235,  0.10517263],
        [ 0.00000000,  0.54096889]]), BT = tensor([    2.13233232,     0.00000000])
2022-08-02 16:57:53,345 - INFO - child pid = 108319, start training [0 1 0 1 1 1 1 1 1]
2022-08-02 16:57:53,559 - DEBUG - child pid = 108317, finish training [0 1 0 1 0 1 0 1 1], epoch = 392, loss = 0.15721726, K = tensor([[    0.90602219,     0.02681279],
        [    0.00000000,     6.10872889]]), BT = tensor([1.06732738, 4.61446428])
2022-08-02 16:57:53,568 - INFO - child pid = 108317, start training [0 1 1 1 0 0 1 0 0]
2022-08-02 16:57:53,633 - DEBUG - child pid = 108322, finish training [0 0 1 1 1 1 1 1 1], epoch = 670, loss = 0.00480378, K = tensor([[12.28478050,  0.45521280],
        [ 0.05137733,  0.31684822]]), BT = tensor([    4.37669039,     0.00000001])
2022-08-02 16:57:53,638 - INFO - child pid = 108322, start training [0 1 1 1 0 0 1 0 1]
2022-08-02 16:57:53,655 - DEBUG - child pid = 108329, finish training [0 0 0 1 0 0 0 1 1], epoch = 2000, loss = nan, K = tensor([[nan, nan],
        [nan, nan]]), BT = tensor([nan, nan])
2022-08-02 16:57:53,662 - WARNING - child pid = 108329, finish training [0 0 0 1 0 0 0 1 1], epoch = 2000, loss = nan
2022-08-02 16:57:53,664 - INFO - child pid = 108329, start training [0 1 1 1 0 0 1 1 0]
2022-08-02 16:57:53,688 - DEBUG - child pid = 108330, finish training [0 1 0 1 0 0 1 1 1], epoch = 598, loss = 0.11484281, K = tensor([[    0.27255198,     0.06198915],
        [    0.01908929,     0.00000000]]), BT = tensor([2.89162111, 2.95864081])
2022-08-02 16:57:53,686 - DEBUG - child pid = 108323, finish training [0 0 0 1 0 1 1 1 0], epoch = 1763, loss = 0.11841437, K = tensor([[    6.46786642,     0.00000069],
        [   28.99468422,     0.33505845]]), BT = tensor([2.14316225, 0.00000000])
2022-08-02 16:57:53,690 - INFO - child pid = 108323, start training [0 1 1 1 0 1 1 1 0]
2022-08-02 16:57:53,690 - INFO - child pid = 108330, start training [0 1 1 1 0 0 1 1 1]
2022-08-02 16:57:53,796 - DEBUG - child pid = 108331, finish training [0 1 0 1 1 1 1 1 0], epoch = 154, loss = 0.07535133, K = tensor([[    0.00000122,     2.31354165],
        [    0.08361210,     1.89931250]]), BT = tensor([2.83045888, 2.38290668])
2022-08-02 16:57:53,798 - INFO - child pid = 108331, start training [0 1 1 1 0 1 1 1 1]
2022-08-02 16:57:53,864 - DEBUG - child pid = 108316, finish training [0 0 0 1 1 1 0 1 1], epoch = 1533, loss = 0.10586941, K = tensor([[    1.45066905,    27.51416969],
        [    0.00000401,     0.00000000]]), BT = tensor([    0.00000000,     2.70942235])
2022-08-02 16:57:53,867 - INFO - child pid = 108316, start training [0 1 1 1 1 0 1 0 0]
2022-08-02 16:57:53,871 - DEBUG - child pid = 108310, finish training [0 0 0 1 1 0 0 1 1], epoch = 1540, loss = 0.12058791, K = tensor([[21.40662575,  0.00000000],
        [ 2.60087395,  0.00000000]]), BT = tensor([1.88271952, 0.68366349])
2022-08-02 16:57:53,873 - INFO - child pid = 108310, start training [0 1 1 1 1 0 1 0 1]
2022-08-02 16:57:53,916 - DEBUG - child pid = 108337, finish training [0 1 0 1 0 1 1 0 1], epoch = 546, loss = 0.18728191, K = tensor([[    7.44622898,     0.00000000],
        [    0.03213703,     0.02293250]]), BT = tensor([3.90954614, 2.47464466])
2022-08-02 16:57:53,918 - INFO - child pid = 108337, start training [0 1 1 1 1 0 1 1 0]
2022-08-02 16:57:53,948 - DEBUG - child pid = 108322, finish training [0 1 1 1 0 0 1 0 1], epoch = 102, loss = 0.24229553, K = tensor([[0.14665785, 0.01377604],
        [0.16124697, 0.03144474]]), BT = tensor([0.49987194, 0.00413151])
2022-08-02 16:57:53,951 - INFO - child pid = 108322, start training [0 1 1 1 1 0 1 1 1]
2022-08-02 16:57:53,983 - DEBUG - child pid = 108330, finish training [0 1 1 1 0 0 1 1 1], epoch = 101, loss = 0.17381433, K = tensor([[0.10628209, 0.03093254],
        [0.12945092, 0.00058981]]), BT = tensor([0.14389834, 1.82834053])
2022-08-02 16:57:53,986 - INFO - child pid = 108330, start training [0 1 1 1 1 1 1 1 0]
2022-08-02 16:57:54,016 - DEBUG - child pid = 108323, finish training [0 1 1 1 0 1 1 1 0], epoch = 105, loss = 0.22226378, K = tensor([[    0.53117913,     0.00002320],
        [    0.00000328,     0.00212143]]), BT = tensor([0.04901337, 0.75842947])
2022-08-02 16:57:54,019 - INFO - child pid = 108323, start training [0 1 1 1 1 1 1 1 1]
2022-08-02 16:57:54,085 - DEBUG - child pid = 108321, finish training [0 0 1 1 1 1 1 0 1], epoch = 809, loss = 0.10284153, K = tensor([[   15.87654400,     0.00024792],
        [    0.05711541,     0.00098438]]), BT = tensor([4.30485630, 0.03498302])
2022-08-02 16:57:54,088 - INFO - child pid = 108321, start training [1 0 0 0 0 0 0 0 0]
2022-08-02 16:57:54,124 - DEBUG - child pid = 108327, finish training [0 1 0 1 1 1 0 1 0], epoch = 324, loss = 0.21233961, K = tensor([[0.09528266, 0.00703854],
        [0.74177825, 0.00663168]]), BT = tensor([    0.00000000,     4.36854315])
2022-08-02 16:57:54,127 - INFO - child pid = 108327, start training [1 0 0 0 0 0 0 0 1]
2022-08-02 16:57:54,225 - DEBUG - child pid = 108318, finish training [0 1 0 1 1 0 1 0 0], epoch = 340, loss = 0.14918023, K = tensor([[    0.38603878,     0.00000000],
        [    0.18049850,     0.02643632]]), BT = tensor([    0.00000000,     2.71590877])
2022-08-02 16:57:54,228 - INFO - child pid = 108318, start training [1 0 0 0 0 0 0 1 0]
2022-08-02 16:57:54,257 - DEBUG - child pid = 108333, finish training [0 1 0 1 1 1 1 0 1], epoch = 324, loss = 0.12577598, K = tensor([[0.17269029, 5.40080023],
        [0.23314561, 0.02788574]]), BT = tensor([1.57832706, 2.34936500])
2022-08-02 16:57:54,260 - INFO - child pid = 108333, start training [1 0 0 0 0 0 0 1 1]
2022-08-02 16:57:54,268 - DEBUG - child pid = 108311, finish training [0 0 1 1 1 0 0 1 1], epoch = 925, loss = 0.16042474, K = tensor([[    1.26505184,     0.02793956],
        [    0.00000000,    10.13162422]]), BT = tensor([1.15673566, 4.73310709])
2022-08-02 16:57:54,270 - INFO - child pid = 108311, start training [1 0 0 0 0 0 1 0 0]
2022-08-02 16:57:54,302 - DEBUG - child pid = 108337, finish training [0 1 1 1 1 0 1 1 0], epoch = 133, loss = 0.04788070, K = tensor([[    3.21880746,     0.00004702],
        [    1.12175393,     0.07695573]]), BT = tensor([2.32881260, 2.83238220])
2022-08-02 16:57:54,305 - INFO - child pid = 108337, start training [1 0 0 0 0 0 1 0 1]
2022-08-02 16:57:54,312 - DEBUG - child pid = 108316, finish training [0 1 1 1 1 0 1 0 0], epoch = 103, loss = 0.37238726, K = tensor([[2.49165511, 0.00921958],
        [1.01505089, 6.27428484]]), BT = tensor([0.43245617, 0.02426449])
2022-08-02 16:57:54,314 - INFO - child pid = 108316, start training [1 0 0 0 0 0 1 1 0]
2022-08-02 16:57:54,321 - DEBUG - child pid = 108330, finish training [0 1 1 1 1 1 1 1 0], epoch = 102, loss = 0.17288692, K = tensor([[0.21692643, 0.58879495],
        [0.53712988, 0.03025703]]), BT = tensor([0.00653112, 0.00379098])
2022-08-02 16:57:54,324 - INFO - child pid = 108330, start training [1 0 0 0 0 0 1 1 1]
2022-08-02 16:57:54,327 - DEBUG - child pid = 108329, finish training [0 1 1 1 0 0 1 1 0], epoch = 223, loss = 0.03311756, K = tensor([[0.72810304, 7.25561571],
        [0.42393607, 1.01275194]]), BT = tensor([3.63202596, 4.18551493])
2022-08-02 16:57:54,329 - INFO - child pid = 108329, start training [1 0 0 0 0 1 0 1 0]
2022-08-02 16:57:54,368 - DEBUG - child pid = 108314, finish training [0 1 0 1 0 0 0 1 1], epoch = 716, loss = 0.17605138, K = tensor([[    0.13433392,     0.09439280],
        [    0.19855137,     0.00000000]]), BT = tensor([3.31348729, 3.89461708])
2022-08-02 16:57:54,371 - INFO - child pid = 108314, start training [1 0 0 0 0 1 0 1 1]
2022-08-02 16:57:54,410 - DEBUG - child pid = 108313, finish training [0 1 0 1 1 1 0 1 1], epoch = 307, loss = 0.13397495, K = tensor([[    5.74235678,     1.36243618],
        [    0.00000000,     0.11393289]]), BT = tensor([2.59074664, 2.16971064])
2022-08-02 16:57:54,421 - INFO - child pid = 108313, start training [1 0 0 0 0 1 1 0 0]
2022-08-02 16:57:54,422 - DEBUG - child pid = 108336, finish training [0 1 0 1 1 0 1 1 1], epoch = 365, loss = 0.01835416, K = tensor([[1.40132082, 0.62171382],
        [1.34702623, 0.11711235]]), BT = tensor([2.58868718, 3.42466259])
2022-08-02 16:57:54,424 - INFO - child pid = 108336, start training [1 0 0 0 0 1 1 0 1]
2022-08-02 16:57:54,535 - DEBUG - child pid = 108326, finish training [0 1 0 1 1 0 1 0 1], epoch = 515, loss = 0.17875685, K = tensor([[0.71823627, 0.02931254],
        [0.01465753, 1.12880135]]), BT = tensor([    4.06091738,     0.00000000])
2022-08-02 16:57:54,537 - INFO - child pid = 108326, start training [1 0 0 0 0 1 1 1 0]
2022-08-02 16:57:54,608 - DEBUG - child pid = 108330, finish training [1 0 0 0 0 0 1 1 1], epoch = 103, loss = 0.07744539, K = tensor([[    0.26878622,     0.09961815],
        [    1.47774768,     0.00000002]]), BT = tensor([1.14951098, 1.68132019])
2022-08-02 16:57:54,610 - INFO - child pid = 108330, start training [1 0 0 0 0 1 1 1 1]
2022-08-02 16:57:54,654 - DEBUG - child pid = 108337, finish training [1 0 0 0 0 0 1 0 1], epoch = 127, loss = 0.07749753, K = tensor([[    1.58301580,     0.08423169],
        [    1.87667334,     0.00000002]]), BT = tensor([2.77390504, 3.11867523])
2022-08-02 16:57:54,656 - INFO - child pid = 108337, start training [1 0 0 0 1 0 0 0 0]
2022-08-02 16:57:54,664 - DEBUG - child pid = 108308, finish training [0 0 0 1 0 1 1 0 0], epoch = 1859, loss = 0.12189468, K = tensor([[    0.02089384,    26.89125633],
        [   31.93232536,     0.00000000]]), BT = tensor([3.06373429, 1.38527548])
2022-08-02 16:57:54,667 - INFO - child pid = 108308, start training [1 0 0 0 1 0 0 0 1]
2022-08-02 16:57:54,672 - DEBUG - child pid = 108332, finish training [0 0 1 0 1 0 1 0 1], epoch = 1969, loss = 0.17303011, K = tensor([[5.43993902, 1.53706944],
        [3.77617168, 2.19865775]]), BT = tensor([2.54957104, 2.85155058])
2022-08-02 16:57:54,674 - INFO - child pid = 108332, start training [1 0 0 0 1 0 0 1 0]
2022-08-02 16:57:54,985 - DEBUG - child pid = 108320, finish training [0 1 0 1 1 0 0 1 1], epoch = 608, loss = 0.18078572, K = tensor([[0.82495797, 0.82294488],
        [0.01419555, 0.29415038]]), BT = tensor([    4.10966539,     0.00000002])
2022-08-02 16:57:54,991 - DEBUG - child pid = 108322, finish training [0 1 1 1 1 0 1 1 1], epoch = 298, loss = 0.06781830, K = tensor([[2.62057877, 0.55037194],
        [2.14407277, 0.35082868]]), BT = tensor([3.44187427, 2.80634642])
2022-08-02 16:57:54,993 - INFO - child pid = 108320, start training [1 0 0 0 1 0 0 1 1]
2022-08-02 16:57:54,993 - INFO - child pid = 108322, start training [1 0 0 0 1 0 1 0 0]
2022-08-02 16:57:54,993 - DEBUG - child pid = 108309, finish training [0 1 0 1 0 1 1 1 0], epoch = 625, loss = 0.11756179, K = tensor([[0.56601441, 5.79551554],
        [1.36003029, 3.91730213]]), BT = tensor([2.51176071, 3.31413436])
2022-08-02 16:57:54,995 - INFO - child pid = 108309, start training [1 0 0 0 1 0 1 0 1]
2022-08-02 16:57:55,011 - DEBUG - child pid = 108326, finish training [1 0 0 0 0 1 1 1 0], epoch = 154, loss = 0.10642448, K = tensor([[0.14832382, 1.37534428],
        [0.90427911, 2.18947077]]), BT = tensor([4.03747511, 3.32482624])
2022-08-02 16:57:55,013 - INFO - child pid = 108326, start training [1 0 0 0 1 0 1 1 0]
2022-08-02 16:57:55,076 - DEBUG - child pid = 108310, finish training [0 1 1 1 1 0 1 0 1], epoch = 293, loss = 0.14141652, K = tensor([[0.69133210, 2.87189865],
        [0.12404142, 1.48553085]]), BT = tensor([3.14081693, 3.69038153])
2022-08-02 16:57:55,078 - INFO - child pid = 108310, start training [1 0 0 0 1 0 1 1 1]
2022-08-02 16:57:55,170 - DEBUG - child pid = 108328, finish training [0 0 1 0 1 0 1 1 1], epoch = 2000, loss = 0.09313067, K = tensor([[0.31443650, 8.73053646],
        [3.62527013, 7.87134027]]), BT = tensor([2.52594972, 1.75249374])
2022-08-02 16:57:55,173 - INFO - child pid = 108328, start training [1 0 0 0 1 1 0 1 0]
2022-08-02 16:57:55,277 - DEBUG - child pid = 108325, finish training [0 1 0 1 0 0 1 0 1], epoch = 1095, loss = 0.18392324, K = tensor([[    0.04342801,     0.96446085],
        [   15.57292271,     0.01136157]]), BT = tensor([3.06976676, 3.69315815])
2022-08-02 16:57:55,280 - INFO - child pid = 108325, start training [1 0 0 0 1 1 0 1 1]
2022-08-02 16:57:55,297 - DEBUG - child pid = 108330, finish training [1 0 0 0 0 1 1 1 1], epoch = 225, loss = 0.14459090, K = tensor([[0.02282423, 0.12935042],
        [0.00711818, 0.00053114]]), BT = tensor([3.53072643, 0.25249702])
2022-08-02 16:57:55,300 - INFO - child pid = 108330, start training [1 0 0 0 1 1 1 0 0]
2022-08-02 16:57:55,300 - DEBUG - child pid = 108324, finish training [0 1 0 1 1 1 1 0 0], epoch = 643, loss = 0.13508716, K = tensor([[    0.14152424,     3.61692357],
        [    0.00000000,     0.01365910]]), BT = tensor([2.44859457, 3.38453627])
2022-08-02 16:57:55,302 - INFO - child pid = 108324, start training [1 0 0 0 1 1 1 0 1]
2022-08-02 16:57:55,318 - DEBUG - child pid = 108308, finish training [1 0 0 0 1 0 0 0 1], epoch = 102, loss = 0.49610922, K = tensor([[0.06775583, 1.80388999],
        [4.39816332, 6.47224951]]), BT = tensor([    3.64175248,     0.00031025])
2022-08-02 16:57:55,323 - INFO - child pid = 108308, start training [1 0 0 0 1 1 1 1 0]
2022-08-02 16:57:55,332 - DEBUG - child pid = 108327, finish training [1 0 0 0 0 0 0 0 1], epoch = 405, loss = 0.16861841, K = tensor([[    0.00000000,     0.00000000],
        [    0.01930856,     0.00000000]]), BT = tensor([1.24699426, 0.62851983])
2022-08-02 16:57:55,334 - INFO - child pid = 108327, start training [1 0 0 0 1 1 1 1 1]
2022-08-02 16:57:55,382 - DEBUG - child pid = 108333, finish training [1 0 0 0 0 0 0 1 1], epoch = 363, loss = 0.17289540, K = tensor([[    0.01316451,     0.03734478],
        [    0.00000000,     0.00076681]]), BT = tensor([3.15065670, 0.03224205])
2022-08-02 16:57:55,385 - INFO - child pid = 108333, start training [1 0 0 1 0 0 0 0 0]
2022-08-02 16:57:55,429 - DEBUG - child pid = 108315, finish training [0 0 0 1 1 1 1 0 0], epoch = 1830, loss = 0.16603297, K = tensor([[   35.44911194,     0.44320843],
        [    0.00000000,     0.02890221]]), BT = tensor([2.52828622, 0.00000000])
2022-08-02 16:57:55,433 - INFO - child pid = 108315, start training [1 0 0 1 0 0 0 0 1]
2022-08-02 16:57:55,532 - DEBUG - child pid = 108328, finish training [1 0 0 0 1 1 0 1 0], epoch = 104, loss = 0.16511165, K = tensor([[    0.00000025,     1.14846087],
        [    3.84373689,     3.58921337]]), BT = tensor([2.36242676, 3.19803667])
2022-08-02 16:57:55,534 - INFO - child pid = 108328, start training [1 0 0 1 0 0 0 1 0]
2022-08-02 16:57:55,544 - DEBUG - child pid = 108335, finish training [0 0 1 1 1 1 1 1 0], epoch = 1408, loss = 0.17463745, K = tensor([[   21.37021255,     0.36748579],
        [    0.00000000,     0.01510812]]), BT = tensor([1.67330182, 0.00000000])
2022-08-02 16:57:55,546 - INFO - child pid = 108335, start training [1 0 0 1 0 0 0 1 1]
2022-08-02 16:57:55,556 - DEBUG - child pid = 108322, finish training [1 0 0 0 1 0 1 0 0], epoch = 155, loss = 0.14814910, K = tensor([[    0.16521241,     0.00000001],
        [    0.04633994,     1.00274920]]), BT = tensor([0.00198293, 1.03295290])
2022-08-02 16:57:55,558 - INFO - child pid = 108322, start training [1 0 0 1 0 0 1 0 0]
2022-08-02 16:57:55,662 - DEBUG - child pid = 108327, finish training [1 0 0 0 1 1 1 1 1], epoch = 102, loss = 0.14809698, K = tensor([[0.17665508, 1.11944091],
        [0.00898087, 0.00386673]]), BT = tensor([0.09594052, 0.89491063])
2022-08-02 16:57:55,664 - INFO - child pid = 108327, start training [1 0 0 1 0 0 1 0 1]
2022-08-02 16:57:55,791 - DEBUG - child pid = 108320, finish training [1 0 0 0 1 0 0 1 1], epoch = 229, loss = 0.03822937, K = tensor([[1.00717199, 0.40248507],
        [7.19099331, 0.71816081]]), BT = tensor([4.13478565, 3.68610096])
2022-08-02 16:57:55,793 - INFO - child pid = 108320, start training [1 0 0 1 0 0 1 1 0]
2022-08-02 16:57:55,835 - DEBUG - child pid = 108321, finish training [1 0 0 0 0 0 0 0 0], epoch = 524, loss = 0.00078805, K = tensor([[3.48982620, 0.72426820],
        [3.08954263, 0.55560672]]), BT = tensor([3.73999596, 2.19937229])
2022-08-02 16:57:55,838 - INFO - child pid = 108321, start training [1 0 0 1 0 0 1 1 1]
2022-08-02 16:57:55,898 - DEBUG - child pid = 108316, finish training [1 0 0 0 0 0 1 1 0], epoch = 453, loss = 0.08814207, K = tensor([[    0.01915033,     0.04120371],
        [    0.00000000,     0.60039002]]), BT = tensor([0.17992778, 2.23495436])
2022-08-02 16:57:55,901 - INFO - child pid = 108316, start training [1 0 0 1 0 1 0 0 0]
2022-08-02 16:57:55,963 - DEBUG - child pid = 108330, finish training [1 0 0 0 1 1 1 0 0], epoch = 223, loss = 0.19140092, K = tensor([[    0.00000768,     0.13686500],
        [    0.90499383,     0.89129478]]), BT = tensor([3.20110846, 3.13173866])
2022-08-02 16:57:55,966 - INFO - child pid = 108330, start training [1 0 0 1 0 1 0 0 1]
2022-08-02 16:57:56,026 - DEBUG - child pid = 108327, finish training [1 0 0 1 0 0 1 0 1], epoch = 102, loss = 0.26808417, K = tensor([[    0.89095438,     0.00008660],
        [    2.03815413,     0.87682801]]), BT = tensor([1.31259108, 0.07130577])
2022-08-02 16:57:56,029 - INFO - child pid = 108327, start training [1 0 0 1 0 1 0 1 0]
2022-08-02 16:57:56,208 - DEBUG - child pid = 108316, finish training [1 0 0 1 0 1 0 0 0], epoch = 112, loss = 0.06540182, K = tensor([[0.83532143, 0.05748998],
        [2.85765409, 0.15609391]]), BT = tensor([2.40013742, 2.88167548])
2022-08-02 16:57:56,211 - INFO - child pid = 108316, start training [1 0 0 1 0 1 0 1 1]
2022-08-02 16:57:56,244 - DEBUG - child pid = 108330, finish training [1 0 0 1 0 1 0 0 1], epoch = 101, loss = 0.24044901, K = tensor([[0.29666409, 3.95200801],
        [0.95430154, 0.63334000]]), BT = tensor([0.23887390, 0.11151917])
2022-08-02 16:57:56,248 - INFO - child pid = 108330, start training [1 0 0 1 0 1 1 0 0]
2022-08-02 16:57:56,336 - DEBUG - child pid = 108332, finish training [1 0 0 0 1 0 0 1 0], epoch = 555, loss = 0.17238456, K = tensor([[0.15094511, 0.03135722],
        [0.00058597, 0.01553587]]), BT = tensor([0.07295238, 2.95965457])
2022-08-02 16:57:56,338 - INFO - child pid = 108332, start training [1 0 0 1 0 1 1 0 1]
2022-08-02 16:57:56,421 - DEBUG - child pid = 108336, finish training [1 0 0 0 0 1 1 0 1], epoch = 504, loss = 0.22942893, K = tensor([[    0.20016687,     0.00000000],
        [    0.33636519,     0.00907736]]), BT = tensor([    0.00000000,     2.80351782])
2022-08-02 16:57:56,424 - INFO - child pid = 108336, start training [1 0 0 1 0 1 1 1 0]
2022-08-02 16:57:56,452 - DEBUG - child pid = 108327, finish training [1 0 0 1 0 1 0 1 0], epoch = 141, loss = 0.12621133, K = tensor([[0.05250877, 0.60156304],
        [2.11914802, 4.64524698]]), BT = tensor([3.54260421, 2.51802373])
2022-08-02 16:57:56,462 - INFO - child pid = 108327, start training [1 0 0 1 0 1 1 1 1]
2022-08-02 16:57:56,497 - DEBUG - child pid = 108329, finish training [1 0 0 0 0 1 0 1 0], epoch = 727, loss = 0.14305983, K = tensor([[0.61792636, 2.33625865],
        [0.09526976, 1.16472936]]), BT = tensor([3.54683137, 3.59702682])
2022-08-02 16:57:56,500 - INFO - child pid = 108329, start training [1 0 0 1 1 0 0 0 0]
2022-08-02 16:57:56,512 - DEBUG - child pid = 108321, finish training [1 0 0 1 0 0 1 1 1], epoch = 221, loss = 0.00822910, K = tensor([[    0.18443908,     0.05701774],
        [    6.79459000,     0.00000000]]), BT = tensor([2.43312263, 2.72578621])
2022-08-02 16:57:56,514 - INFO - child pid = 108321, start training [1 0 0 1 1 0 0 0 1]
2022-08-02 16:57:56,544 - DEBUG - child pid = 108326, finish training [1 0 0 0 1 0 1 1 0], epoch = 498, loss = 0.11483712, K = tensor([[    0.01860735,     0.00000000],
        [    0.27434024,     0.06133693]]), BT = tensor([2.69498253, 2.87465930])
2022-08-02 16:57:56,548 - INFO - child pid = 108326, start training [1 0 0 1 1 0 0 1 0]
2022-08-02 16:57:56,585 - DEBUG - child pid = 108309, finish training [1 0 0 0 1 0 1 0 1], epoch = 416, loss = 0.11944059, K = tensor([[1.33710897, 3.37061048],
        [0.56163079, 4.62996578]]), BT = tensor([2.76252151, 3.46414042])
2022-08-02 16:57:56,587 - INFO - child pid = 108309, start training [1 0 0 1 1 0 0 1 1]
2022-08-02 16:57:56,609 - DEBUG - child pid = 108330, finish training [1 0 0 1 0 1 1 0 0], epoch = 122, loss = 0.22222206, K = tensor([[    2.00110364,     0.11326321],
        [    0.00001987,     0.00000000]]), BT = tensor([1.37606537, 1.82164204])
2022-08-02 16:57:56,611 - INFO - child pid = 108330, start training [1 0 0 1 1 0 1 0 0]
2022-08-02 16:57:56,617 - DEBUG - child pid = 108331, finish training [0 1 1 1 0 1 1 1 1], epoch = 944, loss = 0.06433006, K = tensor([[ 5.58766556, 12.63721561],
        [ 3.74851966,  6.08258629]]), BT = tensor([3.18272424, 3.83334970])
2022-08-02 16:57:56,620 - INFO - child pid = 108331, start training [1 0 0 1 1 0 1 0 1]
2022-08-02 16:57:56,646 - DEBUG - child pid = 108332, finish training [1 0 0 1 0 1 1 0 1], epoch = 103, loss = 0.24691544, K = tensor([[0.53437275, 0.17060696],
        [0.27999443, 0.00073305]]), BT = tensor([    0.00018220,     0.00006894])
2022-08-02 16:57:56,648 - INFO - child pid = 108332, start training [1 0 0 1 1 0 1 1 0]
2022-08-02 16:57:56,727 - DEBUG - child pid = 108334, finish training [0 0 1 1 1 0 1 1 0], epoch = 2000, loss = nan, K = tensor([[nan, nan],
        [nan, nan]]), BT = tensor([nan, nan])
2022-08-02 16:57:56,730 - WARNING - child pid = 108334, finish training [0 0 1 1 1 0 1 1 0], epoch = 2000, loss = nan
2022-08-02 16:57:56,732 - INFO - child pid = 108334, start training [1 0 0 1 1 0 1 1 1]
2022-08-02 16:57:56,815 - DEBUG - child pid = 108312, finish training [0 1 0 1 0 1 1 0 0], epoch = 1257, loss = 0.21319105, K = tensor([[    0.05110210,    11.23641586],
        [    0.00000000,     0.01034745]]), BT = tensor([1.73583639, 4.76807117])
2022-08-02 16:57:56,819 - INFO - child pid = 108312, start training [1 0 0 1 1 1 0 0 0]
2022-08-02 16:57:56,851 - DEBUG - child pid = 108326, finish training [1 0 0 1 1 0 0 1 0], epoch = 105, loss = 0.14976919, K = tensor([[    0.05769098,     0.00000000],
        [    0.03220086,     0.06430592]]), BT = tensor([0.01461495, 1.77596641])
2022-08-02 16:57:56,854 - INFO - child pid = 108326, start training [1 0 0 1 1 1 0 0 1]
2022-08-02 16:57:56,895 - DEBUG - child pid = 108310, finish training [1 0 0 0 1 0 1 1 1], epoch = 512, loss = 0.04555258, K = tensor([[0.78413284, 3.32083058],
        [0.52874488, 5.91265488]]), BT = tensor([2.40626621, 2.62447762])
2022-08-02 16:57:56,903 - INFO - child pid = 108310, start training [1 0 0 1 1 1 0 1 0]
2022-08-02 16:57:56,937 - DEBUG - child pid = 108330, finish training [1 0 0 1 1 0 1 0 0], epoch = 112, loss = 0.07415328, K = tensor([[    0.31142670,     0.00166488],
        [    0.30081686,     2.58837771]]), BT = tensor([    0.00024154,     0.99906135])
2022-08-02 16:57:56,940 - INFO - child pid = 108330, start training [1 0 0 1 1 1 0 1 1]
2022-08-02 16:57:57,103 - DEBUG - child pid = 108319, finish training [0 1 0 1 1 1 1 1 1], epoch = 1062, loss = 0.06306113, K = tensor([[    0.00000000,    15.03186512],
        [    0.00000991,     0.01675569]]), BT = tensor([0.13632606, 3.99445295])
2022-08-02 16:57:57,106 - INFO - child pid = 108319, start training [1 0 0 1 1 1 1 0 0]
2022-08-02 16:57:57,326 - DEBUG - child pid = 108315, finish training [1 0 0 1 0 0 0 0 1], epoch = 543, loss = 0.10653889, K = tensor([[    0.00000000,     0.05737485],
        [    0.45212442,    15.21857166]]), BT = tensor([    0.00000000,     4.45981979])
2022-08-02 16:57:57,330 - INFO - child pid = 108315, start training [1 0 0 1 1 1 1 0 1]
2022-08-02 16:57:57,382 - DEBUG - child pid = 108330, finish training [1 0 0 1 1 1 0 1 1], epoch = 149, loss = 0.09333272, K = tensor([[5.73418617, 0.07577913],
        [0.08346498, 0.54755205]]), BT = tensor([2.28329897, 1.64540911])
2022-08-02 16:57:57,385 - INFO - child pid = 108330, start training [1 0 0 1 1 1 1 1 0]
2022-08-02 16:57:57,400 - DEBUG - child pid = 108321, finish training [1 0 0 1 1 0 0 0 1], epoch = 271, loss = 0.01498269, K = tensor([[5.35576057, 1.37919903],
        [3.56322575, 1.92996895]]), BT = tensor([3.21085787, 3.72586060])
2022-08-02 16:57:57,415 - INFO - child pid = 108321, start training [1 0 0 1 1 1 1 1 1]
2022-08-02 16:57:57,432 - DEBUG - child pid = 108308, finish training [1 0 0 0 1 1 1 1 0], epoch = 569, loss = 0.19489107, K = tensor([[    0.00000000,     0.01511683],
        [    0.13583875,     0.66424257]]), BT = tensor([0.91757512, 2.70389962])
2022-08-02 16:57:57,434 - INFO - child pid = 108308, start training [1 0 1 0 0 0 1 0 0]
2022-08-02 16:57:57,455 - DEBUG - child pid = 108329, finish training [1 0 0 1 1 0 0 0 0], epoch = 327, loss = 0.01599986, K = tensor([[0.69122481, 3.42133975],
        [0.73192286, 0.13444875]]), BT = tensor([3.51540589, 3.46281862])
2022-08-02 16:57:57,458 - INFO - child pid = 108329, start training [1 0 1 0 0 0 1 0 1]
2022-08-02 16:57:57,599 - DEBUG - child pid = 108336, finish training [1 0 0 1 0 1 1 1 0], epoch = 409, loss = 0.07893820, K = tensor([[0.85519558, 0.54199558],
        [2.21774650, 0.56021041]]), BT = tensor([2.83874345, 2.86329937])
2022-08-02 16:57:57,601 - INFO - child pid = 108336, start training [1 0 1 0 0 0 1 1 0]
2022-08-02 16:57:57,614 - DEBUG - child pid = 108333, finish training [1 0 0 1 0 0 0 0 0], epoch = 738, loss = 0.00466939, K = tensor([[ 0.14808048,  0.05071766],
        [ 0.89668918, 12.81004810]]), BT = tensor([    0.00000000,     4.26390505])
2022-08-02 16:57:57,629 - INFO - child pid = 108333, start training [1 0 1 0 0 0 1 1 1]
2022-08-02 16:57:57,765 - DEBUG - child pid = 108311, finish training [1 0 0 0 0 0 1 0 0], epoch = 961, loss = 0.01426827, K = tensor([[ 3.10125685,  0.10090155],
        [ 4.21880102, 12.51658630]]), BT = tensor([2.80610800, 3.67918348])
2022-08-02 16:57:57,768 - INFO - child pid = 108311, start training [1 0 1 0 0 1 1 1 0]
2022-08-02 16:57:57,776 - DEBUG - child pid = 108329, finish training [1 0 1 0 0 0 1 0 1], epoch = 110, loss = 0.13583817, K = tensor([[    0.06612969,     2.15478587],
        [    0.01012607,     0.00000083]]), BT = tensor([3.52079415, 1.75928521])
2022-08-02 16:57:57,778 - INFO - child pid = 108329, start training [1 0 1 0 0 1 1 1 1]
2022-08-02 16:57:57,785 - DEBUG - child pid = 108316, finish training [1 0 0 1 0 1 0 1 1], epoch = 454, loss = 0.07564297, K = tensor([[    0.54594135,     0.10818592],
        [    0.00000000,    10.39091396]]), BT = tensor([1.64126587, 4.36103868])
2022-08-02 16:57:57,787 - INFO - child pid = 108316, start training [1 0 1 0 1 0 1 0 0]
2022-08-02 16:57:57,787 - DEBUG - child pid = 108309, finish training [1 0 0 1 1 0 0 1 1], epoch = 336, loss = 0.00578749, K = tensor([[3.74053693, 0.28676996],
        [4.89765835, 2.87101626]]), BT = tensor([3.16178036, 2.68036604])
2022-08-02 16:57:57,789 - INFO - child pid = 108309, start training [1 0 1 0 1 0 1 0 1]
2022-08-02 16:57:57,921 - DEBUG - child pid = 108333, finish training [1 0 1 0 0 0 1 1 1], epoch = 101, loss = 0.15867870, K = tensor([[0.02340271, 0.02526180],
        [0.02747519, 0.04214507]]), BT = tensor([1.40781009, 1.29260850])
2022-08-02 16:57:57,924 - INFO - child pid = 108333, start training [1 0 1 0 1 0 1 1 0]
2022-08-02 16:57:58,028 - DEBUG - child pid = 108324, finish training [1 0 0 0 1 1 1 0 1], epoch = 863, loss = 0.22317542, K = tensor([[    5.86558342,     0.01316126],
        [    0.00000000,     0.00979995]]), BT = tensor([1.01935625, 0.02471681])
2022-08-02 16:57:58,031 - INFO - child pid = 108324, start training [1 0 1 0 1 0 1 1 1]
2022-08-02 16:57:58,048 - DEBUG - child pid = 108312, finish training [1 0 0 1 1 1 0 0 0], epoch = 330, loss = 0.13520041, K = tensor([[0.54333138, 0.03885489],
        [0.51661235, 2.39142442]]), BT = tensor([    0.00000079,     3.39105248])
2022-08-02 16:57:58,051 - INFO - child pid = 108312, start training [1 0 1 0 1 1 1 1 0]
2022-08-02 16:57:58,052 - DEBUG - child pid = 108323, finish training [0 1 1 1 1 1 1 1 1], epoch = 1274, loss = 0.00466208, K = tensor([[ 0.11679807,  7.75584173],
        [ 0.00000000, 10.07059002]]), BT = tensor([1.80202293, 3.21646547])
2022-08-02 16:57:58,054 - INFO - child pid = 108323, start training [1 0 1 0 1 1 1 1 1]
2022-08-02 16:57:58,182 - DEBUG - child pid = 108315, finish training [1 0 0 1 1 1 1 0 1], epoch = 223, loss = 0.07362790, K = tensor([[    2.28408337,     6.03266001],
        [    3.19190502,     0.00000000]]), BT = tensor([2.78132486, 2.45614743])
2022-08-02 16:57:58,184 - INFO - child pid = 108315, start training [1 0 1 1 0 0 0 0 0]
2022-08-02 16:57:58,279 - DEBUG - child pid = 108310, finish training [1 0 0 1 1 1 0 1 0], epoch = 348, loss = 0.13074291, K = tensor([[0.45388404, 0.07838303],
        [4.55369282, 7.54746819]]), BT = tensor([1.66824841, 4.35337067])
2022-08-02 16:57:58,281 - INFO - child pid = 108310, start training [1 0 1 1 0 0 0 0 1]
2022-08-02 16:57:58,297 - DEBUG - child pid = 108313, finish training [1 0 0 0 0 1 1 0 0], epoch = 1041, loss = 0.16235605, K = tensor([[    0.65108311,     0.01690535],
        [    0.13452537,    21.04360390]]), BT = tensor([0.00000000, 4.72040319])
2022-08-02 16:57:58,300 - INFO - child pid = 108313, start training [1 0 1 1 0 0 0 1 0]
2022-08-02 16:57:58,300 - DEBUG - child pid = 108319, finish training [1 0 0 1 1 1 1 0 0], epoch = 343, loss = 0.12455433, K = tensor([[    0.00000000,     0.09078307],
        [    0.81003064,     0.48796743]]), BT = tensor([3.34627843, 2.96236205])
2022-08-02 16:57:58,318 - DEBUG - child pid = 108326, finish training [1 0 0 1 1 1 0 0 1], epoch = 474, loss = 0.14075968, K = tensor([[    0.00000814,     0.06249155],
        [    0.41002107,     4.99557400]]), BT = tensor([1.30901515, 3.09057236])
2022-08-02 16:57:58,320 - INFO - child pid = 108319, start training [1 0 1 1 0 0 0 1 1]
2022-08-02 16:57:58,323 - INFO - child pid = 108326, start training [1 0 1 1 0 0 1 0 0]
2022-08-02 16:57:58,560 - DEBUG - child pid = 108310, finish training [1 0 1 1 0 0 0 0 1], epoch = 101, loss = 0.07646672, K = tensor([[    0.24064575,     0.00000692],
        [    1.94224155,     0.18765703]]), BT = tensor([3.03888893, 2.98758125])
2022-08-02 16:57:58,563 - INFO - child pid = 108310, start training [1 0 1 1 0 0 1 0 1]
2022-08-02 16:57:58,567 - DEBUG - child pid = 108329, finish training [1 0 1 0 0 1 1 1 1], epoch = 262, loss = 0.11422071, K = tensor([[0.05291211, 0.04237287],
        [0.04005527, 0.01996370]]), BT = tensor([2.33757329, 0.13615598])
2022-08-02 16:57:58,573 - INFO - child pid = 108329, start training [1 0 1 1 0 0 1 1 0]
2022-08-02 16:57:58,616 - DEBUG - child pid = 108326, finish training [1 0 1 1 0 0 1 0 0], epoch = 106, loss = 0.00967753, K = tensor([[    0.00000613,     3.44407153],
        [    6.20067120,     0.04368920]]), BT = tensor([1.98355484, 3.48933864])
2022-08-02 16:57:58,618 - INFO - child pid = 108326, start training [1 0 1 1 0 0 1 1 1]
2022-08-02 16:57:58,734 - DEBUG - child pid = 108312, finish training [1 0 1 0 1 1 1 1 0], epoch = 217, loss = 0.13409325, K = tensor([[    0.37051168,     0.00000000],
        [    0.06120301,     0.12574181]]), BT = tensor([3.76783490, 2.46165824])
2022-08-02 16:57:58,737 - INFO - child pid = 108312, start training [1 0 1 1 0 1 0 0 0]
2022-08-02 16:57:58,795 - DEBUG - child pid = 108317, finish training [0 1 1 1 0 0 1 0 0], epoch = 1512, loss = 0.20598464, K = tensor([[   21.82684326,     0.10491206],
        [    0.02163479,     0.02413998]]), BT = tensor([    4.74630547,     0.00000000])
2022-08-02 16:57:58,797 - INFO - child pid = 108317, start training [1 0 1 1 0 1 0 0 1]
2022-08-02 16:57:58,932 - DEBUG - child pid = 108315, finish training [1 0 1 1 0 0 0 0 0], epoch = 271, loss = 0.02872130, K = tensor([[1.72627926, 5.35270786],
        [0.22421423, 1.64233971]]), BT = tensor([4.12628269, 3.32396483])
2022-08-02 16:57:58,935 - INFO - child pid = 108315, start training [1 0 1 1 0 1 0 1 0]
2022-08-02 16:57:58,948 - DEBUG - child pid = 108322, finish training [1 0 0 1 0 0 1 0 0], epoch = 1098, loss = 0.00362586, K = tensor([[    0.00000000,     0.02626706],
        [   16.23806953,     0.02023749]]), BT = tensor([    2.43412328,     0.00000000])
2022-08-02 16:57:58,950 - INFO - child pid = 108322, start training [1 0 1 1 0 1 0 1 1]
2022-08-02 16:57:58,964 - DEBUG - child pid = 108311, finish training [1 0 1 0 0 1 1 1 0], epoch = 372, loss = 0.20336974, K = tensor([[0.01280104, 0.01228543],
        [0.03850918, 0.61347961]]), BT = tensor([    0.00011367,     4.18972349])
2022-08-02 16:57:58,969 - INFO - child pid = 108311, start training [1 0 1 1 0 1 1 0 0]
2022-08-02 16:57:59,002 - DEBUG - child pid = 108319, finish training [1 0 1 1 0 0 0 1 1], epoch = 245, loss = 0.24690893, K = tensor([[    0.00004861,     0.04521570],
        [    0.44328460,     0.40005851]]), BT = tensor([    0.00000351,     0.03115143])
2022-08-02 16:57:59,004 - INFO - child pid = 108319, start training [1 0 1 1 0 1 1 0 1]
2022-08-02 16:57:59,027 - DEBUG - child pid = 108312, finish training [1 0 1 1 0 1 0 0 0], epoch = 105, loss = 0.13459818, K = tensor([[    0.21553493,     0.14345923],
        [    0.05033635,     0.00002276]]), BT = tensor([1.48602200, 0.17329390])
2022-08-02 16:57:59,029 - INFO - child pid = 108312, start training [1 0 1 1 0 1 1 1 0]
2022-08-02 16:57:59,182 - DEBUG - child pid = 108317, finish training [1 0 1 1 0 1 0 0 1], epoch = 141, loss = 0.02314996, K = tensor([[    0.04325770,     0.00000004],
        [    1.57923806,     0.12868479]]), BT = tensor([2.67950630, 3.22345352])
2022-08-02 16:57:59,185 - INFO - child pid = 108317, start training [1 0 1 1 0 1 1 1 1]
2022-08-02 16:57:59,309 - DEBUG - child pid = 108336, finish training [1 0 1 0 0 0 1 1 0], epoch = 603, loss = 0.18078539, K = tensor([[0.25650167, 0.01419376],
        [0.71128225, 0.82485044]]), BT = tensor([    0.00000000,     4.03120470])
2022-08-02 16:57:59,311 - INFO - child pid = 108336, start training [1 0 1 1 1 0 0 0 0]
2022-08-02 16:57:59,330 - DEBUG - child pid = 108321, finish training [1 0 0 1 1 1 1 1 1], epoch = 632, loss = 0.01256265, K = tensor([[    2.68766212,    12.62134552],
        [    3.57036614,     0.00000051]]), BT = tensor([1.97594988, 3.20685434])
2022-08-02 16:57:59,333 - INFO - child pid = 108321, start training [1 0 1 1 1 0 0 0 1]
2022-08-02 16:57:59,379 - DEBUG - child pid = 108320, finish training [1 0 0 1 0 0 1 1 0], epoch = 1132, loss = 0.01732970, K = tensor([[ 0.81213337,  2.86389780],
        [ 0.58896017, 12.53123379]]), BT = tensor([0.00000000, 1.73629785])
2022-08-02 16:57:59,382 - INFO - child pid = 108320, start training [1 0 1 1 1 0 0 1 0]
2022-08-02 16:57:59,418 - DEBUG - child pid = 108324, finish training [1 0 1 0 1 0 1 1 1], epoch = 480, loss = 0.17262004, K = tensor([[0.06501282, 0.01346936],
        [0.33377630, 0.01765216]]), BT = tensor([0.05388029, 3.43171978])
2022-08-02 16:57:59,421 - INFO - child pid = 108324, start training [1 0 1 1 1 0 0 1 1]
2022-08-02 16:57:59,426 - DEBUG - child pid = 108337, finish training [1 0 0 0 1 0 0 0 0], epoch = 1618, loss = 0.06228118, K = tensor([[14.90256596,  9.92708111],
        [10.67916679, 10.05357742]]), BT = tensor([3.47033215, 3.11437297])
2022-08-02 16:57:59,429 - INFO - child pid = 108337, start training [1 0 1 1 1 0 1 0 0]
2022-08-02 16:57:59,517 - DEBUG - child pid = 108309, finish training [1 0 1 0 1 0 1 0 1], epoch = 530, loss = 0.20662558, K = tensor([[5.38060760, 0.01458148],
        [3.98647881, 0.01877322]]), BT = tensor([2.36997986, 3.47836328])
2022-08-02 16:57:59,520 - INFO - child pid = 108309, start training [1 0 1 1 1 0 1 0 1]
2022-08-02 16:57:59,540 - DEBUG - child pid = 108326, finish training [1 0 1 1 0 0 1 1 1], epoch = 325, loss = 0.11343649, K = tensor([[    0.02476067,     0.20453244],
        [    0.00000000,     7.71271276]]), BT = tensor([2.83722162, 1.43996096])
2022-08-02 16:57:59,543 - INFO - child pid = 108326, start training [1 0 1 1 1 0 1 1 0]
2022-08-02 16:57:59,722 - DEBUG - child pid = 108308, finish training [1 0 1 0 0 0 1 0 0], epoch = 656, loss = 0.04756808, K = tensor([[11.24363995,  0.02572166],
        [ 0.04784369,  8.23057270]]), BT = tensor([2.74413157, 3.99930191])
2022-08-02 16:57:59,725 - INFO - child pid = 108308, start training [1 0 1 1 1 0 1 1 1]
2022-08-02 16:57:59,764 - DEBUG - child pid = 108310, finish training [1 0 1 1 0 0 1 0 1], epoch = 407, loss = 0.24270037, K = tensor([[    0.01959538,     0.02516176],
        [    0.00022840,     0.00000000]]), BT = tensor([0.96451342, 0.08176945])
2022-08-02 16:57:59,770 - INFO - child pid = 108310, start training [1 0 1 1 1 1 0 0 0]
2022-08-02 16:57:59,837 - DEBUG - child pid = 108319, finish training [1 0 1 1 0 1 1 0 1], epoch = 245, loss = 0.18312582, K = tensor([[    0.00007912,     0.08922856],
        [    0.01040088,     0.04577056]]), BT = tensor([3.43668342, 0.08533070])
2022-08-02 16:57:59,839 - INFO - child pid = 108319, start training [1 0 1 1 1 1 0 0 1]
2022-08-02 16:57:59,896 - DEBUG - child pid = 108327, finish training [1 0 0 1 0 1 1 1 1], epoch = 1142, loss = 0.06992563, K = tensor([[ 1.74957192,  0.76340872],
        [19.37769127,  0.00000000]]), BT = tensor([2.50781560, 1.77362835])
2022-08-02 16:57:59,899 - INFO - child pid = 108327, start training [1 0 1 1 1 1 0 1 0]
2022-08-02 16:57:59,936 - DEBUG - child pid = 108316, finish training [1 0 1 0 1 0 1 0 0], epoch = 691, loss = 0.22322491, K = tensor([[    0.04058790,     0.00000000],
        [    0.66765022,     5.74373722]]), BT = tensor([    0.00091174,     0.93810338])
2022-08-02 16:57:59,939 - INFO - child pid = 108316, start training [1 0 1 1 1 1 0 1 1]
2022-08-02 16:58:00,001 - DEBUG - child pid = 108322, finish training [1 0 1 1 0 1 0 1 1], epoch = 352, loss = 0.17289026, K = tensor([[    0.00000000,     0.68400288],
        [    0.01315691,     0.12692386]]), BT = tensor([3.04218745, 0.00633475])
2022-08-02 16:58:00,000 - DEBUG - child pid = 108323, finish training [1 0 1 0 1 1 1 1 1], epoch = 635, loss = 0.11285166, K = tensor([[0.02298725, 0.07402490],
        [0.10264864, 0.02817691]]), BT = tensor([2.61253619, 2.87433910])
2022-08-02 16:58:00,002 - INFO - child pid = 108323, start training [1 0 1 1 1 1 1 0 1]
2022-08-02 16:58:00,002 - INFO - child pid = 108322, start training [1 0 1 1 1 1 1 0 0]
2022-08-02 16:58:00,056 - DEBUG - child pid = 108337, finish training [1 0 1 1 1 0 1 0 0], epoch = 224, loss = 0.07591725, K = tensor([[0.04825996, 5.68436241],
        [1.96584392, 0.03962810]]), BT = tensor([1.93130207, 4.31096077])
2022-08-02 16:58:00,058 - INFO - child pid = 108337, start training [1 0 1 1 1 1 1 1 0]
2022-08-02 16:58:00,091 - DEBUG - child pid = 108310, finish training [1 0 1 1 1 1 0 0 0], epoch = 102, loss = 0.10167967, K = tensor([[    0.02555594,     0.01968745],
        [    0.00001287,     0.05116835]]), BT = tensor([2.39283037, 0.60814947])
2022-08-02 16:58:00,093 - INFO - child pid = 108310, start training [1 0 1 1 1 1 1 1 1]
2022-08-02 16:58:00,162 - DEBUG - child pid = 108319, finish training [1 0 1 1 1 1 0 0 1], epoch = 117, loss = 0.11023049, K = tensor([[0.11669486, 0.01855724],
        [1.85783446, 0.24148922]]), BT = tensor([0.01294997, 2.24640584])
2022-08-02 16:58:00,165 - INFO - child pid = 108319, start training [1 1 0 1 0 0 0 0 0]
2022-08-02 16:58:00,280 - DEBUG - child pid = 108322, finish training [1 0 1 1 1 1 1 0 0], epoch = 101, loss = 0.17656067, K = tensor([[    0.05870212,     0.05397822],
        [    0.00001055,     0.01397796]]), BT = tensor([1.38230181, 0.00317436])
2022-08-02 16:58:00,282 - INFO - child pid = 108322, start training [1 1 0 1 0 0 0 0 1]
2022-08-02 16:58:00,292 - DEBUG - child pid = 108333, finish training [1 0 1 0 1 0 1 1 0], epoch = 834, loss = 0.19615835, K = tensor([[    0.00000000,     0.01134696],
        [    0.14773975,     0.81410486]]), BT = tensor([1.29445803, 3.75114489])
2022-08-02 16:58:00,295 - INFO - child pid = 108333, start training [1 1 0 1 0 0 0 1 0]
2022-08-02 16:58:00,329 - DEBUG - child pid = 108325, finish training [1 0 0 0 1 1 0 1 1], epoch = 1684, loss = 0.20589271, K = tensor([[   22.77737045,     0.00117489],
        [    0.02254786,     0.40366530]]), BT = tensor([    4.66498756,     0.00000000])
2022-08-02 16:58:00,332 - INFO - child pid = 108325, start training [1 1 0 1 0 0 0 1 1]
2022-08-02 16:58:00,379 - DEBUG - child pid = 108335, finish training [1 0 0 1 0 0 0 1 1], epoch = 1695, loss = 0.14268431, K = tensor([[    0.00091264,    21.91377258],
        [    0.40456361,     9.54571152]]), BT = tensor([0.00000000, 1.91175532])
2022-08-02 16:58:00,383 - INFO - child pid = 108335, start training [1 1 0 1 0 0 1 0 0]
2022-08-02 16:58:00,437 - DEBUG - child pid = 108337, finish training [1 0 1 1 1 1 1 1 0], epoch = 135, loss = 0.04894800, K = tensor([[1.35446906, 0.33004117],
        [1.38716698, 0.06963672]]), BT = tensor([2.16402769, 3.34666657])
2022-08-02 16:58:00,440 - INFO - child pid = 108337, start training [1 1 0 1 0 0 1 0 1]
2022-08-02 16:58:00,451 - DEBUG - child pid = 108323, finish training [1 0 1 1 1 1 1 0 1], epoch = 145, loss = 0.09104364, K = tensor([[0.09257862, 2.15274405],
        [0.09144168, 1.60212529]]), BT = tensor([3.35904622, 1.91975975])
2022-08-02 16:58:00,453 - INFO - child pid = 108323, start training [1 1 0 1 0 0 1 1 0]
2022-08-02 16:58:00,495 - DEBUG - child pid = 108318, finish training [1 0 0 0 0 0 0 1 0], epoch = 1929, loss = 0.09785710, K = tensor([[   17.78393745,     0.00000000],
        [   13.70648193,     0.00000000]]), BT = tensor([3.03644943, 0.05373875])
2022-08-02 16:58:00,498 - INFO - child pid = 108318, start training [1 1 0 1 0 0 1 1 1]
2022-08-02 16:58:00,527 - DEBUG - child pid = 108330, finish training [1 0 0 1 1 1 1 1 0], epoch = 1088, loss = 0.13102102, K = tensor([[0.24926844, 2.81808877],
        [0.28838092, 8.26044083]]), BT = tensor([    0.00000000,     1.12018490])
2022-08-02 16:58:00,530 - INFO - child pid = 108330, start training [1 1 0 1 0 1 0 1 0]
2022-08-02 16:58:00,532 - DEBUG - child pid = 108319, finish training [1 1 0 1 0 0 0 0 0], epoch = 103, loss = 0.06298029, K = tensor([[    1.04093242,     0.29092732],
        [    0.00000000,     0.48882169]]), BT = tensor([0.84835243, 1.40722096])
2022-08-02 16:58:00,534 - INFO - child pid = 108319, start training [1 1 0 1 0 1 0 1 1]
2022-08-02 16:58:00,578 - DEBUG - child pid = 108321, finish training [1 0 1 1 1 0 0 0 1], epoch = 407, loss = 0.08575087, K = tensor([[4.89697456, 1.10062218],
        [4.49709415, 1.51665187]]), BT = tensor([3.49008727, 3.85995007])
2022-08-02 16:58:00,580 - INFO - child pid = 108321, start training [1 1 0 1 0 1 1 0 0]
2022-08-02 16:58:00,641 - DEBUG - child pid = 108315, finish training [1 0 1 1 0 1 0 1 0], epoch = 555, loss = 0.20119767, K = tensor([[    0.15299578,     1.03400648],
        [    0.00000000,     0.01093760]]), BT = tensor([1.34446537, 4.09919071])
2022-08-02 16:58:00,644 - INFO - child pid = 108315, start training [1 1 0 1 0 1 1 0 1]
2022-08-02 16:58:00,713 - DEBUG - child pid = 108311, finish training [1 0 1 1 0 1 1 0 0], epoch = 539, loss = 0.04364432, K = tensor([[    0.00023491,     0.37977308],
        [    1.59783721,     0.09255655]]), BT = tensor([2.57573962, 3.79749846])
2022-08-02 16:58:00,715 - INFO - child pid = 108311, start training [1 1 0 1 0 1 1 1 0]
2022-08-02 16:58:00,728 - DEBUG - child pid = 108325, finish training [1 1 0 1 0 0 0 1 1], epoch = 128, loss = 0.07639389, K = tensor([[0.10954167, 0.07302955],
        [3.04162812, 0.02500737]]), BT = tensor([3.24799037, 3.15897250])
2022-08-02 16:58:00,730 - INFO - child pid = 108325, start training [1 1 0 1 0 1 1 1 1]
2022-08-02 16:58:00,748 - DEBUG - child pid = 108323, finish training [1 1 0 1 0 0 1 1 0], epoch = 104, loss = 0.06724244, K = tensor([[0.09979630, 0.03832482],
        [0.77120894, 0.40202117]]), BT = tensor([0.34373981, 0.43881452])
2022-08-02 16:58:00,750 - INFO - child pid = 108323, start training [1 1 0 1 1 0 0 0 0]
2022-08-02 16:58:00,785 - DEBUG - child pid = 108336, finish training [1 0 1 1 1 0 0 0 0], epoch = 522, loss = 0.07415917, K = tensor([[0.05321971, 2.57512355],
        [1.55391002, 0.07086600]]), BT = tensor([3.86835980, 3.06549096])
2022-08-02 16:58:00,787 - INFO - child pid = 108336, start training [1 1 0 1 1 0 0 0 1]
2022-08-02 16:58:00,887 - DEBUG - child pid = 108322, finish training [1 1 0 1 0 0 0 0 1], epoch = 201, loss = 0.05990279, K = tensor([[    0.79528582,     0.00018054],
        [    0.26841721,     0.07731126]]), BT = tensor([2.97916722, 3.67461324])
2022-08-02 16:58:00,890 - INFO - child pid = 108322, start training [1 1 0 1 1 0 0 1 0]
2022-08-02 16:58:00,952 - DEBUG - child pid = 108327, finish training [1 0 1 1 1 1 0 1 0], epoch = 369, loss = 0.17283998, K = tensor([[    0.04252591,     0.01322845],
        [    0.32147896,     0.00000000]]), BT = tensor([0.02868834, 3.05440474])
2022-08-02 16:58:00,954 - INFO - child pid = 108327, start training [1 1 0 1 1 0 0 1 1]
2022-08-02 16:58:01,029 - DEBUG - child pid = 108317, finish training [1 0 1 1 0 1 1 1 1], epoch = 602, loss = 0.12034719, K = tensor([[0.17726561, 0.07834682],
        [0.02143695, 0.38176697]]), BT = tensor([3.90405607, 0.90885395])
2022-08-02 16:58:01,036 - INFO - child pid = 108317, start training [1 1 0 1 1 0 1 0 0]
2022-08-02 16:58:01,115 - DEBUG - child pid = 108332, finish training [1 0 0 1 1 0 1 1 0], epoch = 1540, loss = 0.04005061, K = tensor([[10.21342564,  0.00000000],
        [10.32456398,  0.02220371]]), BT = tensor([1.42262149, 1.61556804])
2022-08-02 16:58:01,117 - INFO - child pid = 108332, start training [1 1 0 1 1 0 1 0 1]
2022-08-02 16:58:01,190 - DEBUG - child pid = 108314, finish training [1 0 0 0 0 1 0 1 1], epoch = 2000, loss = nan, K = tensor([[nan, nan],
        [nan, nan]]), BT = tensor([nan, nan])
2022-08-02 16:58:01,192 - WARNING - child pid = 108314, finish training [1 0 0 0 0 1 0 1 1], epoch = 2000, loss = nan
2022-08-02 16:58:01,194 - INFO - child pid = 108314, start training [1 1 0 1 1 0 1 1 0]
2022-08-02 16:58:01,234 - DEBUG - child pid = 108318, finish training [1 1 0 1 0 0 1 1 1], epoch = 222, loss = 0.05283593, K = tensor([[0.98229438, 0.07032202],
        [0.37615499, 0.00127690]]), BT = tensor([2.41631651, 3.86577702])
2022-08-02 16:58:01,236 - INFO - child pid = 108318, start training [1 1 0 1 1 0 1 1 1]
2022-08-02 16:58:01,289 - DEBUG - child pid = 108336, finish training [1 1 0 1 1 0 0 0 1], epoch = 176, loss = 0.01213436, K = tensor([[0.37317491, 0.14365232],
        [0.15334445, 0.35437089]]), BT = tensor([2.60714316, 2.78578472])
2022-08-02 16:58:01,291 - INFO - child pid = 108336, start training [1 1 0 1 1 1 0 1 0]
2022-08-02 16:58:01,293 - DEBUG - child pid = 108327, finish training [1 1 0 1 1 0 0 1 1], epoch = 104, loss = 0.09807140, K = tensor([[0.02961314, 1.15877438],
        [0.00165810, 0.06490240]]), BT = tensor([    0.00008800,     2.52886319])
2022-08-02 16:58:01,295 - INFO - child pid = 108327, start training [1 1 0 1 1 1 0 1 1]
2022-08-02 16:58:01,314 - DEBUG - child pid = 108315, finish training [1 1 0 1 0 1 1 0 1], epoch = 191, loss = 0.13649350, K = tensor([[    0.00000000,     0.12812123],
        [    5.49870205,     1.98309779]]), BT = tensor([2.98835349, 2.09076023])
2022-08-02 16:58:01,320 - INFO - child pid = 108315, start training [1 1 0 1 1 1 1 0 0]
2022-08-02 16:58:01,325 - DEBUG - child pid = 108319, finish training [1 1 0 1 0 1 0 1 1], epoch = 241, loss = 0.12718624, K = tensor([[    0.39526528,     0.00002126],
        [    1.59584427,     0.91864699]]), BT = tensor([3.59192491, 2.76889682])
2022-08-02 16:58:01,334 - INFO - child pid = 108319, start training [1 1 0 1 1 1 1 0 1]
2022-08-02 16:58:01,339 - DEBUG - child pid = 108334, finish training [1 0 0 1 1 0 1 1 1], epoch = 1604, loss = 0.02102336, K = tensor([[ 1.31303632, 25.31700897],
        [ 0.09745124,  7.07260752]]), BT = tensor([    0.00000000,     1.12870228])
2022-08-02 16:58:01,344 - INFO - child pid = 108334, start training [1 1 0 1 1 1 1 1 0]
2022-08-02 16:58:01,383 - DEBUG - child pid = 108328, finish training [1 0 0 1 0 0 0 1 0], epoch = 1597, loss = 0.08586587, K = tensor([[ 6.03849316,  0.07038857],
        [11.73641777,  0.00000000]]), BT = tensor([2.23543787, 0.68743092])
2022-08-02 16:58:01,386 - INFO - child pid = 108328, start training [1 1 0 1 1 1 1 1 1]
2022-08-02 16:58:01,411 - DEBUG - child pid = 108330, finish training [1 1 0 1 0 1 0 1 0], epoch = 273, loss = 0.18860632, K = tensor([[0.80527908, 0.07909491],
        [1.10341728, 0.73533940]]), BT = tensor([    1.14969707,     0.00001078])
2022-08-02 16:58:01,414 - INFO - child pid = 108330, start training [1 1 1 1 0 0 1 0 0]
2022-08-02 16:58:01,436 - DEBUG - child pid = 108323, finish training [1 1 0 1 1 0 0 0 0], epoch = 218, loss = 0.00371876, K = tensor([[0.05994129, 0.36379582],
        [0.08960664, 0.05222335]]), BT = tensor([2.87384510, 1.82762039])
2022-08-02 16:58:01,438 - INFO - child pid = 108323, start training [1 1 1 1 0 0 1 0 1]
2022-08-02 16:58:01,513 - DEBUG - child pid = 108314, finish training [1 1 0 1 1 0 1 1 0], epoch = 101, loss = 0.01174867, K = tensor([[    0.00002789,     0.34850535],
        [    0.09082337,     0.13254818]]), BT = tensor([1.86054206, 0.17890072])
2022-08-02 16:58:01,516 - INFO - child pid = 108314, start training [1 1 1 1 0 0 1 1 0]
2022-08-02 16:58:01,589 - DEBUG - child pid = 108336, finish training [1 1 0 1 1 1 0 1 0], epoch = 106, loss = 0.12371641, K = tensor([[0.03340529, 0.12693091],
        [0.03399276, 0.10067802]]), BT = tensor([2.01950288, 0.16082361])
2022-08-02 16:58:01,619 - INFO - child pid = 108336, start training [1 1 1 1 0 0 1 1 1]
2022-08-02 16:58:01,692 - DEBUG - child pid = 108316, finish training [1 0 1 1 1 1 0 1 1], epoch = 544, loss = 0.08978016, K = tensor([[    0.00000000,     0.03294914],
        [    0.75817919,    13.58506775]]), BT = tensor([0.91121650, 4.45296574])
2022-08-02 16:58:01,695 - INFO - child pid = 108316, start training [1 1 1 1 0 1 1 1 0]
2022-08-02 16:58:01,699 - DEBUG - child pid = 108337, finish training [1 1 0 1 0 0 1 0 1], epoch = 424, loss = 0.13109726, K = tensor([[1.53845370, 4.11498594],
        [0.02782371, 0.02101610]]), BT = tensor([2.57836795, 3.32419300])
2022-08-02 16:58:01,704 - INFO - child pid = 108337, start training [1 1 1 1 0 1 1 1 1]
2022-08-02 16:58:01,710 - DEBUG - child pid = 108322, finish training [1 1 0 1 1 0 0 1 0], epoch = 255, loss = 0.06304281, K = tensor([[0.31290978, 0.08547230],
        [0.03191834, 0.01897621]]), BT = tensor([1.19299519, 2.57846165])
2022-08-02 16:58:01,719 - INFO - child pid = 108322, start training [1 1 1 1 1 0 1 0 0]
2022-08-02 16:58:01,752 - DEBUG - child pid = 108319, finish training [1 1 0 1 1 1 1 0 1], epoch = 143, loss = 0.06784140, K = tensor([[3.45753384, 0.31292099],
        [0.06687470, 0.31817320]]), BT = tensor([2.75895596, 1.41260004])
2022-08-02 16:58:01,754 - INFO - child pid = 108319, start training [1 1 1 1 1 0 1 0 1]
2022-08-02 16:58:01,874 - DEBUG - child pid = 108314, finish training [1 1 1 1 0 0 1 1 0], epoch = 104, loss = 0.14578147, K = tensor([[0.08772560, 0.03122110],
        [0.01019151, 1.23093426]]), BT = tensor([0.02938770, 1.06199944])
2022-08-02 16:58:01,877 - INFO - child pid = 108314, start training [1 1 1 1 1 0 1 1 0]
2022-08-02 16:58:01,910 - DEBUG - child pid = 108315, finish training [1 1 0 1 1 1 1 0 0], epoch = 175, loss = 0.11256257, K = tensor([[0.01533824, 0.73559517],
        [0.02349268, 0.28733513]]), BT = tensor([    3.39849973,     0.00266217])
2022-08-02 16:58:01,913 - INFO - child pid = 108315, start training [1 1 1 1 1 0 1 1 1]
2022-08-02 16:58:02,066 - DEBUG - child pid = 108332, finish training [1 1 0 1 1 0 1 0 1], epoch = 328, loss = 0.09343814, K = tensor([[    0.00000000,     0.86438423],
        [    2.43767762,     0.02742416]]), BT = tensor([0.57429403, 3.67059660])
2022-08-02 16:58:02,108 - INFO - child pid = 108332, start training [1 1 1 1 1 1 1 1 0]
2022-08-02 16:58:02,123 - DEBUG - child pid = 108325, finish training [1 1 0 1 0 1 1 1 1], epoch = 461, loss = 0.10322146, K = tensor([[   10.75098896,     0.00000098],
        [    0.02617587,     0.03826476]]), BT = tensor([4.88125420, 0.00994185])
2022-08-02 16:58:02,125 - INFO - child pid = 108325, start training [1 1 1 1 1 1 1 1 1]
2022-08-02 16:58:02,134 - DEBUG - child pid = 108320, finish training [1 0 1 1 1 0 0 1 0], epoch = 871, loss = 0.14020950, K = tensor([[    1.03440261,     9.51419544],
        [    0.00000000,     2.75992465]]), BT = tensor([2.14216423, 2.17618942])
2022-08-02 16:58:02,143 - DEBUG - child pid = 108327, finish training [1 1 0 1 1 1 0 1 1], epoch = 291, loss = 0.10204640, K = tensor([[0.95570439, 8.63595772],
        [0.13890521, 0.02548173]]), BT = tensor([    0.00024333,     4.91096163])
2022-08-02 16:58:02,218 - DEBUG - child pid = 108315, finish training [1 1 1 1 1 0 1 1 1], epoch = 103, loss = 0.06711006, K = tensor([[    0.41004702,     1.10375118],
        [    0.22551431,     0.00022259]]), BT = tensor([0.79873770, 0.02679946])
2022-08-02 16:58:02,291 - DEBUG - child pid = 108323, finish training [1 1 1 1 0 0 1 0 1], epoch = 290, loss = 0.13425861, K = tensor([[    0.00000000,     0.13269600],
        [    4.25488472,     1.81748688]]), BT = tensor([3.02820897, 2.31367707])
2022-08-02 16:58:02,461 - DEBUG - child pid = 108325, finish training [1 1 1 1 1 1 1 1 1], epoch = 103, loss = 0.00002565, K = tensor([[0.17923424, 0.04549229],
        [0.30469358, 0.01437296]]), BT = tensor([0.02416046, 0.03822523])
2022-08-02 16:58:02,469 - DEBUG - child pid = 108322, finish training [1 1 1 1 1 0 1 0 0], epoch = 229, loss = 0.07407429, K = tensor([[    0.99767381,     0.00000000],
        [    0.00000000,     1.00643623]]), BT = tensor([1.02249837, 1.16991627])
2022-08-02 16:58:02,490 - DEBUG - child pid = 108331, finish training [1 0 0 1 1 0 1 0 1], epoch = 2000, loss = 0.10619050, K = tensor([[ 0.00000000, 24.65401459],
        [22.14712524,  3.20637870]]), BT = tensor([1.09928739, 0.78104728])
2022-08-02 16:58:02,494 - DEBUG - child pid = 108334, finish training [1 1 0 1 1 1 1 1 0], epoch = 400, loss = 0.07512591, K = tensor([[    0.00000000,     0.00000000],
        [    0.02978371,     0.02742356]]), BT = tensor([0.49189547, 2.51943374])
2022-08-02 16:58:02,580 - DEBUG - child pid = 108310, finish training [1 0 1 1 1 1 1 1 1], epoch = 690, loss = 0.06171103, K = tensor([[    0.25683743,     5.70994997],
        [    0.00000208,     0.01860604]]), BT = tensor([0.45608485, 3.15090036])
2022-08-02 16:58:02,619 - DEBUG - child pid = 108324, finish training [1 0 1 1 1 0 0 1 1], epoch = 976, loss = 0.08330583, K = tensor([[0.05126824, 5.70994091],
        [1.58900023, 9.32615948]]), BT = tensor([3.34319663, 2.73848319])
2022-08-02 16:58:02,653 - DEBUG - child pid = 108318, finish training [1 1 0 1 1 0 1 1 1], epoch = 437, loss = 0.00872045, K = tensor([[    0.10321134,     0.48285633],
        [    0.00000000,     0.03228189]]), BT = tensor([1.59385133, 2.90527630])
2022-08-02 16:58:02,664 - DEBUG - child pid = 108336, finish training [1 1 1 1 0 0 1 1 1], epoch = 364, loss = 0.12206870, K = tensor([[0.31414771, 0.01529075],
        [2.69521666, 0.01758458]]), BT = tensor([1.63307309, 3.53107190])
2022-08-02 16:58:02,696 - DEBUG - child pid = 108328, finish training [1 1 0 1 1 1 1 1 1], epoch = 419, loss = 0.00094668, K = tensor([[6.60501480, 1.32828045],
        [0.03538851, 0.33360675]]), BT = tensor([4.47219038, 0.58858138])
2022-08-02 16:58:02,722 - DEBUG - child pid = 108332, finish training [1 1 1 1 1 1 1 1 0], epoch = 206, loss = 0.00578567, K = tensor([[    0.15677890,     0.08752044],
        [    0.45417023,     0.00000000]]), BT = tensor([2.26387835, 2.08008718])
2022-08-02 16:58:02,819 - DEBUG - child pid = 108314, finish training [1 1 1 1 1 0 1 1 0], epoch = 295, loss = 0.00968661, K = tensor([[    0.00000000,     4.63464880],
        [    0.05092401,     0.07546061]]), BT = tensor([2.60374069, 2.61274433])
2022-08-02 16:58:02,829 - DEBUG - child pid = 108333, finish training [1 1 0 1 0 0 0 1 0], epoch = 861, loss = 0.09489426, K = tensor([[1.97702277, 7.63206768],
        [1.01095343, 2.30327392]]), BT = tensor([3.71362090, 3.15860891])
2022-08-02 16:58:03,012 - DEBUG - child pid = 108329, finish training [1 0 1 1 0 0 1 1 0], epoch = 1526, loss = 0.12058609, K = tensor([[ 2.60264707,  0.08228966],
        [21.41992760,  1.83437681]]), BT = tensor([    2.16618919,     0.00000000])
2022-08-02 16:58:03,042 - DEBUG - child pid = 108337, finish training [1 1 1 1 0 1 1 1 1], epoch = 468, loss = 0.08970811, K = tensor([[    0.00033196,     0.01529836],
        [    0.00000000,     0.02573022]]), BT = tensor([1.53084028, 1.02642000])
2022-08-02 16:58:03,292 - DEBUG - child pid = 108317, finish training [1 1 0 1 1 0 1 0 0], epoch = 683, loss = 0.04803865, K = tensor([[0.00828388, 0.70582891],
        [0.23025680, 0.05344514]]), BT = tensor([3.95696306, 0.02229160])
2022-08-02 16:58:03,384 - DEBUG - child pid = 108326, finish training [1 0 1 1 1 0 1 1 0], epoch = 1273, loss = 0.13429150, K = tensor([[1.83014917, 0.00000000],
        [8.66215324, 0.02774246]]), BT = tensor([0.85716861, 0.87035578])
2022-08-02 16:58:03,519 - DEBUG - child pid = 108319, finish training [1 1 1 1 1 0 1 0 1], epoch = 574, loss = 0.09798750, K = tensor([[    0.27094409,     0.00000000],
        [    3.05452108,     2.28900623]]), BT = tensor([2.74726796, 2.89038324])
2022-08-02 16:58:03,634 - DEBUG - child pid = 108321, finish training [1 1 0 1 0 1 1 0 0], epoch = 969, loss = 0.14981639, K = tensor([[    0.16936365,     0.00625589],
        [    0.35007203,    10.87811661]]), BT = tensor([    0.00000000,     3.14094424])
2022-08-02 16:58:03,753 - DEBUG - child pid = 108313, finish training [1 0 1 1 0 0 0 1 0], epoch = 1721, loss = 0.15125172, K = tensor([[ 2.21718621, 14.76848888],
        [ 0.00000000, 21.12279701]]), BT = tensor([0.97148722, 0.91366088])
2022-08-02 16:58:03,817 - DEBUG - child pid = 108330, finish training [1 1 1 1 0 0 1 0 0], epoch = 835, loss = 0.02891119, K = tensor([[8.75590706, 0.02301465],
        [0.02141624, 8.69021320]]), BT = tensor([2.98205543, 2.92189932])
2022-08-02 16:58:03,818 - DEBUG - child pid = 108311, finish training [1 1 0 1 0 1 1 1 0], epoch = 936, loss = 0.10130652, K = tensor([[4.63848782, 1.95935810],
        [4.53033257, 3.31393003]]), BT = tensor([3.30096197, 3.57049322])
2022-08-02 16:58:03,891 - DEBUG - child pid = 108335, finish training [1 1 0 1 0 0 1 0 0], epoch = 1237, loss = 0.03210618, K = tensor([[ 0.04367460,  5.28396416],
        [11.08100414,  0.01991114]]), BT = tensor([2.22142386, 4.36297655])
2022-08-02 16:58:04,077 - DEBUG - child pid = 108309, finish training [1 0 1 1 1 0 1 0 1], epoch = 1394, loss = 0.17463785, K = tensor([[ 0.00000000,  0.37227520],
        [21.36684799,  0.17658502]]), BT = tensor([    1.61242616,     0.00000000])
2022-08-02 16:58:04,281 - DEBUG - child pid = 108316, finish training [1 1 1 1 0 1 1 1 0], epoch = 858, loss = 0.02115368, K = tensor([[3.46691823, 4.47828627],
        [5.06367826, 3.10516429]]), BT = tensor([3.93100810, 3.61890721])
2022-08-02 16:58:04,535 - DEBUG - child pid = 108312, finish training [1 0 1 1 0 1 1 1 0], epoch = 1735, loss = 0.16344778, K = tensor([[    1.84061182,     0.02375282],
        [   24.94417381,     2.37801337]]), BT = tensor([1.97466815, 0.00000000])
2022-08-02 16:58:05,006 - DEBUG - child pid = 108308, finish training [1 0 1 1 1 0 1 1 1], epoch = 1643, loss = 0.10587326, K = tensor([[    0.01336730,    16.59103012],
        [    0.00000000,    11.39783287]]), BT = tensor([0.81093997, 0.88498175])
2022-08-02 16:58:25,495 - INFO - parent pid = 108276, finish task 2_2_fixA_square_0
