2022-08-02 16:52:53,707 - INFO - running /home/hxcai/competitive_network/0728_train_BT.py
2022-08-02 16:52:53,707 - INFO - parent pid = 107872, start task 2_2_fixA_square_0
2022-08-02 16:52:53,710 - DEBUG - {'data_dir': 'data', 'figure_dir': 'figures', 'output_dir': 'results/temp', 'log_dir': 'logs', 'seed': 0, 'nA': 2, 'nB': 2, 'nY': 1, 'max_epochs': 2000, 'log_epochs': 100, 'tol': 0.0001, 'model': {'type': 'CompetitiveNetwork', 'args': {'reparam': 'square', 'mode': 'fixA'}}, 'logger': {'version': 1, 'formatters': {'default': {'format': '%(asctime)s - %(levelname)s - %(message)s'}}, 'handlers': {'stream_handler': {'class': 'logging.StreamHandler', 'level': 'INFO', 'formatter': 'default', 'stream': 'ext://sys.stdout'}, 'file_handler': {'class': 'logging.handlers.RotatingFileHandler', 'level': 'DEBUG', 'formatter': 'default', 'filename': 'logs/20220802_165253_2_2_fixA_square_0.log', 'maxBytes': 10485760, 'backupCount': 5, 'encoding': 'utf-8'}}, 'root': {'level': 'DEBUG', 'handlers': ['stream_handler', 'file_handler']}}, 'data_loader': {'type': 'DataLoader', 'args': {'batch_size': 9, 'shuffle': False}}, 'optimizer': {'type': 'SGD', 'args': {'lr': 0.1, 'momentum': 0.9, 'weight_decay': 0}}, 'loss': {'type': 'MSELoss()'}}
2022-08-02 16:52:53,887 - INFO - child pid = 107906, start training [0 0 0 0 0 0 0 0 0]
2022-08-02 16:52:53,887 - INFO - child pid = 107908, start training [0 0 0 0 0 0 0 1 0]
2022-08-02 16:52:53,887 - INFO - child pid = 107907, start training [0 0 0 0 0 0 0 0 1]
2022-08-02 16:52:53,887 - INFO - child pid = 107909, start training [0 0 0 0 0 0 0 1 1]
2022-08-02 16:52:53,887 - INFO - child pid = 107910, start training [0 0 0 0 0 0 1 0 0]
2022-08-02 16:52:53,893 - INFO - child pid = 107935, start training [0 0 0 1 0 0 0 0 0]
2022-08-02 16:52:53,889 - INFO - child pid = 107917, start training [0 0 0 0 0 1 1 0 1]
2022-08-02 16:52:53,888 - INFO - child pid = 107912, start training [0 0 0 0 0 0 1 1 0]
2022-08-02 16:52:53,888 - INFO - child pid = 107913, start training [0 0 0 0 0 0 1 1 1]
2022-08-02 16:52:53,889 - INFO - child pid = 107918, start training [0 0 0 0 0 1 1 1 0]
2022-08-02 16:52:53,889 - INFO - child pid = 107914, start training [0 0 0 0 0 1 0 1 0]
2022-08-02 16:52:53,890 - INFO - child pid = 107920, start training [0 0 0 0 1 0 0 0 0]
2022-08-02 16:52:53,889 - INFO - child pid = 107916, start training [0 0 0 0 0 1 1 0 0]
2022-08-02 16:52:53,890 - INFO - child pid = 107921, start training [0 0 0 0 1 0 0 0 1]
2022-08-02 16:52:53,890 - INFO - child pid = 107923, start training [0 0 0 0 1 0 0 1 1]
2022-08-02 16:52:53,889 - INFO - child pid = 107919, start training [0 0 0 0 0 1 1 1 1]
2022-08-02 16:52:53,891 - INFO - child pid = 107924, start training [0 0 0 0 1 0 1 0 0]
2022-08-02 16:52:53,890 - INFO - child pid = 107922, start training [0 0 0 0 1 0 0 1 0]
2022-08-02 16:52:53,891 - INFO - child pid = 107925, start training [0 0 0 0 1 0 1 0 1]
2022-08-02 16:52:53,892 - INFO - child pid = 107928, start training [0 0 0 0 1 1 0 1 0]
2022-08-02 16:52:53,891 - INFO - child pid = 107926, start training [0 0 0 0 1 0 1 1 0]
2022-08-02 16:52:53,891 - INFO - child pid = 107927, start training [0 0 0 0 1 0 1 1 1]
2022-08-02 16:52:53,892 - INFO - child pid = 107931, start training [0 0 0 0 1 1 1 0 1]
2022-08-02 16:52:53,892 - INFO - child pid = 107929, start training [0 0 0 0 1 1 0 1 1]
2022-08-02 16:52:53,892 - INFO - child pid = 107930, start training [0 0 0 0 1 1 1 0 0]
2022-08-02 16:52:53,888 - INFO - child pid = 107911, start training [0 0 0 0 0 0 1 0 1]
2022-08-02 16:52:53,892 - INFO - child pid = 107932, start training [0 0 0 0 1 1 1 1 0]
2022-08-02 16:52:53,892 - INFO - child pid = 107934, start training [0 0 0 0 1 1 1 1 1]
2022-08-02 16:52:53,893 - INFO - child pid = 107936, start training [0 0 0 1 0 0 0 0 1]
2022-08-02 16:52:53,889 - INFO - child pid = 107915, start training [0 0 0 0 0 1 0 1 1]
2022-08-02 16:52:54,334 - DEBUG - child pid = 107934, finish training [0 0 0 0 1 1 1 1 1], epoch = 101, loss = 0.07410310, K = tensor([[    0.43479434,     2.53548145],
        [    0.00001063,     0.00000354]]), BT = tensor([0.12245494, 1.22288597])
2022-08-02 16:52:54,334 - DEBUG - child pid = 107930, finish training [0 0 0 0 1 1 1 0 0], epoch = 101, loss = 0.14816177, K = tensor([[    0.17325135,     2.97148657],
        [    0.00000076,     0.00002018]]), BT = tensor([1.68112206, 1.85119987])
2022-08-02 16:52:54,335 - DEBUG - child pid = 107927, finish training [0 0 0 0 1 0 1 1 1], epoch = 101, loss = 0.06724152, K = tensor([[0.44907135, 0.76244766],
        [0.05322836, 0.10631382]]), BT = tensor([0.54656583, 0.77298194])
2022-08-02 16:52:54,337 - INFO - child pid = 107930, start training [0 0 0 1 0 0 1 0 0]
2022-08-02 16:52:54,337 - INFO - child pid = 107934, start training [0 0 0 1 0 0 0 1 0]
2022-08-02 16:52:54,338 - INFO - child pid = 107927, start training [0 0 0 1 0 0 0 1 1]
2022-08-02 16:52:54,340 - DEBUG - child pid = 107918, finish training [0 0 0 0 0 1 1 1 0], epoch = 103, loss = 0.09467439, K = tensor([[0.01856470, 0.05926732],
        [0.49897885, 1.00881410]]), BT = tensor([0.62179410, 2.53605461])
2022-08-02 16:52:54,342 - INFO - child pid = 107918, start training [0 0 0 1 0 0 1 0 1]
2022-08-02 16:52:54,366 - DEBUG - child pid = 107915, finish training [0 0 0 0 0 1 0 1 1], epoch = 108, loss = 0.07407738, K = tensor([[    0.99727172,     0.00000334],
        [    0.00000005,     0.99252933]]), BT = tensor([1.08737004, 1.09728527])
2022-08-02 16:52:54,414 - DEBUG - child pid = 107907, finish training [0 0 0 0 0 0 0 0 1], epoch = 130, loss = 0.05232834, K = tensor([[    0.21308988,     0.00299522],
        [    0.00016648,     0.07691202]]), BT = tensor([1.08695042, 1.39830375])
2022-08-02 16:52:54,363 - DEBUG - child pid = 107926, finish training [0 0 0 0 1 0 1 1 0], epoch = 112, loss = 0.05187821, K = tensor([[0.00153896, 0.15009114],
        [0.09100005, 1.43571234]]), BT = tensor([2.79519439, 2.29699636])
2022-08-02 16:52:54,422 - DEBUG - child pid = 107919, finish training [0 0 0 0 0 1 1 1 1], epoch = 101, loss = 0.04398046, K = tensor([[    0.71195984,     0.06766701],
        [    0.00000021,     0.11824001]]), BT = tensor([0.83315140, 1.30171347])
2022-08-02 16:52:54,465 - DEBUG - child pid = 107935, finish training [0 0 0 1 0 0 0 0 0], epoch = 149, loss = 0.00894316, K = tensor([[0.09248631, 2.01036596],
        [1.72081578, 1.30616975]]), BT = tensor([3.87605739, 3.00972986])
2022-08-02 16:52:54,432 - DEBUG - child pid = 107936, finish training [0 0 0 1 0 0 0 0 1], epoch = 135, loss = 0.05197948, K = tensor([[0.14617236, 0.68333161],
        [1.10663140, 0.28169921]]), BT = tensor([3.97497296, 3.00197697])
2022-08-02 16:52:54,560 - INFO - child pid = 107915, start training [0 0 0 1 0 0 1 1 0]
2022-08-02 16:52:54,560 - INFO - child pid = 107907, start training [0 0 0 1 0 0 1 1 1]
2022-08-02 16:52:54,560 - INFO - child pid = 107926, start training [0 0 0 1 0 1 0 0 1]
2022-08-02 16:52:54,560 - INFO - child pid = 107935, start training [0 0 0 1 0 1 0 1 0]
2022-08-02 16:52:54,560 - INFO - child pid = 107936, start training [0 0 0 1 0 1 0 1 1]
2022-08-02 16:52:54,560 - INFO - child pid = 107919, start training [0 0 0 1 0 1 0 0 0]
2022-08-02 16:52:54,613 - DEBUG - child pid = 107906, finish training [0 0 0 0 0 0 0 0 0], epoch = 203, loss = 0.00001535, K = tensor([[0.28437537, 0.51542503],
        [0.00668698, 0.00074039]]), BT = tensor([0.95084649, 0.95106477])
2022-08-02 16:52:54,615 - INFO - child pid = 107906, start training [0 0 0 1 0 1 1 0 0]
2022-08-02 16:52:54,619 - DEBUG - child pid = 107928, finish training [0 0 0 0 1 1 0 1 0], epoch = 206, loss = 0.13516746, K = tensor([[    1.58020234,     3.53559899],
        [    0.10852820,     0.00000000]]), BT = tensor([2.43803406, 2.98993564])
2022-08-02 16:52:54,621 - INFO - child pid = 107928, start training [0 0 0 1 0 1 1 0 1]
2022-08-02 16:52:54,743 - DEBUG - child pid = 107921, finish training [0 0 0 0 1 0 0 0 1], epoch = 250, loss = 0.02533912, K = tensor([[2.10672879, 2.53027534],
        [3.32503200, 1.60174203]]), BT = tensor([3.46816945, 3.43058491])
2022-08-02 16:52:54,746 - INFO - child pid = 107921, start training [0 0 0 1 0 1 1 1 0]
2022-08-02 16:52:54,804 - DEBUG - child pid = 107913, finish training [0 0 0 0 0 0 1 1 1], epoch = 271, loss = 0.00231564, K = tensor([[0.02632820, 0.02618741],
        [0.00039709, 0.00016960]]), BT = tensor([1.65349281, 2.24743056])
2022-08-02 16:52:54,807 - INFO - child pid = 107913, start training [0 0 0 1 0 1 1 1 1]
2022-08-02 16:52:54,818 - DEBUG - child pid = 107934, finish training [0 0 0 1 0 0 0 1 0], epoch = 175, loss = 0.08423258, K = tensor([[0.48007160, 2.14498329],
        [1.48165023, 1.29724586]]), BT = tensor([3.17668891, 3.50948238])
2022-08-02 16:52:54,810 - DEBUG - child pid = 107916, finish training [0 0 0 0 0 1 1 0 0], epoch = 273, loss = 0.09203544, K = tensor([[    0.03568479,     0.03897411],
        [    0.00029825,     2.30276942]]), BT = tensor([2.20872331, 4.15338898])
2022-08-02 16:52:54,832 - INFO - child pid = 107934, start training [0 0 0 1 1 0 0 0 0]
2022-08-02 16:52:54,833 - INFO - child pid = 107916, start training [0 0 0 1 1 0 0 0 1]
2022-08-02 16:52:54,856 - DEBUG - child pid = 107926, finish training [0 0 0 1 0 1 0 0 1], epoch = 102, loss = 0.35399055, K = tensor([[0.06631812, 3.33671260],
        [0.13497490, 0.10644502]]), BT = tensor([2.43696141, 1.34539473])
2022-08-02 16:52:54,859 - INFO - child pid = 107926, start training [0 0 0 1 1 0 0 1 0]
2022-08-02 16:52:54,866 - DEBUG - child pid = 107924, finish training [0 0 0 0 1 0 1 0 0], epoch = 295, loss = 0.07093363, K = tensor([[    0.00000000,     0.22982965],
        [    1.16409361,     2.38909292]]), BT = tensor([3.15831232, 3.54918361])
2022-08-02 16:52:54,869 - INFO - child pid = 107924, start training [0 0 0 1 1 0 0 1 1]
2022-08-02 16:52:54,881 - DEBUG - child pid = 107922, finish training [0 0 0 0 1 0 0 1 0], epoch = 300, loss = 0.12209352, K = tensor([[0.02879340, 3.12863111],
        [0.01604868, 0.27695933]]), BT = tensor([3.53298736, 1.76384127])
2022-08-02 16:52:54,883 - INFO - child pid = 107922, start training [0 0 0 1 1 0 1 0 0]
2022-08-02 16:52:54,957 - DEBUG - child pid = 107920, finish training [0 0 0 0 1 0 0 0 0], epoch = 328, loss = 0.06339708, K = tensor([[0.15115702, 1.69641840],
        [0.04580029, 0.19707140]]), BT = tensor([2.46252537, 1.93261731])
2022-08-02 16:52:54,960 - INFO - child pid = 107920, start training [0 0 0 1 1 0 1 0 1]
2022-08-02 16:52:54,966 - DEBUG - child pid = 107908, finish training [0 0 0 0 0 0 0 1 0], epoch = 329, loss = 0.01155556, K = tensor([[    0.24384578,     0.00000001],
        [    2.02852941,     2.31322742]]), BT = tensor([3.02211165, 3.16990924])
2022-08-02 16:52:54,968 - INFO - child pid = 107908, start training [0 0 0 1 1 0 1 1 0]
2022-08-02 16:52:55,010 - DEBUG - child pid = 107910, finish training [0 0 0 0 0 0 1 0 0], epoch = 346, loss = 0.00058889, K = tensor([[0.04654963, 0.30996579],
        [3.11498046, 3.22416925]]), BT = tensor([4.11419725, 1.83406782])
2022-08-02 16:52:55,012 - INFO - child pid = 107910, start training [0 0 0 1 1 0 1 1 1]
2022-08-02 16:52:55,053 - DEBUG - child pid = 107917, finish training [0 0 0 0 0 1 1 0 1], epoch = 356, loss = 0.09881856, K = tensor([[    1.09220386,     0.00185178],
        [    0.00000000,     0.01375222]]), BT = tensor([1.06706655, 3.22756410])
2022-08-02 16:52:55,056 - INFO - child pid = 107917, start training [0 0 0 1 1 1 0 0 0]
2022-08-02 16:52:55,069 - DEBUG - child pid = 107925, finish training [0 0 0 0 1 0 1 0 1], epoch = 366, loss = 0.14409523, K = tensor([[    0.12134144,     2.26172638],
        [    0.00000000,     0.15728013]]), BT = tensor([0.38185561, 0.86319941])
2022-08-02 16:52:55,071 - INFO - child pid = 107925, start training [0 0 0 1 1 1 0 0 1]
2022-08-02 16:52:55,343 - DEBUG - child pid = 107914, finish training [0 0 0 0 0 1 0 1 0], epoch = 454, loss = 0.12912261, K = tensor([[    0.07018404,     0.31551859],
        [    0.00000000,     0.01396924]]), BT = tensor([3.07899690, 3.50201535])
2022-08-02 16:52:55,346 - INFO - child pid = 107914, start training [0 0 0 1 1 1 0 1 0]
2022-08-02 16:52:55,396 - DEBUG - child pid = 107912, finish training [0 0 0 0 0 0 1 1 0], epoch = 469, loss = 0.00862796, K = tensor([[    0.00000000,     0.03239028],
        [    0.12102539,     0.44671640]]), BT = tensor([2.04364395, 3.36626792])
2022-08-02 16:52:55,398 - INFO - child pid = 107912, start training [0 0 0 1 1 1 0 1 1]
2022-08-02 16:52:55,550 - DEBUG - child pid = 107930, finish training [0 0 0 1 0 0 1 0 0], epoch = 430, loss = 0.00653358, K = tensor([[    0.00000000,     6.16523695],
        [    5.87879229,     4.74033928]]), BT = tensor([2.15351915, 3.01284194])
2022-08-02 16:52:55,554 - DEBUG - child pid = 107911, finish training [0 0 0 0 0 0 1 0 1], epoch = 520, loss = 0.07072648, K = tensor([[    0.02604870,     0.00000000],
        [    0.00000000,     0.00889576]]), BT = tensor([2.80424833, 2.45131922])
2022-08-02 16:52:55,551 - DEBUG - child pid = 107909, finish training [0 0 0 0 0 0 0 1 1], epoch = 518, loss = 0.05303533, K = tensor([[    0.02327190,     0.00000000],
        [    0.00000000,     2.39289355]]), BT = tensor([2.95385909, 1.37855458])
2022-08-02 16:52:55,590 - INFO - child pid = 107911, start training [0 0 0 1 1 1 1 0 1]
2022-08-02 16:52:55,590 - INFO - child pid = 107930, start training [0 0 0 1 1 1 1 0 0]
2022-08-02 16:52:55,590 - INFO - child pid = 107909, start training [0 0 0 1 1 1 1 1 0]
2022-08-02 16:52:55,632 - DEBUG - child pid = 107914, finish training [0 0 0 1 1 1 0 1 0], epoch = 103, loss = 0.24691433, K = tensor([[    0.68343937,     1.48412442],
        [    0.00004671,     0.00093591]]), BT = tensor([    0.00000462,     0.00000760])
2022-08-02 16:52:55,635 - INFO - child pid = 107914, start training [0 0 0 1 1 1 1 1 1]
2022-08-02 16:52:55,647 - DEBUG - child pid = 107917, finish training [0 0 0 1 1 1 0 0 0], epoch = 204, loss = 0.18312776, K = tensor([[0.01075752, 0.00236714],
        [0.00104620, 0.97290868]]), BT = tensor([3.47445011, 0.57785940])
2022-08-02 16:52:55,649 - INFO - child pid = 107917, start training [0 0 1 0 0 0 1 0 0]
2022-08-02 16:52:55,651 - DEBUG - child pid = 107923, finish training [0 0 0 0 1 0 0 1 1], epoch = 562, loss = 0.14473496, K = tensor([[    0.10972039,     2.77872038],
        [    0.00000000,     0.16179976]]), BT = tensor([0.55609685, 0.81129676])
2022-08-02 16:52:55,653 - INFO - child pid = 107923, start training [0 0 1 0 0 0 1 0 1]
2022-08-02 16:52:55,977 - DEBUG - child pid = 107917, finish training [0 0 1 0 0 0 1 0 0], epoch = 117, loss = 0.05635186, K = tensor([[    0.05516730,     1.00532711],
        [    2.49476051,     0.00000001]]), BT = tensor([4.14644766, 1.38659251])
2022-08-02 16:52:55,979 - INFO - child pid = 107917, start training [0 0 1 0 0 0 1 1 0]
2022-08-02 16:52:56,083 - DEBUG - child pid = 107916, finish training [0 0 0 1 1 0 0 0 1], epoch = 342, loss = 0.02732723, K = tensor([[1.40190768, 8.33496380],
        [2.89295816, 8.67562866]]), BT = tensor([3.21817732, 4.04235649])
2022-08-02 16:52:56,087 - INFO - child pid = 107916, start training [0 0 1 0 0 0 1 1 1]
2022-08-02 16:52:56,127 - DEBUG - child pid = 107907, finish training [0 0 0 1 0 0 1 1 1], epoch = 490, loss = 0.02925921, K = tensor([[0.05488435, 0.58039546],
        [2.54591656, 0.49650842]]), BT = tensor([3.71315098, 2.74223733])
2022-08-02 16:52:56,133 - INFO - child pid = 107907, start training [0 0 1 0 0 1 1 1 0]
2022-08-02 16:52:56,282 - DEBUG - child pid = 107936, finish training [0 0 0 1 0 1 0 1 1], epoch = 560, loss = 0.11077438, K = tensor([[7.17198515, 0.00817754],
        [0.08590066, 0.02697002]]), BT = tensor([1.75655901, 3.28174496])
2022-08-02 16:52:56,285 - INFO - child pid = 107936, start training [0 0 1 0 0 1 1 1 1]
2022-08-02 16:52:56,379 - DEBUG - child pid = 107908, finish training [0 0 0 1 1 0 1 1 0], epoch = 383, loss = 0.05324005, K = tensor([[    8.15519714,     0.00000000],
        [    0.00000000,     0.02592670]]), BT = tensor([1.07725620, 2.55301476])
2022-08-02 16:52:56,383 - INFO - child pid = 107908, start training [0 0 1 0 1 0 1 0 0]
2022-08-02 16:52:56,396 - DEBUG - child pid = 107923, finish training [0 0 1 0 0 0 1 0 1], epoch = 230, loss = 0.12252142, K = tensor([[1.34719098, 0.01769224],
        [0.10957552, 0.01749387]]), BT = tensor([    0.00007399,     3.42016101])
2022-08-02 16:52:56,398 - INFO - child pid = 107923, start training [0 0 1 0 1 0 1 0 1]
2022-08-02 16:52:56,433 - DEBUG - child pid = 107917, finish training [0 0 1 0 0 0 1 1 0], epoch = 101, loss = 0.00491148, K = tensor([[0.57824069, 2.16193938],
        [0.61016756, 0.04991159]]), BT = tensor([2.05796456, 2.81421256])
2022-08-02 16:52:56,435 - INFO - child pid = 107917, start training [0 0 1 0 1 0 1 1 0]
2022-08-02 16:52:56,572 - DEBUG - child pid = 107934, finish training [0 0 0 1 1 0 0 0 0], epoch = 599, loss = 0.12476751, K = tensor([[0.00967427, 2.14733315],
        [0.20370130, 0.01630037]]), BT = tensor([    3.33850312,     0.00000000])
2022-08-02 16:52:56,575 - INFO - child pid = 107934, start training [0 0 1 0 1 0 1 1 1]
2022-08-02 16:52:56,573 - DEBUG - child pid = 107919, finish training [0 0 0 1 0 1 0 0 0], epoch = 566, loss = 0.15094374, K = tensor([[0.00877839, 0.01509253],
        [0.00542011, 0.00569282]]), BT = tensor([3.19745851, 0.33369648])
2022-08-02 16:52:56,580 - INFO - child pid = 107919, start training [0 0 1 0 1 1 1 1 0]
2022-08-02 16:52:56,650 - DEBUG - child pid = 107916, finish training [0 0 1 0 0 0 1 1 1], epoch = 144, loss = 0.06424014, K = tensor([[    0.03533868,     0.00003296],
        [    0.13777041,     0.09704737]]), BT = tensor([2.70477390, 0.27741271])
2022-08-02 16:52:56,652 - INFO - child pid = 107916, start training [0 0 1 0 1 1 1 1 1]
2022-08-02 16:52:56,681 - DEBUG - child pid = 107931, finish training [0 0 0 0 1 1 1 0 1], epoch = 910, loss = 0.08539835, K = tensor([[7.90115452, 4.02813387],
        [5.60633135, 0.19331461]]), BT = tensor([2.51811051, 2.49407911])
2022-08-02 16:52:56,685 - INFO - child pid = 107931, start training [0 0 1 1 0 0 0 0 0]
2022-08-02 16:52:56,728 - DEBUG - child pid = 107913, finish training [0 0 0 1 0 1 1 1 1], epoch = 570, loss = 0.06894856, K = tensor([[    0.12428299,     2.64909244],
        [    0.01985778,     0.00000000]]), BT = tensor([1.41880012, 1.40702152])
2022-08-02 16:52:56,731 - INFO - child pid = 107913, start training [0 0 1 1 0 0 0 0 1]
2022-08-02 16:52:56,731 - DEBUG - child pid = 107908, finish training [0 0 1 0 1 0 1 0 0], epoch = 123, loss = 0.11725673, K = tensor([[    0.06142724,     0.08740207],
        [    3.93191862,     0.00000000]]), BT = tensor([4.29487848, 1.91694927])
2022-08-02 16:52:56,733 - INFO - child pid = 107908, start training [0 0 1 1 0 0 0 1 0]
2022-08-02 16:52:56,747 - DEBUG - child pid = 107907, finish training [0 0 1 0 0 1 1 1 0], epoch = 142, loss = 0.01225552, K = tensor([[0.37535140, 0.15504961],
        [0.15327030, 0.37788638]]), BT = tensor([3.01727080, 2.98009324])
2022-08-02 16:52:56,752 - INFO - child pid = 107907, start training [0 0 1 1 0 0 0 1 1]
2022-08-02 16:52:56,951 - DEBUG - child pid = 107919, finish training [0 0 1 0 1 1 1 1 0], epoch = 122, loss = 0.06442296, K = tensor([[    0.00004574,     0.87358814],
        [    0.07085959,     0.26996133]]), BT = tensor([3.45416903, 3.32702827])
2022-08-02 16:52:56,954 - INFO - child pid = 107919, start training [0 0 1 1 0 0 1 0 0]
2022-08-02 16:52:57,072 - DEBUG - child pid = 107935, finish training [0 0 0 1 0 1 0 1 0], epoch = 869, loss = 0.14809313, K = tensor([[0.05261023, 4.16962910],
        [0.04150215, 6.30580187]]), BT = tensor([2.96069574, 1.96176970])
2022-08-02 16:52:57,075 - INFO - child pid = 107935, start training [0 0 1 1 0 0 1 0 1]
2022-08-02 16:52:57,222 - DEBUG - child pid = 107928, finish training [0 0 0 1 0 1 1 0 1], epoch = 873, loss = 0.15023839, K = tensor([[    0.33896598,    11.47901249],
        [    0.00124066,     0.00000000]]), BT = tensor([    0.00000000,     1.36264932])
2022-08-02 16:52:57,225 - INFO - child pid = 107928, start training [0 0 1 1 0 0 1 1 0]
2022-08-02 16:52:57,262 - DEBUG - child pid = 107936, finish training [0 0 1 0 0 1 1 1 1], epoch = 322, loss = 0.00368132, K = tensor([[0.05745123, 0.35437509],
        [0.08767805, 0.04961273]]), BT = tensor([2.93113542, 1.77758205])
2022-08-02 16:52:57,265 - INFO - child pid = 107936, start training [0 0 1 1 0 0 1 1 1]
2022-08-02 16:52:57,326 - DEBUG - child pid = 107931, finish training [0 0 1 1 0 0 0 0 0], epoch = 213, loss = 0.07143132, K = tensor([[    6.57747746,     0.00000000],
        [    0.04272642,     2.04838157]]), BT = tensor([4.53328133, 1.12912381])
2022-08-02 16:52:57,330 - INFO - child pid = 107931, start training [0 0 1 1 0 1 0 0 0]
2022-08-02 16:52:57,357 - DEBUG - child pid = 107925, finish training [0 0 0 1 1 1 0 0 1], epoch = 664, loss = 0.20699751, K = tensor([[0.00735807, 0.81416661],
        [0.56605309, 0.23799141]]), BT = tensor([    3.91601586,     0.00001524])
2022-08-02 16:52:57,359 - INFO - child pid = 107925, start training [0 0 1 1 0 1 0 0 1]
2022-08-02 16:52:57,529 - DEBUG - child pid = 107928, finish training [0 0 1 1 0 0 1 1 0], epoch = 101, loss = 0.02267123, K = tensor([[1.88817465, 3.34934783],
        [2.37088585, 0.09506075]]), BT = tensor([1.49750042, 3.38815999])
2022-08-02 16:52:57,531 - INFO - child pid = 107928, start training [0 0 1 1 0 1 0 1 0]
2022-08-02 16:52:57,555 - DEBUG - child pid = 107908, finish training [0 0 1 1 0 0 0 1 0], epoch = 172, loss = 0.08968773, K = tensor([[1.47650516, 3.38416100],
        [0.08420341, 1.22772324]]), BT = tensor([3.97896671, 2.68600202])
2022-08-02 16:52:57,560 - INFO - child pid = 107908, start training [0 0 1 1 0 1 0 1 1]
2022-08-02 16:52:57,717 - DEBUG - child pid = 107925, finish training [0 0 1 1 0 1 0 0 1], epoch = 103, loss = 0.10378706, K = tensor([[0.01338062, 0.85876727],
        [0.04129193, 0.03320435]]), BT = tensor([    1.87254226,     0.00037925])
2022-08-02 16:52:57,720 - INFO - child pid = 107925, start training [0 0 1 1 0 1 1 0 0]
2022-08-02 16:52:57,760 - DEBUG - child pid = 107911, finish training [0 0 0 1 1 1 1 0 1], epoch = 529, loss = 0.06245845, K = tensor([[0.40311539, 3.44234061],
        [0.17026661, 0.13701525]]), BT = tensor([1.87912536, 2.41294122])
2022-08-02 16:52:57,800 - DEBUG - child pid = 107931, finish training [0 0 1 1 0 1 0 0 0], epoch = 150, loss = 0.06253871, K = tensor([[    0.12220592,     1.38027918],
        [    0.00003608,     0.03202864]]), BT = tensor([2.55865908, 3.67637205])
2022-08-02 16:52:57,801 - INFO - child pid = 107911, start training [0 0 1 1 0 1 1 0 1]
2022-08-02 16:52:57,800 - DEBUG - child pid = 107932, finish training [0 0 0 0 1 1 1 1 0], epoch = 1285, loss = 0.11550467, K = tensor([[ 0.03016491, 20.18724632],
        [ 8.84672260,  0.07758109]]), BT = tensor([4.24089384, 1.30436730])
2022-08-02 16:52:57,803 - INFO - child pid = 107932, start training [0 0 1 1 0 1 1 1 1]
2022-08-02 16:52:57,802 - INFO - child pid = 107931, start training [0 0 1 1 0 1 1 1 0]
2022-08-02 16:52:58,010 - DEBUG - child pid = 107914, finish training [0 0 0 1 1 1 1 1 1], epoch = 624, loss = 0.00001334, K = tensor([[    0.42800277,     9.20397663],
        [    0.01779945,     0.00000000]]), BT = tensor([0.75254589, 2.30804348])
2022-08-02 16:52:58,015 - INFO - child pid = 107914, start training [0 0 1 1 1 0 0 0 0]
2022-08-02 16:52:58,038 - DEBUG - child pid = 107935, finish training [0 0 1 1 0 0 1 0 1], epoch = 326, loss = 0.22255284, K = tensor([[    0.00493309,     0.04492431],
        [    0.08741666,     0.00000000]]), BT = tensor([0.00359627, 0.95747453])
2022-08-02 16:52:58,040 - INFO - child pid = 107935, start training [0 0 1 1 1 0 0 0 1]
2022-08-02 16:52:58,095 - DEBUG - child pid = 107931, finish training [0 0 1 1 0 1 1 1 0], epoch = 104, loss = 0.01709276, K = tensor([[1.99298775, 0.79874420],
        [4.00413227, 0.41193944]]), BT = tensor([2.22245479, 2.83550000])
2022-08-02 16:52:58,098 - INFO - child pid = 107931, start training [0 0 1 1 1 0 0 1 0]
2022-08-02 16:52:58,256 - DEBUG - child pid = 107917, finish training [0 0 1 0 1 0 1 1 0], epoch = 523, loss = 0.09578134, K = tensor([[    0.00000000,     0.84507602],
        [    0.05238546,     0.22582020]]), BT = tensor([3.26592040, 2.77666593])
2022-08-02 16:52:58,273 - INFO - child pid = 107917, start training [0 0 1 1 1 0 0 1 1]
2022-08-02 16:52:58,353 - DEBUG - child pid = 107936, finish training [0 0 1 1 0 0 1 1 1], epoch = 363, loss = 0.14915703, K = tensor([[    0.02617076,     0.67849243],
        [    0.00000000,     0.00000136]]), BT = tensor([2.65773129, 0.02193599])
2022-08-02 16:52:58,346 - DEBUG - child pid = 107924, finish training [0 0 0 1 1 0 0 1 1], epoch = 1120, loss = 0.00384393, K = tensor([[0.90412790, 3.92493176],
        [6.73985100, 6.02400112]]), BT = tensor([3.07342577, 3.13873291])
2022-08-02 16:52:58,355 - INFO - child pid = 107936, start training [0 0 1 1 1 0 1 0 0]
2022-08-02 16:52:58,355 - INFO - child pid = 107924, start training [0 0 1 1 1 0 1 0 1]
2022-08-02 16:52:58,358 - DEBUG - child pid = 107928, finish training [0 0 1 1 0 1 0 1 0], epoch = 278, loss = 0.14386377, K = tensor([[    4.68667459,     1.57745945],
        [    0.00000000,     0.02397684]]), BT = tensor([2.36177707, 3.98955894])
2022-08-02 16:52:58,381 - INFO - child pid = 107928, start training [0 0 1 1 1 0 1 1 0]
2022-08-02 16:52:58,512 - DEBUG - child pid = 107918, finish training [0 0 0 1 0 0 1 0 1], epoch = 1292, loss = 0.13024454, K = tensor([[0.05574732, 9.97539902],
        [0.00000000, 3.56801820]]), BT = tensor([0.69124329, 1.65452826])
2022-08-02 16:52:58,516 - INFO - child pid = 107918, start training [0 0 1 1 1 0 1 1 1]
2022-08-02 16:52:58,548 - DEBUG - child pid = 107908, finish training [0 0 1 1 0 1 0 1 1], epoch = 238, loss = 0.12335844, K = tensor([[    0.04723377,     2.03729963],
        [    0.02463861,     0.00000000]]), BT = tensor([2.98350167, 0.93818557])
2022-08-02 16:52:58,564 - INFO - child pid = 107908, start training [0 0 1 1 1 1 0 0 0]
2022-08-02 16:52:58,572 - DEBUG - child pid = 107922, finish training [0 0 0 1 1 0 1 0 0], epoch = 1162, loss = 0.06976780, K = tensor([[ 0.00000000, 20.11237717],
        [ 0.76503569,  1.80311668]]), BT = tensor([1.43663204, 2.97375703])
2022-08-02 16:52:58,575 - INFO - child pid = 107922, start training [0 0 1 1 1 1 0 0 1]
2022-08-02 16:52:58,828 - DEBUG - child pid = 107917, finish training [0 0 1 1 1 0 0 1 1], epoch = 111, loss = 0.07793845, K = tensor([[0.15274081, 2.05048513],
        [1.95747972, 5.09687662]]), BT = tensor([3.52037668, 2.94866514])
2022-08-02 16:52:58,830 - INFO - child pid = 107917, start training [0 0 1 1 1 1 0 1 0]
2022-08-02 16:52:58,876 - DEBUG - child pid = 107907, finish training [0 0 1 1 0 0 0 1 1], epoch = 354, loss = 0.09132650, K = tensor([[1.89790416, 0.14165127],
        [6.65822029, 1.55672610]]), BT = tensor([2.98908234, 3.33904767])
2022-08-02 16:52:58,880 - INFO - child pid = 107907, start training [0 0 1 1 1 1 0 1 1]
2022-08-02 16:52:58,976 - DEBUG - child pid = 107913, finish training [0 0 1 1 0 0 0 0 1], epoch = 521, loss = 0.17281333, K = tensor([[    0.00000000,     0.00000000],
        [    0.01197507,     0.01196985]]), BT = tensor([2.27915287, 2.53196192])
2022-08-02 16:52:58,980 - INFO - child pid = 107913, start training [0 0 1 1 1 1 1 0 0]
2022-08-02 16:52:58,997 - DEBUG - child pid = 107932, finish training [0 0 1 1 0 1 1 1 1], epoch = 399, loss = 0.06188193, K = tensor([[2.13591695, 0.40676090],
        [0.02575667, 0.02802518]]), BT = tensor([4.17564821, 0.80435252])
2022-08-02 16:52:58,999 - INFO - child pid = 107932, start training [0 0 1 1 1 1 1 0 1]
2022-08-02 16:52:59,047 - DEBUG - child pid = 107908, finish training [0 0 1 1 1 1 0 0 0], epoch = 101, loss = 0.21325809, K = tensor([[0.87846696, 3.04379916],
        [2.20187378, 0.05189395]]), BT = tensor([0.28700766, 0.06486956])
2022-08-02 16:52:59,053 - INFO - child pid = 107908, start training [0 0 1 1 1 1 1 1 0]
2022-08-02 16:52:59,119 - DEBUG - child pid = 107936, finish training [0 0 1 1 1 0 1 0 0], epoch = 250, loss = 0.07838552, K = tensor([[    0.00000002,     8.04485035],
        [    0.52024120,     0.09262536]]), BT = tensor([2.11329818, 4.47761297])
2022-08-02 16:52:59,121 - INFO - child pid = 107936, start training [0 0 1 1 1 1 1 1 1]
2022-08-02 16:52:59,293 - DEBUG - child pid = 107918, finish training [0 0 1 1 1 0 1 1 1], epoch = 181, loss = 0.02486171, K = tensor([[3.34367180, 5.11570406],
        [0.07046276, 0.98264188]]), BT = tensor([2.71639872, 2.44132328])
2022-08-02 16:52:59,296 - INFO - child pid = 107918, start training [0 1 0 1 0 0 0 0 0]
2022-08-02 16:52:59,405 - DEBUG - child pid = 107925, finish training [0 0 1 1 0 1 1 0 0], epoch = 528, loss = 0.16110152, K = tensor([[0.31235528, 5.83622742],
        [0.81667703, 0.12144922]]), BT = tensor([    0.00000000,     2.37913227])
2022-08-02 16:52:59,408 - INFO - child pid = 107925, start training [0 1 0 1 0 0 0 0 1]
2022-08-02 16:52:59,418 - DEBUG - child pid = 107911, finish training [0 0 1 1 0 1 1 0 1], epoch = 408, loss = 0.12374575, K = tensor([[0.00662623, 3.76059198],
        [0.01030769, 0.03753195]]), BT = tensor([3.49207020, 3.08946013])
2022-08-02 16:52:59,421 - INFO - child pid = 107911, start training [0 1 0 1 0 0 0 1 0]
2022-08-02 16:52:59,443 - DEBUG - child pid = 107914, finish training [0 0 1 1 1 0 0 0 0], epoch = 342, loss = 0.17289355, K = tensor([[    0.01333407,     0.99298078],
        [    0.00000000,     0.00565142]]), BT = tensor([    3.38990951,     0.00000000])
2022-08-02 16:52:59,446 - INFO - child pid = 107914, start training [0 1 0 1 0 0 0 1 1]
2022-08-02 16:52:59,453 - DEBUG - child pid = 107913, finish training [0 0 1 1 1 1 1 0 0], epoch = 141, loss = 0.08231511, K = tensor([[    3.08779955,     0.09484258],
        [    0.06791887,     0.00001106]]), BT = tensor([3.09472132, 2.35334563])
2022-08-02 16:52:59,455 - INFO - child pid = 107913, start training [0 1 0 1 0 0 1 0 0]
2022-08-02 16:52:59,480 - DEBUG - child pid = 107932, finish training [0 0 1 1 1 1 1 0 1], epoch = 165, loss = 0.06532269, K = tensor([[3.37705278, 0.15402208],
        [0.93849456, 0.05338452]]), BT = tensor([2.48489356, 2.77675533])
2022-08-02 16:52:59,482 - INFO - child pid = 107932, start training [0 1 0 1 0 0 1 0 1]
2022-08-02 16:52:59,569 - DEBUG - child pid = 107908, finish training [0 0 1 1 1 1 1 1 0], epoch = 138, loss = 0.03523371, K = tensor([[    1.24849069,     0.17671293],
        [    0.99998760,     0.00000001]]), BT = tensor([3.42239380, 2.87466908])
2022-08-02 16:52:59,571 - INFO - child pid = 107908, start training [0 1 0 1 0 0 1 1 0]
2022-08-02 16:52:59,639 - DEBUG - child pid = 107907, finish training [0 0 1 1 1 1 0 1 1], epoch = 237, loss = 0.01063742, K = tensor([[5.78552628, 0.05262666],
        [0.25152618, 3.89838648]]), BT = tensor([2.91472244, 3.15477705])
2022-08-02 16:52:59,642 - INFO - child pid = 107907, start training [0 1 0 1 0 0 1 1 1]
2022-08-02 16:52:59,775 - DEBUG - child pid = 107925, finish training [0 1 0 1 0 0 0 0 1], epoch = 120, loss = 0.13044609, K = tensor([[0.22489795, 0.08699208],
        [0.07263050, 0.31424588]]), BT = tensor([2.69657803, 3.33645129])
2022-08-02 16:52:59,780 - INFO - child pid = 107925, start training [0 1 0 1 0 1 0 1 0]
2022-08-02 16:52:59,848 - DEBUG - child pid = 107922, finish training [0 0 1 1 1 1 0 0 1], epoch = 398, loss = 0.10557678, K = tensor([[0.01213815, 0.76782489],
        [0.12369480, 0.00373041]]), BT = tensor([3.85787797, 0.67166108])
2022-08-02 16:52:59,862 - DEBUG - child pid = 107930, finish training [0 0 0 1 1 1 1 0 0], epoch = 1374, loss = 0.14312351, K = tensor([[ 0.00000000, 10.75549126],
        [ 2.34678602,  3.55842090]]), BT = tensor([1.68896019, 3.23120308])
2022-08-02 16:52:59,829 - DEBUG - child pid = 107919, finish training [0 0 1 1 0 0 1 0 0], epoch = 762, loss = 0.10316319, K = tensor([[    5.32144547,     0.92242986],
        [   12.31351948,     0.00000000]]), BT = tensor([3.66797590, 1.81129193])
2022-08-02 16:52:59,905 - INFO - child pid = 107930, start training [0 1 0 1 0 1 1 0 0]
2022-08-02 16:52:59,890 - INFO - child pid = 107922, start training [0 1 0 1 0 1 0 1 1]
2022-08-02 16:52:59,923 - INFO - child pid = 107919, start training [0 1 0 1 0 1 1 0 1]
2022-08-02 16:52:59,933 - DEBUG - child pid = 107935, finish training [0 0 1 1 1 0 0 0 1], epoch = 650, loss = 0.20541960, K = tensor([[0.49384797, 0.00755456],
        [0.87709773, 0.49209413]]), BT = tensor([    0.00000000,     4.12550879])
2022-08-02 16:52:59,935 - INFO - child pid = 107935, start training [0 1 0 1 0 1 1 1 0]
2022-08-02 16:53:00,024 - DEBUG - child pid = 107920, finish training [0 0 0 1 1 0 1 0 1], epoch = 1530, loss = 0.11749385, K = tensor([[   20.76092720,     0.00000000],
        [    3.16592789,     0.00941208]]), BT = tensor([1.71627915, 1.52940321])
2022-08-02 16:53:00,030 - INFO - child pid = 107920, start training [0 1 0 1 0 1 1 1 1]
2022-08-02 16:53:00,047 - DEBUG - child pid = 107929, finish training [0 0 0 0 1 1 0 1 1], epoch = 2000, loss = 0.03266709, K = tensor([[ 0.88678843,  2.53911352],
        [26.61478233,  0.00000000]]), BT = tensor([1.32749939, 1.53161538])
2022-08-02 16:53:00,051 - DEBUG - child pid = 107924, finish training [0 0 1 1 1 0 1 0 1], epoch = 514, loss = 0.14116386, K = tensor([[   14.72722149,     0.00000498],
        [    0.08118780,     1.42755938]]), BT = tensor([4.53387451, 0.90368348])
2022-08-02 16:53:00,057 - INFO - child pid = 107929, start training [0 1 0 1 1 0 0 0 1]
2022-08-02 16:53:00,057 - INFO - child pid = 107924, start training [0 1 0 1 1 0 0 0 0]
2022-08-02 16:53:00,081 - DEBUG - child pid = 107916, finish training [0 0 1 0 1 1 1 1 1], epoch = 937, loss = 0.03354007, K = tensor([[0.02020530, 3.53323650],
        [3.54953980, 0.02014288]]), BT = tensor([2.75217438, 2.80361176])
2022-08-02 16:53:00,088 - INFO - child pid = 107916, start training [0 1 0 1 1 0 0 1 0]
2022-08-02 16:53:00,179 - DEBUG - child pid = 107914, finish training [0 1 0 1 0 0 0 1 1], epoch = 224, loss = 0.13486588, K = tensor([[    0.00004224,     0.18525754],
        [    0.46834001,     0.28595093]]), BT = tensor([3.12403369, 3.22885394])
2022-08-02 16:53:00,182 - INFO - child pid = 107914, start training [0 1 0 1 1 0 0 1 1]
2022-08-02 16:53:00,247 - DEBUG - child pid = 107936, finish training [0 0 1 1 1 1 1 1 1], epoch = 395, loss = 0.00048023, K = tensor([[0.20507692, 5.73549604],
        [0.43576732, 0.07371150]]), BT = tensor([1.05672395, 3.99878979])
2022-08-02 16:53:00,250 - INFO - child pid = 107936, start training [0 1 0 1 1 0 1 0 0]
2022-08-02 16:53:00,346 - DEBUG - child pid = 107924, finish training [0 1 0 1 1 0 0 0 0], epoch = 101, loss = 0.11423647, K = tensor([[0.08109372, 0.04548211],
        [0.05372909, 0.04649542]]), BT = tensor([0.21066691, 2.08798933])
2022-08-02 16:53:00,349 - INFO - child pid = 107924, start training [0 1 0 1 1 0 1 0 1]
2022-08-02 16:53:00,352 - DEBUG - child pid = 107913, finish training [0 1 0 1 0 0 1 0 0], epoch = 262, loss = 0.14814915, K = tensor([[    0.00000000,     0.20038176],
        [    1.00010157,     0.93211925]]), BT = tensor([    0.82293016,     0.00018011])
2022-08-02 16:53:00,355 - INFO - child pid = 107913, start training [0 1 0 1 1 0 1 1 0]
2022-08-02 16:53:00,433 - DEBUG - child pid = 107915, finish training [0 0 0 1 0 0 1 1 0], epoch = 1646, loss = 0.02102796, K = tensor([[    1.53731775,     7.06009912],
        [    0.00000881,    25.28433609]]), BT = tensor([0.00000000, 0.98640293])
2022-08-02 16:53:00,436 - INFO - child pid = 107915, start training [0 1 0 1 1 0 1 1 1]
2022-08-02 16:53:00,438 - DEBUG - child pid = 107930, finish training [0 1 0 1 0 1 1 0 0], epoch = 174, loss = 0.11838624, K = tensor([[0.74310452, 0.24952312],
        [6.90268040, 0.79808915]]), BT = tensor([3.98932409, 3.65122843])
2022-08-02 16:53:00,440 - INFO - child pid = 107930, start training [0 1 0 1 1 1 0 1 0]
2022-08-02 16:53:00,454 - DEBUG - child pid = 107907, finish training [0 1 0 1 0 0 1 1 1], epoch = 234, loss = 0.11558735, K = tensor([[0.22710016, 0.13343163],
        [0.48141894, 0.03343362]]), BT = tensor([1.19434690, 2.58474755])
2022-08-02 16:53:00,456 - INFO - child pid = 107907, start training [0 1 0 1 1 1 0 1 1]
2022-08-02 16:53:00,462 - DEBUG - child pid = 107921, finish training [0 0 0 1 0 1 1 1 0], epoch = 1763, loss = 0.11841437, K = tensor([[    6.46786642,     0.00000069],
        [   28.99468422,     0.33505845]]), BT = tensor([2.14316225, 0.00000000])
2022-08-02 16:53:00,464 - INFO - child pid = 107921, start training [0 1 0 1 1 1 1 0 0]
2022-08-02 16:53:00,569 - DEBUG - child pid = 107926, finish training [0 0 0 1 1 0 0 1 0], epoch = 1835, loss = 0.14627469, K = tensor([[ 0.64744920, 21.64095306],
        [ 0.95083159,  6.64966440]]), BT = tensor([    0.00000000,     1.18696129])
2022-08-02 16:53:00,572 - INFO - child pid = 107926, start training [0 1 0 1 1 1 1 0 1]
2022-08-02 16:53:00,680 - DEBUG - child pid = 107916, finish training [0 1 0 1 1 0 0 1 0], epoch = 183, loss = 0.15894979, K = tensor([[    0.04156097,     0.00000003],
        [    0.02567757,     0.01126409]]), BT = tensor([1.43879390, 3.40193772])
2022-08-02 16:53:00,682 - INFO - child pid = 107916, start training [0 1 0 1 1 1 1 1 0]
2022-08-02 16:53:00,694 - DEBUG - child pid = 107914, finish training [0 1 0 1 1 0 0 1 1], epoch = 146, loss = 0.07353701, K = tensor([[    0.29722521,     0.00000000],
        [    0.08950236,     2.09444118]]), BT = tensor([2.43640828, 1.73020411])
2022-08-02 16:53:00,696 - INFO - child pid = 107914, start training [0 1 0 1 1 1 1 1 1]
2022-08-02 16:53:00,697 - DEBUG - child pid = 107908, finish training [0 1 0 1 0 0 1 1 0], epoch = 280, loss = 0.04293726, K = tensor([[0.65685457, 5.11646748],
        [0.68225175, 2.28154492]]), BT = tensor([2.81676579, 3.48439503])
2022-08-02 16:53:00,700 - INFO - child pid = 107908, start training [0 1 1 1 0 0 1 0 0]
2022-08-02 16:53:00,758 - DEBUG - child pid = 107936, finish training [0 1 0 1 1 0 1 0 0], epoch = 180, loss = 0.04980965, K = tensor([[    0.00088864,     0.78893447],
        [    0.82635170,     3.28209281]]), BT = tensor([3.01235485, 3.37979746])
2022-08-02 16:53:00,760 - INFO - child pid = 107936, start training [0 1 1 1 0 0 1 0 1]
2022-08-02 16:53:00,868 - DEBUG - child pid = 107929, finish training [0 1 0 1 1 0 0 0 1], epoch = 262, loss = 0.10442979, K = tensor([[0.21176556, 0.64832819],
        [1.02697444, 0.05942366]]), BT = tensor([1.87077904, 3.58196259])
2022-08-02 16:53:00,871 - INFO - child pid = 107929, start training [0 1 1 1 0 0 1 1 0]
2022-08-02 16:53:00,893 - DEBUG - child pid = 107925, finish training [0 1 0 1 0 1 0 1 0], epoch = 339, loss = 0.19231401, K = tensor([[2.46508765, 0.93706590],
        [3.68259454, 0.60592234]]), BT = tensor([3.70300746, 2.69011807])
2022-08-02 16:53:00,904 - INFO - child pid = 107925, start training [0 1 1 1 0 0 1 1 1]
2022-08-02 16:53:00,908 - DEBUG - child pid = 107922, finish training [0 1 0 1 0 1 0 1 1], epoch = 307, loss = 0.15045708, K = tensor([[5.00543499, 0.01852600],
        [0.01679805, 3.34734535]]), BT = tensor([4.22198153, 3.25161505])
2022-08-02 16:53:00,910 - INFO - child pid = 107922, start training [0 1 1 1 0 1 1 1 0]
2022-08-02 16:53:01,100 - DEBUG - child pid = 107919, finish training [0 1 0 1 0 1 1 0 1], epoch = 353, loss = 0.15881367, K = tensor([[4.73569775, 2.60246754],
        [0.81564862, 0.09478866]]), BT = tensor([2.58476329, 4.09869719])
2022-08-02 16:53:00,957 - DEBUG - child pid = 107911, finish training [0 1 0 1 0 0 0 1 0], epoch = 424, loss = 0.17258117, K = tensor([[0.01950827, 0.13650601],
        [0.01349826, 0.05025286]]), BT = tensor([3.48665142, 0.33960244])
2022-08-02 16:53:00,976 - DEBUG - child pid = 107907, finish training [0 1 0 1 1 1 0 1 1], epoch = 108, loss = 0.06340598, K = tensor([[4.56043148, 0.08014376],
        [0.14021119, 2.55249548]]), BT = tensor([1.74070954, 2.15958667])
2022-08-02 16:53:00,924 - DEBUG - child pid = 107913, finish training [0 1 0 1 1 0 1 1 0], epoch = 151, loss = 0.09623308, K = tensor([[    0.00000000,     0.03321624],
        [    0.02210915,     0.02271212]]), BT = tensor([3.14789677, 0.78269315])
2022-08-02 16:53:01,093 - DEBUG - child pid = 107920, finish training [0 1 0 1 0 1 1 1 1], epoch = 303, loss = 0.14815079, K = tensor([[    0.70747191,     1.02128434],
        [    0.00056720,     0.00000000]]), BT = tensor([0.13095878, 1.06165814])
2022-08-02 16:53:01,103 - DEBUG - child pid = 107923, finish training [0 0 1 0 1 0 1 0 1], epoch = 1387, loss = 0.17314270, K = tensor([[5.13934374, 1.52477431],
        [3.60657692, 2.16881156]]), BT = tensor([2.82759523, 3.15771532])
2022-08-02 16:53:01,120 - INFO - child pid = 107919, start training [0 1 1 1 0 1 1 1 1]
2022-08-02 16:53:01,123 - INFO - child pid = 107907, start training [0 1 1 1 1 0 1 0 1]
2022-08-02 16:53:01,121 - INFO - child pid = 107911, start training [0 1 1 1 1 0 1 0 0]
2022-08-02 16:53:01,031 - DEBUG - child pid = 107927, finish training [0 0 0 1 0 0 0 1 1], epoch = 2000, loss = nan, K = tensor([[nan, nan],
        [nan, nan]]), BT = tensor([nan, nan])
2022-08-02 16:53:01,127 - INFO - child pid = 107923, start training [0 1 1 1 1 1 1 1 0]
2022-08-02 16:53:01,125 - INFO - child pid = 107920, start training [0 1 1 1 1 0 1 1 1]
2022-08-02 16:53:01,124 - INFO - child pid = 107913, start training [0 1 1 1 1 0 1 1 0]
2022-08-02 16:53:01,131 - WARNING - child pid = 107927, finish training [0 0 0 1 0 0 0 1 1], epoch = 2000, loss = nan
2022-08-02 16:53:01,159 - INFO - child pid = 107927, start training [0 1 1 1 1 1 1 1 1]
2022-08-02 16:53:01,194 - DEBUG - child pid = 107912, finish training [0 0 0 1 1 1 0 1 1], epoch = 1502, loss = 0.10587999, K = tensor([[ 1.35972166, 27.44147873],
        [ 0.39410582,  0.00000000]]), BT = tensor([0.00000000, 2.57004070])
2022-08-02 16:53:01,198 - INFO - child pid = 107912, start training [1 0 0 0 0 0 0 0 0]
2022-08-02 16:53:01,201 - DEBUG - child pid = 107915, finish training [0 1 0 1 1 0 1 1 1], epoch = 204, loss = 0.01783265, K = tensor([[1.45404029, 0.64105457],
        [1.42556226, 0.14148368]]), BT = tensor([2.69370937, 3.11311460])
2022-08-02 16:53:01,202 - INFO - child pid = 107915, start training [1 0 0 0 0 0 0 0 1]
2022-08-02 16:53:01,323 - DEBUG - child pid = 107908, finish training [0 1 1 1 0 0 1 0 0], epoch = 157, loss = 0.08025616, K = tensor([[    0.00000375,     3.86311293],
        [    1.39807165,     2.82986355]]), BT = tensor([2.35526323, 3.30939174])
2022-08-02 16:53:01,326 - INFO - child pid = 107908, start training [1 0 0 0 0 0 0 1 0]
2022-08-02 16:53:01,352 - DEBUG - child pid = 107918, finish training [0 1 0 1 0 0 0 0 0], epoch = 631, loss = 0.11305715, K = tensor([[0.07619143, 0.05067144],
        [0.03696048, 0.20713058]]), BT = tensor([3.26018286, 1.47030795])
2022-08-02 16:53:01,356 - INFO - child pid = 107918, start training [1 0 0 0 0 0 0 1 1]
2022-08-02 16:53:01,378 - DEBUG - child pid = 107932, finish training [0 1 0 1 0 0 1 0 1], epoch = 653, loss = 0.19485237, K = tensor([[    0.66948527,     0.13827491],
        [    0.01386300,     0.00000000]]), BT = tensor([3.25286746, 1.39515293])
2022-08-02 16:53:01,381 - INFO - child pid = 107932, start training [1 0 0 0 0 0 1 0 0]
2022-08-02 16:53:01,432 - DEBUG - child pid = 107913, finish training [0 1 1 1 1 0 1 1 0], epoch = 101, loss = 0.05468758, K = tensor([[    2.12116694,     0.00000265],
        [    0.87027240,     0.08888891]]), BT = tensor([2.91651058, 3.22187209])
2022-08-02 16:53:01,432 - DEBUG - child pid = 107907, finish training [0 1 1 1 1 0 1 0 1], epoch = 101, loss = 0.22224538, K = tensor([[    0.07285495,     0.62655979],
        [    0.00000113,     0.00150400]]), BT = tensor([0.12673590, 0.07020330])
2022-08-02 16:53:01,434 - DEBUG - child pid = 107930, finish training [0 1 0 1 1 1 0 1 0], epoch = 332, loss = 0.21234518, K = tensor([[0.00694108, 0.04445121],
        [0.00660446, 0.02417886]]), BT = tensor([4.16816854, 0.02148041])
2022-08-02 16:53:01,435 - INFO - child pid = 107930, start training [1 0 0 0 0 0 1 1 1]
2022-08-02 16:53:01,435 - INFO - child pid = 107907, start training [1 0 0 0 0 0 1 1 0]
2022-08-02 16:53:01,435 - INFO - child pid = 107913, start training [1 0 0 0 0 0 1 0 1]
2022-08-02 16:53:01,441 - DEBUG - child pid = 107935, finish training [0 1 0 1 0 1 1 1 0], epoch = 512, loss = 0.11818756, K = tensor([[5.18491030, 0.52320993],
        [3.87996030, 1.36124873]]), BT = tensor([3.82366657, 2.73001885])
2022-08-02 16:53:01,444 - INFO - child pid = 107935, start training [1 0 0 0 0 1 0 1 0]
2022-08-02 16:53:01,525 - DEBUG - child pid = 107921, finish training [0 1 0 1 1 1 1 0 0], epoch = 303, loss = 0.22256200, K = tensor([[    0.40783864,     0.00000000],
        [    0.29896834,     0.04689673]]), BT = tensor([    0.00000000,     1.55154967])
2022-08-02 16:53:01,527 - INFO - child pid = 107921, start training [1 0 0 0 0 1 0 1 1]
2022-08-02 16:53:01,595 - DEBUG - child pid = 107910, finish training [0 0 0 1 1 0 1 1 1], epoch = 1706, loss = 0.00687784, K = tensor([[4.42797518, 1.93357635],
        [3.56409669, 3.42769527]]), BT = tensor([2.58262062, 2.40369844])
2022-08-02 16:53:01,598 - INFO - child pid = 107910, start training [1 0 0 0 0 1 1 0 0]
2022-08-02 16:53:01,715 - DEBUG - child pid = 107911, finish training [0 1 1 1 1 0 1 0 0], epoch = 121, loss = 0.07972278, K = tensor([[    0.00000005,     1.24596119],
        [    0.79977971,     2.36967897]]), BT = tensor([2.98747444, 3.25692272])
2022-08-02 16:53:01,717 - INFO - child pid = 107911, start training [1 0 0 0 0 1 1 0 1]
2022-08-02 16:53:01,726 - DEBUG - child pid = 107922, finish training [0 1 1 1 0 1 1 1 0], epoch = 191, loss = 0.05091109, K = tensor([[0.49815002, 3.13771081],
        [1.04260421, 1.56348062]]), BT = tensor([3.00462508, 3.83117604])
2022-08-02 16:53:01,728 - INFO - child pid = 107922, start training [1 0 0 0 0 1 1 1 0]
2022-08-02 16:53:01,753 - DEBUG - child pid = 107929, finish training [0 1 1 1 0 0 1 1 0], epoch = 291, loss = 0.03606715, K = tensor([[8.01298237, 0.76541901],
        [1.11999393, 0.40845370]]), BT = tensor([3.95276165, 3.46025205])
2022-08-02 16:53:01,755 - INFO - child pid = 107929, start training [1 0 0 0 0 1 1 1 1]
2022-08-02 16:53:01,801 - DEBUG - child pid = 107916, finish training [0 1 0 1 1 1 1 1 0], epoch = 320, loss = 0.12809026, K = tensor([[    0.00000000,     9.94453239],
        [    0.01385245,     0.00000000]]), BT = tensor([3.09132028, 1.16979599])
2022-08-02 16:53:01,805 - INFO - child pid = 107916, start training [1 0 0 0 1 0 0 0 0]
2022-08-02 16:53:01,831 - DEBUG - child pid = 107930, finish training [1 0 0 0 0 0 1 1 1], epoch = 133, loss = 0.07380280, K = tensor([[    0.28079623,     0.00000000],
        [    0.70031422,     0.29630968]]), BT = tensor([2.98268843, 3.15930629])
2022-08-02 16:53:01,829 - DEBUG - child pid = 107909, finish training [0 0 0 1 1 1 1 1 0], epoch = 1540, loss = 0.13411261, K = tensor([[ 0.29492110, 12.54849434],
        [ 0.53549618, 14.25661182]]), BT = tensor([0.00000000, 2.52447915])
2022-08-02 16:53:01,839 - INFO - child pid = 107909, start training [1 0 0 0 1 0 0 1 0]
2022-08-02 16:53:01,838 - INFO - child pid = 107930, start training [1 0 0 0 1 0 0 0 1]
2022-08-02 16:53:02,020 - DEBUG - child pid = 107934, finish training [0 0 1 0 1 0 1 1 1], epoch = 1816, loss = 0.09292289, K = tensor([[0.36752033, 7.92420912],
        [3.63282704, 7.55558729]]), BT = tensor([2.34124207, 2.08760619])
2022-08-02 16:53:02,027 - INFO - child pid = 107934, start training [1 0 0 0 1 0 0 1 1]
2022-08-02 16:53:02,040 - DEBUG - child pid = 107924, finish training [0 1 0 1 1 0 1 0 1], epoch = 543, loss = 0.13022605, K = tensor([[0.75769484, 2.85207844],
        [0.07206958, 1.04471636]]), BT = tensor([3.69403791, 2.07291317])
2022-08-02 16:53:02,042 - INFO - child pid = 107924, start training [1 0 0 0 1 0 1 0 0]
2022-08-02 16:53:02,147 - DEBUG - child pid = 107911, finish training [1 0 0 0 0 1 1 0 1], epoch = 102, loss = 0.21359280, K = tensor([[    0.00001624,     0.04231045],
        [    0.00000012,     0.03929452]]), BT = tensor([0.26388481, 1.59183371])
2022-08-02 16:53:02,151 - INFO - child pid = 107911, start training [1 0 0 0 1 0 1 0 1]
2022-08-02 16:53:02,165 - DEBUG - child pid = 107906, finish training [0 0 0 1 0 1 1 0 0], epoch = 1859, loss = 0.12189468, K = tensor([[    0.02089384,    26.89125633],
        [   31.93232536,     0.00000000]]), BT = tensor([3.06373429, 1.38527548])
2022-08-02 16:53:02,168 - INFO - child pid = 107906, start training [1 0 0 0 1 0 1 1 0]
2022-08-02 16:53:02,174 - DEBUG - child pid = 107921, finish training [1 0 0 0 0 1 0 1 1], epoch = 200, loss = 0.20050906, K = tensor([[0.00240923, 0.00862757],
        [0.00878826, 0.00855736]]), BT = tensor([    0.00396866,     4.24497318])
2022-08-02 16:53:02,176 - INFO - child pid = 107921, start training [1 0 0 0 1 0 1 1 1]
2022-08-02 16:53:02,187 - DEBUG - child pid = 107930, finish training [1 0 0 0 1 0 0 0 1], epoch = 118, loss = 0.04633707, K = tensor([[2.53305030, 2.14230824],
        [4.72106743, 1.34604216]]), BT = tensor([3.59589887, 2.92660189])
2022-08-02 16:53:02,189 - INFO - child pid = 107930, start training [1 0 0 0 1 1 0 1 0]
2022-08-02 16:53:02,395 - DEBUG - child pid = 107918, finish training [1 0 0 0 0 0 0 1 1], epoch = 293, loss = 0.04974966, K = tensor([[    0.06989427,     0.89252239],
        [    0.00000000,     2.89720106]]), BT = tensor([3.80075979, 2.38218260])
2022-08-02 16:53:02,398 - INFO - child pid = 107918, start training [1 0 0 0 1 1 0 1 1]
2022-08-02 16:53:02,679 - DEBUG - child pid = 107932, finish training [1 0 0 0 0 0 1 0 0], epoch = 441, loss = 0.06209600, K = tensor([[0.04187599, 0.01097524],
        [1.95704508, 3.53135681]]), BT = tensor([2.56301904, 2.19904327])
2022-08-02 16:53:02,682 - INFO - child pid = 107932, start training [1 0 0 0 1 1 1 0 0]
2022-08-02 16:53:02,775 - DEBUG - child pid = 107911, finish training [1 0 0 0 1 0 1 0 1], epoch = 192, loss = 0.12356978, K = tensor([[2.40737629, 1.13840950],
        [3.06078744, 0.46592781]]), BT = tensor([3.42542195, 3.00798345])
2022-08-02 16:53:02,777 - INFO - child pid = 107911, start training [1 0 0 0 1 1 1 0 1]
2022-08-02 16:53:02,790 - DEBUG - child pid = 107913, finish training [1 0 0 0 0 0 1 0 1], epoch = 318, loss = 0.12805437, K = tensor([[    0.01392369,     0.00000000],
        [    0.00000000,    10.02586842]]), BT = tensor([2.98888278, 1.31133807])
2022-08-02 16:53:02,793 - INFO - child pid = 107913, start training [1 0 0 0 1 1 1 1 0]
2022-08-02 16:53:02,829 - DEBUG - child pid = 107924, finish training [1 0 0 0 1 0 1 0 0], epoch = 257, loss = 0.09795428, K = tensor([[1.91170359, 0.06443875],
        [2.97096062, 5.13966179]]), BT = tensor([3.02556968, 4.00739622])
2022-08-02 16:53:02,833 - INFO - child pid = 107924, start training [1 0 0 0 1 1 1 1 1]
2022-08-02 16:53:02,843 - DEBUG - child pid = 107908, finish training [1 0 0 0 0 0 0 1 0], epoch = 377, loss = 0.06603011, K = tensor([[0.29982063, 1.98238003],
        [0.56446832, 4.13345623]]), BT = tensor([2.46602368, 3.52844381])
2022-08-02 16:53:02,853 - INFO - child pid = 107908, start training [1 0 0 1 0 0 0 0 0]
2022-08-02 16:53:02,918 - DEBUG - child pid = 107929, finish training [1 0 0 0 0 1 1 1 1], epoch = 391, loss = 0.14920010, K = tensor([[    0.02748693,     0.02887151],
        [    0.00000000,     0.00000000]]), BT = tensor([1.94240034, 0.85673666])
2022-08-02 16:53:02,919 - INFO - child pid = 107929, start training [1 0 0 1 0 0 0 0 1]
2022-08-02 16:53:03,123 - DEBUG - child pid = 107906, finish training [1 0 0 0 1 0 1 1 0], epoch = 264, loss = 0.11494967, K = tensor([[    0.00000000,     0.02454198],
        [    0.05986264,     0.26185730]]), BT = tensor([2.58823538, 2.80302930])
2022-08-02 16:53:03,126 - INFO - child pid = 107906, start training [1 0 0 1 0 0 0 1 0]
2022-08-02 16:53:03,127 - DEBUG - child pid = 107918, finish training [1 0 0 0 1 1 0 1 1], epoch = 238, loss = 0.07436747, K = tensor([[    0.00000766,     6.39907360],
        [    1.44668460,     3.40042472]]), BT = tensor([2.62327123, 3.41204000])
2022-08-02 16:53:03,128 - INFO - child pid = 107918, start training [1 0 0 1 0 0 0 1 1]
2022-08-02 16:53:03,149 - DEBUG - child pid = 107915, finish training [1 0 0 0 0 0 0 0 1], epoch = 557, loss = 0.16430706, K = tensor([[    0.00000000,     0.01572786],
        [    0.01673788,     0.00000000]]), BT = tensor([1.24983001, 1.44886458])
2022-08-02 16:53:03,152 - INFO - child pid = 107915, start training [1 0 0 1 0 0 1 0 0]
2022-08-02 16:53:03,223 - DEBUG - child pid = 107929, finish training [1 0 0 1 0 0 0 0 1], epoch = 101, loss = 0.03850235, K = tensor([[    0.24783947,     0.11827531],
        [    3.56759167,     0.00018319]]), BT = tensor([3.42713475, 1.99332440])
2022-08-02 16:53:03,224 - DEBUG - child pid = 107907, finish training [1 0 0 0 0 0 1 1 0], epoch = 451, loss = 0.07787322, K = tensor([[0.10086080, 0.09410032],
        [0.40170133, 0.06147547]]), BT = tensor([2.03607225, 3.26225424])
2022-08-02 16:53:03,226 - INFO - child pid = 107907, start training [1 0 0 1 0 0 1 1 0]
2022-08-02 16:53:03,226 - INFO - child pid = 107929, start training [1 0 0 1 0 0 1 0 1]
2022-08-02 16:53:03,368 - DEBUG - child pid = 107908, finish training [1 0 0 1 0 0 0 0 0], epoch = 148, loss = 0.00093527, K = tensor([[0.05105415, 0.44382066],
        [1.02328706, 3.95007634]]), BT = tensor([3.02684140, 2.77069163])
2022-08-02 16:53:03,360 - DEBUG - child pid = 107935, finish training [1 0 0 0 0 1 0 1 0], epoch = 664, loss = 0.13201077, K = tensor([[    0.00000000,     1.64822698],
        [    2.02700448,     6.63948250]]), BT = tensor([2.22095942, 3.60890055])
2022-08-02 16:53:03,379 - INFO - child pid = 107935, start training [1 0 0 1 0 1 0 0 0]
2022-08-02 16:53:03,379 - INFO - child pid = 107908, start training [1 0 0 1 0 0 1 1 1]
2022-08-02 16:53:03,528 - DEBUG - child pid = 107928, finish training [0 0 1 1 1 0 1 1 0], epoch = 1649, loss = 0.14268440, K = tensor([[    9.54607677,     0.00000000],
        [   21.91223717,     0.00000000]]), BT = tensor([2.62630534, 0.70963848])
2022-08-02 16:53:03,533 - INFO - child pid = 107928, start training [1 0 0 1 0 1 0 0 1]
2022-08-02 16:53:03,539 - DEBUG - child pid = 107922, finish training [1 0 0 0 0 1 1 1 0], epoch = 561, loss = 0.14906897, K = tensor([[0.15626642, 0.15675446],
        [0.60250229, 0.09801570]]), BT = tensor([1.99902797, 3.01927757])
2022-08-02 16:53:03,542 - INFO - child pid = 107922, start training [1 0 0 1 0 1 0 1 0]
2022-08-02 16:53:03,670 - DEBUG - child pid = 107918, finish training [1 0 0 1 0 0 0 1 1], epoch = 144, loss = 0.01909481, K = tensor([[    0.09266357,     0.07954437],
        [    5.95949268,     0.00000782]]), BT = tensor([4.47500038, 2.87990975])
2022-08-02 16:53:03,681 - INFO - child pid = 107918, start training [1 0 0 1 0 1 0 1 1]
2022-08-02 16:53:03,682 - DEBUG - child pid = 107935, finish training [1 0 0 1 0 1 0 0 0], epoch = 101, loss = 0.06590405, K = tensor([[0.71764469, 0.05920663],
        [2.63433146, 0.18712218]]), BT = tensor([2.25667715, 2.66947579])
2022-08-02 16:53:03,684 - INFO - child pid = 107935, start training [1 0 0 1 0 1 1 0 0]
2022-08-02 16:53:03,758 - DEBUG - child pid = 107932, finish training [1 0 0 0 1 1 1 0 0], epoch = 368, loss = 0.19164467, K = tensor([[    0.00000000,     0.13767473],
        [    0.95100862,     0.94028223]]), BT = tensor([3.18812490, 3.05169749])
2022-08-02 16:53:03,761 - INFO - child pid = 107932, start training [1 0 0 1 0 1 1 0 1]
2022-08-02 16:53:03,832 - DEBUG - child pid = 107928, finish training [1 0 0 1 0 1 0 0 1], epoch = 102, loss = 0.21665013, K = tensor([[    0.00004032,     0.26649803],
        [    0.39083162,     3.30295658]]), BT = tensor([1.05306923, 1.77597809])
2022-08-02 16:53:03,834 - INFO - child pid = 107928, start training [1 0 0 1 0 1 1 1 0]
2022-08-02 16:53:03,836 - DEBUG - child pid = 107921, finish training [1 0 0 0 1 0 1 1 1], epoch = 490, loss = 0.04043569, K = tensor([[0.65920776, 2.38308835],
        [0.75569123, 6.27064371]]), BT = tensor([3.17634606, 3.68666482])
2022-08-02 16:53:03,839 - INFO - child pid = 107921, start training [1 0 0 1 0 1 1 1 1]
2022-08-02 16:53:03,875 - DEBUG - child pid = 107926, finish training [0 1 0 1 1 1 1 0 1], epoch = 1077, loss = 0.16226691, K = tensor([[   21.86917305,     0.11508431],
        [    0.01790297,     0.54980469]]), BT = tensor([    4.70853901,     0.00000519])
2022-08-02 16:53:03,879 - INFO - child pid = 107926, start training [1 0 0 1 1 0 0 0 0]
2022-08-02 16:53:03,931 - DEBUG - child pid = 107930, finish training [1 0 0 0 1 1 0 1 0], epoch = 585, loss = 0.22165120, K = tensor([[    0.98314673,     0.06823807],
        [    0.00933625,     0.00000000]]), BT = tensor([1.56263113, 2.54925632])
2022-08-02 16:53:03,933 - INFO - child pid = 107930, start training [1 0 0 1 1 0 0 0 1]
2022-08-02 16:53:04,059 - DEBUG - child pid = 107931, finish training [0 0 1 1 1 0 0 1 0], epoch = 2000, loss = nan, K = tensor([[nan, nan],
        [nan, nan]]), BT = tensor([nan, nan])
2022-08-02 16:53:04,064 - WARNING - child pid = 107931, finish training [0 0 1 1 1 0 0 1 0], epoch = 2000, loss = nan
2022-08-02 16:53:04,076 - INFO - child pid = 107931, start training [1 0 0 1 1 0 0 1 0]
2022-08-02 16:53:04,076 - DEBUG - child pid = 107932, finish training [1 0 0 1 0 1 1 0 1], epoch = 102, loss = 0.21639551, K = tensor([[    0.01370725,     0.00000864],
        [    3.49559212,     2.51098156]]), BT = tensor([0.12425538, 0.51332116])
2022-08-02 16:53:04,093 - INFO - child pid = 107932, start training [1 0 0 1 1 0 0 1 1]
2022-08-02 16:53:04,093 - DEBUG - child pid = 107935, finish training [1 0 0 1 0 1 1 0 0], epoch = 140, loss = 0.06527718, K = tensor([[0.07242547, 0.09917612],
        [6.52671671, 0.22039360]]), BT = tensor([2.22010350, 1.57118452])
2022-08-02 16:53:04,109 - INFO - child pid = 107935, start training [1 0 0 1 1 0 1 0 0]
2022-08-02 16:53:04,108 - DEBUG - child pid = 107917, finish training [0 0 1 1 1 1 0 1 0], epoch = 1594, loss = 0.15965074, K = tensor([[25.29921913,  2.30570936],
        [ 0.12165169,  0.22074927]]), BT = tensor([    4.01015568,     0.00000000])
2022-08-02 16:53:04,111 - INFO - child pid = 107917, start training [1 0 0 1 1 0 1 0 1]
2022-08-02 16:53:04,188 - DEBUG - child pid = 107908, finish training [1 0 0 1 0 0 1 1 1], epoch = 208, loss = 0.00843452, K = tensor([[    0.17196287,     0.05620014],
        [    6.45808458,     0.00004634]]), BT = tensor([2.56180167, 2.77050948])
2022-08-02 16:53:04,192 - INFO - child pid = 107908, start training [1 0 0 1 1 0 1 1 0]
2022-08-02 16:53:04,210 - DEBUG - child pid = 107918, finish training [1 0 0 1 0 1 0 1 1], epoch = 158, loss = 0.07181454, K = tensor([[    0.63225335,     0.00000000],
        [    1.94984829,     0.49461094]]), BT = tensor([3.69884968, 3.14490938])
2022-08-02 16:53:04,218 - DEBUG - child pid = 107919, finish training [0 1 1 1 0 1 1 1 1], epoch = 925, loss = 0.06386190, K = tensor([[ 6.96513987, 10.49699306],
        [ 8.00273514,  7.89658356]]), BT = tensor([3.12716627, 3.69878864])
2022-08-02 16:53:04,221 - INFO - child pid = 107919, start training [1 0 0 1 1 1 0 0 0]
2022-08-02 16:53:04,221 - INFO - child pid = 107918, start training [1 0 0 1 1 0 1 1 1]
2022-08-02 16:53:04,303 - DEBUG - child pid = 107922, finish training [1 0 0 1 0 1 0 1 0], epoch = 243, loss = 0.13495302, K = tensor([[0.08074920, 0.50968355],
        [8.01434994, 0.12863345]]), BT = tensor([4.25826502, 1.82561088])
2022-08-02 16:53:04,305 - INFO - child pid = 107922, start training [1 0 0 1 1 1 0 0 1]
2022-08-02 16:53:04,401 - DEBUG - child pid = 107935, finish training [1 0 0 1 1 0 1 0 0], epoch = 103, loss = 0.07410216, K = tensor([[    0.23720856,     0.00000446],
        [    0.42356017,     2.33480334]]), BT = tensor([    0.00004064,     1.08662927])
2022-08-02 16:53:04,404 - INFO - child pid = 107935, start training [1 0 0 1 1 1 0 1 0]
2022-08-02 16:53:04,457 - DEBUG - child pid = 107914, finish training [0 1 0 1 1 1 1 1 1], epoch = 1081, loss = 0.06306317, K = tensor([[    2.53041959,    14.95646858],
        [    0.00958148,     0.01650747]]), BT = tensor([    0.00000023,     3.95561671])
2022-08-02 16:53:04,459 - INFO - child pid = 107914, start training [1 0 0 1 1 1 0 1 1]
2022-08-02 16:53:04,730 - DEBUG - child pid = 107930, finish training [1 0 0 1 1 0 0 0 1], epoch = 276, loss = 0.24268073, K = tensor([[    0.01839464,     0.01876527],
        [    0.00000000,     0.00000000]]), BT = tensor([1.31725729, 1.06749690])
2022-08-02 16:53:04,733 - INFO - child pid = 107930, start training [1 0 0 1 1 1 1 0 0]
2022-08-02 16:53:04,886 - DEBUG - child pid = 107928, finish training [1 0 0 1 0 1 1 1 0], epoch = 343, loss = 0.09386499, K = tensor([[    0.00000007,     0.45638454],
        [    1.17748094,     5.34843349]]), BT = tensor([2.01380610, 2.21118140])
2022-08-02 16:53:04,890 - INFO - child pid = 107928, start training [1 0 0 1 1 1 1 0 1]
2022-08-02 16:53:04,942 - DEBUG - child pid = 107922, finish training [1 0 0 1 1 1 0 0 1], epoch = 222, loss = 0.14068621, K = tensor([[    0.00013032,     0.06062220],
        [    0.66043097,     3.77376699]]), BT = tensor([2.12860346, 3.49237394])
2022-08-02 16:53:04,944 - INFO - child pid = 107922, start training [1 0 0 1 1 1 1 1 0]
2022-08-02 16:53:05,020 - DEBUG - child pid = 107916, finish training [1 0 0 0 1 0 0 0 0], epoch = 992, loss = 0.06465053, K = tensor([[ 5.21049547, 12.55578899],
        [ 3.27043390,  5.61806488]]), BT = tensor([3.30729485, 3.77588344])
2022-08-02 16:53:05,023 - INFO - child pid = 107916, start training [1 0 0 1 1 1 1 1 1]
2022-08-02 16:53:05,061 - DEBUG - child pid = 107919, finish training [1 0 0 1 1 1 0 0 0], epoch = 270, loss = 0.13029642, K = tensor([[0.10148726, 0.02541480],
        [2.57957077, 0.78805292]]), BT = tensor([1.14493072, 3.19181991])
2022-08-02 16:53:05,063 - INFO - child pid = 107919, start training [1 0 1 0 0 0 1 0 0]
2022-08-02 16:53:05,073 - DEBUG - child pid = 107913, finish training [1 0 0 0 1 1 1 1 0], epoch = 681, loss = 0.19464812, K = tensor([[    0.00000000,     0.01382235],
        [    2.00142908,     0.98425257]]), BT = tensor([1.78597331, 3.45392084])
2022-08-02 16:53:05,075 - INFO - child pid = 107913, start training [1 0 1 0 0 0 1 0 1]
2022-08-02 16:53:05,393 - DEBUG - child pid = 107931, finish training [1 0 0 1 1 0 0 1 0], epoch = 409, loss = 0.04728169, K = tensor([[0.04958724, 0.60271055],
        [5.69952822, 2.86537910]]), BT = tensor([3.64083600, 1.93790054])
2022-08-02 16:53:05,396 - INFO - child pid = 107931, start training [1 0 1 0 0 0 1 1 0]
2022-08-02 16:53:05,525 - DEBUG - child pid = 107926, finish training [1 0 0 1 1 0 0 0 0], epoch = 534, loss = 0.06180755, K = tensor([[0.02481979, 0.04650118],
        [2.07259989, 0.20600079]]), BT = tensor([3.30342627, 0.38498124])
2022-08-02 16:53:05,529 - INFO - child pid = 107926, start training [1 0 1 0 0 0 1 1 1]
2022-08-02 16:53:05,652 - DEBUG - child pid = 107935, finish training [1 0 0 1 1 1 0 1 0], epoch = 419, loss = 0.11321309, K = tensor([[   12.23325825,     0.08422962],
        [    0.00000000,     9.11448383]]), BT = tensor([1.66774309, 3.95702291])
2022-08-02 16:53:05,659 - INFO - child pid = 107935, start training [1 0 1 0 0 1 1 1 0]
2022-08-02 16:53:05,886 - DEBUG - child pid = 107931, finish training [1 0 1 0 0 0 1 1 0], epoch = 163, loss = 0.06102952, K = tensor([[2.22424054, 0.42166051],
        [0.04886467, 0.39387730]]), BT = tensor([3.11126924, 2.46118569])
2022-08-02 16:53:05,889 - INFO - child pid = 107931, start training [1 0 1 0 0 1 1 1 1]
2022-08-02 16:53:05,894 - DEBUG - child pid = 107910, finish training [1 0 0 0 0 1 1 0 0], epoch = 1137, loss = 0.15288728, K = tensor([[ 0.03636979,  0.07348350],
        [22.73346138,  0.00000000]]), BT = tensor([4.72044897, 1.35345423])
2022-08-02 16:53:05,896 - INFO - child pid = 107910, start training [1 0 1 0 1 0 1 0 0]
2022-08-02 16:53:05,918 - DEBUG - child pid = 107926, finish training [1 0 1 0 0 0 1 1 1], epoch = 124, loss = 0.15845291, K = tensor([[    0.01391070,     0.02019627],
        [    0.00006685,     0.02427732]]), BT = tensor([0.80528176, 2.52476287])
2022-08-02 16:53:05,920 - INFO - child pid = 107926, start training [1 0 1 0 1 0 1 0 1]
2022-08-02 16:53:06,034 - DEBUG - child pid = 107936, finish training [0 1 1 1 0 0 1 0 1], epoch = 1832, loss = 0.22260264, K = tensor([[    0.00205577,    13.85219860],
        [    0.00000000,    13.25499439]]), BT = tensor([1.09230769, 2.50168133])
2022-08-02 16:53:06,037 - INFO - child pid = 107936, start training [1 0 1 0 1 0 1 1 0]
2022-08-02 16:53:06,250 - DEBUG - child pid = 107919, finish training [1 0 1 0 0 0 1 0 0], epoch = 319, loss = 0.04861014, K = tensor([[6.72495174, 0.04194959],
        [0.02464073, 7.78414106]]), BT = tensor([4.08461142, 2.92027545])
2022-08-02 16:53:06,253 - INFO - child pid = 107919, start training [1 0 1 0 1 0 1 1 1]
2022-08-02 16:53:06,298 - DEBUG - child pid = 107913, finish training [1 0 1 0 0 0 1 0 1], epoch = 292, loss = 0.21234082, K = tensor([[    0.00000009,     0.00689699],
        [    0.00000000,     0.00689300]]), BT = tensor([0.37075508, 4.51144314])
2022-08-02 16:53:06,301 - INFO - child pid = 107913, start training [1 0 1 0 1 1 1 1 0]
2022-08-02 16:53:06,353 - DEBUG - child pid = 107927, finish training [0 1 1 1 1 1 1 1 1], epoch = 1629, loss = 0.00826182, K = tensor([[ 0.49561179, 12.69554138],
        [ 0.90964681, 12.69554138]]), BT = tensor([    0.00000000,     3.57740378])
2022-08-02 16:53:06,355 - INFO - child pid = 107927, start training [1 0 1 0 1 1 1 1 1]
2022-08-02 16:53:06,436 - DEBUG - child pid = 107924, finish training [1 0 0 0 1 1 1 1 1], epoch = 1135, loss = 0.06919627, K = tensor([[8.32433414, 2.19615269],
        [2.76101828, 0.00000000]]), BT = tensor([3.20017743, 2.25056553])
2022-08-02 16:53:06,439 - INFO - child pid = 107924, start training [1 0 1 1 0 0 0 0 0]
2022-08-02 16:53:06,492 - DEBUG - child pid = 107906, finish training [1 0 0 1 0 0 0 1 0], epoch = 815, loss = 0.08731921, K = tensor([[0.11538132, 3.21805334],
        [0.82869780, 8.71169853]]), BT = tensor([    0.00000000,     2.18562317])
2022-08-02 16:53:06,495 - INFO - child pid = 107906, start training [1 0 1 1 0 0 0 0 1]
2022-08-02 16:53:06,529 - DEBUG - child pid = 107914, finish training [1 0 0 1 1 1 0 1 1], epoch = 591, loss = 0.02039874, K = tensor([[    0.73621297,     3.01800728],
        [   14.98752308,     0.00000000]]), BT = tensor([3.55616021, 2.01883912])
2022-08-02 16:53:06,528 - DEBUG - child pid = 107929, finish training [1 0 0 1 0 0 1 0 1], epoch = 1115, loss = 0.08195989, K = tensor([[ 0.00000000,  0.02458751],
        [23.98690224,  0.00000000]]), BT = tensor([2.19760394, 1.44098043])
2022-08-02 16:53:06,530 - INFO - child pid = 107914, start training [1 0 1 1 0 0 0 1 0]
2022-08-02 16:53:06,530 - INFO - child pid = 107929, start training [1 0 1 1 0 0 0 1 1]
2022-08-02 16:53:06,567 - DEBUG - child pid = 107908, finish training [1 0 0 1 1 0 1 1 0], epoch = 621, loss = 0.05155893, K = tensor([[1.37461817, 1.49848700],
        [2.37092757, 0.49410811]]), BT = tensor([    0.50976145,     0.00000040])
2022-08-02 16:53:06,570 - INFO - child pid = 107908, start training [1 0 1 1 0 0 1 0 0]
2022-08-02 16:53:06,578 - DEBUG - child pid = 107931, finish training [1 0 1 0 0 1 1 1 1], epoch = 237, loss = 0.11422099, K = tensor([[0.05080961, 0.04773398],
        [0.04269789, 0.04474686]]), BT = tensor([1.00652230, 2.25401831])
2022-08-02 16:53:06,580 - INFO - child pid = 107931, start training [1 0 1 1 0 0 1 0 1]
2022-08-02 16:53:06,635 - DEBUG - child pid = 107913, finish training [1 0 1 0 1 1 1 1 0], epoch = 114, loss = 0.12955302, K = tensor([[0.27214497, 0.07969571],
        [0.07677536, 0.27573639]]), BT = tensor([3.05702043, 3.20326424])
2022-08-02 16:53:06,638 - INFO - child pid = 107913, start training [1 0 1 1 0 0 1 1 0]
2022-08-02 16:53:06,679 - DEBUG - child pid = 107935, finish training [1 0 1 0 0 1 1 1 0], epoch = 356, loss = 0.20336650, K = tensor([[0.01248733, 0.16688627],
        [0.61330396, 0.06155044]]), BT = tensor([    3.52294636,     0.00000000])
2022-08-02 16:53:06,683 - INFO - child pid = 107935, start training [1 0 1 1 0 0 1 1 1]
2022-08-02 16:53:06,774 - DEBUG - child pid = 107925, finish training [0 1 1 1 0 0 1 1 1], epoch = 1920, loss = 0.14821360, K = tensor([[    7.47018194,     0.00520049],
        [   21.47853661,     0.00000000]]), BT = tensor([2.66004133, 2.65492821])
2022-08-02 16:53:06,777 - INFO - child pid = 107925, start training [1 0 1 1 0 1 0 0 0]
2022-08-02 16:53:06,787 - DEBUG - child pid = 107906, finish training [1 0 1 1 0 0 0 0 1], epoch = 105, loss = 0.66469634, K = tensor([[    0.70917350,     0.01130124],
        [    2.34196234,     0.00075895]]), BT = tensor([0.02238447, 0.47854099])
2022-08-02 16:53:06,790 - INFO - child pid = 107906, start training [1 0 1 1 0 1 0 0 1]
2022-08-02 16:53:06,837 - DEBUG - child pid = 107915, finish training [1 0 0 1 0 0 1 0 0], epoch = 1068, loss = 0.00362696, K = tensor([[    0.12180868,     0.00000000],
        [    0.00000000,    16.24552917]]), BT = tensor([0.02444050, 2.25052762])
2022-08-02 16:53:06,840 - INFO - child pid = 107915, start training [1 0 1 1 0 1 0 1 0]
2022-08-02 16:53:06,974 - DEBUG - child pid = 107930, finish training [1 0 0 1 1 1 1 0 0], epoch = 751, loss = 0.13067554, K = tensor([[    0.00000000,     0.01522661],
        [    3.53564835,     0.00991842]]), BT = tensor([1.46412146, 2.93320608])
2022-08-02 16:53:06,976 - INFO - child pid = 107930, start training [1 0 1 1 0 1 0 1 1]
2022-08-02 16:53:07,047 - DEBUG - child pid = 107912, finish training [1 0 0 0 0 0 0 0 0], epoch = 1652, loss = 0.00824917, K = tensor([[12.73755550,  1.62489390],
        [12.73755550,  0.28144440]]), BT = tensor([    3.55651236,     0.00000000])
2022-08-02 16:53:07,050 - INFO - child pid = 107912, start training [1 0 1 1 0 1 1 0 0]
2022-08-02 16:53:07,205 - DEBUG - child pid = 107906, finish training [1 0 1 1 0 1 0 0 1], epoch = 107, loss = 0.03473282, K = tensor([[    0.00000002,     0.04951738],
        [    0.13309413,     1.60708129]]), BT = tensor([3.07191324, 2.90033674])
2022-08-02 16:53:07,207 - INFO - child pid = 107906, start training [1 0 1 1 0 1 1 0 1]
2022-08-02 16:53:07,223 - DEBUG - child pid = 107931, finish training [1 0 1 1 0 0 1 0 1], epoch = 208, loss = 0.07470981, K = tensor([[    0.00163396,     0.00000000],
        [    0.12013274,     8.58264732]]), BT = tensor([1.99706995, 2.45427656])
2022-08-02 16:53:07,226 - INFO - child pid = 107931, start training [1 0 1 1 0 1 1 1 0]
2022-08-02 16:53:07,427 - DEBUG - child pid = 107920, finish training [0 1 1 1 1 0 1 1 1], epoch = 1917, loss = 0.09785776, K = tensor([[ 0.04705334, 13.70426655],
        [ 0.09421465, 17.78094482]]), BT = tensor([    0.00000000,     3.20219111])
2022-08-02 16:53:07,430 - INFO - child pid = 107920, start training [1 0 1 1 0 1 1 1 1]
2022-08-02 16:53:07,431 - DEBUG - child pid = 107923, finish training [0 1 1 1 1 1 1 1 0], epoch = 1976, loss = 0.11631499, K = tensor([[22.28419685,  0.08781347],
        [11.96877098,  0.81336039]]), BT = tensor([2.95337558, 0.00000000])
2022-08-02 16:53:07,433 - INFO - child pid = 107923, start training [1 0 1 1 1 0 0 0 0]
2022-08-02 16:53:07,541 - DEBUG - child pid = 107930, finish training [1 0 1 1 0 1 0 1 1], epoch = 152, loss = 0.05713638, K = tensor([[    0.36311576,     0.00099774],
        [    2.27758884,     0.62604761]]), BT = tensor([3.75415611, 3.49142814])
2022-08-02 16:53:07,544 - INFO - child pid = 107930, start training [1 0 1 1 1 0 0 0 1]
2022-08-02 16:53:07,545 - DEBUG - child pid = 107931, finish training [1 0 1 1 0 1 1 1 0], epoch = 104, loss = 0.22219397, K = tensor([[0.02235494, 0.17590876],
        [0.00056271, 0.02875732]]), BT = tensor([0.00051713, 0.04893747])
2022-08-02 16:53:07,547 - INFO - child pid = 107931, start training [1 0 1 1 1 0 0 1 0]
2022-08-02 16:53:07,562 - DEBUG - child pid = 107924, finish training [1 0 1 1 0 0 0 0 0], epoch = 360, loss = 0.06886410, K = tensor([[    0.00000000,     3.05287576],
        [    7.41385269,     0.01934232]]), BT = tensor([1.57573390, 3.99378872])
2022-08-02 16:53:07,564 - INFO - child pid = 107924, start training [1 0 1 1 1 0 0 1 1]
2022-08-02 16:53:07,704 - DEBUG - child pid = 107907, finish training [1 0 0 1 0 0 1 1 0], epoch = 1149, loss = 0.01733092, K = tensor([[    2.86268973,     0.00004209],
        [   12.52630043,     0.00297134]]), BT = tensor([    1.67955947,     0.00082053])
2022-08-02 16:53:07,707 - INFO - child pid = 107907, start training [1 0 1 1 1 0 1 0 0]
2022-08-02 16:53:07,786 - DEBUG - child pid = 107923, finish training [1 0 1 1 1 0 0 0 0], epoch = 102, loss = 0.14950490, K = tensor([[    1.41204584,     0.04664377],
        [    0.21736191,     0.00003561]]), BT = tensor([    0.00000472,     1.51374507])
2022-08-02 16:53:07,789 - INFO - child pid = 107923, start training [1 0 1 1 1 0 1 0 1]
2022-08-02 16:53:07,856 - DEBUG - child pid = 107930, finish training [1 0 1 1 1 0 0 0 1], epoch = 101, loss = 0.16166289, K = tensor([[0.06802215, 0.11606715],
        [3.00197339, 0.00527487]]), BT = tensor([2.53476238, 0.01472466])
2022-08-02 16:53:07,860 - DEBUG - child pid = 107936, finish training [1 0 1 0 1 0 1 1 0], epoch = 633, loss = 0.19629200, K = tensor([[    0.00000000,     0.01580158],
        [    0.22032382,     0.76314086]]), BT = tensor([1.71893227, 3.20496154])
2022-08-02 16:53:07,867 - INFO - child pid = 107936, start training [1 0 1 1 1 0 1 1 1]
2022-08-02 16:53:07,867 - INFO - child pid = 107930, start training [1 0 1 1 1 0 1 1 0]
2022-08-02 16:53:07,908 - DEBUG - child pid = 107934, finish training [1 0 0 0 1 0 0 1 1], epoch = 2000, loss = nan, K = tensor([[nan, nan],
        [nan, nan]]), BT = tensor([nan, nan])
2022-08-02 16:53:07,911 - WARNING - child pid = 107934, finish training [1 0 0 0 1 0 0 1 1], epoch = 2000, loss = nan
2022-08-02 16:53:07,913 - DEBUG - child pid = 107926, finish training [1 0 1 0 1 0 1 0 1], epoch = 646, loss = 0.23838101, K = tensor([[    0.00000000,     0.01699200],
        [    0.01546696,     0.00000000]]), BT = tensor([1.34140158, 1.20773149])
2022-08-02 16:53:07,939 - DEBUG - child pid = 107908, finish training [1 0 1 1 0 0 1 0 0], epoch = 342, loss = 0.07961132, K = tensor([[    1.56489050,     0.10403625],
        [    0.00000000,    14.25562859]]), BT = tensor([0.97160298, 1.72263086])
2022-08-02 16:53:07,940 - INFO - child pid = 107908, start training [1 0 1 1 1 1 0 1 0]
2022-08-02 16:53:07,940 - INFO - child pid = 107934, start training [1 0 1 1 1 1 0 0 1]
2022-08-02 16:53:07,940 - INFO - child pid = 107926, start training [1 0 1 1 1 1 0 0 0]
2022-08-02 16:53:08,001 - DEBUG - child pid = 107915, finish training [1 0 1 1 0 1 0 1 0], epoch = 291, loss = 0.11573521, K = tensor([[0.21994318, 0.78305358],
        [0.08678037, 1.23622739]]), BT = tensor([3.75499058, 2.06609035])
2022-08-02 16:53:07,998 - DEBUG - child pid = 107919, finish training [1 0 1 0 1 0 1 1 1], epoch = 517, loss = 0.17261575, K = tensor([[0.01312820, 0.01456747],
        [0.01004548, 0.02533155]]), BT = tensor([1.78458440, 2.34378195])
2022-08-02 16:53:08,003 - INFO - child pid = 107915, start training [1 0 1 1 1 1 0 1 1]
2022-08-02 16:53:08,008 - INFO - child pid = 107919, start training [1 0 1 1 1 1 1 0 0]
2022-08-02 16:53:08,049 - DEBUG - child pid = 107931, finish training [1 0 1 1 1 0 0 1 0], epoch = 171, loss = 0.09220673, K = tensor([[1.20755756, 3.92341018],
        [0.09241134, 1.06492794]]), BT = tensor([4.08943033, 3.01286197])
2022-08-02 16:53:08,051 - INFO - child pid = 107931, start training [1 0 1 1 1 1 1 0 1]
2022-08-02 16:53:08,238 - DEBUG - child pid = 107907, finish training [1 0 1 1 1 0 1 0 0], epoch = 180, loss = 0.08008838, K = tensor([[    4.59880066,     0.00000000],
        [    0.03715912,     1.67823112]]), BT = tensor([4.31741762, 1.84881938])
2022-08-02 16:53:08,241 - INFO - child pid = 107907, start training [1 0 1 1 1 1 1 1 0]
2022-08-02 16:53:08,242 - DEBUG - child pid = 107926, finish training [1 0 1 1 1 1 0 0 0], epoch = 102, loss = 0.10831247, K = tensor([[0.16251010, 0.03016502],
        [0.08827495, 0.00984397]]), BT = tensor([0.21017486, 2.76036263])
2022-08-02 16:53:08,244 - INFO - child pid = 107926, start training [1 0 1 1 1 1 1 1 1]
2022-08-02 16:53:08,375 - DEBUG - child pid = 107934, finish training [1 0 1 1 1 1 0 0 1], epoch = 150, loss = 0.06478439, K = tensor([[0.08907331, 0.00150304],
        [1.29988837, 0.07052952]]), BT = tensor([2.34113073, 3.25969958])
2022-08-02 16:53:08,378 - INFO - child pid = 107934, start training [1 1 0 1 0 0 0 0 0]
2022-08-02 16:53:08,412 - DEBUG - child pid = 107906, finish training [1 0 1 1 0 1 1 0 1], epoch = 273, loss = 0.18303117, K = tensor([[    0.34107000,     0.00000019],
        [    0.01024660,     0.00993865]]), BT = tensor([0.88822836, 3.85110307])
2022-08-02 16:53:08,415 - INFO - child pid = 107906, start training [1 1 0 1 0 0 0 0 1]
2022-08-02 16:53:08,484 - DEBUG - child pid = 107919, finish training [1 0 1 1 1 1 1 0 0], epoch = 154, loss = 0.12385946, K = tensor([[    0.66424620,     0.13453691],
        [    0.21317038,     0.00000004]]), BT = tensor([2.58018255, 2.97814012])
2022-08-02 16:53:08,486 - INFO - child pid = 107919, start training [1 1 0 1 0 0 0 1 0]
2022-08-02 16:53:08,563 - DEBUG - child pid = 107922, finish training [1 0 0 1 1 1 1 1 0], epoch = 1120, loss = 0.13101454, K = tensor([[2.83109260, 0.05688537],
        [8.29091930, 0.57707882]]), BT = tensor([    1.37464476,     0.00047270])
2022-08-02 16:53:08,567 - INFO - child pid = 107922, start training [1 1 0 1 0 0 0 1 1]
2022-08-02 16:53:08,592 - DEBUG - child pid = 107909, finish training [1 0 0 0 1 0 0 1 0], epoch = 1804, loss = 0.15019499, K = tensor([[19.61438942,  0.10436650],
        [ 6.36286688,  0.14648657]]), BT = tensor([    2.30463386,     0.00033204])
2022-08-02 16:53:08,595 - INFO - child pid = 107909, start training [1 1 0 1 0 0 1 0 0]
2022-08-02 16:53:08,605 - DEBUG - child pid = 107907, finish training [1 0 1 1 1 1 1 1 0], epoch = 103, loss = 0.16447587, K = tensor([[    0.00000736,     0.01989788],
        [    0.02016361,     0.31957507]]), BT = tensor([    3.17332721,     0.00000948])
2022-08-02 16:53:08,614 - INFO - child pid = 107907, start training [1 1 0 1 0 0 1 0 1]
2022-08-02 16:53:08,619 - DEBUG - child pid = 107908, finish training [1 0 1 1 1 1 0 1 0], epoch = 196, loss = 0.09336377, K = tensor([[0.42485845, 2.66621017],
        [0.09483428, 1.35168123]]), BT = tensor([3.63746142, 2.33618236])
2022-08-02 16:53:08,621 - INFO - child pid = 107908, start training [1 1 0 1 0 0 1 1 0]
2022-08-02 16:53:08,725 - DEBUG - child pid = 107923, finish training [1 0 1 1 1 0 1 0 1], epoch = 320, loss = 0.14022727, K = tensor([[5.77470875, 0.02397835],
        [0.03575810, 5.74898291]]), BT = tensor([3.88961911, 3.50514483])
2022-08-02 16:53:08,728 - INFO - child pid = 107923, start training [1 1 0 1 0 0 1 1 1]
2022-08-02 16:53:08,763 - DEBUG - child pid = 107927, finish training [1 0 1 0 1 1 1 1 1], epoch = 787, loss = 0.11303355, K = tensor([[0.07263836, 0.04017155],
        [0.03545237, 0.19184569]]), BT = tensor([3.11927819, 1.28231990])
2022-08-02 16:53:08,766 - INFO - child pid = 107927, start training [1 1 0 1 0 1 0 1 0]
2022-08-02 16:53:08,789 - DEBUG - child pid = 107919, finish training [1 1 0 1 0 0 0 1 0], epoch = 101, loss = 0.11778515, K = tensor([[0.21189407, 0.69892663],
        [1.05969107, 0.54546326]]), BT = tensor([0.03412355, 1.63663864])
2022-08-02 16:53:08,792 - INFO - child pid = 107919, start training [1 1 0 1 0 1 0 1 1]
2022-08-02 16:53:08,831 - DEBUG - child pid = 107925, finish training [1 0 1 1 0 1 0 0 0], epoch = 648, loss = 0.12305842, K = tensor([[    0.36563200,     0.09212806],
        [    0.00904712,     0.00000000]]), BT = tensor([4.05263662, 2.87466455])
2022-08-02 16:53:08,834 - INFO - child pid = 107925, start training [1 1 0 1 0 1 1 0 0]
2022-08-02 16:53:08,919 - DEBUG - child pid = 107924, finish training [1 0 1 1 1 0 0 1 1], epoch = 432, loss = 0.08436978, K = tensor([[2.12325573, 0.08238219],
        [4.78435707, 1.55797720]]), BT = tensor([2.77085304, 3.20474648])
2022-08-02 16:53:08,919 - DEBUG - child pid = 107911, finish training [1 0 0 0 1 1 1 0 1], epoch = 1695, loss = 0.20576899, K = tensor([[   22.42193794,     0.54405099],
        [    0.02231533,     0.02964850]]), BT = tensor([    4.71469164,     0.00000000])
2022-08-02 16:53:08,922 - INFO - child pid = 107924, start training [1 1 0 1 0 1 1 0 1]
2022-08-02 16:53:08,922 - INFO - child pid = 107911, start training [1 1 0 1 0 1 1 1 0]
2022-08-02 16:53:08,925 - DEBUG - child pid = 107922, finish training [1 1 0 1 0 0 0 1 1], epoch = 119, loss = 0.13270627, K = tensor([[    2.56445718,     0.32690206],
        [    0.13011310,     0.00011562]]), BT = tensor([2.68086576, 1.71565485])
2022-08-02 16:53:08,927 - INFO - child pid = 107922, start training [1 1 0 1 0 1 1 1 1]
2022-08-02 16:53:08,979 - DEBUG - child pid = 107908, finish training [1 1 0 1 0 0 1 1 0], epoch = 103, loss = 0.06730939, K = tensor([[0.12554853, 0.09118155],
        [0.02369659, 0.65222585]]), BT = tensor([    0.00036807,     0.64164281])
2022-08-02 16:53:08,980 - DEBUG - child pid = 107909, finish training [1 1 0 1 0 0 1 0 0], epoch = 102, loss = 0.07409815, K = tensor([[    0.00000196,     0.39243588],
        [    2.42736697,     0.40919626]]), BT = tensor([    0.82378125,     0.00000901])
2022-08-02 16:53:08,983 - INFO - child pid = 107908, start training [1 1 0 1 1 0 0 0 0]
2022-08-02 16:53:08,983 - INFO - child pid = 107909, start training [1 1 0 1 1 0 0 0 1]
2022-08-02 16:53:09,049 - DEBUG - child pid = 107906, finish training [1 1 0 1 0 0 0 0 1], epoch = 199, loss = 0.06244300, K = tensor([[    0.06775335,     0.28073812],
        [    0.00019641,     0.73108089]]), BT = tensor([3.80173445, 3.56153154])
2022-08-02 16:53:09,052 - INFO - child pid = 107906, start training [1 1 0 1 1 0 0 1 0]
2022-08-02 16:53:09,068 - DEBUG - child pid = 107923, finish training [1 1 0 1 0 0 1 1 1], epoch = 113, loss = 0.05150320, K = tensor([[    0.09605021,     1.33141375],
        [    0.00000002,     0.12750287]]), BT = tensor([2.29193711, 2.35608363])
2022-08-02 16:53:09,071 - INFO - child pid = 107923, start training [1 1 0 1 1 0 0 1 1]
2022-08-02 16:53:09,174 - DEBUG - child pid = 107919, finish training [1 1 0 1 0 1 0 1 1], epoch = 123, loss = 0.11601726, K = tensor([[    0.06127280,     0.08663285],
        [    4.56245899,     0.00035603]]), BT = tensor([4.34254551, 2.22373557])
2022-08-02 16:53:09,176 - INFO - child pid = 107919, start training [1 1 0 1 1 0 1 0 0]
2022-08-02 16:53:09,214 - DEBUG - child pid = 107936, finish training [1 0 1 1 1 0 1 1 1], epoch = 477, loss = 0.02189945, K = tensor([[3.28650689, 7.90581846],
        [0.06583785, 1.57431388]]), BT = tensor([4.48641014, 2.44115400])
2022-08-02 16:53:09,217 - INFO - child pid = 107936, start training [1 1 0 1 1 0 1 0 1]
2022-08-02 16:53:09,225 - DEBUG - child pid = 107925, finish training [1 1 0 1 0 1 1 0 0], epoch = 132, loss = 0.12666136, K = tensor([[    0.54752803,     0.00006932],
        [    0.15229727,     4.93078518]]), BT = tensor([0.72465366, 1.58248305])
2022-08-02 16:53:09,225 - DEBUG - child pid = 107934, finish training [1 1 0 1 0 0 0 0 0], epoch = 300, loss = 0.04822162, K = tensor([[0.08996739, 0.54048055],
        [0.27048558, 0.55991930]]), BT = tensor([0.04835287, 1.27675688])
2022-08-02 16:53:09,227 - INFO - child pid = 107925, start training [1 1 0 1 1 0 1 1 0]
2022-08-02 16:53:09,227 - INFO - child pid = 107934, start training [1 1 0 1 1 0 1 1 1]
2022-08-02 16:53:09,301 - DEBUG - child pid = 107914, finish training [1 0 1 1 0 0 0 1 0], epoch = 799, loss = 0.07747223, K = tensor([[6.61597633, 2.93311548],
        [0.25471199, 2.54222322]]), BT = tensor([3.36314797, 2.91072226])
2022-08-02 16:53:09,304 - INFO - child pid = 107914, start training [1 1 0 1 1 1 0 1 0]
2022-08-02 16:53:09,359 - DEBUG - child pid = 107923, finish training [1 1 0 1 1 0 0 1 1], epoch = 101, loss = 0.09802654, K = tensor([[    0.00108924,     1.13820851],
        [    0.00012875,     0.06325532]]), BT = tensor([0.50739998, 2.54326272])
2022-08-02 16:53:09,362 - INFO - child pid = 107923, start training [1 1 0 1 1 1 0 1 1]
2022-08-02 16:53:09,384 - DEBUG - child pid = 107912, finish training [1 0 1 1 0 1 1 0 0], epoch = 667, loss = 0.12662856, K = tensor([[    0.02799831,     0.05484859],
        [    0.00000000,    23.02635384]]), BT = tensor([2.60340142, 3.31578445])
2022-08-02 16:53:09,386 - INFO - child pid = 107912, start training [1 1 0 1 1 1 1 0 0]
2022-08-02 16:53:09,404 - DEBUG - child pid = 107908, finish training [1 1 0 1 1 0 0 0 0], epoch = 143, loss = 0.00404457, K = tensor([[0.05622651, 0.16028413],
        [0.13479711, 0.05037187]]), BT = tensor([2.22958708, 2.96736670])
2022-08-02 16:53:09,406 - INFO - child pid = 107908, start training [1 1 0 1 1 1 1 0 1]
2022-08-02 16:53:09,418 - DEBUG - child pid = 107932, finish training [1 0 0 1 1 0 0 1 1], epoch = 1828, loss = 0.12256793, K = tensor([[   31.64048004,     0.00063412],
        [    6.18439341,     0.00005158]]), BT = tensor([    2.20330977,     0.00054424])
2022-08-02 16:53:09,421 - INFO - child pid = 107932, start training [1 1 0 1 1 1 1 1 0]
2022-08-02 16:53:09,529 - DEBUG - child pid = 107925, finish training [1 1 0 1 1 0 1 1 0], epoch = 101, loss = 0.00344021, K = tensor([[    0.00000151,     0.04257189],
        [    0.04833022,     0.11723234]]), BT = tensor([1.40461898, 0.18540554])
2022-08-02 16:53:09,531 - INFO - child pid = 107925, start training [1 1 0 1 1 1 1 1 1]
2022-08-02 16:53:09,564 - DEBUG - child pid = 107919, finish training [1 1 0 1 1 0 1 0 0], epoch = 128, loss = 0.04788553, K = tensor([[    0.00000037,     0.38812762],
        [    0.35688272,     0.36327696]]), BT = tensor([0.55324417, 0.83737010])
2022-08-02 16:53:09,567 - INFO - child pid = 107919, start training [1 1 1 1 0 0 1 0 0]
2022-08-02 16:53:09,614 - DEBUG - child pid = 107920, finish training [1 0 1 1 0 1 1 1 1], epoch = 710, loss = 0.12476745, K = tensor([[1.12704992, 0.20370103],
        [0.07979754, 0.00967309]]), BT = tensor([    0.00000396,     3.33385849])
2022-08-02 16:53:09,616 - INFO - child pid = 107920, start training [1 1 1 1 0 0 1 0 1]
2022-08-02 16:53:09,622 - DEBUG - child pid = 107918, finish training [1 0 0 1 1 0 1 1 1], epoch = 1626, loss = 0.02102005, K = tensor([[    0.00219115,    25.33958626],
        [    0.36781090,     7.08197546]]), BT = tensor([0.00000000, 1.32759666])
2022-08-02 16:53:09,624 - INFO - child pid = 107918, start training [1 1 1 1 0 0 1 1 0]
2022-08-02 16:53:09,635 - DEBUG - child pid = 107914, finish training [1 1 0 1 1 1 0 1 0], epoch = 113, loss = 0.12337998, K = tensor([[0.16741677, 0.03114988],
        [0.00017149, 0.03264616]]), BT = tensor([0.00510641, 2.23166871])
2022-08-02 16:53:09,636 - DEBUG - child pid = 107915, finish training [1 0 1 1 1 1 0 1 1], epoch = 524, loss = 0.08718375, K = tensor([[    0.00000000,     0.12069486],
        [    1.98226023,     8.55595684]]), BT = tensor([1.67186654, 3.20938706])
2022-08-02 16:53:09,638 - INFO - child pid = 107915, start training [1 1 1 1 0 1 1 1 0]
2022-08-02 16:53:09,637 - INFO - child pid = 107914, start training [1 1 1 1 0 0 1 1 1]
2022-08-02 16:53:09,668 - DEBUG - child pid = 107931, finish training [1 0 1 1 1 1 1 0 1], epoch = 564, loss = 0.15097043, K = tensor([[    0.00000009,     0.00768119],
        [    0.00951838,     0.01081465]]), BT = tensor([1.85735190, 2.63146710])
2022-08-02 16:53:09,671 - INFO - child pid = 107931, start training [1 1 1 1 0 1 1 1 1]
2022-08-02 16:53:09,683 - DEBUG - child pid = 107924, finish training [1 1 0 1 0 1 1 0 1], epoch = 263, loss = 0.12840207, K = tensor([[0.06210592, 8.54190159],
        [0.04355511, 0.06686832]]), BT = tensor([2.28289843, 4.53186131])
2022-08-02 16:53:09,685 - INFO - child pid = 107924, start training [1 1 1 1 1 0 1 0 0]
2022-08-02 16:53:09,748 - DEBUG - child pid = 107906, finish training [1 1 0 1 1 0 0 1 0], epoch = 187, loss = 0.06401166, K = tensor([[0.07697901, 0.13901453],
        [0.03176961, 0.03127441]]), BT = tensor([0.46800786, 2.92230368])
2022-08-02 16:53:09,751 - INFO - child pid = 107906, start training [1 1 1 1 1 0 1 0 1]
2022-08-02 16:53:09,775 - DEBUG - child pid = 107922, finish training [1 1 0 1 0 1 1 1 1], epoch = 288, loss = 0.07096394, K = tensor([[    1.16785872,     2.39618540],
        [    0.00000000,     0.23088218]]), BT = tensor([2.63580060, 3.04915023])
2022-08-02 16:53:09,778 - INFO - child pid = 107922, start training [1 1 1 1 1 0 1 1 0]
2022-08-02 16:53:09,882 - DEBUG - child pid = 107923, finish training [1 1 0 1 1 1 0 1 1], epoch = 169, loss = 0.00882601, K = tensor([[0.03731112, 4.29931211],
        [4.85650015, 0.04036377]]), BT = tensor([3.60643935, 3.51642299])
2022-08-02 16:53:09,895 - INFO - child pid = 107923, start training [1 1 1 1 1 0 1 1 1]
2022-08-02 16:53:09,928 - DEBUG - child pid = 107911, finish training [1 1 0 1 0 1 1 1 0], epoch = 298, loss = 0.14442271, K = tensor([[0.12533602, 0.05375817],
        [1.83815396, 1.06690085]]), BT = tensor([0.95551759, 0.21894009])
2022-08-02 16:53:09,931 - INFO - child pid = 107911, start training [1 1 1 1 1 1 1 1 0]
2022-08-02 16:53:09,952 - DEBUG - child pid = 107909, finish training [1 1 0 1 1 0 0 0 1], epoch = 281, loss = 0.11116796, K = tensor([[0.02775810, 0.31523058],
        [0.85070354, 0.00198006]]), BT = tensor([    3.64324403,     0.00000000])
2022-08-02 16:53:09,955 - INFO - child pid = 107909, start training [1 1 1 1 1 1 1 1 1]
2022-08-02 16:53:09,973 - DEBUG - child pid = 107918, finish training [1 1 1 1 0 0 1 1 0], epoch = 101, loss = 0.14555275, K = tensor([[0.05558551, 0.03509180],
        [1.31710625, 0.30557480]]), BT = tensor([    0.75803912,     0.00022659])
2022-08-02 16:53:09,978 - DEBUG - child pid = 107931, finish training [1 1 1 1 0 1 1 1 1], epoch = 107, loss = 0.06911133, K = tensor([[    0.02790954,     0.00039431],
        [    0.08724144,     2.90185022]]), BT = tensor([1.49045050, 1.19263816])
2022-08-02 16:53:09,980 - DEBUG - child pid = 107924, finish training [1 1 1 1 1 0 1 0 0], epoch = 102, loss = 0.07407892, K = tensor([[    0.00000001,     0.99152768],
        [    0.99104869,     0.00000000]]), BT = tensor([1.04482043, 0.73174673])
2022-08-02 16:53:10,061 - DEBUG - child pid = 107912, finish training [1 1 0 1 1 1 1 0 0], epoch = 157, loss = 0.11263277, K = tensor([[0.72800988, 0.01496780],
        [0.49823937, 0.02393344]]), BT = tensor([0.02069055, 2.95486140])
2022-08-02 16:53:10,063 - DEBUG - child pid = 107934, finish training [1 1 0 1 1 0 1 1 1], epoch = 288, loss = 0.01100750, K = tensor([[0.02751115, 0.45796040],
        [1.05319202, 0.03179661]]), BT = tensor([    0.00000000,     3.23405075])
2022-08-02 16:53:10,087 - DEBUG - child pid = 107925, finish training [1 1 0 1 1 1 1 1 1], epoch = 185, loss = 0.00308734, K = tensor([[    2.30152154,     2.49549866],
        [    0.13858689,     0.00000000]]), BT = tensor([2.91588545, 2.58979821])
2022-08-02 16:53:10,094 - DEBUG - child pid = 107917, finish training [1 0 0 1 1 0 1 0 1], epoch = 1788, loss = 0.10895123, K = tensor([[33.14778137,  0.06973991],
        [ 6.62830257,  0.00000000]]), BT = tensor([0.94919246, 1.16392636])
2022-08-02 16:53:10,127 - DEBUG - child pid = 107928, finish training [1 0 0 1 1 1 1 0 1], epoch = 1738, loss = 0.12214690, K = tensor([[    0.00000000,    29.51648521],
        [   26.60304070,     0.02346646]]), BT = tensor([1.68350995, 3.26840878])
2022-08-02 16:53:10,136 - DEBUG - child pid = 107936, finish training [1 1 0 1 1 0 1 0 1], epoch = 324, loss = 0.09411523, K = tensor([[0.81451946, 0.01501086],
        [0.03042745, 0.50774312]]), BT = tensor([    3.74867249,     0.00000000])
2022-08-02 16:53:10,160 - DEBUG - child pid = 107906, finish training [1 1 1 1 1 0 1 0 1], epoch = 103, loss = 0.13960196, K = tensor([[0.56460804, 0.25977963],
        [0.06460395, 0.23300314]]), BT = tensor([0.93495506, 0.13315633])
2022-08-02 16:53:10,166 - DEBUG - child pid = 107916, finish training [1 0 0 1 1 1 1 1 1], epoch = 1472, loss = 0.04288104, K = tensor([[ 0.00000000, 19.91770363],
        [10.96942043,  0.02645918]]), BT = tensor([0.55505407, 2.46855307])
2022-08-02 16:53:10,239 - DEBUG - child pid = 107922, finish training [1 1 1 1 1 0 1 1 0], epoch = 163, loss = 0.07176768, K = tensor([[0.00928741, 0.00795493],
        [0.10427376, 0.02145937]]), BT = tensor([0.09959234, 2.33807945])
2022-08-02 16:53:10,260 - DEBUG - child pid = 107909, finish training [1 1 1 1 1 1 1 1 1], epoch = 103, loss = 0.00001874, K = tensor([[0.05530012, 0.92845142],
        [0.00168391, 0.00971062]]), BT = tensor([0.10094098, 0.44848430])
2022-08-02 16:53:10,369 - DEBUG - child pid = 107921, finish training [1 0 0 1 0 1 1 1 1], epoch = 1725, loss = 0.10056392, K = tensor([[ 1.00547445,  0.00000000],
        [ 0.00000000, 21.36728477]]), BT = tensor([2.48653007, 1.60941339])
2022-08-02 16:53:10,654 - DEBUG - child pid = 107932, finish training [1 1 0 1 1 1 1 1 0], epoch = 405, loss = 0.07508986, K = tensor([[    0.00000000,     0.00000628],
        [    0.02480374,     0.03229182]]), BT = tensor([1.73154128, 0.38109782])
2022-08-02 16:53:10,733 - DEBUG - child pid = 107927, finish training [1 1 0 1 0 1 0 1 0], epoch = 673, loss = 0.18052720, K = tensor([[1.68891215, 1.00204456],
        [1.13623631, 1.48452616]]), BT = tensor([1.50242734, 1.75820041])
2022-08-02 16:53:10,830 - DEBUG - child pid = 107915, finish training [1 1 1 1 0 1 1 1 0], epoch = 382, loss = 0.02122176, K = tensor([[3.27546191, 4.57527494],
        [4.55678368, 3.28728533]]), BT = tensor([3.74866962, 3.74746323])
2022-08-02 16:53:10,922 - DEBUG - child pid = 107911, finish training [1 1 1 1 1 1 1 1 0], epoch = 319, loss = 0.07440361, K = tensor([[    0.36328104,     0.04446064],
        [    0.39747414,     0.00000000]]), BT = tensor([    0.00000000,     0.89186096])
2022-08-02 16:53:10,926 - DEBUG - child pid = 107923, finish training [1 1 1 1 1 0 1 1 1], epoch = 355, loss = 0.06628876, K = tensor([[0.21420039, 0.13759233],
        [0.99893326, 0.04105259]]), BT = tensor([    0.00000132,     1.65074635])
2022-08-02 16:53:10,947 - DEBUG - child pid = 107908, finish training [1 1 0 1 1 1 1 0 1], epoch = 457, loss = 0.14078593, K = tensor([[0.71621752, 0.04045285],
        [0.13263115, 0.61425221]]), BT = tensor([    0.00000000,     1.47836542])
2022-08-02 16:53:11,065 - DEBUG - child pid = 107920, finish training [1 1 1 1 0 0 1 0 1], epoch = 461, loss = 0.13186941, K = tensor([[7.88011312, 2.62377000],
        [0.04765296, 0.15672873]]), BT = tensor([3.38723660, 1.86551750])
2022-08-02 16:53:11,066 - DEBUG - child pid = 107930, finish training [1 0 1 1 1 0 1 1 0], epoch = 1098, loss = 0.13427798, K = tensor([[0.00000000, 1.86746109],
        [0.03829092, 8.78880310]]), BT = tensor([1.08896601, 1.27172899])
2022-08-02 16:53:11,697 - DEBUG - child pid = 107913, finish training [1 0 1 1 0 0 1 1 0], epoch = 1535, loss = 0.12058683, K = tensor([[    2.60190177,     0.00000281],
        [   21.41449738,     0.01273745]]), BT = tensor([    1.97613823,     0.00000001])
2022-08-02 16:53:11,882 - DEBUG - child pid = 107935, finish training [1 0 1 1 0 0 1 1 1], epoch = 1716, loss = 0.14626765, K = tensor([[ 0.05944873,  6.66401196],
        [ 0.14038739, 21.69234848]]), BT = tensor([0.00000000, 1.65716732])
2022-08-02 16:53:12,346 - DEBUG - child pid = 107910, finish training [1 0 1 0 1 0 1 0 0], epoch = 1949, loss = 0.21399249, K = tensor([[    0.99132913,    17.33501244],
        [    0.01948090,     0.01358204]]), BT = tensor([    0.00000000,     4.58838654])
2022-08-02 16:53:12,350 - DEBUG - child pid = 107929, finish training [1 0 1 1 0 0 0 1 1], epoch = 2000, loss = nan, K = tensor([[nan, nan],
        [nan, nan]]), BT = tensor([nan, nan])
2022-08-02 16:53:12,352 - WARNING - child pid = 107929, finish training [1 0 1 1 0 0 0 1 1], epoch = 2000, loss = nan
2022-08-02 16:53:12,652 - DEBUG - child pid = 107926, finish training [1 0 1 1 1 1 1 1 1], epoch = 1455, loss = 0.06217637, K = tensor([[3.77730179, 6.30548334],
        [0.00884481, 0.00000000]]), BT = tensor([4.34159660, 1.99688232])
2022-08-02 16:53:12,734 - DEBUG - child pid = 107914, finish training [1 1 1 1 0 0 1 1 1], epoch = 1048, loss = 0.14143850, K = tensor([[0.68396127, 0.98971772],
        [0.19024183, 6.55384493]]), BT = tensor([    0.00000004,     0.68981183])
2022-08-02 16:53:13,834 - DEBUG - child pid = 107907, finish training [1 1 0 1 0 0 1 0 1], epoch = 1731, loss = 0.11392549, K = tensor([[ 9.58437538,  0.05342767],
        [ 0.02851026, 24.53108978]]), BT = tensor([3.87755346, 1.13358760])
2022-08-02 16:53:15,315 - DEBUG - child pid = 107919, finish training [1 1 1 1 0 0 1 0 0], epoch = 2000, loss = 0.03253724, K = tensor([[27.71005630,  0.00000000],
        [ 0.94582367,  2.52734351]]), BT = tensor([1.11163390, 1.40876055])
2022-08-02 16:53:35,592 - INFO - parent pid = 107872, finish task 2_2_fixA_square_0
