2022-07-13 21:57:37,930 - train_grid - INFO - epoch = 0, loss = 0.21913356
2022-07-13 21:57:38,357 - train_grid - INFO - epoch = 100, loss = 0.00003031
2022-07-13 21:57:38,774 - train_grid - INFO - epoch = 200, loss = 0.00002297
2022-07-13 21:57:39,191 - train_grid - INFO - epoch = 300, loss = 0.00001837
2022-07-13 21:57:39,612 - train_grid - INFO - epoch = 400, loss = 0.00001520
2022-07-13 21:57:40,028 - train_grid - INFO - epoch = 500, loss = 0.00001290
2022-07-13 21:57:40,441 - train_grid - INFO - epoch = 600, loss = 0.00001117
2022-07-13 21:57:40,851 - train_grid - INFO - epoch = 700, loss = 0.00000983
2022-07-13 21:57:41,264 - train_grid - INFO - epoch = 800, loss = 0.00000876
2022-07-13 21:57:41,676 - train_grid - INFO - epoch = 900, loss = 0.00000790
2022-07-13 21:57:42,092 - train_grid - INFO - epoch = 1000, loss = 0.00000718
2022-07-13 21:57:42,501 - train_grid - INFO - epoch = 1100, loss = 0.00000657
2022-07-13 21:57:42,910 - train_grid - INFO - epoch = 1200, loss = 0.00000606
2022-07-13 21:57:43,320 - train_grid - INFO - epoch = 1300, loss = 0.00000562
2022-07-13 21:57:43,744 - train_grid - INFO - epoch = 1400, loss = 0.00000523
2022-07-13 21:57:44,171 - train_grid - INFO - epoch = 1500, loss = 0.00000489
2022-07-13 21:57:44,587 - train_grid - INFO - epoch = 1600, loss = 0.00000459
2022-07-13 21:57:45,009 - train_grid - INFO - epoch = 1700, loss = 0.00000433
2022-07-13 21:57:45,422 - train_grid - INFO - epoch = 1800, loss = 0.00000409
2022-07-13 21:57:45,839 - train_grid - INFO - epoch = 1900, loss = 0.00000387
2022-07-13 21:57:46,256 - train_grid - INFO - epoch = 2000, loss = 0.00000367
2022-07-13 21:57:46,257 - train_grid - INFO - final loss = 0.00000367
2022-07-13 21:57:46,258 - train_grid - INFO - Ys = tensor([0., 0., 0., 0., 0., 0., 0., 0., 0.])
2022-07-13 21:57:46,259 - train_grid - INFO - Ys_pred = [-0.0031509   0.00359853 -0.00034722 -0.00120099  0.00253482 -0.00068789
  0.00030564  0.0002006  -0.00125784]
2022-07-13 21:57:46,267 - train_grid - INFO - epoch = 0, loss = 0.11051296
2022-07-13 21:57:46,689 - train_grid - INFO - epoch = 100, loss = 0.02393145
2022-07-13 21:57:47,103 - train_grid - INFO - epoch = 200, loss = 0.01971445
2022-07-13 21:57:47,520 - train_grid - INFO - epoch = 300, loss = 0.01606614
2022-07-13 21:57:47,938 - train_grid - INFO - epoch = 400, loss = 0.01314045
2022-07-13 21:57:48,363 - train_grid - INFO - epoch = 500, loss = 0.01121622
2022-07-13 21:57:48,779 - train_grid - INFO - epoch = 600, loss = 0.01003549
2022-07-13 21:57:49,191 - train_grid - INFO - epoch = 700, loss = 0.00925101
2022-07-13 21:57:49,599 - train_grid - INFO - epoch = 800, loss = 0.00866991
2022-07-13 21:57:50,020 - train_grid - INFO - epoch = 900, loss = 0.00820539
2022-07-13 21:57:50,428 - train_grid - INFO - epoch = 1000, loss = 0.00781641
2022-07-13 21:57:50,845 - train_grid - INFO - epoch = 1100, loss = 0.00748165
